#
# There is insufficient memory for the Java Runtime Environment to continue.
# Native memory allocation (malloc) failed to allocate 351856 bytes for Chunk::new
# Possible reasons:
#   The system is out of physical RAM or swap space
#   The process is running with CompressedOops enabled, and the Java Heap may be blocking the growth of the native heap
# Possible solutions:
#   Reduce memory load on the system
#   Increase physical memory or swap space
#   Check if swap backing store is full
#   Decrease Java heap size (-Xmx/-Xms)
#   Decrease number of Java threads
#   Decrease Java thread stack sizes (-Xss)
#   Set larger code cache with -XX:ReservedCodeCacheSize=
#   JVM is running with Zero Based Compressed Oops mode in which the Java heap is
#     placed in the first 32GB address space. The Java Heap base address is the
#     maximum limit for the native heap growth. Please use -XX:HeapBaseMinAddress
#     to set the Java Heap base and to place the Java Heap above 32GB virtual address.
# This output file may be truncated or incomplete.
#
#  Out of Memory Error (t:/workspace/hotspot/src/share/vm/memory/allocation.cpp:372), pid=18068, tid=6924
#
# JRE version: Java(TM) SE Runtime Environment (9.0+11) (build 9.0.4+11)
# Java VM: Java HotSpot(TM) 64-Bit Server VM (9.0.4+11, mixed mode, tiered, compressed oops, g1 gc, windows-amd64)
# No core dump will be written. Minidumps are not enabled by default on client versions of Windows
#

---------------  S U M M A R Y ------------

Command Line: -Dsun.java2d.pmoffscreen=false -Dsun.java2d.xrender=false -Dsun.java2d.d3d=false -Dsun.awt.nopixfmt=true -Dsun.java2d.dpiaware=true -Dsun.java2d.uiScale.enabled=false -Xverify:none -Dswing.aatext=true -XX:-UsePerfData -Djdk.map.althashing.threshold=512 -XX:StringTableSize=4072 --add-opens=java.base/java.nio=ALL-UNNAMED --add-opens=java.desktop/sun.swing=ALL-UNNAMED --add-opens=java.desktop/javax.swing=ALL-UNNAMED --add-opens=java.desktop/javax.swing.tree=ALL-UNNAMED --add-opens=java.desktop/javax.swing.plaf.basic=ALL-UNNAMED --add-opens=java.desktop/javax.swing.plaf.synth=ALL-UNNAMED --add-opens=java.desktop/com.sun.awt=ALL-UNNAMED -XX:NewSize=60m -XX:MaxNewSize=60m -Xms128m -Xmx3072m -Xss5m 

Host: 11th Gen Intel(R) Core(TM) i7-11370H @ 3.30GHz, 8 cores, 15G,  Windows 10 , 64 bit Build 22621 (10.0.22621.2506)
Time: Sun Nov 26 16:33:33 2023 ?D1¨²¡À¨º¡Á?¨º¡À?? elapsed time: 1011 seconds (0d 0h 16m 51s)

---------------  T H R E A D  ---------------

Current thread (0x0000019c9eb46800):  JavaThread "C2 CompilerThread1" daemon [_thread_in_native, id=6924, stack(0x000000058cb00000,0x000000058cc00000)]


Current CompileTask:
C2:1011378 19791   !   4       java.util.concurrent.DelayQueue::take (214 bytes)

Stack: [0x000000058cb00000,0x000000058cc00000]
Native frames: (J=compiled Java code, j=interpreted, Vv=VM code, C=native code)
V  [jvm.dll+0x587068]

[error occurred during error reporting (printing native stack), id 0xe0000001]


---------------  P R O C E S S  ---------------

Java Threads: ( => current thread )
  0x0000019cd27e0000 JavaThread "SyntheticaAnimation 50" daemon [_thread_blocked, id=31440, stack(0x0000000592d00000,0x0000000593200000)]
  0x0000019cd27e1000 JavaThread "Update Runs Swing Worker" [_thread_blocked, id=28144, stack(0x0000000593b00000,0x0000000594000000)]
  0x0000019c9ff71800 JavaThread "hw_ila_monitor" [_thread_blocked, id=10268, stack(0x0000000591500000,0x0000000591a00000)]
  0x0000019c9ff6e800 JavaThread "Refresh Filesets Swing Worker" [_thread_blocked, id=2732, stack(0x0000000590600000,0x0000000590b00000)]
  0x0000019c9ff70800 JavaThread "SyntheticaAnimation 70" daemon [_thread_blocked, id=32404, stack(0x0000000591000000,0x0000000591500000)]
  0x0000019c9ff6c000 JavaThread "SyntheticaAnimation 25" daemon [_thread_blocked, id=31516, stack(0x0000000592700000,0x0000000592c00000)]
  0x0000019c9ff73000 JavaThread "SyntheticaAnimation 50" daemon [_thread_blocked, id=2492, stack(0x0000000592200000,0x0000000592700000)]
  0x0000019c9ff72000 JavaThread "Monitor HEventQueue" [_thread_blocked, id=22632, stack(0x0000000591d00000,0x0000000592200000)]
  0x0000019c9ff6d800 JavaThread "SyntheticaCleanerThread" daemon [_thread_blocked, id=28032, stack(0x0000000590b00000,0x0000000591000000)]
  0x0000019c9ff6b800 JavaThread "Batik CleanerThread" daemon [_thread_blocked, id=20984, stack(0x000000058f700000,0x000000058fc00000)]
  0x0000019ca0b7d000 JavaThread "AWT-EventQueue-1" [_thread_blocked, id=2256, stack(0x0000000590100000,0x0000000590600000)]
  0x0000019ca0b7c800 JavaThread "Process Messages" [_thread_blocked, id=13044, stack(0x000000058fc00000,0x0000000590100000)]
  0x0000019ca1528800 JavaThread "Thread-1" [_thread_in_native, id=1184, stack(0x0000000588a00000,0x0000000589e00000)]
  0x0000019ca12ea000 JavaThread "TimerQueue" daemon [_thread_blocked, id=16924, stack(0x000000058ed00000,0x000000058f200000)]
  0x0000019ca078f000 JavaThread "AWT-Windows" daemon [_thread_in_native, id=29856, stack(0x000000058e800000,0x000000058ed00000)]
  0x0000019ca078e800 JavaThread "AWT-Shutdown" [_thread_blocked, id=27604, stack(0x000000058e300000,0x000000058e800000)]
  0x0000019c9e846000 JavaThread "Java2D Disposer" daemon [_thread_blocked, id=19576, stack(0x000000058de00000,0x000000058e300000)]
  0x0000019c9e661000 JavaThread "Service Thread" daemon [_thread_blocked, id=20120, stack(0x000000058d800000,0x000000058dd00000)]
  0x0000019c9ff66000 JavaThread "Common-Cleaner" daemon [_thread_blocked, id=832, stack(0x000000058d300000,0x000000058d800000)]
  0x0000019c9ff6f000 JavaThread "Sweeper thread" daemon [_thread_blocked, id=15432, stack(0x000000058ce00000,0x000000058d300000)]
  0x0000019c9ff65000 JavaThread "C1 CompilerThread3" daemon [_thread_blocked, id=26872, stack(0x000000058cd00000,0x000000058ce00000)]
  0x0000019c9ff64800 JavaThread "C2 CompilerThread2" daemon [_thread_blocked, id=31128, stack(0x000000058cc00000,0x000000058cd00000)]
=>0x0000019c9eb46800 JavaThread "C2 CompilerThread1" daemon [_thread_in_native, id=6924, stack(0x000000058cb00000,0x000000058cc00000)]
  0x0000019ca2fe7000 JavaThread "C2 CompilerThread0" daemon [_thread_blocked, id=31680, stack(0x000000058ca00000,0x000000058cb00000)]
  0x0000019ca2fe6800 JavaThread "Attach Listener" daemon [_thread_blocked, id=15836, stack(0x000000058c500000,0x000000058ca00000)]
  0x0000019c96fce800 JavaThread "Signal Dispatcher" daemon [_thread_blocked, id=15760, stack(0x000000058c000000,0x000000058c500000)]
  0x0000019ca2529000 JavaThread "Finalizer" daemon [_thread_blocked, id=18620, stack(0x000000058bb00000,0x000000058c000000)]
  0x0000019ca2528800 JavaThread "Reference Handler" daemon [_thread_blocked, id=4432, stack(0x000000058b600000,0x000000058bb00000)]
  0x0000019c9ff2b000 JavaThread "main" [_thread_blocked, id=14728, stack(0x0000000588900000,0x0000000588a00000)]

Other Threads:
  0x0000019ca2fe4800 VMThread "VM Thread" [stack: 0x000000058b500000,0x000000058b600000] [id=15176]
  0x0000019c9e6d2800 WatcherThread [stack: 0x000000058dd00000,0x000000058de00000] [id=4660]
  0x0000019c9febd800 GCTaskThread "GC Thread#0" [stack: 0x000000058a100000,0x000000058a200000] [id=11536]
  0x0000019ca00d6000 GCTaskThread "GC Thread#1" [stack: 0x000000058a200000,0x000000058a300000] [id=10432]
  0x0000019ca0046000 GCTaskThread "GC Thread#2" [stack: 0x000000058a300000,0x000000058a400000] [id=19156]
  0x0000019ca0046800 GCTaskThread "GC Thread#3" [stack: 0x000000058a400000,0x000000058a500000] [id=30928]
  0x0000019ca31da000 GCTaskThread "GC Thread#4" [stack: 0x000000058a500000,0x000000058a600000] [id=30280]
  0x0000019ca0212800 GCTaskThread "GC Thread#5" [stack: 0x000000058a600000,0x000000058a700000] [id=32160]
  0x0000019ca26f7000 GCTaskThread "GC Thread#6" [stack: 0x000000058a700000,0x000000058a800000] [id=31152]
  0x0000019ca619a800 GCTaskThread "GC Thread#7" [stack: 0x000000058a800000,0x000000058a900000] [id=20168]
  0x0000019ca01c8000 ConcurrentGCThread "G1 Main Marker" [stack: 0x000000058b200000,0x000000058b300000] [id=23912]
  0x0000019ca00ba000 ConcurrentGCThread "G1 Marker#0" [stack: 0x000000058b300000,0x000000058b400000] [id=25224]
  0x0000019ca00ba800 ConcurrentGCThread "G1 Marker#1" [stack: 0x000000058b400000,0x000000058b500000] [id=29220]
  0x0000019c9be1b800 ConcurrentGCThread "G1 Refine#0" [stack: 0x000000058b000000,0x000000058b100000] [id=28276]
  0x0000019c9bc29000 ConcurrentGCThread "G1 Refine#1" [stack: 0x000000058af00000,0x000000058b000000] [id=7648]
  0x0000019c9bc28800 ConcurrentGCThread "G1 Refine#2" [stack: 0x000000058ae00000,0x000000058af00000] [id=26672]
  0x0000019c9f8b3800 ConcurrentGCThread "G1 Refine#3" [stack: 0x000000058ad00000,0x000000058ae00000] [id=31488]
  0x0000019c9f8b2800 ConcurrentGCThread "G1 Refine#4" [stack: 0x000000058ac00000,0x000000058ad00000] [id=27720]
  0x0000019c9f8ce800 ConcurrentGCThread "G1 Refine#5" [stack: 0x000000058ab00000,0x000000058ac00000] [id=31928]
  0x0000019c9f8ca800 ConcurrentGCThread "G1 Refine#6" [stack: 0x000000058aa00000,0x000000058ab00000] [id=6908]
  0x0000019c9c166000 ConcurrentGCThread "G1 Refine#7" [stack: 0x000000058a900000,0x000000058aa00000] [id=26092]
  0x0000019ca00b9800 ConcurrentGCThread "G1 Young RemSet Sampling" [stack: 0x000000058b100000,0x000000058b200000] [id=22560]

Threads with active compile tasks:
C2 CompilerThread119791   !   4       java.util.concurrent.DelayQueue::take (214 bytes)

VM state:not at safepoint (normal execution)

VM Mutex/Monitor currently owned by a thread: None

OutOfMemory and StackOverflow Exception counts:
OutOfMemoryError java_heap_errors=2

Heap address: 0x0000000700000000, size: 3072 MB, Compressed Oops mode: Zero based, Oop shift amount: 3
Narrow klass base: 0x0000000000000000, Narrow klass shift: 3
Compressed class space size: 1073741824 Address: 0x00000007c0000000

Heap:
 garbage-first heap   total 262144K, used 148241K [0x0000000700000000, 0x0000000700100800, 0x00000007c0000000)
  region size 1024K, 37 young (37888K), 3 survivors (3072K)
 Metaspace       used 88441K, capacity 93915K, committed 94128K, reserved 1130496K
  class space    used 12246K, capacity 13194K, committed 13232K, reserved 1048576K
Heap Regions: E=young(eden), S=young(survivor), O=old, HS=humongous(starts), HC=humongous(continues), CS=collection set, F=free, A=archive, TS=gc time stamp, AC=allocation context, TAMS=top-at-mark-start (previous, next)
|   0|0x0000000700000000, 0x00000007000f8228, 0x0000000700100000| 96%| O|  |TS  0|AC  0|TAMS 0x0000000700000000, 0x0000000700000000|
|   1|0x0000000700100000, 0x0000000700200000, 0x0000000700200000|100%|HS|  |TS  0|AC  0|TAMS 0x0000000700100000, 0x0000000700100000|
|   2|0x0000000700200000, 0x0000000700300000, 0x0000000700300000|100%|HC|  |TS  0|AC  0|TAMS 0x0000000700200000, 0x0000000700200000|
|   3|0x0000000700300000, 0x0000000700400000, 0x0000000700400000|100%|HS|  |TS  0|AC  0|TAMS 0x0000000700300000, 0x0000000700300000|
|   4|0x0000000700400000, 0x00000007004e1f08, 0x0000000700500000| 88%| O|  |TS  0|AC  0|TAMS 0x0000000700400000, 0x0000000700400000|
|   5|0x0000000700500000, 0x00000007005fffe0, 0x0000000700600000| 99%| O|  |TS  0|AC  0|TAMS 0x0000000700500000, 0x0000000700500000|
|   6|0x0000000700600000, 0x00000007006fffe8, 0x0000000700700000| 99%| O|  |TS  0|AC  0|TAMS 0x0000000700600000, 0x0000000700600000|
|   7|0x0000000700700000, 0x00000007007fffe8, 0x0000000700800000| 99%| O|  |TS  0|AC  0|TAMS 0x0000000700700000, 0x0000000700700000|
|   8|0x0000000700800000, 0x00000007008f6350, 0x0000000700900000| 96%| O|  |TS  0|AC  0|TAMS 0x0000000700800000, 0x0000000700800000|
|   9|0x0000000700900000, 0x00000007009ffef8, 0x0000000700a00000| 99%| O|  |TS  0|AC  0|TAMS 0x0000000700900000, 0x0000000700900000|
|  10|0x0000000700a00000, 0x0000000700af0848, 0x0000000700b00000| 93%| O|  |TS  0|AC  0|TAMS 0x0000000700a00000, 0x0000000700a00000|
|  11|0x0000000700b00000, 0x0000000700c00000, 0x0000000700c00000|100%|HS|  |TS  0|AC  0|TAMS 0x0000000700b00000, 0x0000000700b00000|
|  12|0x0000000700c00000, 0x0000000700d00000, 0x0000000700d00000|100%|HC|  |TS  0|AC  0|TAMS 0x0000000700c00000, 0x0000000700c00000|
|  13|0x0000000700d00000, 0x0000000700df9320, 0x0000000700e00000| 97%| O|  |TS  0|AC  0|TAMS 0x0000000700d00000, 0x0000000700d00000|
|  14|0x0000000700e00000, 0x0000000700efdee8, 0x0000000700f00000| 99%| O|  |TS  0|AC  0|TAMS 0x0000000700e00000, 0x0000000700e00000|
|  15|0x0000000700f00000, 0x0000000700ff0cc0, 0x0000000701000000| 94%| O|  |TS  0|AC  0|TAMS 0x0000000700f00000, 0x0000000700f00000|
|  16|0x0000000701000000, 0x00000007010fdf68, 0x0000000701100000| 99%| O|  |TS  0|AC  0|TAMS 0x0000000701000000, 0x0000000701000000|
|  17|0x0000000701100000, 0x00000007011fa078, 0x0000000701200000| 97%| O|  |TS  0|AC  0|TAMS 0x0000000701100000, 0x0000000701100000|
|  18|0x0000000701200000, 0x00000007012ffff0, 0x0000000701300000| 99%| O|  |TS  0|AC  0|TAMS 0x0000000701200000, 0x0000000701200000|
|  19|0x0000000701300000, 0x0000000701400000, 0x0000000701400000|100%| O|  |TS  0|AC  0|TAMS 0x0000000701300000, 0x0000000701300000|
|  20|0x0000000701400000, 0x00000007014fffc8, 0x0000000701500000| 99%| O|  |TS  0|AC  0|TAMS 0x0000000701400000, 0x0000000701400000|
|  21|0x0000000701500000, 0x00000007015fffc8, 0x0000000701600000| 99%| O|  |TS  0|AC  0|TAMS 0x0000000701500000, 0x0000000701500000|
|  22|0x0000000701600000, 0x00000007016ffff0, 0x0000000701700000| 99%| O|  |TS  0|AC  0|TAMS 0x0000000701600000, 0x0000000701600000|
|  23|0x0000000701700000, 0x0000000701800000, 0x0000000701800000|100%|HS|  |TS  0|AC  0|TAMS 0x0000000701700000, 0x0000000701700000|
|  24|0x0000000701800000, 0x00000007018fffe8, 0x0000000701900000| 99%| O|  |TS  0|AC  0|TAMS 0x0000000701800000, 0x0000000701800000|
|  25|0x0000000701900000, 0x0000000701a00000, 0x0000000701a00000|100%| O|  |TS  0|AC  0|TAMS 0x0000000701900000, 0x0000000701900000|
|  26|0x0000000701a00000, 0x0000000701b00000, 0x0000000701b00000|100%| O|  |TS  0|AC  0|TAMS 0x0000000701a00000, 0x0000000701a00000|
|  27|0x0000000701b00000, 0x0000000701bfffe8, 0x0000000701c00000| 99%| O|  |TS  0|AC  0|TAMS 0x0000000701b00000, 0x0000000701b00000|
|  28|0x0000000701c00000, 0x0000000701cfffe8, 0x0000000701d00000| 99%| O|  |TS  0|AC  0|TAMS 0x0000000701c00000, 0x0000000701c00000|
|  29|0x0000000701d00000, 0x0000000701e00000, 0x0000000701e00000|100%| O|  |TS  0|AC  0|TAMS 0x0000000701d00000, 0x0000000701d00000|
|  30|0x0000000701e00000, 0x0000000701effa58, 0x0000000701f00000| 99%| O|  |TS  0|AC  0|TAMS 0x0000000701e00000, 0x0000000701e00000|
|  31|0x0000000701f00000, 0x0000000701ffffe8, 0x0000000702000000| 99%| O|  |TS  0|AC  0|TAMS 0x0000000701f00000, 0x0000000701f00000|
|  32|0x0000000702000000, 0x00000007020ffff8, 0x0000000702100000| 99%| O|  |TS  0|AC  0|TAMS 0x0000000702000000, 0x0000000702000000|
|  33|0x0000000702100000, 0x0000000702200000, 0x0000000702200000|100%| O|  |TS  0|AC  0|TAMS 0x0000000702100000, 0x0000000702100000|
|  34|0x0000000702200000, 0x00000007022ffda0, 0x0000000702300000| 99%| O|  |TS  0|AC  0|TAMS 0x0000000702200000, 0x0000000702200000|
|  35|0x0000000702300000, 0x00000007023fffe8, 0x0000000702400000| 99%| O|  |TS  0|AC  0|TAMS 0x0000000702300000, 0x0000000702300000|
|  36|0x0000000702400000, 0x00000007024ffff8, 0x0000000702500000| 99%| O|  |TS  0|AC  0|TAMS 0x0000000702400000, 0x0000000702400000|
|  37|0x0000000702500000, 0x00000007025fffe8, 0x0000000702600000| 99%| O|  |TS  0|AC  0|TAMS 0x0000000702500000, 0x0000000702500000|
|  38|0x0000000702600000, 0x0000000702700000, 0x0000000702700000|100%| O|  |TS  0|AC  0|TAMS 0x0000000702600000, 0x0000000702600000|
|  39|0x0000000702700000, 0x00000007027f72b0, 0x0000000702800000| 96%| O|  |TS  0|AC  0|TAMS 0x0000000702700000, 0x0000000702700000|
|  40|0x0000000702800000, 0x0000000702900000, 0x0000000702900000|100%| O|  |TS  0|AC  0|TAMS 0x0000000702800000, 0x0000000702800000|
|  41|0x0000000702900000, 0x00000007029ffff8, 0x0000000702a00000| 99%| O|  |TS  0|AC  0|TAMS 0x0000000702900000, 0x0000000702900000|
|  42|0x0000000702a00000, 0x0000000702affff8, 0x0000000702b00000| 99%| O|  |TS  0|AC  0|TAMS 0x0000000702a00000, 0x0000000702a00000|
|  43|0x0000000702b00000, 0x0000000702c00000, 0x0000000702c00000|100%| O|  |TS  0|AC  0|TAMS 0x0000000702b00000, 0x0000000702b00000|
|  44|0x0000000702c00000, 0x0000000702cfffe8, 0x0000000702d00000| 99%| O|  |TS  0|AC  0|TAMS 0x0000000702c00000, 0x0000000702c00000|
|  45|0x0000000702d00000, 0x0000000702dffff0, 0x0000000702e00000| 99%| O|  |TS  0|AC  0|TAMS 0x0000000702d00000, 0x0000000702d00000|
|  46|0x0000000702e00000, 0x0000000702ed7880, 0x0000000702f00000| 84%| O|  |TS  0|AC  0|TAMS 0x0000000702e00000, 0x0000000702e00000|
|  47|0x0000000702f00000, 0x0000000703000000, 0x0000000703000000|100%| O|  |TS  0|AC  0|TAMS 0x0000000702f00000, 0x0000000702f00000|
|  48|0x0000000703000000, 0x00000007030fff28, 0x0000000703100000| 99%| O|  |TS  0|AC  0|TAMS 0x0000000703000000, 0x0000000703000000|
|  49|0x0000000703100000, 0x00000007031fd3a8, 0x0000000703200000| 98%| O|  |TS  0|AC  0|TAMS 0x0000000703100000, 0x0000000703100000|
|  50|0x0000000703200000, 0x00000007032ffff8, 0x0000000703300000| 99%| O|  |TS  0|AC  0|TAMS 0x0000000703200000, 0x0000000703200000|
|  51|0x0000000703300000, 0x00000007033f9e18, 0x0000000703400000| 97%| O|  |TS  0|AC  0|TAMS 0x0000000703300000, 0x0000000703300000|
|  52|0x0000000703400000, 0x00000007034ffef0, 0x0000000703500000| 99%| O|  |TS  0|AC  0|TAMS 0x0000000703400000, 0x0000000703400000|
|  53|0x0000000703500000, 0x0000000703600000, 0x0000000703600000|100%|HS|  |TS  0|AC  0|TAMS 0x0000000703500000, 0x0000000703500000|
|  54|0x0000000703600000, 0x00000007036fff20, 0x0000000703700000| 99%| O|  |TS  0|AC  0|TAMS 0x0000000703600000, 0x0000000703600000|
|  55|0x0000000703700000, 0x00000007037fffb0, 0x0000000703800000| 99%| O|  |TS  0|AC  0|TAMS 0x0000000703700000, 0x0000000703700000|
|  56|0x0000000703800000, 0x00000007038fffc8, 0x0000000703900000| 99%| O|  |TS  0|AC  0|TAMS 0x0000000703800000, 0x0000000703800000|
|  57|0x0000000703900000, 0x0000000703983d50, 0x0000000703a00000| 51%| O|  |TS  0|AC  0|TAMS 0x0000000703900000, 0x0000000703900000|
|  58|0x0000000703a00000, 0x0000000703b00000, 0x0000000703b00000|100%| O|  |TS  3|AC  0|TAMS 0x0000000703a00000, 0x0000000703a00000|
|  59|0x0000000703b00000, 0x0000000703c00000, 0x0000000703c00000|100%| O|  |TS  1|AC  0|TAMS 0x0000000703b00000, 0x0000000703b00000|
|  60|0x0000000703c00000, 0x0000000703d00000, 0x0000000703d00000|100%| O|  |TS  1|AC  0|TAMS 0x0000000703c00000, 0x0000000703c00000|
|  61|0x0000000703d00000, 0x0000000703e00000, 0x0000000703e00000|100%| O|  |TS  1|AC  0|TAMS 0x0000000703d00000, 0x0000000703d00000|
|  62|0x0000000703e00000, 0x0000000703f00000, 0x0000000703f00000|100%| O|  |TS  1|AC  0|TAMS 0x0000000703e00000, 0x0000000703e00000|
|  63|0x0000000703f00000, 0x0000000704000000, 0x0000000704000000|100%|HS|  |TS  0|AC  0|TAMS 0x0000000703f00000, 0x0000000703f00000|
|  64|0x0000000704000000, 0x0000000704100000, 0x0000000704100000|100%|HS|  |TS  0|AC  0|TAMS 0x0000000704000000, 0x0000000704000000|
|  65|0x0000000704100000, 0x0000000704200000, 0x0000000704200000|100%|HC|  |TS  0|AC  0|TAMS 0x0000000704100000, 0x0000000704100000|
|  66|0x0000000704200000, 0x0000000704300000, 0x0000000704300000|100%|HC|  |TS  0|AC  0|TAMS 0x0000000704200000, 0x0000000704200000|
|  67|0x0000000704300000, 0x0000000704400000, 0x0000000704400000|100%|HC|  |TS  0|AC  0|TAMS 0x0000000704300000, 0x0000000704300000|
|  68|0x0000000704400000, 0x0000000704500000, 0x0000000704500000|100%|HS|  |TS  0|AC  0|TAMS 0x0000000704400000, 0x0000000704400000|
|  69|0x0000000704500000, 0x0000000704600000, 0x0000000704600000|100%|HC|  |TS  0|AC  0|TAMS 0x0000000704500000, 0x0000000704500000|
|  70|0x0000000704600000, 0x0000000704700000, 0x0000000704700000|100%|HC|  |TS  0|AC  0|TAMS 0x0000000704600000, 0x0000000704600000|
|  71|0x0000000704700000, 0x0000000704800000, 0x0000000704800000|100%|HC|  |TS  0|AC  0|TAMS 0x0000000704700000, 0x0000000704700000|
|  72|0x0000000704800000, 0x0000000704900000, 0x0000000704900000|100%|HC|  |TS  0|AC  0|TAMS 0x0000000704800000, 0x0000000704800000|
|  73|0x0000000704900000, 0x0000000704a00000, 0x0000000704a00000|100%|HC|  |TS  0|AC  0|TAMS 0x0000000704900000, 0x0000000704900000|
|  74|0x0000000704a00000, 0x0000000704b00000, 0x0000000704b00000|100%|HC|  |TS  0|AC  0|TAMS 0x0000000704a00000, 0x0000000704a00000|
|  75|0x0000000704b00000, 0x0000000704c00000, 0x0000000704c00000|100%|HC|  |TS  0|AC  0|TAMS 0x0000000704b00000, 0x0000000704b00000|
|  76|0x0000000704c00000, 0x0000000704d00000, 0x0000000704d00000|100%|HC|  |TS  0|AC  0|TAMS 0x0000000704c00000, 0x0000000704c00000|
|  77|0x0000000704d00000, 0x0000000704e00000, 0x0000000704e00000|100%|HC|  |TS  0|AC  0|TAMS 0x0000000704d00000, 0x0000000704d00000|
|  78|0x0000000704e00000, 0x0000000704f00000, 0x0000000704f00000|100%|HC|  |TS  0|AC  0|TAMS 0x0000000704e00000, 0x0000000704e00000|
|  79|0x0000000704f00000, 0x0000000705000000, 0x0000000705000000|100%|HC|  |TS  0|AC  0|TAMS 0x0000000704f00000, 0x0000000704f00000|
|  80|0x0000000705000000, 0x0000000705100000, 0x0000000705100000|100%|HC|  |TS  0|AC  0|TAMS 0x0000000705000000, 0x0000000705000000|
|  81|0x0000000705100000, 0x0000000705200000, 0x0000000705200000|100%|HC|  |TS  0|AC  0|TAMS 0x0000000705100000, 0x0000000705100000|
|  82|0x0000000705200000, 0x0000000705300000, 0x0000000705300000|100%|HC|  |TS  0|AC  0|TAMS 0x0000000705200000, 0x0000000705200000|
|  83|0x0000000705300000, 0x0000000705400000, 0x0000000705400000|100%| O|  |TS  1|AC  0|TAMS 0x0000000705300000, 0x0000000705300000|
|  84|0x0000000705400000, 0x0000000705500000, 0x0000000705500000|100%| O|  |TS  3|AC  0|TAMS 0x0000000705400000, 0x0000000705400000|
|  85|0x0000000705500000, 0x0000000705600000, 0x0000000705600000|100%| O|  |TS  3|AC  0|TAMS 0x0000000705500000, 0x0000000705500000|
|  86|0x0000000705600000, 0x0000000705700000, 0x0000000705700000|100%| O|  |TS  3|AC  0|TAMS 0x0000000705600000, 0x0000000705600000|
|  87|0x0000000705700000, 0x0000000705800000, 0x0000000705800000|100%| O|  |TS  3|AC  0|TAMS 0x0000000705700000, 0x0000000705700000|
|  88|0x0000000705800000, 0x0000000705900000, 0x0000000705900000|100%| O|  |TS  3|AC  0|TAMS 0x0000000705800000, 0x0000000705800000|
|  89|0x0000000705900000, 0x0000000705a00000, 0x0000000705a00000|100%| O|  |TS  3|AC  0|TAMS 0x0000000705900000, 0x0000000705900000|
|  90|0x0000000705a00000, 0x0000000705b00000, 0x0000000705b00000|100%| O|  |TS  3|AC  0|TAMS 0x0000000705a00000, 0x0000000705a00000|
|  91|0x0000000705b00000, 0x0000000705c00000, 0x0000000705c00000|100%| O|  |TS  3|AC  0|TAMS 0x0000000705b00000, 0x0000000705b00000|
|  92|0x0000000705c00000, 0x0000000705d00000, 0x0000000705d00000|100%| O|  |TS  5|AC  0|TAMS 0x0000000705c00000, 0x0000000705c00000|
|  93|0x0000000705d00000, 0x0000000705e00000, 0x0000000705e00000|100%| O|  |TS  5|AC  0|TAMS 0x0000000705d00000, 0x0000000705d00000|
|  94|0x0000000705e00000, 0x0000000705f00000, 0x0000000705f00000|100%| O|  |TS  5|AC  0|TAMS 0x0000000705e00000, 0x0000000705e00000|
|  95|0x0000000705f00000, 0x0000000706000000, 0x0000000706000000|100%| O|  |TS  5|AC  0|TAMS 0x0000000705f00000, 0x0000000705f00000|
|  96|0x0000000706000000, 0x0000000706100000, 0x0000000706100000|100%| O|  |TS  5|AC  0|TAMS 0x0000000706000000, 0x0000000706000000|
|  97|0x0000000706100000, 0x0000000706200000, 0x0000000706200000|100%| O|  |TS  5|AC  0|TAMS 0x0000000706100000, 0x0000000706100000|
|  98|0x0000000706200000, 0x0000000706300000, 0x0000000706300000|100%| O|  |TS  5|AC  0|TAMS 0x0000000706200000, 0x0000000706200000|
|  99|0x0000000706300000, 0x0000000706400000, 0x0000000706400000|100%| O|  |TS  7|AC  0|TAMS 0x0000000706300000, 0x0000000706300000|
| 100|0x0000000706400000, 0x0000000706500000, 0x0000000706500000|100%| O|  |TS  7|AC  0|TAMS 0x0000000706400000, 0x0000000706400000|
| 101|0x0000000706500000, 0x0000000706600000, 0x0000000706600000|100%| O|  |TS  7|AC  0|TAMS 0x0000000706500000, 0x0000000706500000|
| 102|0x0000000706600000, 0x0000000706700000, 0x0000000706700000|100%| O|  |TS  7|AC  0|TAMS 0x0000000706600000, 0x0000000706600000|
| 103|0x0000000706700000, 0x0000000706800000, 0x0000000706800000|100%| O|  |TS  7|AC  0|TAMS 0x0000000706700000, 0x0000000706700000|
| 104|0x0000000706800000, 0x0000000706900000, 0x0000000706900000|100%|HS|  |TS  0|AC  0|TAMS 0x0000000706800000, 0x0000000706800000|
| 105|0x0000000706900000, 0x0000000706a00000, 0x0000000706a00000|100%|HC|  |TS  0|AC  0|TAMS 0x0000000706900000, 0x0000000706900000|
| 106|0x0000000706a00000, 0x0000000706b00000, 0x0000000706b00000|100%|HC|  |TS  0|AC  0|TAMS 0x0000000706a00000, 0x0000000706a00000|
| 107|0x0000000706b00000, 0x0000000706c00000, 0x0000000706c00000|100%| O|  |TS  9|AC  0|TAMS 0x0000000706b00000, 0x0000000706b00000|
| 108|0x0000000706c00000, 0x0000000706d00000, 0x0000000706d00000|100%| O|  |TS  9|AC  0|TAMS 0x0000000706c00000, 0x0000000706c00000|
| 109|0x0000000706d00000, 0x0000000706e00000, 0x0000000706e00000|100%| O|  |TS  9|AC  0|TAMS 0x0000000706d00000, 0x0000000706d00000|
| 110|0x0000000706e00000, 0x0000000706e1d000, 0x0000000706f00000| 11%| O|  |TS  9|AC  0|TAMS 0x0000000706e00000, 0x0000000706e00000|
| 111|0x0000000706f00000, 0x0000000706f00000, 0x0000000707000000|  0%| F|  |TS  0|AC  0|TAMS 0x0000000706f00000, 0x0000000706f00000|
| 112|0x0000000707000000, 0x0000000707000000, 0x0000000707100000|  0%| F|  |TS  0|AC  0|TAMS 0x0000000707000000, 0x0000000707000000|
| 113|0x0000000707100000, 0x0000000707100000, 0x0000000707200000|  0%| F|  |TS  0|AC  0|TAMS 0x0000000707100000, 0x0000000707100000|
| 114|0x0000000707200000, 0x0000000707200000, 0x0000000707300000|  0%| F|  |TS  0|AC  0|TAMS 0x0000000707200000, 0x0000000707200000|
| 115|0x0000000707300000, 0x0000000707300000, 0x0000000707400000|  0%| F|  |TS  0|AC  0|TAMS 0x0000000707300000, 0x0000000707300000|
| 116|0x0000000707400000, 0x0000000707400000, 0x0000000707500000|  0%| F|  |TS  0|AC  0|TAMS 0x0000000707400000, 0x0000000707400000|
| 117|0x0000000707500000, 0x0000000707500000, 0x0000000707600000|  0%| F|  |TS  0|AC  0|TAMS 0x0000000707500000, 0x0000000707500000|
| 118|0x0000000707600000, 0x0000000707600000, 0x0000000707700000|  0%| F|  |TS  0|AC  0|TAMS 0x0000000707600000, 0x0000000707600000|
| 119|0x0000000707700000, 0x0000000707700000, 0x0000000707800000|  0%| F|  |TS  0|AC  0|TAMS 0x0000000707700000, 0x0000000707700000|
| 120|0x0000000707800000, 0x0000000707800000, 0x0000000707900000|  0%| F|  |TS  0|AC  0|TAMS 0x0000000707800000, 0x0000000707800000|
| 121|0x0000000707900000, 0x0000000707900000, 0x0000000707a00000|  0%| F|  |TS  0|AC  0|TAMS 0x0000000707900000, 0x0000000707900000|
| 122|0x0000000707a00000, 0x0000000707a00000, 0x0000000707b00000|  0%| F|  |TS  0|AC  0|TAMS 0x0000000707a00000, 0x0000000707a00000|
| 123|0x0000000707b00000, 0x0000000707b00000, 0x0000000707c00000|  0%| F|  |TS  0|AC  0|TAMS 0x0000000707b00000, 0x0000000707b00000|
| 124|0x0000000707c00000, 0x0000000707c00000, 0x0000000707d00000|  0%| F|  |TS  0|AC  0|TAMS 0x0000000707c00000, 0x0000000707c00000|
| 125|0x0000000707d00000, 0x0000000707d00000, 0x0000000707e00000|  0%| F|  |TS  0|AC  0|TAMS 0x0000000707d00000, 0x0000000707d00000|
| 126|0x0000000707e00000, 0x0000000707e00000, 0x0000000707f00000|  0%| F|  |TS  0|AC  0|TAMS 0x0000000707e00000, 0x0000000707e00000|
| 127|0x0000000707f00000, 0x0000000707f00000, 0x0000000708000000|  0%| F|  |TS  0|AC  0|TAMS 0x0000000707f00000, 0x0000000707f00000|
| 128|0x0000000708000000, 0x0000000708000000, 0x0000000708100000|  0%| F|  |TS  0|AC  0|TAMS 0x0000000708000000, 0x0000000708000000|
| 129|0x0000000708100000, 0x0000000708100000, 0x0000000708200000|  0%| F|  |TS  0|AC  0|TAMS 0x0000000708100000, 0x0000000708100000|
| 130|0x0000000708200000, 0x0000000708200000, 0x0000000708300000|  0%| F|  |TS  0|AC  0|TAMS 0x0000000708200000, 0x0000000708200000|
| 131|0x0000000708300000, 0x0000000708300000, 0x0000000708400000|  0%| F|  |TS  0|AC  0|TAMS 0x0000000708300000, 0x0000000708300000|
| 132|0x0000000708400000, 0x0000000708400000, 0x0000000708500000|  0%| F|  |TS  0|AC  0|TAMS 0x0000000708400000, 0x0000000708400000|
| 133|0x0000000708500000, 0x0000000708500000, 0x0000000708600000|  0%| F|  |TS  0|AC  0|TAMS 0x0000000708500000, 0x0000000708500000|
| 134|0x0000000708600000, 0x0000000708600000, 0x0000000708700000|  0%| F|  |TS  0|AC  0|TAMS 0x0000000708600000, 0x0000000708600000|
| 135|0x0000000708700000, 0x0000000708700000, 0x0000000708800000|  0%| F|  |TS  0|AC  0|TAMS 0x0000000708700000, 0x0000000708700000|
| 136|0x0000000708800000, 0x0000000708800000, 0x0000000708900000|  0%| F|  |TS  0|AC  0|TAMS 0x0000000708800000, 0x0000000708800000|
| 137|0x0000000708900000, 0x0000000708900000, 0x0000000708a00000|  0%| F|  |TS  0|AC  0|TAMS 0x0000000708900000, 0x0000000708900000|
| 138|0x0000000708a00000, 0x0000000708a00000, 0x0000000708b00000|  0%| F|  |TS  0|AC  0|TAMS 0x0000000708a00000, 0x0000000708a00000|
| 139|0x0000000708b00000, 0x0000000708b00000, 0x0000000708c00000|  0%| F|  |TS  0|AC  0|TAMS 0x0000000708b00000, 0x0000000708b00000|
| 140|0x0000000708c00000, 0x0000000708c00000, 0x0000000708d00000|  0%| F|  |TS  0|AC  0|TAMS 0x0000000708c00000, 0x0000000708c00000|
| 141|0x0000000708d00000, 0x0000000708d00000, 0x0000000708e00000|  0%| F|  |TS  0|AC  0|TAMS 0x0000000708d00000, 0x0000000708d00000|
| 142|0x0000000708e00000, 0x0000000708e00000, 0x0000000708f00000|  0%| F|  |TS  0|AC  0|TAMS 0x0000000708e00000, 0x0000000708e00000|
| 143|0x0000000708f00000, 0x0000000708f00000, 0x0000000709000000|  0%| F|  |TS  0|AC  0|TAMS 0x0000000708f00000, 0x0000000708f00000|
| 144|0x0000000709000000, 0x0000000709000000, 0x0000000709100000|  0%| F|  |TS  0|AC  0|TAMS 0x0000000709000000, 0x0000000709000000|
| 145|0x0000000709100000, 0x0000000709100000, 0x0000000709200000|  0%| F|  |TS  0|AC  0|TAMS 0x0000000709100000, 0x0000000709100000|
| 146|0x0000000709200000, 0x0000000709200000, 0x0000000709300000|  0%| F|  |TS  0|AC  0|TAMS 0x0000000709200000, 0x0000000709200000|
| 147|0x0000000709300000, 0x0000000709300000, 0x0000000709400000|  0%| F|  |TS  0|AC  0|TAMS 0x0000000709300000, 0x0000000709300000|
| 148|0x0000000709400000, 0x0000000709400000, 0x0000000709500000|  0%| F|  |TS  0|AC  0|TAMS 0x0000000709400000, 0x0000000709400000|
| 149|0x0000000709500000, 0x0000000709500000, 0x0000000709600000|  0%| F|  |TS  0|AC  0|TAMS 0x0000000709500000, 0x0000000709500000|
| 150|0x0000000709600000, 0x0000000709600000, 0x0000000709700000|  0%| F|  |TS  0|AC  0|TAMS 0x0000000709600000, 0x0000000709600000|
| 151|0x0000000709700000, 0x0000000709700000, 0x0000000709800000|  0%| F|  |TS  0|AC  0|TAMS 0x0000000709700000, 0x0000000709700000|
| 152|0x0000000709800000, 0x0000000709800000, 0x0000000709900000|  0%| F|  |TS  0|AC  0|TAMS 0x0000000709800000, 0x0000000709800000|
| 153|0x0000000709900000, 0x0000000709900000, 0x0000000709a00000|  0%| F|  |TS  0|AC  0|TAMS 0x0000000709900000, 0x0000000709900000|
| 154|0x0000000709a00000, 0x0000000709a00000, 0x0000000709b00000|  0%| F|  |TS  0|AC  0|TAMS 0x0000000709a00000, 0x0000000709a00000|
| 155|0x0000000709b00000, 0x0000000709b00000, 0x0000000709c00000|  0%| F|  |TS  0|AC  0|TAMS 0x0000000709b00000, 0x0000000709b00000|
| 156|0x0000000709c00000, 0x0000000709c00000, 0x0000000709d00000|  0%| F|  |TS  0|AC  0|TAMS 0x0000000709c00000, 0x0000000709c00000|
| 157|0x0000000709d00000, 0x0000000709d00000, 0x0000000709e00000|  0%| F|  |TS  0|AC  0|TAMS 0x0000000709d00000, 0x0000000709d00000|
| 158|0x0000000709e00000, 0x0000000709e00000, 0x0000000709f00000|  0%| F|  |TS  0|AC  0|TAMS 0x0000000709e00000, 0x0000000709e00000|
| 159|0x0000000709f00000, 0x0000000709f00000, 0x000000070a000000|  0%| F|  |TS  0|AC  0|TAMS 0x0000000709f00000, 0x0000000709f00000|
| 160|0x000000070a000000, 0x000000070a000000, 0x000000070a100000|  0%| F|  |TS  0|AC  0|TAMS 0x000000070a000000, 0x000000070a000000|
| 161|0x000000070a100000, 0x000000070a100000, 0x000000070a200000|  0%| F|  |TS  0|AC  0|TAMS 0x000000070a100000, 0x000000070a100000|
| 162|0x000000070a200000, 0x000000070a200000, 0x000000070a300000|  0%| F|  |TS  0|AC  0|TAMS 0x000000070a200000, 0x000000070a200000|
| 163|0x000000070a300000, 0x000000070a300000, 0x000000070a400000|  0%| F|  |TS  0|AC  0|TAMS 0x000000070a300000, 0x000000070a300000|
| 164|0x000000070a400000, 0x000000070a400000, 0x000000070a500000|  0%| F|  |TS  0|AC  0|TAMS 0x000000070a400000, 0x000000070a400000|
| 165|0x000000070a500000, 0x000000070a500000, 0x000000070a600000|  0%| F|  |TS  0|AC  0|TAMS 0x000000070a500000, 0x000000070a500000|
| 166|0x000000070a600000, 0x000000070a600000, 0x000000070a700000|  0%| F|  |TS  0|AC  0|TAMS 0x000000070a600000, 0x000000070a600000|
| 167|0x000000070a700000, 0x000000070a700000, 0x000000070a800000|  0%| F|  |TS  0|AC  0|TAMS 0x000000070a700000, 0x000000070a700000|
| 168|0x000000070a800000, 0x000000070a800000, 0x000000070a900000|  0%| F|  |TS  0|AC  0|TAMS 0x000000070a800000, 0x000000070a800000|
| 169|0x000000070a900000, 0x000000070a900000, 0x000000070aa00000|  0%| F|  |TS  0|AC  0|TAMS 0x000000070a900000, 0x000000070a900000|
| 170|0x000000070aa00000, 0x000000070aa00000, 0x000000070ab00000|  0%| F|  |TS  0|AC  0|TAMS 0x000000070aa00000, 0x000000070aa00000|
| 171|0x000000070ab00000, 0x000000070ab00000, 0x000000070ac00000|  0%| F|  |TS  0|AC  0|TAMS 0x000000070ab00000, 0x000000070ab00000|
| 172|0x000000070ac00000, 0x000000070ac00000, 0x000000070ad00000|  0%| F|  |TS  0|AC  0|TAMS 0x000000070ac00000, 0x000000070ac00000|
| 173|0x000000070ad00000, 0x000000070ad00000, 0x000000070ae00000|  0%| F|  |TS  0|AC  0|TAMS 0x000000070ad00000, 0x000000070ad00000|
| 174|0x000000070ae00000, 0x000000070ae00000, 0x000000070af00000|  0%| F|  |TS  0|AC  0|TAMS 0x000000070ae00000, 0x000000070ae00000|
| 175|0x000000070af00000, 0x000000070af00000, 0x000000070b000000|  0%| F|  |TS  0|AC  0|TAMS 0x000000070af00000, 0x000000070af00000|
| 176|0x000000070b000000, 0x000000070b000000, 0x000000070b100000|  0%| F|  |TS  0|AC  0|TAMS 0x000000070b000000, 0x000000070b000000|
| 177|0x000000070b100000, 0x000000070b100000, 0x000000070b200000|  0%| F|  |TS  0|AC  0|TAMS 0x000000070b100000, 0x000000070b100000|
| 178|0x000000070b200000, 0x000000070b200000, 0x000000070b300000|  0%| F|  |TS  0|AC  0|TAMS 0x000000070b200000, 0x000000070b200000|
| 179|0x000000070b300000, 0x000000070b300000, 0x000000070b400000|  0%| F|  |TS  0|AC  0|TAMS 0x000000070b300000, 0x000000070b300000|
| 180|0x000000070b400000, 0x000000070b400000, 0x000000070b500000|  0%| F|  |TS  0|AC  0|TAMS 0x000000070b400000, 0x000000070b400000|
| 181|0x000000070b500000, 0x000000070b500000, 0x000000070b600000|  0%| F|  |TS  0|AC  0|TAMS 0x000000070b500000, 0x000000070b500000|
| 182|0x000000070b600000, 0x000000070b600000, 0x000000070b700000|  0%| F|  |TS  0|AC  0|TAMS 0x000000070b600000, 0x000000070b600000|
| 183|0x000000070b700000, 0x000000070b700000, 0x000000070b800000|  0%| F|  |TS  0|AC  0|TAMS 0x000000070b700000, 0x000000070b700000|
| 184|0x000000070b800000, 0x000000070b800000, 0x000000070b900000|  0%| F|  |TS  0|AC  0|TAMS 0x000000070b800000, 0x000000070b800000|
| 185|0x000000070b900000, 0x000000070b900000, 0x000000070ba00000|  0%| F|  |TS  0|AC  0|TAMS 0x000000070b900000, 0x000000070b900000|
| 186|0x000000070ba00000, 0x000000070ba00000, 0x000000070bb00000|  0%| F|  |TS  0|AC  0|TAMS 0x000000070ba00000, 0x000000070ba00000|
| 187|0x000000070bb00000, 0x000000070bb00000, 0x000000070bc00000|  0%| F|  |TS  0|AC  0|TAMS 0x000000070bb00000, 0x000000070bb00000|
| 188|0x000000070bc00000, 0x000000070bc00000, 0x000000070bd00000|  0%| F|  |TS  3|AC  0|TAMS 0x000000070bc00000, 0x000000070bc00000|
| 189|0x000000070bd00000, 0x000000070bd00000, 0x000000070be00000|  0%| F|  |TS  7|AC  0|TAMS 0x000000070bd00000, 0x000000070bd00000|
| 190|0x000000070be00000, 0x000000070be00000, 0x000000070bf00000|  0%| F|  |TS  7|AC  0|TAMS 0x000000070be00000, 0x000000070be00000|
| 191|0x000000070bf00000, 0x000000070bf00000, 0x000000070c000000|  0%| F|  |TS  7|AC  0|TAMS 0x000000070bf00000, 0x000000070bf00000|
| 192|0x000000070c000000, 0x000000070c000000, 0x000000070c100000|  0%| F|  |TS  7|AC  0|TAMS 0x000000070c000000, 0x000000070c000000|
| 193|0x000000070c100000, 0x000000070c1bdf38, 0x000000070c200000| 74%| S|CS|TS  9|AC  0|TAMS 0x000000070c100000, 0x000000070c100000|
| 194|0x000000070c200000, 0x000000070c300000, 0x000000070c300000|100%| S|CS|TS  9|AC  0|TAMS 0x000000070c200000, 0x000000070c200000|
| 195|0x000000070c300000, 0x000000070c400000, 0x000000070c400000|100%| S|CS|TS  9|AC  0|TAMS 0x000000070c300000, 0x000000070c300000|
| 196|0x000000070c400000, 0x000000070c400000, 0x000000070c500000|  0%| F|  |TS  9|AC  0|TAMS 0x000000070c400000, 0x000000070c400000|
| 197|0x000000070c500000, 0x000000070c500000, 0x000000070c600000|  0%| F|  |TS  9|AC  0|TAMS 0x000000070c500000, 0x000000070c500000|
| 198|0x000000070c600000, 0x000000070c600000, 0x000000070c700000|  0%| F|  |TS  9|AC  0|TAMS 0x000000070c600000, 0x000000070c600000|
| 199|0x000000070c700000, 0x000000070c700000, 0x000000070c800000|  0%| F|  |TS  9|AC  0|TAMS 0x000000070c700000, 0x000000070c700000|
| 200|0x000000070c800000, 0x000000070c800000, 0x000000070c900000|  0%| F|  |TS  9|AC  0|TAMS 0x000000070c800000, 0x000000070c800000|
| 201|0x000000070c900000, 0x000000070c900000, 0x000000070ca00000|  0%| F|  |TS  9|AC  0|TAMS 0x000000070c900000, 0x000000070c900000|
| 202|0x000000070ca00000, 0x000000070ca00000, 0x000000070cb00000|  0%| F|  |TS  9|AC  0|TAMS 0x000000070ca00000, 0x000000070ca00000|
| 203|0x000000070cb00000, 0x000000070cb00000, 0x000000070cc00000|  0%| F|  |TS  9|AC  0|TAMS 0x000000070cb00000, 0x000000070cb00000|
| 204|0x000000070cc00000, 0x000000070cc00000, 0x000000070cd00000|  0%| F|  |TS  9|AC  0|TAMS 0x000000070cc00000, 0x000000070cc00000|
| 205|0x000000070cd00000, 0x000000070cd00000, 0x000000070ce00000|  0%| F|  |TS  9|AC  0|TAMS 0x000000070cd00000, 0x000000070cd00000|
| 206|0x000000070ce00000, 0x000000070ce00000, 0x000000070cf00000|  0%| F|  |TS  9|AC  0|TAMS 0x000000070ce00000, 0x000000070ce00000|
| 207|0x000000070cf00000, 0x000000070cf00000, 0x000000070d000000|  0%| F|  |TS  9|AC  0|TAMS 0x000000070cf00000, 0x000000070cf00000|
| 208|0x000000070d000000, 0x000000070d000000, 0x000000070d100000|  0%| F|  |TS  9|AC  0|TAMS 0x000000070d000000, 0x000000070d000000|
| 209|0x000000070d100000, 0x000000070d100000, 0x000000070d200000|  0%| F|  |TS  9|AC  0|TAMS 0x000000070d100000, 0x000000070d100000|
| 210|0x000000070d200000, 0x000000070d200000, 0x000000070d300000|  0%| F|  |TS  9|AC  0|TAMS 0x000000070d200000, 0x000000070d200000|
| 211|0x000000070d300000, 0x000000070d300000, 0x000000070d400000|  0%| F|  |TS  9|AC  0|TAMS 0x000000070d300000, 0x000000070d300000|
| 212|0x000000070d400000, 0x000000070d400000, 0x000000070d500000|  0%| F|  |TS  9|AC  0|TAMS 0x000000070d400000, 0x000000070d400000|
| 213|0x000000070d500000, 0x000000070d500000, 0x000000070d600000|  0%| F|  |TS  9|AC  0|TAMS 0x000000070d500000, 0x000000070d500000|
| 214|0x000000070d600000, 0x000000070d600000, 0x000000070d700000|  0%| F|  |TS  9|AC  0|TAMS 0x000000070d600000, 0x000000070d600000|
| 215|0x000000070d700000, 0x000000070d700000, 0x000000070d800000|  0%| F|  |TS  9|AC  0|TAMS 0x000000070d700000, 0x000000070d700000|
| 216|0x000000070d800000, 0x000000070d800000, 0x000000070d900000|  0%| F|  |TS  9|AC  0|TAMS 0x000000070d800000, 0x000000070d800000|
| 217|0x000000070d900000, 0x000000070d900000, 0x000000070da00000|  0%| F|  |TS  9|AC  0|TAMS 0x000000070d900000, 0x000000070d900000|
| 218|0x000000070da00000, 0x000000070da00000, 0x000000070db00000|  0%| F|  |TS  9|AC  0|TAMS 0x000000070da00000, 0x000000070da00000|
| 219|0x000000070db00000, 0x000000070db00000, 0x000000070dc00000|  0%| F|  |TS  9|AC  0|TAMS 0x000000070db00000, 0x000000070db00000|
| 220|0x000000070dc00000, 0x000000070dc00000, 0x000000070dd00000|  0%| F|  |TS  9|AC  0|TAMS 0x000000070dc00000, 0x000000070dc00000|
| 221|0x000000070dd00000, 0x000000070dd00000, 0x000000070de00000|  0%| F|  |TS  9|AC  0|TAMS 0x000000070dd00000, 0x000000070dd00000|
| 222|0x000000070de00000, 0x000000070de19410, 0x000000070df00000|  9%| E|  |TS  9|AC  0|TAMS 0x000000070de00000, 0x000000070de00000|
| 223|0x000000070df00000, 0x000000070e000000, 0x000000070e000000|100%| E|CS|TS  9|AC  0|TAMS 0x000000070df00000, 0x000000070df00000|
| 224|0x000000070e000000, 0x000000070e100000, 0x000000070e100000|100%| E|CS|TS  9|AC  0|TAMS 0x000000070e000000, 0x000000070e000000|
| 225|0x000000070e100000, 0x000000070e200000, 0x000000070e200000|100%| E|CS|TS  9|AC  0|TAMS 0x000000070e100000, 0x000000070e100000|
| 226|0x000000070e200000, 0x000000070e300000, 0x000000070e300000|100%| E|CS|TS  9|AC  0|TAMS 0x000000070e200000, 0x000000070e200000|
| 227|0x000000070e300000, 0x000000070e400000, 0x000000070e400000|100%| E|CS|TS  9|AC  0|TAMS 0x000000070e300000, 0x000000070e300000|
| 228|0x000000070e400000, 0x000000070e500000, 0x000000070e500000|100%| E|CS|TS  9|AC  0|TAMS 0x000000070e400000, 0x000000070e400000|
| 229|0x000000070e500000, 0x000000070e600000, 0x000000070e600000|100%| E|CS|TS  9|AC  0|TAMS 0x000000070e500000, 0x000000070e500000|
| 230|0x000000070e600000, 0x000000070e700000, 0x000000070e700000|100%| E|CS|TS  9|AC  0|TAMS 0x000000070e600000, 0x000000070e600000|
| 231|0x000000070e700000, 0x000000070e800000, 0x000000070e800000|100%| E|CS|TS  9|AC  0|TAMS 0x000000070e700000, 0x000000070e700000|
| 232|0x000000070e800000, 0x000000070e900000, 0x000000070e900000|100%| E|CS|TS  9|AC  0|TAMS 0x000000070e800000, 0x000000070e800000|
| 233|0x000000070e900000, 0x000000070ea00000, 0x000000070ea00000|100%| E|CS|TS  9|AC  0|TAMS 0x000000070e900000, 0x000000070e900000|
| 234|0x000000070ea00000, 0x000000070eb00000, 0x000000070eb00000|100%| E|CS|TS  9|AC  0|TAMS 0x000000070ea00000, 0x000000070ea00000|
| 235|0x000000070eb00000, 0x000000070ec00000, 0x000000070ec00000|100%| E|CS|TS  9|AC  0|TAMS 0x000000070eb00000, 0x000000070eb00000|
| 236|0x000000070ec00000, 0x000000070ed00000, 0x000000070ed00000|100%| E|CS|TS  9|AC  0|TAMS 0x000000070ec00000, 0x000000070ec00000|
| 237|0x000000070ed00000, 0x000000070ee00000, 0x000000070ee00000|100%| E|CS|TS  9|AC  0|TAMS 0x000000070ed00000, 0x000000070ed00000|
| 238|0x000000070ee00000, 0x000000070ef00000, 0x000000070ef00000|100%| E|CS|TS  9|AC  0|TAMS 0x000000070ee00000, 0x000000070ee00000|
| 239|0x000000070ef00000, 0x000000070f000000, 0x000000070f000000|100%| E|CS|TS  9|AC  0|TAMS 0x000000070ef00000, 0x000000070ef00000|
| 240|0x000000070f000000, 0x000000070f100000, 0x000000070f100000|100%| E|CS|TS  9|AC  0|TAMS 0x000000070f000000, 0x000000070f000000|
| 241|0x000000070f100000, 0x000000070f200000, 0x000000070f200000|100%| E|CS|TS  9|AC  0|TAMS 0x000000070f100000, 0x000000070f100000|
| 242|0x000000070f200000, 0x000000070f300000, 0x000000070f300000|100%| E|CS|TS  9|AC  0|TAMS 0x000000070f200000, 0x000000070f200000|
| 243|0x000000070f300000, 0x000000070f400000, 0x000000070f400000|100%| E|CS|TS  9|AC  0|TAMS 0x000000070f300000, 0x000000070f300000|
| 244|0x000000070f400000, 0x000000070f500000, 0x000000070f500000|100%| E|CS|TS  9|AC  0|TAMS 0x000000070f400000, 0x000000070f400000|
| 245|0x000000070f500000, 0x000000070f600000, 0x000000070f600000|100%| E|CS|TS  9|AC  0|TAMS 0x000000070f500000, 0x000000070f500000|
| 246|0x000000070f600000, 0x000000070f700000, 0x000000070f700000|100%| E|CS|TS  9|AC  0|TAMS 0x000000070f600000, 0x000000070f600000|
| 247|0x000000070f700000, 0x000000070f800000, 0x000000070f800000|100%| E|CS|TS  9|AC  0|TAMS 0x000000070f700000, 0x000000070f700000|
| 248|0x000000070f800000, 0x000000070f900000, 0x000000070f900000|100%| E|CS|TS  9|AC  0|TAMS 0x000000070f800000, 0x000000070f800000|
| 249|0x000000070f900000, 0x000000070fa00000, 0x000000070fa00000|100%| E|CS|TS  9|AC  0|TAMS 0x000000070f900000, 0x000000070f900000|
| 250|0x000000070fa00000, 0x000000070fb00000, 0x000000070fb00000|100%| E|CS|TS  9|AC  0|TAMS 0x000000070fa00000, 0x000000070fa00000|
| 251|0x000000070fb00000, 0x000000070fc00000, 0x000000070fc00000|100%| E|CS|TS  9|AC  0|TAMS 0x000000070fb00000, 0x000000070fb00000|
| 252|0x000000070fc00000, 0x000000070fd00000, 0x000000070fd00000|100%| E|CS|TS  9|AC  0|TAMS 0x000000070fc00000, 0x000000070fc00000|
| 253|0x000000070fd00000, 0x000000070fe00000, 0x000000070fe00000|100%| E|CS|TS  9|AC  0|TAMS 0x000000070fd00000, 0x000000070fd00000|
| 254|0x000000070fe00000, 0x000000070ff00000, 0x000000070ff00000|100%| E|CS|TS  9|AC  0|TAMS 0x000000070fe00000, 0x000000070fe00000|
| 255|0x000000070ff00000, 0x0000000710000000, 0x0000000710000000|100%| E|CS|TS  9|AC  0|TAMS 0x000000070ff00000, 0x000000070ff00000|

Card table byte_map: [0x0000019ca32e0000,0x0000019ca38e0000] byte_map_base: 0x0000019c9fae0000

Marking Bits (Prev, Next): (CMBitMap*) 0x0000019ca5a09768, (CMBitMap*) 0x0000019ca5a09730
 Prev Bits: [0x0000019cbece0000, 0x0000019cc1ce0000)
 Next Bits: [0x0000019cbbce0000, 0x0000019cbece0000)

Polling page: 0x0000019c98990000

CodeHeap 'non-profiled nmethods': size=120000Kb used=18634Kb max_used=18634Kb free=101365Kb
 bounds [0x0000019cb47b0000, 0x0000019cb59f0000, 0x0000019cbbce0000]
CodeHeap 'profiled nmethods': size=120000Kb used=36132Kb max_used=36424Kb free=83867Kb
 bounds [0x0000019cad280000, 0x0000019caf790000, 0x0000019cb47b0000]
CodeHeap 'non-nmethods': size=5760Kb used=1798Kb max_used=1848Kb free=3961Kb
 bounds [0x0000019cacce0000, 0x0000019cacf50000, 0x0000019cad280000]
 total_blobs=29017 nmethods=15299 adapters=1151
 compilation: enabled

Compilation events (10 events):
Event: 1008.716 Thread 0x0000019c9ff65000 nmethod 19786 0x0000019caefc2290 code [0x0000019caefc2440, 0x0000019caefc2690]
Event: 1008.717 Thread 0x0000019c9ff65000 19787       3       sun.nio.cs.DoubleByte$Decoder::decode (178 bytes)
Event: 1008.718 Thread 0x0000019c9ff65000 nmethod 19787 0x0000019caf038690 code [0x0000019caf038900, 0x0000019caf039520]
Event: 1008.718 Thread 0x0000019c9ff65000 19788       3       sun.nio.cs.StreamEncoder::implFlushBuffer (15 bytes)
Event: 1008.718 Thread 0x0000019c9ff65000 nmethod 19788 0x0000019caefc1d90 code [0x0000019caefc1f40, 0x0000019caefc21b0]
Event: 1008.718 Thread 0x0000019c9ff65000 19789       3       java.io.Writer::write (11 bytes)
Event: 1008.718 Thread 0x0000019c9ff65000 nmethod 19789 0x0000019caefd3d90 code [0x0000019caefd3f60, 0x0000019caefd4390]
Event: 1008.721 Thread 0x0000019c9ff64800 19790       4       java.nio.charset.CoderResult::isUnderflow (13 bytes)
Event: 1008.722 Thread 0x0000019c9ff64800 nmethod 19790 0x0000019cb555b990 code [0x0000019cb555bb20, 0x0000019cb555bb98]
Event: 1011.369 Thread 0x0000019c9eb46800 19791   !   4       java.util.concurrent.DelayQueue::take (214 bytes)

GC Heap History (10 events):
Event: 997.320 GC heap before
{Heap before GC invocations=230 (full 5):
 garbage-first heap   total 262144K, used 141221K [0x0000000700000000, 0x0000000700100800, 0x00000007c0000000)
  region size 1024K, 60 young (61440K), 0 survivors (0K)
 Metaspace       used 80339K, capacity 85585K, committed 85680K, reserved 1124352K
  class space    used 10711K, capacity 11621K, committed 11696K, reserved 1048576K
}
Event: 997.328 GC heap after
{Heap after GC invocations=231 (full 5):
 garbage-first heap   total 262144K, used 92826K [0x0000000700000000, 0x0000000700100800, 0x00000007c0000000)
  region size 1024K, 8 young (8192K), 8 survivors (8192K)
 Metaspace       used 80339K, capacity 85585K, committed 85680K, reserved 1124352K
  class space    used 10711K, capacity 11621K, committed 11696K, reserved 1048576K
}
Event: 997.645 GC heap before
{Heap before GC invocations=231 (full 5):
 garbage-first heap   total 262144K, used 146074K [0x0000000700000000, 0x0000000700100800, 0x00000007c0000000)
  region size 1024K, 60 young (61440K), 8 survivors (8192K)
 Metaspace       used 80572K, capacity 85777K, committed 85936K, reserved 1124352K
  class space    used 10758K, capacity 11685K, committed 11696K, reserved 1048576K
}
Event: 997.655 GC heap after
{Heap after GC invocations=232 (full 5):
 garbage-first heap   total 262144K, used 100857K [0x0000000700000000, 0x0000000700100800, 0x00000007c0000000)
  region size 1024K, 8 young (8192K), 8 survivors (8192K)
 Metaspace       used 80572K, capacity 85777K, committed 85936K, reserved 1124352K
  class space    used 10758K, capacity 11685K, committed 11696K, reserved 1048576K
}
Event: 998.302 GC heap before
{Heap before GC invocations=232 (full 5):
 garbage-first heap   total 262144K, used 154105K [0x0000000700000000, 0x0000000700100800, 0x00000007c0000000)
  region size 1024K, 60 young (61440K), 8 survivors (8192K)
 Metaspace       used 84310K, capacity 89621K, committed 89776K, reserved 1126400K
  class space    used 11740K, capacity 12683K, committed 12720K, reserved 1048576K
}
Event: 998.311 GC heap after
{Heap after GC invocations=233 (full 5):
 garbage-first heap   total 262144K, used 107968K [0x0000000700000000, 0x0000000700100800, 0x00000007c0000000)
  region size 1024K, 7 young (7168K), 7 survivors (7168K)
 Metaspace       used 84310K, capacity 89621K, committed 89776K, reserved 1126400K
  class space    used 11740K, capacity 12683K, committed 12720K, reserved 1048576K
}
Event: 998.953 GC heap before
{Heap before GC invocations=233 (full 5):
 garbage-first heap   total 262144K, used 162240K [0x0000000700000000, 0x0000000700100800, 0x00000007c0000000)
  region size 1024K, 60 young (61440K), 7 survivors (7168K)
 Metaspace       used 87020K, capacity 92405K, committed 92720K, reserved 1128448K
  class space    used 12055K, capacity 12985K, committed 13104K, reserved 1048576K
}
Event: 998.962 GC heap after
{Heap after GC invocations=234 (full 5):
 garbage-first heap   total 262144K, used 110287K [0x0000000700000000, 0x0000000700100800, 0x00000007c0000000)
  region size 1024K, 5 young (5120K), 5 survivors (5120K)
 Metaspace       used 87020K, capacity 92405K, committed 92720K, reserved 1128448K
  class space    used 12055K, capacity 12985K, committed 13104K, reserved 1048576K
}
Event: 1002.751 GC heap before
{Heap before GC invocations=234 (full 5):
 garbage-first heap   total 262144K, used 169679K [0x0000000700000000, 0x0000000700100800, 0x00000007c0000000)
  region size 1024K, 60 young (61440K), 5 survivors (5120K)
 Metaspace       used 88401K, capacity 93915K, committed 94128K, reserved 1130496K
  class space    used 12244K, capacity 13194K, committed 13232K, reserved 1048576K
}
Event: 1002.758 GC heap after
{Heap after GC invocations=235 (full 5):
 garbage-first heap   total 262144K, used 114449K [0x0000000700000000, 0x0000000700100800, 0x00000007c0000000)
  region size 1024K, 3 young (3072K), 3 survivors (3072K)
 Metaspace       used 88401K, capacity 93915K, committed 94128K, reserved 1130496K
  class space    used 12244K, capacity 13194K, committed 13232K, reserved 1048576K
}

Deoptimization events (10 events):
Event: 999.543 Thread 0x0000019ca0b7d000 Uncommon trap: reason=unstable_if action=reinterpret pc=0x0000019cb52c1174 method=java.awt.ColorPaintContext.getRaster(IIII)Ljava/awt/image/Raster; @ 17 c2
Event: 999.543 Thread 0x0000019ca0b7d000 Uncommon trap: reason=unstable_if action=reinterpret pc=0x0000019cb547d10c method=sun.java2d.SunGraphics2D.setColor(Ljava/awt/Color;)V @ 74 c2
Event: 1002.731 Thread 0x0000019ca0b7d000 Uncommon trap: reason=class_check action=maybe_recompile pc=0x0000019cb535058c method=sun.java2d.SunGraphics2D.addRenderingHints(Ljava/util/Map;)V @ 3 c2
Event: 1003.067 Thread 0x0000019ca0b7d000 Uncommon trap: reason=unstable_if action=reinterpret pc=0x0000019cb52b9504 method=sun.java2d.SunGraphics2D.validateColor()V @ 28 c2
Event: 1003.067 Thread 0x0000019ca0b7d000 Uncommon trap: reason=unstable_if action=reinterpret pc=0x0000019cb52839ac method=sun.java2d.loops.GraphicsPrimitiveMgr.locateGeneral(I)Lsun/java2d/loops/GraphicsPrimitive; @ 15 c2
Event: 1003.081 Thread 0x0000019ca0b7d000 Uncommon trap: reason=bimorphic_or_optimized_type_check action=maybe_recompile pc=0x0000019cb4f4e870 method=javax.swing.text.html.parser.DocumentParser.parse(Ljava/io/Reader;Ljavax/swing/text/html/HTMLEditorKit$ParserCallback;Z)V @ 20 c2
Event: 1003.099 Thread 0x0000019ca0b7d000 Uncommon trap: reason=speculate_class_check action=maybe_recompile pc=0x0000019cb57eb56c method=java.awt.Component.dispatchEvent(Ljava/awt/AWTEvent;)V @ 2 c2
Event: 1003.104 Thread 0x0000019ca0b7d000 Uncommon trap: reason=speculate_class_check action=maybe_recompile pc=0x0000019cb57eb56c method=java.awt.Component.dispatchEvent(Ljava/awt/AWTEvent;)V @ 2 c2
Event: 1008.711 Thread 0x0000019ca0b7d000 Uncommon trap: reason=unstable_if action=reinterpret pc=0x0000019cb4c726f8 method=java.lang.StringCoding$StringDecoder.decode([BII)Ljava/lang/StringCoding$Result; @ 25 c2
Event: 1008.712 Thread 0x0000019ca0b7d000 Uncommon trap: reason=unstable_if action=reinterpret pc=0x0000019cb4c6d8f0 method=java.lang.StringCoding$StringDecoder.decode([BII)Ljava/lang/StringCoding$Result; @ 25 c2

Classes redefined (0 events):
No events

Internal exceptions (10 events):
Event: 1008.719 Thread 0x0000019ca0b7d000 Exception <a 'java/io/IOException'{0x000000070e0ec090}> (0x000000070e0ec090) thrown at [t:/workspace/hotspot/src/share/vm/prims/jni.cpp, line 604]
Event: 1008.719 Thread 0x0000019ca0b7d000 Exception <a 'java/io/IOException'{0x000000070e0eccb8}> (0x000000070e0eccb8) thrown at [t:/workspace/hotspot/src/share/vm/prims/jni.cpp, line 604]
Event: 1008.719 Thread 0x0000019ca0b7d000 Exception <a 'java/io/IOException'{0x000000070e0ed550}> (0x000000070e0ed550) thrown at [t:/workspace/hotspot/src/share/vm/prims/jni.cpp, line 604]
Event: 1008.719 Thread 0x0000019ca0b7d000 Exception <a 'java/io/IOException'{0x000000070e0eddb8}> (0x000000070e0eddb8) thrown at [t:/workspace/hotspot/src/share/vm/prims/jni.cpp, line 604]
Event: 1008.719 Thread 0x0000019ca0b7d000 Exception <a 'java/io/IOException'{0x000000070e0ee9e0}> (0x000000070e0ee9e0) thrown at [t:/workspace/hotspot/src/share/vm/prims/jni.cpp, line 604]
Event: 1008.719 Thread 0x0000019ca0b7d000 Exception <a 'java/io/IOException'{0x000000070e0ef278}> (0x000000070e0ef278) thrown at [t:/workspace/hotspot/src/share/vm/prims/jni.cpp, line 604]
Event: 1008.719 Thread 0x0000019ca0b7d000 Exception <a 'java/io/IOException'{0x000000070e0efae0}> (0x000000070e0efae0) thrown at [t:/workspace/hotspot/src/share/vm/prims/jni.cpp, line 604]
Event: 1008.719 Thread 0x0000019ca0b7d000 Exception <a 'java/io/IOException'{0x000000070e0f0700}> (0x000000070e0f0700) thrown at [t:/workspace/hotspot/src/share/vm/prims/jni.cpp, line 604]
Event: 1008.719 Thread 0x0000019ca0b7d000 Exception <a 'java/io/IOException'{0x000000070e0f0f98}> (0x000000070e0f0f98) thrown at [t:/workspace/hotspot/src/share/vm/prims/jni.cpp, line 604]
Event: 1008.719 Thread 0x0000019ca0b7d000 Exception <a 'java/io/IOException'{0x000000070e0f1800}> (0x000000070e0f1800) thrown at [t:/workspace/hotspot/src/share/vm/prims/jni.cpp, line 604]

Events (10 events):
Event: 1008.711 loading class java/lang/Throwable$WrappedPrintStream
Event: 1008.711 loading class java/lang/Throwable$WrappedPrintStream done
Event: 1008.712 Thread 0x0000019ca0b7d000 Uncommon trap: trap_request=0xffffff5d fr.pc=0x0000019cb4c6d8f0 relative=0x00000000000029f0
Event: 1008.712 Thread 0x0000019ca0b7d000 DEOPT PACKING pc=0x0000019cb4c6d8f0 sp=0x00000005905f2010
Event: 1008.712 Thread 0x0000019ca0b7d000 DEOPT UNPACKING pc=0x0000019cacd2df29 sp=0x00000005905f1f68 mode 2
Event: 1011.264 Thread 0x0000019cd27e3000 Thread exited: 0x0000019cd27e3000
Event: 1011.264 Executing VM operation: RevokeBias
Event: 1011.264 Executing VM operation: RevokeBias done
Event: 1011.264 loading class ui/data/fed/f
Event: 1011.264 loading class ui/data/fed/f done


Dynamic libraries:
0x00007ff77aa30000 - 0x00007ff77aa60000 	C:\Vivodo\Vivado\2019.1\bin\unwrapped\win64.o\vivado.exe
0x00007ff91d690000 - 0x00007ff91d8a7000 	C:\WINDOWS\SYSTEM32\ntdll.dll
0x00007ff91b430000 - 0x00007ff91b4f4000 	C:\WINDOWS\System32\KERNEL32.DLL
0x00007ff91ae00000 - 0x00007ff91b1a5000 	C:\WINDOWS\System32\KERNELBASE.dll
0x00007ff91b220000 - 0x00007ff91b331000 	C:\WINDOWS\System32\ucrtbase.dll
0x00007ff8fdbb0000 - 0x00007ff8fdc3e000 	C:\WINDOWS\SYSTEM32\MSVCP140.dll
0x00007ff90d3e0000 - 0x00007ff90d3f4000 	C:\Vivodo\Vivado\2019.1\lib\win64.o\libboost_signals.dll
0x00007ff90d330000 - 0x00007ff90d344000 	C:\Vivodo\Vivado\2019.1\lib\win64.o\librdi_commonmain.dll
0x00007ff8fdb90000 - 0x00007ff8fdbab000 	C:\WINDOWS\SYSTEM32\VCRUNTIME140.dll
0x00007ff8fdb80000 - 0x00007ff8fdb8c000 	C:\WINDOWS\SYSTEM32\VCRUNTIME140_1.dll
0x00007ff85ffc0000 - 0x00007ff860ea2000 	C:\Vivodo\Vivado\2019.1\lib\win64.o\librdi_common.dll
0x00007ff91bc40000 - 0x00007ff91bdee000 	C:\WINDOWS\System32\USER32.dll
0x00007ff8ef0c0000 - 0x00007ff8ef0e6000 	C:\Vivodo\Vivado\2019.1\lib\win64.o\libboost_filesystem.dll
0x00007ff91ac30000 - 0x00007ff91ac56000 	C:\WINDOWS\System32\win32u.dll
0x00007ff91ca10000 - 0x00007ff91cac1000 	C:\WINDOWS\System32\ADVAPI32.dll
0x00007ff91cc60000 - 0x00007ff91cc89000 	C:\WINDOWS\System32\GDI32.dll
0x00007ff91bfb0000 - 0x00007ff91c057000 	C:\WINDOWS\System32\msvcrt.dll
0x00007ff913130000 - 0x00007ff91313a000 	C:\Vivodo\Vivado\2019.1\lib\win64.o\librdi_commonversion.dll
0x00007ff91ace0000 - 0x00007ff91adf9000 	C:\WINDOWS\System32\gdi32full.dll
0x00007ff91cd20000 - 0x00007ff91cdc6000 	C:\WINDOWS\System32\sechost.dll
0x00007ff91b340000 - 0x00007ff91b3da000 	C:\WINDOWS\System32\msvcp_win.dll
0x00007ff91bb20000 - 0x00007ff91bc37000 	C:\WINDOWS\System32\RPCRT4.dll
0x00007ff91c1a0000 - 0x00007ff91c9f9000 	C:\WINDOWS\System32\SHELL32.dll
0x00007ff8b5300000 - 0x00007ff8b5421000 	C:\Vivodo\Vivado\2019.1\lib\win64.o\librdi_commonxillic.dll
0x0000000067530000 - 0x000000006765b000 	C:\Vivodo\Vivado\2019.1\lib\win64.o\tcl85t.dll
0x00007ff91d5a0000 - 0x00007ff91d611000 	C:\WINDOWS\System32\WS2_32.dll
0x00007ff8efb00000 - 0x00007ff8efb14000 	C:\Vivodo\Vivado\2019.1\lib\win64.o\libboost_date_time.dll
0x00007ff8a8930000 - 0x00007ff8a8c9e000 	C:\Vivodo\Vivado\2019.1\lib\win64.o\libCOIN-all.dll
0x00007ff8cff80000 - 0x00007ff8cffff000 	C:\Vivodo\Vivado\2019.1\lib\win64.o\libboost_program_options.dll
0x00007ff8b3e90000 - 0x00007ff8b3fa4000 	C:\Vivodo\Vivado\2019.1\lib\win64.o\libboost_regex.dll
0x00007ff90e920000 - 0x00007ff90e92b000 	C:\Vivodo\Vivado\2019.1\lib\win64.o\libboost_system.dll
0x00007ff8ed120000 - 0x00007ff8ed141000 	C:\Vivodo\Vivado\2019.1\lib\win64.o\libboost_thread.dll
0x00007ff90df10000 - 0x00007ff90df1f000 	C:\Vivodo\Vivado\2019.1\lib\win64.o\libboost_xilinx.dll
0x00007ff8be280000 - 0x00007ff8be302000 	C:\Vivodo\Vivado\2019.1\lib\win64.o\libhdlpsolve.dll
0x00007ff8bdfa0000 - 0x00007ff8be045000 	C:\Vivodo\Vivado\2019.1\lib\win64.o\libhdxml.dll
0x00007ff8e1dc0000 - 0x00007ff8e1dee000 	C:\Vivodo\Vivado\2019.1\lib\win64.o\libisl_sysinfo.dll
0x00007ff8cfee0000 - 0x00007ff8cff45000 	C:\Vivodo\Vivado\2019.1\lib\win64.o\liblmx6.0.dll
0x00007ff8ef050000 - 0x00007ff8ef06a000 	C:\Vivodo\Vivado\2019.1\lib\win64.o\pthreadVC2.dll
0x00007ff8e3d10000 - 0x00007ff8e3d2c000 	C:\Vivodo\Vivado\2019.1\lib\win64.o\librdiconfig.dll
0x00007ff8e1d90000 - 0x00007ff8e1db1000 	C:\Vivodo\Vivado\2019.1\lib\win64.o\librdizlib.dll
0x0000000012000000 - 0x0000000012270000 	C:\Vivodo\Vivado\2019.1\lib\win64.o\xerces-c_3_1.dll
0x00007ff8f7670000 - 0x00007ff8f7689000 	C:\WINDOWS\SYSTEM32\NETAPI32.dll
0x00007ff902c70000 - 0x00007ff903164000 	C:\WINDOWS\SYSTEM32\WININET.dll
0x00007ff913510000 - 0x00007ff913647000 	C:\WINDOWS\SYSTEM32\WINHTTP.dll
0x00007ff909de0000 - 0x00007ff909fd0000 	C:\WINDOWS\SYSTEM32\urlmon.dll
0x00007ff90c4f0000 - 0x00007ff90c4f9000 	C:\WINDOWS\SYSTEM32\WSOCK32.dll
0x00007ff8d0280000 - 0x00007ff8d02b1000 	C:\WINDOWS\SYSTEM32\VCOMP140.DLL
0x00007ff85f120000 - 0x00007ff85ffb1000 	C:\Vivodo\Vivado\2019.1\lib\win64.o\gurobi65.dll
0x00007ff8b2340000 - 0x00007ff8b2618000 	C:\Vivodo\Vivado\2019.1\lib\win64.o\libXil_lmgr11.dll
0x00007ff91c0a0000 - 0x00007ff91c199000 	C:\WINDOWS\System32\COMDLG32.dll
0x00007ff91b790000 - 0x00007ff91bb19000 	C:\WINDOWS\System32\combase.dll
0x00007ff91cae0000 - 0x00007ff91cbd3000 	C:\WINDOWS\System32\shcore.dll
0x00007ff91b730000 - 0x00007ff91b78e000 	C:\WINDOWS\System32\SHLWAPI.dll
0x00007ff91cdd0000 - 0x00007ff91cea7000 	C:\WINDOWS\System32\OLEAUT32.dll
0x00007ff91ceb0000 - 0x00007ff91d050000 	C:\WINDOWS\System32\ole32.dll
0x00007ff91b1b0000 - 0x00007ff91b21c000 	C:\WINDOWS\System32\WINTRUST.dll
0x00007ff91aac0000 - 0x00007ff91ac26000 	C:\WINDOWS\System32\CRYPT32.dll
0x00007ff90d5f0000 - 0x00007ff90d5fd000 	C:\Vivodo\Vivado\2019.1\lib\win64.o\libboost_chrono.dll
0x00007ff909490000 - 0x00007ff9094b8000 	C:\WINDOWS\SYSTEM32\srvcli.dll
0x00007ff9094c0000 - 0x00007ff90977c000 	C:\WINDOWS\SYSTEM32\iertutil.dll
0x00007ff919480000 - 0x00007ff91948c000 	C:\WINDOWS\SYSTEM32\netutils.dll
0x00007ff903350000 - 0x00007ff903403000 	C:\WINDOWS\WinSxS\amd64_microsoft.windows.common-controls_6595b64144ccf1df_5.82.22621.2506_none_b43bab19638c9595\COMCTL32.dll
0x00007ff912e10000 - 0x00007ff912e2f000 	C:\WINDOWS\SYSTEM32\dhcpcsvc.DLL
0x00007ff85e570000 - 0x00007ff85f11f400 	C:\Vivodo\Vivado\2019.1\lib\win64.o\libisl_iostreams.dll
0x00007ff8d7bb0000 - 0x00007ff8d7bcb000 	C:\Vivodo\Vivado\2019.1\lib\win64.o\libboost_iostreams.dll
0x00007ff8cf420000 - 0x00007ff8cf445000 	C:\Vivodo\Vivado\2019.1\lib\win64.o\libisl_iosutils.dll
0x00007ff91c060000 - 0x00007ff91c091000 	C:\WINDOWS\System32\IMM32.DLL
0x00007ff91a220000 - 0x00007ff91a232000 	C:\WINDOWS\SYSTEM32\MSASN1.dll
0x00007ff919a90000 - 0x00007ff919aa8000 	C:\WINDOWS\SYSTEM32\kernel.appcore.dll
0x00007ff864bb0000 - 0x00007ff8650c7000 	C:\Vivodo\Vivado\2019.1\lib\win64.o\librdi_commontasks.dll
0x0000000066b00000 - 0x0000000067525000 	C:\Vivodo\Vivado\2019.1\tps\win64\jre9.0.4\bin\server\jvm.dll
0x00007ff91b520000 - 0x00007ff91b528000 	C:\WINDOWS\System32\PSAPI.DLL
0x00007ff908e60000 - 0x00007ff908e6a000 	C:\WINDOWS\SYSTEM32\VERSION.dll
0x00007ff90e8b0000 - 0x00007ff90e8e4000 	C:\WINDOWS\SYSTEM32\WINMM.dll
0x00007ff85e2e0000 - 0x00007ff85e566000 	C:\Vivodo\Vivado\2019.1\lib\win64.o\librdi_sio.dll
0x00007ff8f14a0000 - 0x00007ff8f158f000 	C:\WINDOWS\SYSTEM32\MSVCR120.dll
0x00007ff919500000 - 0x00007ff91952d000 	C:\WINDOWS\SYSTEM32\IPHLPAPI.DLL
0x00007ff919f70000 - 0x00007ff919fd9000 	C:\WINDOWS\SYSTEM32\MSWSOCK.DLL
0x00007ff918930000 - 0x00007ff919224000 	C:\WINDOWS\SYSTEM32\windows.storage.dll
0x00007ff9187f0000 - 0x00007ff91892e000 	C:\WINDOWS\SYSTEM32\wintypes.dll
0x00007ff85be20000 - 0x00007ff85e2dc000 	C:\Vivodo\Vivado\2019.1\lib\win64.o\librdi_tcltasks.dll
0x00007ff8a8d60000 - 0x00007ff8a8ef1000 	C:\Vivodo\Vivado\2019.1\lib\win64.o\librdi_board.dll
0x00007ff85ba10000 - 0x00007ff85be18000 	C:\Vivodo\Vivado\2019.1\lib\win64.o\librdi_bitstream.dll
0x00007ff8b4160000 - 0x00007ff8b424b000 	C:\Vivodo\Vivado\2019.1\lib\win64.o\librdi_chipscope.dll
0x00007ff8cdd40000 - 0x00007ff8cddb8000 	C:\Vivodo\Vivado\2019.1\lib\win64.o\librdi_boarddep.dll
0x00007ff864610000 - 0x00007ff8647cd000 	C:\Vivodo\Vivado\2019.1\lib\win64.o\librdi_chipscopeimpl.dll
0x00007ff8b33a0000 - 0x00007ff8b34f6000 	C:\Vivodo\Vivado\2019.1\lib\win64.o\librdi_containers.dll
0x00007ff85b330000 - 0x00007ff85ba0a000 	C:\Vivodo\Vivado\2019.1\lib\win64.o\librdi_coregenipxact.dll
0x00007ff859470000 - 0x00007ff85b321000 	C:\Vivodo\Vivado\2019.1\lib\win64.o\librdi_coregen.dll
0x00007ff859150000 - 0x00007ff85946e000 	C:\Vivodo\Vivado\2019.1\lib\win64.o\librdi_dlyest.dll
0x00007ff858bb0000 - 0x00007ff85914a000 	C:\Vivodo\Vivado\2019.1\lib\win64.o\librdi_drc.dll
0x00007ff8b4470000 - 0x00007ff8b4534000 	C:\Vivodo\Vivado\2019.1\lib\win64.o\librdi_dsp.dll
0x00007ff858560000 - 0x00007ff858bad000 	C:\Vivodo\Vivado\2019.1\lib\win64.o\librdi_filemgmt.dll
0x00007ff858270000 - 0x00007ff858553000 	C:\Vivodo\Vivado\2019.1\lib\win64.o\librdi_guitools.dll
0x00007ff8b87d0000 - 0x00007ff8b8835000 	C:\Vivodo\Vivado\2019.1\lib\win64.o\librdi_hdf.dll
0x00007ff856880000 - 0x00007ff85826a000 	C:\Vivodo\Vivado\2019.1\lib\win64.o\librdi_constraints.dll
0x00007ff856260000 - 0x00007ff856875000 	C:\Vivodo\Vivado\2019.1\lib\win64.o\librdi_memdata.dll
0x00007ff8b3e10000 - 0x00007ff8b3e83000 	C:\Vivodo\Vivado\2019.1\lib\win64.o\librdi_memoryarray.dll
0x00007ff852210000 - 0x00007ff856253000 	C:\Vivodo\Vivado\2019.1\lib\win64.o\librdi_designutils.dll
0x00007ff83f030000 - 0x00007ff83f6d2000 	C:\Vivodo\Vivado\2019.1\lib\win64.o\librdi_netlist.dll
0x00007ff83f6e0000 - 0x00007ff851b0c000 	C:\Vivodo\Vivado\2019.1\lib\win64.o\librdi_device.dll
0x00007ff8c8460000 - 0x00007ff8c84ab000 	C:\Vivodo\Vivado\2019.1\lib\win64.o\librdi_pfi.dll
0x00007ff851f00000 - 0x00007ff85220f000 	C:\Vivodo\Vivado\2019.1\lib\win64.o\librdi_platform.dll
0x00007ff83e8e0000 - 0x00007ff83f02a000 	C:\Vivodo\Vivado\2019.1\lib\win64.o\librdi_power.dll
0x00007ff83e360000 - 0x00007ff83e8df000 	C:\Vivodo\Vivado\2019.1\lib\win64.o\librdi_project.dll
0x00007ff83dc50000 - 0x00007ff83e359000 	C:\Vivodo\Vivado\2019.1\lib\win64.o\librdi_psta.dll
0x00007ff83d540000 - 0x00007ff83dc46000 	C:\Vivodo\Vivado\2019.1\lib\win64.o\librdi_rsb.dll
0x00007ff83d140000 - 0x00007ff83d531000 	C:\Vivodo\Vivado\2019.1\lib\win64.o\librdi_runs.dll
0x00007ff8b1a20000 - 0x00007ff8b1b1a000 	C:\Vivodo\Vivado\2019.1\lib\win64.o\librdi_runsbase.dll
0x00007ff83cee0000 - 0x00007ff83d136000 	C:\Vivodo\Vivado\2019.1\lib\win64.o\librdi_simdata.dll
0x00007ff83a1f0000 - 0x00007ff83ced6000 	C:\Vivodo\Vivado\2019.1\lib\win64.o\librdi_mig.dll
0x00007ff838c30000 - 0x00007ff83a1f0000 	C:\Vivodo\Vivado\2019.1\lib\win64.o\librdi_implflow.dll
0x00007ff89f790000 - 0x00007ff89f902000 	C:\Vivodo\Vivado\2019.1\lib\win64.o\librdi_advchipscopeimpl.dll
0x00007ff864a10000 - 0x00007ff864baf000 	C:\Vivodo\Vivado\2019.1\lib\win64.o\librdi_hip_devdesign.dll
0x00007ff8c2d00000 - 0x00007ff8c2d43000 	C:\Vivodo\Vivado\2019.1\lib\win64.o\librdi_noc_frameworks.dll
0x00007ff835790000 - 0x00007ff8365a1000 	C:\Vivodo\Vivado\2019.1\lib\win64.o\librdi_timing.dll
0x00007ff8365b0000 - 0x00007ff838c26000 	C:\Vivodo\Vivado\2019.1\lib\win64.o\librdi_place.dll
0x00007ff8bcb10000 - 0x00007ff8bcb5c000 	C:\Vivodo\Vivado\2019.1\lib\win64.o\libboost_serialization.dll
0x00007ff8b2b70000 - 0x00007ff8b2c0e000 	C:\Vivodo\Vivado\2019.1\lib\win64.o\libise.dll
0x00007ff8c6510000 - 0x00007ff8c6550000 	C:\Vivodo\Vivado\2019.1\lib\win64.o\librdi_wavedata_SimpleApi.dll
0x00007ff835190000 - 0x00007ff83578c000 	C:\Vivodo\Vivado\2019.1\lib\win64.o\librdi_wavedata.dll
0x00007ff8b1040000 - 0x00007ff8b1102000 	C:\Vivodo\Vivado\2019.1\lib\win64.o\librdi_ipconfig_readwrite.dll
0x00007ff834da0000 - 0x00007ff835185000 	C:\Vivodo\Vivado\2019.1\lib\win64.o\librdi_hip_config.dll
0x00007ff834850000 - 0x00007ff834d9e000 	C:\Vivodo\Vivado\2019.1\lib\win64.o\librdi_xdm.dll
0x00007ff8b29b0000 - 0x00007ff8b2a38000 	C:\Vivodo\Vivado\2019.1\lib\win64.o\librdi_meir_core.dll
0x00007ff833d00000 - 0x00007ff834847000 	C:\Vivodo\Vivado\2019.1\lib\win64.o\libverific.dll
0x00007ff833aa0000 - 0x00007ff833cf9000 	C:\Vivodo\Vivado\2019.1\lib\win64.o\librdi_hsm.dll
0x00007ff8332b0000 - 0x00007ff833a96000 	C:\Vivodo\Vivado\2019.1\lib\win64.o\librdi_labtools.dll

VM Arguments:
jvm_args: -Dsun.java2d.pmoffscreen=false -Dsun.java2d.xrender=false -Dsun.java2d.d3d=false -Dsun.awt.nopixfmt=true -Dsun.java2d.dpiaware=true -Dsun.java2d.uiScale.enabled=false -Xverify:none -Dswing.aatext=true -XX:-UsePerfData -Djdk.map.althashing.threshold=512 -XX:StringTableSize=4072 --add-opens=java.base/java.nio=ALL-UNNAMED --add-opens=java.desktop/sun.swing=ALL-UNNAMED --add-opens=java.desktop/javax.swing=ALL-UNNAMED --add-opens=java.desktop/javax.swing.tree=ALL-UNNAMED --add-opens=java.desktop/javax.swing.plaf.basic=ALL-UNNAMED --add-opens=java.desktop/javax.swing.plaf.synth=ALL-UNNAMED --add-opens=java.desktop/com.sun.awt=ALL-UNNAMED -XX:NewSize=60m -XX:MaxNewSize=60m -Xms128m -Xmx3072m -Xss5m 
java_command: <unknown>
java_class_path (initial): C:/Vivodo/Vivado/2019.1\lib\classes\alloy.jar;C:/Vivodo/Vivado/2019.1\lib\classes\autopilot.scelaborator.jar;C:/Vivodo/Vivado/2019.1\lib\classes\autopilot.sourceprocessor.jar;C:/Vivodo/Vivado/2019.1\lib\classes\autopilot.tbprocessor.jar;C:/Vivodo/Vivado/2019.1\lib\classes\batik-anim.jar;C:/Vivodo/Vivado/2019.1\lib\classes\batik-awt-util.jar;C:/Vivodo/Vivado/2019.1\lib\classes\batik-bridge.jar;C:/Vivodo/Vivado/2019.1\lib\classes\batik-codec.jar;C:/Vivodo/Vivado/2019.1\lib\classes\batik-css.jar;C:/Vivodo/Vivado/2019.1\lib\classes\batik-dom.jar;C:/Vivodo/Vivado/2019.1\lib\classes\batik-ext.jar;C:/Vivodo/Vivado/2019.1\lib\classes\batik-gui-util.jar;C:/Vivodo/Vivado/2019.1\lib\classes\batik-gvt.jar;C:/Vivodo/Vivado/2019.1\lib\classes\batik-parser.jar;C:/Vivodo/Vivado/2019.1\lib\classes\batik-script.jar;C:/Vivodo/Vivado/2019.1\lib\classes\batik-svg-dom.jar;C:/Vivodo/Vivado/2019.1\lib\classes\batik-swing.jar;C:/Vivodo/Vivado/2019.1\lib\classes\batik-transcoder.jar;C:/Vivodo/Vivado/2019.1\lib\classes\batik-util.jar;C:/Vivodo/Vivado/2019.1\lib\classes\batik-xml.jar;C:/Vivodo/Vivado/2019.1\lib\classes\com.google.gson_2.7.0.v20170129-0911.jar;C:/Vivodo/Vivado/2019.1\lib\classes\com.google.guava_21.0.0.v20170206-1425.jar;C:/Vivodo/Vivado/2019.1\lib\classes\com.google.inject_3.0.0.v201605172100.jar;C:/Vivodo/Vivado/2019.1\lib\classes\com.ibm.icu_4.4.2.v20110208.jar;C:/Vivodo/Vivado/2019.1\lib\classes\com.sigasi.hdt.annotations.runtime_4.3.0.201903071210.jar;C:/Vivodo/Vivado/2019.1\lib\classes\com.sigasi.hdt.blockdiagram.model_4.3.0.201903071210.jar;C:/Vivodo/Vivado/2019.1\lib\classes\com.sigasi.hdt.connection_4.3.0.201903071210.jar;C:/Vivodo/Vivado/2019.1\lib\classes\com.sigasi.hdt.dependencies.model_4.3.0.201903071210.jar;C:/Vivodo/Vivado/2019.1\lib\classes\com.sigasi.hdt.epl_4.3.0.201903071210.jar;C:/Vivodo/Vivado/2019.1\lib\classes\com.sigasi.hdt.graphics.model_4.3.0.201903071210.jar;C:/Vivodo/Vivado/2019.1\lib\classes\com.sigasi.hdt.project_4.3.0
Launcher Type: generic

Logging:
Log output configuration:
#0: stdout all=warning uptime,level,tags
#1: stderr all=off uptime,level,tags

Environment Variables:
PATH=C:/Vivodo/Vivado/2019.1/bin;C:/Vivodo/Vivado/2019.1/lib/win64.o;C:/Vivodo/Vivado/2019.1/tps/win64/jre9.0.4/bin/server;C:/Vivodo/Vivado/2019.1/tps/win64/jre9.0.4/bin;C:/Vivodo/SDK/2019.1/bin;C:/Vivodo/Vivado/2019.1/ids_lite/ISE/bin/nt64;C:/Vivodo/Vivado/2019.1/ids_lite/ISE/lib/nt64;D:\VMware\VMware Workstation\bin\;C:\Windows\System32\HWAudioDriverLibs;C:\Windows\system32;C:\Windows;C:\Windows\System32\Wbem;C:\Windows\System32\WindowsPowerShell\v1.0\;C:\Windows\System32\OpenSSH\;C:\Windows\system32\config\systemprofile\AppData\Local\Microsoft\WindowsApps;C:\Program Files\Bandizip\;C:\Program Files\Microsoft SQL Server\130\Tools\Binn\;C:\Program Files\MATLAB\R2022b\bin;D:\Ctags;C:\Users\VAMPIRE\AppData\Local\Programs\Python\Python311\Scripts\;C:\Users\VAMPIRE\AppData\Local\Programs\Python\Python311\;C:\Users\VAMPIRE\AppData\Local\Microsoft\WindowsApps;C:\Program Files (x86)\Dev-Cpp\MinGW64\bin;C:\Users\VAMPIRE\AppData\Roaming\pandoc;C:\Users\VAMPIRE\AppData\Local\Programs\Microsoft VS Code\bin;;D:\iverilog\bin;D:\iverilog\gtkwave\bin;C:/Vivodo/Vivado/2019.1\tps\mingw\6.2.0\win64.o\nt\bin;C:/Vivodo/Vivado/2019.1\tps\mingw\6.2.0\win64.o\nt\libexec\gcc\x86_64-w64-mingw32\6.2.0;C:/Vivodo/Vivado/2019.1\tps\win64\python-2.7.5;C:/Vivodo/Vivado/2019.1\tps\win64\python-2.7.5\lib;C:/Vivodo/Vivado/2019.1\tps\win64\python-2.7.5\Lib\lib-tk;C:/Vivodo/Vivado/2019.1\tps\win64\python-2.7.5\lib\site-packages
USERNAME=VAMPIRE
OS=Windows_NT
PROCESSOR_IDENTIFIER=Intel64 Family 6 Model 140 Stepping 1, GenuineIntel



---------------  S Y S T E M  ---------------

OS: Windows 10 , 64 bit Build 22621 (10.0.22621.2506)

CPU:total 8 (initial active 8) (4 cores per cpu, 2 threads per core) family 6 model 140 stepping 1, cmov, cx8, fxsr, mmx, sse, sse2, sse3, ssse3, sse4.1, sse4.2, popcnt, avx, avx2, aes, clmul, erms, 3dnowpref, lzcnt, ht, tsc, tscinvbit, bmi1, bmi2, adx, sha, fma

Memory: 4k page, physical 16555320k(3550124k free), swap 16555320k(82948k free)

vm_info: Java HotSpot(TM) 64-Bit Server VM (9.0.4+11) for windows-amd64 JRE (9.0.4+11), built on Dec 20 2017 02:18:54 by "mach5one" with MS VC++ 12.0 (VS2013)

END.
