#
# There is insufficient memory for the Java Runtime Environment to continue.
# Native memory allocation (malloc) failed to allocate 1709616 bytes for Chunk::new
# Possible reasons:
#   The system is out of physical RAM or swap space
#   The process is running with CompressedOops enabled, and the Java Heap may be blocking the growth of the native heap
# Possible solutions:
#   Reduce memory load on the system
#   Increase physical memory or swap space
#   Check if swap backing store is full
#   Decrease Java heap size (-Xmx/-Xms)
#   Decrease number of Java threads
#   Decrease Java thread stack sizes (-Xss)
#   Set larger code cache with -XX:ReservedCodeCacheSize=
#   JVM is running with Zero Based Compressed Oops mode in which the Java heap is
#     placed in the first 32GB address space. The Java Heap base address is the
#     maximum limit for the native heap growth. Please use -XX:HeapBaseMinAddress
#     to set the Java Heap base and to place the Java Heap above 32GB virtual address.
# This output file may be truncated or incomplete.
#
#  Out of Memory Error (t:/workspace/hotspot/src/share/vm/memory/allocation.cpp:372), pid=28792, tid=12816
#
# JRE version: Java(TM) SE Runtime Environment (9.0+11) (build 9.0.4+11)
# Java VM: Java HotSpot(TM) 64-Bit Server VM (9.0.4+11, mixed mode, tiered, compressed oops, g1 gc, windows-amd64)
# No core dump will be written. Minidumps are not enabled by default on client versions of Windows
#

---------------  S U M M A R Y ------------

Command Line: -Dsun.java2d.pmoffscreen=false -Dsun.java2d.xrender=false -Dsun.java2d.d3d=false -Dsun.awt.nopixfmt=true -Dsun.java2d.dpiaware=true -Dsun.java2d.uiScale.enabled=false -Xverify:none -Dswing.aatext=true -XX:-UsePerfData -Djdk.map.althashing.threshold=512 -XX:StringTableSize=4072 --add-opens=java.base/java.nio=ALL-UNNAMED --add-opens=java.desktop/sun.swing=ALL-UNNAMED --add-opens=java.desktop/javax.swing=ALL-UNNAMED --add-opens=java.desktop/javax.swing.tree=ALL-UNNAMED --add-opens=java.desktop/javax.swing.plaf.basic=ALL-UNNAMED --add-opens=java.desktop/javax.swing.plaf.synth=ALL-UNNAMED --add-opens=java.desktop/com.sun.awt=ALL-UNNAMED -XX:NewSize=60m -XX:MaxNewSize=60m -Xms128m -Xmx3072m -Xss5m 

Host: 11th Gen Intel(R) Core(TM) i7-11370H @ 3.30GHz, 8 cores, 15G,  Windows 10 , 64 bit Build 22621 (10.0.22621.2506)
Time: Sun Nov 26 16:34:19 2023 ?D1¨²¡À¨º¡Á?¨º¡À?? elapsed time: 12 seconds (0d 0h 0m 12s)

---------------  T H R E A D  ---------------

Current thread (0x0000023cef6ee000):  JavaThread "C2 CompilerThread1" daemon [_thread_in_native, id=12816, stack(0x00000076c0d00000,0x00000076c0e00000)]


Current CompileTask:
C2:  12070 7884       4       sun.swing.SwingUtilities2::getFontStringWidth (30 bytes)

Stack: [0x00000076c0d00000,0x00000076c0e00000]
Native frames: (J=compiled Java code, j=interpreted, Vv=VM code, C=native code)
V  [jvm.dll+0x587068]
V  [jvm.dll+0x69c25e]
V  [librdi_timing.dll+0x69d17a]
V  [jvm.dll+0x69d7b3]
V  [jvm.dll+0x21d198]
V  [jvm.dll+0xa7aac]
V  [jvm.dll+0xa83ec]
V  [jvm.dll+0x320ef5]
V  [jvm.dll+0x2e7aaa]
V  [jvm.dll+0x2e703a]
V  [jvm.dll+0x1e9ae1]
V  [jvm.dll+0x1e8d86]
V  [jvm.dll+0x1691cb]
V  [jvm.dll+0x1f6570]
V  [jvm.dll+0x1f51f6]
V  [jvm.dll+0x66b44f]
V  [jvm.dll+0x586490]
C  [MSVCR120.dll+0x24f6b]
C  [MSVCR120.dll+0x25098]
C  [KERNEL32.DLL+0x1257d]
C  [ntdll.dll+0x5aa58]


---------------  P R O C E S S  ---------------

Java Threads: ( => current thread )
  0x0000023cf0dec800 JavaThread "SyntheticaAnimation 50" daemon [_thread_blocked, id=29980, stack(0x00000076c5f00000,0x00000076c6400000)]
  0x0000023cf0dee000 JavaThread "Monitor HEventQueue" [_thread_blocked, id=30116, stack(0x00000076c5a00000,0x00000076c5f00000)]
  0x0000023cf0ded800 JavaThread "Image Fetcher 0" daemon [_thread_blocked, id=976, stack(0x00000076c5200000,0x00000076c5700000)]
  0x0000023cf0deb000 JavaThread "SyntheticaCleanerThread" daemon [_thread_blocked, id=15612, stack(0x00000076c4d00000,0x00000076c5200000)]
  0x0000023cf0df1000 JavaThread "Batik CleanerThread" daemon [_thread_blocked, id=15328, stack(0x00000076c3900000,0x00000076c3e00000)]
  0x0000023c9551c000 JavaThread "AWT-EventQueue-1" [_thread_in_Java, id=2924, stack(0x00000076c4300000,0x00000076c4800000)]
  0x0000023c954bc000 JavaThread "Process Messages" [_thread_blocked, id=16956, stack(0x00000076c3e00000,0x00000076c4300000)]
  0x0000023c9541e800 JavaThread "Thread-1" [_thread_blocked, id=32756, stack(0x00000076bcc00000,0x00000076be000000)]
  0x0000023cf20b3800 JavaThread "Thread-0" daemon [_thread_blocked, id=24216, stack(0x00000076c3400000,0x00000076c3900000)]
  0x0000023cf239f000 JavaThread "TimerQueue" daemon [_thread_blocked, id=30008, stack(0x00000076c2f00000,0x00000076c3400000)]
  0x0000023cf19de000 JavaThread "AWT-Windows" daemon [_thread_in_native, id=30112, stack(0x00000076c2a00000,0x00000076c2f00000)]
  0x0000023cf19dd800 JavaThread "AWT-Shutdown" [_thread_blocked, id=27608, stack(0x00000076c2500000,0x00000076c2a00000)]
  0x0000023cf19e7000 JavaThread "Java2D Disposer" daemon [_thread_blocked, id=30308, stack(0x00000076c2000000,0x00000076c2500000)]
  0x0000023cedd84800 JavaThread "Service Thread" daemon [_thread_blocked, id=1248, stack(0x00000076c1a00000,0x00000076c1f00000)]
  0x0000023cf1021800 JavaThread "Common-Cleaner" daemon [_thread_blocked, id=27320, stack(0x00000076c1500000,0x00000076c1a00000)]
  0x0000023cf0dec000 JavaThread "Sweeper thread" daemon [_thread_blocked, id=30300, stack(0x00000076c1000000,0x00000076c1500000)]
  0x0000023cf46b9800 JavaThread "C1 CompilerThread3" daemon [_thread_blocked, id=6512, stack(0x00000076c0f00000,0x00000076c1000000)]
  0x0000023cf0f98800 JavaThread "C2 CompilerThread2" daemon [_thread_in_native, id=19208, stack(0x00000076c0e00000,0x00000076c0f00000)]
=>0x0000023cef6ee000 JavaThread "C2 CompilerThread1" daemon [_thread_in_native, id=12816, stack(0x00000076c0d00000,0x00000076c0e00000)]
  0x0000023cf0ee3000 JavaThread "C2 CompilerThread0" daemon [_thread_in_native, id=17904, stack(0x00000076c0c00000,0x00000076c0d00000)]
  0x0000023cf0ee2800 JavaThread "Attach Listener" daemon [_thread_blocked, id=7176, stack(0x00000076c0700000,0x00000076c0c00000)]
  0x0000023ce682f000 JavaThread "Signal Dispatcher" daemon [_thread_blocked, id=31320, stack(0x00000076c0200000,0x00000076c0700000)]
  0x0000023cf08b8800 JavaThread "Finalizer" daemon [_thread_blocked, id=4300, stack(0x00000076bfd00000,0x00000076c0200000)]
  0x0000023cf0ff4800 JavaThread "Reference Handler" daemon [_thread_blocked, id=21408, stack(0x00000076bf800000,0x00000076bfd00000)]
  0x0000023ceb297800 JavaThread "main" [_thread_blocked, id=5936, stack(0x00000076bcb00000,0x00000076bcc00000)]

Other Threads:
  0x0000023ceb38f800 VMThread "VM Thread" [stack: 0x00000076bf700000,0x00000076bf800000] [id=30920]
  0x0000023cee144000 WatcherThread [stack: 0x00000076c1f00000,0x00000076c2000000] [id=32612]
  0x0000023cef139800 GCTaskThread "GC Thread#0" [stack: 0x00000076be300000,0x00000076be400000] [id=21404]
  0x0000023cef13c800 GCTaskThread "GC Thread#1" [stack: 0x00000076be400000,0x00000076be500000] [id=22328]
  0x0000023cef13b000 GCTaskThread "GC Thread#2" [stack: 0x00000076be500000,0x00000076be600000] [id=14008]
  0x0000023cef13b800 GCTaskThread "GC Thread#3" [stack: 0x00000076be600000,0x00000076be700000] [id=21608]
  0x0000023cef13d800 GCTaskThread "GC Thread#4" [stack: 0x00000076be700000,0x00000076be800000] [id=20160]
  0x0000023cef13e800 GCTaskThread "GC Thread#5" [stack: 0x00000076be800000,0x00000076be900000] [id=31740]
  0x0000023cef139000 GCTaskThread "GC Thread#6" [stack: 0x00000076be900000,0x00000076bea00000] [id=16860]
  0x0000023cef13c000 GCTaskThread "GC Thread#7" [stack: 0x00000076bea00000,0x00000076beb00000] [id=18804]
  0x0000023ceeb60800 ConcurrentGCThread "G1 Main Marker" [stack: 0x00000076bf400000,0x00000076bf500000] [id=1292]
  0x0000023cef13f000 ConcurrentGCThread "G1 Marker#0" [stack: 0x00000076bf500000,0x00000076bf600000] [id=20824]
  0x0000023cef13e000 ConcurrentGCThread "G1 Marker#1" [stack: 0x00000076bf600000,0x00000076bf700000] [id=17936]
  0x0000023cef83d800 ConcurrentGCThread "G1 Refine#0" [stack: 0x00000076bf200000,0x00000076bf300000] [id=23316]
  0x0000023ceb129000 ConcurrentGCThread "G1 Refine#1" [stack: 0x00000076bf100000,0x00000076bf200000] [id=31060]
  0x0000023cf53fd800 ConcurrentGCThread "G1 Refine#2" [stack: 0x00000076bf000000,0x00000076bf100000] [id=2244]
  0x0000023cf4d18000 ConcurrentGCThread "G1 Refine#3" [stack: 0x00000076bef00000,0x00000076bf000000] [id=7208]
  0x0000023cef0ac000 ConcurrentGCThread "G1 Refine#4" [stack: 0x00000076bee00000,0x00000076bef00000] [id=23256]
  0x0000023cef0ab000 ConcurrentGCThread "G1 Refine#5" [stack: 0x00000076bed00000,0x00000076bee00000] [id=16968]
  0x0000023ceee5a800 ConcurrentGCThread "G1 Refine#6" [stack: 0x00000076bec00000,0x00000076bed00000] [id=27620]
  0x0000023ceee59800 ConcurrentGCThread "G1 Refine#7" [stack: 0x00000076beb00000,0x00000076bec00000] [id=28200]
  0x0000023cef83e000 ConcurrentGCThread "G1 Young RemSet Sampling" [stack: 0x00000076bf300000,0x00000076bf400000] [id=6664]

Threads with active compile tasks:
C2 CompilerThread27990       4       sun.java2d.marlin.Renderer::_endRendering (2473 bytes)
C2 CompilerThread17884       4       sun.swing.SwingUtilities2::getFontStringWidth (30 bytes)
C2 CompilerThread08116       4       sun.java2d.marlin.MarlinRenderingEngine::pathToLoop (506 bytes)

VM state:not at safepoint (normal execution)

VM Mutex/Monitor currently owned by a thread: None

Heap address: 0x0000000700000000, size: 3072 MB, Compressed Oops mode: Zero based, Oop shift amount: 3
Narrow klass base: 0x0000000000000000, Narrow klass shift: 3
Compressed class space size: 1073741824 Address: 0x00000007c0000000

Heap:
 garbage-first heap   total 157696K, used 76026K [0x0000000700000000, 0x00000007001004d0, 0x00000007c0000000)
  region size 1024K, 4 young (4096K), 1 survivors (1024K)
 Metaspace       used 52720K, capacity 55331K, committed 55472K, reserved 1097728K
  class space    used 7012K, capacity 7484K, committed 7600K, reserved 1048576K
Heap Regions: E=young(eden), S=young(survivor), O=old, HS=humongous(starts), HC=humongous(continues), CS=collection set, F=free, A=archive, TS=gc time stamp, AC=allocation context, TAMS=top-at-mark-start (previous, next)
|   0|0x0000000700000000, 0x0000000700100000, 0x0000000700100000|100%| O|  |TS  0|AC  0|TAMS 0x0000000700100000, 0x0000000700100000|
|   1|0x0000000700100000, 0x0000000700200000, 0x0000000700200000|100%|HS|  |TS  0|AC  0|TAMS 0x0000000700200000, 0x0000000700200000|
|   2|0x0000000700200000, 0x0000000700300000, 0x0000000700300000|100%|HC|  |TS  0|AC  0|TAMS 0x0000000700300000, 0x0000000700300000|
|   3|0x0000000700300000, 0x0000000700400000, 0x0000000700400000|100%|HS|  |TS  0|AC  0|TAMS 0x0000000700400000, 0x0000000700400000|
|   4|0x0000000700400000, 0x0000000700500000, 0x0000000700500000|100%| O|  |TS  0|AC  0|TAMS 0x0000000700500000, 0x0000000700500000|
|   5|0x0000000700500000, 0x0000000700600000, 0x0000000700600000|100%| O|  |TS  0|AC  0|TAMS 0x0000000700600000, 0x0000000700600000|
|   6|0x0000000700600000, 0x0000000700700000, 0x0000000700700000|100%| O|  |TS  0|AC  0|TAMS 0x0000000700700000, 0x0000000700700000|
|   7|0x0000000700700000, 0x0000000700800000, 0x0000000700800000|100%| O|  |TS  0|AC  0|TAMS 0x0000000700800000, 0x0000000700800000|
|   8|0x0000000700800000, 0x0000000700900000, 0x0000000700900000|100%| O|  |TS  0|AC  0|TAMS 0x0000000700900000, 0x0000000700900000|
|   9|0x0000000700900000, 0x0000000700a00000, 0x0000000700a00000|100%| O|  |TS  0|AC  0|TAMS 0x0000000700a00000, 0x0000000700a00000|
|  10|0x0000000700a00000, 0x0000000700b00000, 0x0000000700b00000|100%| O|  |TS  0|AC  0|TAMS 0x0000000700b00000, 0x0000000700b00000|
|  11|0x0000000700b00000, 0x0000000700c00000, 0x0000000700c00000|100%|HS|  |TS  0|AC  0|TAMS 0x0000000700c00000, 0x0000000700c00000|
|  12|0x0000000700c00000, 0x0000000700d00000, 0x0000000700d00000|100%|HC|  |TS  0|AC  0|TAMS 0x0000000700d00000, 0x0000000700d00000|
|  13|0x0000000700d00000, 0x0000000700e00000, 0x0000000700e00000|100%| O|  |TS  0|AC  0|TAMS 0x0000000700e00000, 0x0000000700e00000|
|  14|0x0000000700e00000, 0x0000000700f00000, 0x0000000700f00000|100%| O|  |TS  0|AC  0|TAMS 0x0000000700f00000, 0x0000000700f00000|
|  15|0x0000000700f00000, 0x0000000701000000, 0x0000000701000000|100%| O|  |TS  0|AC  0|TAMS 0x0000000701000000, 0x0000000701000000|
|  16|0x0000000701000000, 0x0000000701100000, 0x0000000701100000|100%| O|  |TS  0|AC  0|TAMS 0x0000000701100000, 0x0000000701100000|
|  17|0x0000000701100000, 0x0000000701200000, 0x0000000701200000|100%| O|  |TS  0|AC  0|TAMS 0x0000000701200000, 0x0000000701200000|
|  18|0x0000000701200000, 0x0000000701300000, 0x0000000701300000|100%| O|  |TS  0|AC  0|TAMS 0x0000000701300000, 0x0000000701300000|
|  19|0x0000000701300000, 0x0000000701400000, 0x0000000701400000|100%| O|  |TS  0|AC  0|TAMS 0x0000000701400000, 0x0000000701400000|
|  20|0x0000000701400000, 0x0000000701500000, 0x0000000701500000|100%| O|  |TS  0|AC  0|TAMS 0x0000000701500000, 0x0000000701500000|
|  21|0x0000000701500000, 0x0000000701600000, 0x0000000701600000|100%| O|  |TS  0|AC  0|TAMS 0x0000000701600000, 0x0000000701600000|
|  22|0x0000000701600000, 0x0000000701600000, 0x0000000701700000|  0%| F|  |TS  0|AC  0|TAMS 0x0000000701600000, 0x0000000701600000|
|  23|0x0000000701700000, 0x0000000701700000, 0x0000000701800000|  0%| F|  |TS  0|AC  0|TAMS 0x0000000701700000, 0x0000000701700000|
|  24|0x0000000701800000, 0x0000000701800000, 0x0000000701900000|  0%| F|  |TS  0|AC  0|TAMS 0x0000000701800000, 0x0000000701800000|
|  25|0x0000000701900000, 0x0000000701900000, 0x0000000701a00000|  0%| F|  |TS  0|AC  0|TAMS 0x0000000701900000, 0x0000000701900000|
|  26|0x0000000701a00000, 0x0000000701b00000, 0x0000000701b00000|100%|HS|  |TS  0|AC  0|TAMS 0x0000000701b00000, 0x0000000701b00000|
|  27|0x0000000701b00000, 0x0000000701c00000, 0x0000000701c00000|100%|HC|  |TS  0|AC  0|TAMS 0x0000000701c00000, 0x0000000701c00000|
|  28|0x0000000701c00000, 0x0000000701d00000, 0x0000000701d00000|100%| O|  |TS  0|AC  0|TAMS 0x0000000701d00000, 0x0000000701d00000|
|  29|0x0000000701d00000, 0x0000000701e00000, 0x0000000701e00000|100%| O|  |TS  0|AC  0|TAMS 0x0000000701e00000, 0x0000000701e00000|
|  30|0x0000000701e00000, 0x0000000701f00000, 0x0000000701f00000|100%| O|  |TS  0|AC  0|TAMS 0x0000000701f00000, 0x0000000701f00000|
|  31|0x0000000701f00000, 0x0000000702000000, 0x0000000702000000|100%| O|  |TS  0|AC  0|TAMS 0x0000000702000000, 0x0000000702000000|
|  32|0x0000000702000000, 0x0000000702100000, 0x0000000702100000|100%| O|  |TS  0|AC  0|TAMS 0x0000000702100000, 0x0000000702100000|
|  33|0x0000000702100000, 0x0000000702200000, 0x0000000702200000|100%| O|  |TS  0|AC  0|TAMS 0x0000000702200000, 0x0000000702200000|
|  34|0x0000000702200000, 0x0000000702300000, 0x0000000702300000|100%| O|  |TS  0|AC  0|TAMS 0x0000000702300000, 0x0000000702300000|
|  35|0x0000000702300000, 0x0000000702400000, 0x0000000702400000|100%| O|  |TS  0|AC  0|TAMS 0x0000000702400000, 0x0000000702400000|
|  36|0x0000000702400000, 0x0000000702400000, 0x0000000702500000|  0%| F|  |TS  0|AC  0|TAMS 0x0000000702400000, 0x0000000702400000|
|  37|0x0000000702500000, 0x0000000702600000, 0x0000000702600000|100%| O|  |TS  0|AC  0|TAMS 0x0000000702600000, 0x0000000702600000|
|  38|0x0000000702600000, 0x0000000702700000, 0x0000000702700000|100%| O|  |TS  0|AC  0|TAMS 0x0000000702700000, 0x0000000702700000|
|  39|0x0000000702700000, 0x0000000702800000, 0x0000000702800000|100%| O|  |TS  0|AC  0|TAMS 0x0000000702800000, 0x0000000702800000|
|  40|0x0000000702800000, 0x0000000702900000, 0x0000000702900000|100%| O|  |TS  0|AC  0|TAMS 0x0000000702900000, 0x0000000702900000|
|  41|0x0000000702900000, 0x0000000702a00000, 0x0000000702a00000|100%| O|  |TS  0|AC  0|TAMS 0x0000000702a00000, 0x0000000702a00000|
|  42|0x0000000702a00000, 0x0000000702a00000, 0x0000000702b00000|  0%| F|  |TS  0|AC  0|TAMS 0x0000000702a00000, 0x0000000702a00000|
|  43|0x0000000702b00000, 0x0000000702c00000, 0x0000000702c00000|100%| O|  |TS  0|AC  0|TAMS 0x0000000702c00000, 0x0000000702c00000|
|  44|0x0000000702c00000, 0x0000000702d00000, 0x0000000702d00000|100%| O|  |TS  0|AC  0|TAMS 0x0000000702d00000, 0x0000000702d00000|
|  45|0x0000000702d00000, 0x0000000702e00000, 0x0000000702e00000|100%| O|  |TS  0|AC  0|TAMS 0x0000000702e00000, 0x0000000702e00000|
|  46|0x0000000702e00000, 0x0000000702f00000, 0x0000000702f00000|100%| O|  |TS  0|AC  0|TAMS 0x0000000702f00000, 0x0000000702f00000|
|  47|0x0000000702f00000, 0x0000000703000000, 0x0000000703000000|100%| O|  |TS  0|AC  0|TAMS 0x0000000703000000, 0x0000000703000000|
|  48|0x0000000703000000, 0x0000000703100000, 0x0000000703100000|100%| O|  |TS  0|AC  0|TAMS 0x0000000703100000, 0x0000000703100000|
|  49|0x0000000703100000, 0x0000000703200000, 0x0000000703200000|100%| O|  |TS  0|AC  0|TAMS 0x0000000703200000, 0x0000000703200000|
|  50|0x0000000703200000, 0x0000000703300000, 0x0000000703300000|100%| O|  |TS  0|AC  0|TAMS 0x0000000703300000, 0x0000000703300000|
|  51|0x0000000703300000, 0x0000000703400000, 0x0000000703400000|100%|HS|  |TS  0|AC  0|TAMS 0x0000000703300000, 0x0000000703300000|
|  52|0x0000000703400000, 0x0000000703500000, 0x0000000703500000|100%|HC|  |TS  0|AC  0|TAMS 0x0000000703400000, 0x0000000703400000|
|  53|0x0000000703500000, 0x0000000703600000, 0x0000000703600000|100%|HS|  |TS  0|AC  0|TAMS 0x0000000703600000, 0x0000000703600000|
|  54|0x0000000703600000, 0x0000000703700000, 0x0000000703700000|100%| O|  |TS  0|AC  0|TAMS 0x0000000703700000, 0x0000000703700000|
|  55|0x0000000703700000, 0x0000000703800000, 0x0000000703800000|100%| O|  |TS  0|AC  0|TAMS 0x0000000703800000, 0x0000000703800000|
|  56|0x0000000703800000, 0x0000000703900000, 0x0000000703900000|100%| O|  |TS  0|AC  0|TAMS 0x0000000703900000, 0x0000000703900000|
|  57|0x0000000703900000, 0x0000000703a00000, 0x0000000703a00000|100%| O|  |TS  0|AC  0|TAMS 0x0000000703a00000, 0x0000000703a00000|
|  58|0x0000000703a00000, 0x0000000703b00000, 0x0000000703b00000|100%| O|  |TS  0|AC  0|TAMS 0x0000000703b00000, 0x0000000703b00000|
|  59|0x0000000703b00000, 0x0000000703c00000, 0x0000000703c00000|100%| O|  |TS  0|AC  0|TAMS 0x0000000703c00000, 0x0000000703c00000|
|  60|0x0000000703c00000, 0x0000000703d00000, 0x0000000703d00000|100%| O|  |TS  0|AC  0|TAMS 0x0000000703d00000, 0x0000000703d00000|
|  61|0x0000000703d00000, 0x0000000703e00000, 0x0000000703e00000|100%| O|  |TS  0|AC  0|TAMS 0x0000000703e00000, 0x0000000703e00000|
|  62|0x0000000703e00000, 0x0000000703e7d400, 0x0000000703f00000| 48%| O|  |TS  0|AC  0|TAMS 0x0000000703e7d400, 0x0000000703e7d400|
|  63|0x0000000703f00000, 0x0000000703f00000, 0x0000000704000000|  0%| F|  |TS  0|AC  0|TAMS 0x0000000703f00000, 0x0000000703f00000|
|  64|0x0000000704000000, 0x0000000704000000, 0x0000000704100000|  0%| F|  |TS  0|AC  0|TAMS 0x0000000704000000, 0x0000000704000000|
|  65|0x0000000704100000, 0x0000000704100000, 0x0000000704200000|  0%| F|  |TS  0|AC  0|TAMS 0x0000000704100000, 0x0000000704100000|
|  66|0x0000000704200000, 0x0000000704200000, 0x0000000704300000|  0%| F|  |TS  0|AC  0|TAMS 0x0000000704200000, 0x0000000704200000|
|  67|0x0000000704300000, 0x0000000704300000, 0x0000000704400000|  0%| F|  |TS  0|AC  0|TAMS 0x0000000704300000, 0x0000000704300000|
|  68|0x0000000704400000, 0x0000000704500000, 0x0000000704500000|100%|HS|  |TS  0|AC  0|TAMS 0x0000000704500000, 0x0000000704500000|
|  69|0x0000000704500000, 0x0000000704600000, 0x0000000704600000|100%|HC|  |TS  0|AC  0|TAMS 0x0000000704600000, 0x0000000704600000|
|  70|0x0000000704600000, 0x0000000704700000, 0x0000000704700000|100%|HC|  |TS  0|AC  0|TAMS 0x0000000704700000, 0x0000000704700000|
|  71|0x0000000704700000, 0x0000000704800000, 0x0000000704800000|100%|HC|  |TS  0|AC  0|TAMS 0x0000000704800000, 0x0000000704800000|
|  72|0x0000000704800000, 0x0000000704900000, 0x0000000704900000|100%|HC|  |TS  0|AC  0|TAMS 0x0000000704900000, 0x0000000704900000|
|  73|0x0000000704900000, 0x0000000704a00000, 0x0000000704a00000|100%|HC|  |TS  0|AC  0|TAMS 0x0000000704a00000, 0x0000000704a00000|
|  74|0x0000000704a00000, 0x0000000704b00000, 0x0000000704b00000|100%|HC|  |TS  0|AC  0|TAMS 0x0000000704b00000, 0x0000000704b00000|
|  75|0x0000000704b00000, 0x0000000704c00000, 0x0000000704c00000|100%|HC|  |TS  0|AC  0|TAMS 0x0000000704c00000, 0x0000000704c00000|
|  76|0x0000000704c00000, 0x0000000704d00000, 0x0000000704d00000|100%|HC|  |TS  0|AC  0|TAMS 0x0000000704d00000, 0x0000000704d00000|
|  77|0x0000000704d00000, 0x0000000704e00000, 0x0000000704e00000|100%|HC|  |TS  0|AC  0|TAMS 0x0000000704e00000, 0x0000000704e00000|
|  78|0x0000000704e00000, 0x0000000704f00000, 0x0000000704f00000|100%|HC|  |TS  0|AC  0|TAMS 0x0000000704f00000, 0x0000000704f00000|
|  79|0x0000000704f00000, 0x0000000705000000, 0x0000000705000000|100%|HC|  |TS  0|AC  0|TAMS 0x0000000705000000, 0x0000000705000000|
|  80|0x0000000705000000, 0x0000000705100000, 0x0000000705100000|100%|HC|  |TS  0|AC  0|TAMS 0x0000000705100000, 0x0000000705100000|
|  81|0x0000000705100000, 0x0000000705200000, 0x0000000705200000|100%|HC|  |TS  0|AC  0|TAMS 0x0000000705200000, 0x0000000705200000|
|  82|0x0000000705200000, 0x0000000705300000, 0x0000000705300000|100%|HC|  |TS  0|AC  0|TAMS 0x0000000705300000, 0x0000000705300000|
|  83|0x0000000705300000, 0x0000000705300000, 0x0000000705400000|  0%| F|  |TS  0|AC  0|TAMS 0x0000000705300000, 0x0000000705300000|
|  84|0x0000000705400000, 0x0000000705400000, 0x0000000705500000|  0%| F|  |TS  0|AC  0|TAMS 0x0000000705400000, 0x0000000705400000|
|  85|0x0000000705500000, 0x0000000705500000, 0x0000000705600000|  0%| F|  |TS  0|AC  0|TAMS 0x0000000705500000, 0x0000000705500000|
|  86|0x0000000705600000, 0x0000000705600000, 0x0000000705700000|  0%| F|  |TS  0|AC  0|TAMS 0x0000000705600000, 0x0000000705600000|
|  87|0x0000000705700000, 0x0000000705700000, 0x0000000705800000|  0%| F|  |TS  0|AC  0|TAMS 0x0000000705700000, 0x0000000705700000|
|  88|0x0000000705800000, 0x0000000705800000, 0x0000000705900000|  0%| F|  |TS  0|AC  0|TAMS 0x0000000705800000, 0x0000000705800000|
|  89|0x0000000705900000, 0x0000000705900000, 0x0000000705a00000|  0%| F|  |TS  0|AC  0|TAMS 0x0000000705900000, 0x0000000705900000|
|  90|0x0000000705a00000, 0x0000000705a00000, 0x0000000705b00000|  0%| F|  |TS  0|AC  0|TAMS 0x0000000705a00000, 0x0000000705a00000|
|  91|0x0000000705b00000, 0x0000000705b00000, 0x0000000705c00000|  0%| F|  |TS  0|AC  0|TAMS 0x0000000705b00000, 0x0000000705b00000|
|  92|0x0000000705c00000, 0x0000000705c00000, 0x0000000705d00000|  0%| F|  |TS  0|AC  0|TAMS 0x0000000705c00000, 0x0000000705c00000|
|  93|0x0000000705d00000, 0x0000000705d00000, 0x0000000705e00000|  0%| F|  |TS  0|AC  0|TAMS 0x0000000705d00000, 0x0000000705d00000|
|  94|0x0000000705e00000, 0x0000000705e00000, 0x0000000705f00000|  0%| F|  |TS  0|AC  0|TAMS 0x0000000705e00000, 0x0000000705e00000|
|  95|0x0000000705f00000, 0x0000000705f00000, 0x0000000706000000|  0%| F|  |TS  0|AC  0|TAMS 0x0000000705f00000, 0x0000000705f00000|
|  96|0x0000000706000000, 0x0000000706000000, 0x0000000706100000|  0%| F|  |TS  0|AC  0|TAMS 0x0000000706000000, 0x0000000706000000|
|  97|0x0000000706100000, 0x0000000706100000, 0x0000000706200000|  0%| F|  |TS  0|AC  0|TAMS 0x0000000706100000, 0x0000000706100000|
|  98|0x0000000706200000, 0x0000000706200000, 0x0000000706300000|  0%| F|  |TS  0|AC  0|TAMS 0x0000000706200000, 0x0000000706200000|
|  99|0x0000000706300000, 0x0000000706300000, 0x0000000706400000|  0%| F|  |TS  0|AC  0|TAMS 0x0000000706300000, 0x0000000706300000|
| 100|0x0000000706400000, 0x0000000706400000, 0x0000000706500000|  0%| F|  |TS  0|AC  0|TAMS 0x0000000706400000, 0x0000000706400000|
| 101|0x0000000706500000, 0x0000000706500000, 0x0000000706600000|  0%| F|  |TS  0|AC  0|TAMS 0x0000000706500000, 0x0000000706500000|
| 102|0x0000000706600000, 0x0000000706600000, 0x0000000706700000|  0%| F|  |TS  0|AC  0|TAMS 0x0000000706600000, 0x0000000706600000|
| 103|0x0000000706700000, 0x0000000706700000, 0x0000000706800000|  0%| F|  |TS  0|AC  0|TAMS 0x0000000706700000, 0x0000000706700000|
| 104|0x0000000706800000, 0x0000000706800000, 0x0000000706900000|  0%| F|  |TS  0|AC  0|TAMS 0x0000000706800000, 0x0000000706800000|
| 105|0x0000000706900000, 0x0000000706900000, 0x0000000706a00000|  0%| F|  |TS  0|AC  0|TAMS 0x0000000706900000, 0x0000000706900000|
| 106|0x0000000706a00000, 0x0000000706a00000, 0x0000000706b00000|  0%| F|  |TS  0|AC  0|TAMS 0x0000000706a00000, 0x0000000706a00000|
| 107|0x0000000706b00000, 0x0000000706b00000, 0x0000000706c00000|  0%| F|  |TS  0|AC  0|TAMS 0x0000000706b00000, 0x0000000706b00000|
| 108|0x0000000706c00000, 0x0000000706c00000, 0x0000000706d00000|  0%| F|  |TS  0|AC  0|TAMS 0x0000000706c00000, 0x0000000706c00000|
| 109|0x0000000706d00000, 0x0000000706d00000, 0x0000000706e00000|  0%| F|  |TS  0|AC  0|TAMS 0x0000000706d00000, 0x0000000706d00000|
| 110|0x0000000706e00000, 0x0000000706e00000, 0x0000000706f00000|  0%| F|  |TS  0|AC  0|TAMS 0x0000000706e00000, 0x0000000706e00000|
| 111|0x0000000706f00000, 0x0000000706f00000, 0x0000000707000000|  0%| F|  |TS  0|AC  0|TAMS 0x0000000706f00000, 0x0000000706f00000|
| 112|0x0000000707000000, 0x0000000707000000, 0x0000000707100000|  0%| F|  |TS  0|AC  0|TAMS 0x0000000707000000, 0x0000000707000000|
| 113|0x0000000707100000, 0x0000000707100000, 0x0000000707200000|  0%| F|  |TS  0|AC  0|TAMS 0x0000000707100000, 0x0000000707100000|
| 114|0x0000000707200000, 0x0000000707200000, 0x0000000707300000|  0%| F|  |TS  0|AC  0|TAMS 0x0000000707200000, 0x0000000707200000|
| 115|0x0000000707300000, 0x0000000707300000, 0x0000000707400000|  0%| F|  |TS  0|AC  0|TAMS 0x0000000707300000, 0x0000000707300000|
| 116|0x0000000707400000, 0x0000000707400000, 0x0000000707500000|  0%| F|  |TS  0|AC  0|TAMS 0x0000000707400000, 0x0000000707400000|
| 117|0x0000000707500000, 0x0000000707500000, 0x0000000707600000|  0%| F|  |TS  0|AC  0|TAMS 0x0000000707500000, 0x0000000707500000|
| 118|0x0000000707600000, 0x0000000707600000, 0x0000000707700000|  0%| F|  |TS  0|AC  0|TAMS 0x0000000707600000, 0x0000000707600000|
| 119|0x0000000707700000, 0x0000000707700000, 0x0000000707800000|  0%| F|  |TS  0|AC  0|TAMS 0x0000000707700000, 0x0000000707700000|
| 120|0x0000000707800000, 0x0000000707800000, 0x0000000707900000|  0%| F|  |TS  0|AC  0|TAMS 0x0000000707800000, 0x0000000707800000|
| 121|0x0000000707900000, 0x0000000707900000, 0x0000000707a00000|  0%| F|  |TS  0|AC  0|TAMS 0x0000000707900000, 0x0000000707900000|
| 122|0x0000000707a00000, 0x0000000707a00000, 0x0000000707b00000|  0%| F|  |TS  0|AC  0|TAMS 0x0000000707a00000, 0x0000000707a00000|
| 123|0x0000000707b00000, 0x0000000707b00000, 0x0000000707c00000|  0%| F|  |TS  0|AC  0|TAMS 0x0000000707b00000, 0x0000000707b00000|
| 124|0x0000000707c00000, 0x0000000707c00000, 0x0000000707d00000|  0%| F|  |TS  0|AC  0|TAMS 0x0000000707c00000, 0x0000000707c00000|
| 125|0x0000000707d00000, 0x0000000707d00000, 0x0000000707e00000|  0%| F|  |TS  0|AC  0|TAMS 0x0000000707d00000, 0x0000000707d00000|
| 126|0x0000000707e00000, 0x0000000707e00000, 0x0000000707f00000|  0%| F|  |TS  0|AC  0|TAMS 0x0000000707e00000, 0x0000000707e00000|
| 127|0x0000000707f00000, 0x0000000707f00000, 0x0000000708000000|  0%| F|  |TS  0|AC  0|TAMS 0x0000000707f00000, 0x0000000707f00000|
| 128|0x0000000708000000, 0x0000000708000000, 0x0000000708100000|  0%| F|  |TS  0|AC  0|TAMS 0x0000000708000000, 0x0000000708000000|
| 129|0x0000000708100000, 0x0000000708100000, 0x0000000708200000|  0%| F|  |TS  0|AC  0|TAMS 0x0000000708100000, 0x0000000708100000|
| 130|0x0000000708200000, 0x0000000708200000, 0x0000000708300000|  0%| F|  |TS  0|AC  0|TAMS 0x0000000708200000, 0x0000000708200000|
| 131|0x0000000708300000, 0x0000000708300000, 0x0000000708400000|  0%| F|  |TS  0|AC  0|TAMS 0x0000000708300000, 0x0000000708300000|
| 132|0x0000000708400000, 0x0000000708400000, 0x0000000708500000|  0%| F|  |TS  0|AC  0|TAMS 0x0000000708400000, 0x0000000708400000|
| 133|0x0000000708500000, 0x0000000708500000, 0x0000000708600000|  0%| F|  |TS  0|AC  0|TAMS 0x0000000708500000, 0x0000000708500000|
| 134|0x0000000708600000, 0x0000000708600000, 0x0000000708700000|  0%| F|  |TS  0|AC  0|TAMS 0x0000000708600000, 0x0000000708600000|
| 135|0x0000000708700000, 0x0000000708700000, 0x0000000708800000|  0%| F|  |TS  0|AC  0|TAMS 0x0000000708700000, 0x0000000708700000|
| 136|0x0000000708800000, 0x0000000708800000, 0x0000000708900000|  0%| F|  |TS  0|AC  0|TAMS 0x0000000708800000, 0x0000000708800000|
| 137|0x0000000708900000, 0x0000000708900000, 0x0000000708a00000|  0%| F|  |TS  0|AC  0|TAMS 0x0000000708900000, 0x0000000708900000|
| 138|0x0000000708a00000, 0x0000000708a00000, 0x0000000708b00000|  0%| F|  |TS  0|AC  0|TAMS 0x0000000708a00000, 0x0000000708a00000|
| 139|0x0000000708b00000, 0x0000000708b00000, 0x0000000708c00000|  0%| F|  |TS  0|AC  0|TAMS 0x0000000708b00000, 0x0000000708b00000|
| 140|0x0000000708c00000, 0x0000000708c00000, 0x0000000708d00000|  0%| F|  |TS  0|AC  0|TAMS 0x0000000708c00000, 0x0000000708c00000|
| 141|0x0000000708d00000, 0x0000000708d00000, 0x0000000708e00000|  0%| F|  |TS  0|AC  0|TAMS 0x0000000708d00000, 0x0000000708d00000|
| 142|0x0000000708e00000, 0x0000000708e00000, 0x0000000708f00000|  0%| F|  |TS  0|AC  0|TAMS 0x0000000708e00000, 0x0000000708e00000|
| 143|0x0000000708f00000, 0x0000000708f00000, 0x0000000709000000|  0%| F|  |TS  0|AC  0|TAMS 0x0000000708f00000, 0x0000000708f00000|
| 144|0x0000000709000000, 0x0000000709000000, 0x0000000709100000|  0%| F|  |TS  0|AC  0|TAMS 0x0000000709000000, 0x0000000709000000|
| 145|0x0000000709100000, 0x0000000709100000, 0x0000000709200000|  0%| F|  |TS  0|AC  0|TAMS 0x0000000709100000, 0x0000000709100000|
| 146|0x0000000709200000, 0x0000000709200000, 0x0000000709300000|  0%| F|  |TS  0|AC  0|TAMS 0x0000000709200000, 0x0000000709200000|
| 147|0x0000000709300000, 0x0000000709300000, 0x0000000709400000|  0%| F|  |TS  0|AC  0|TAMS 0x0000000709300000, 0x0000000709300000|
| 148|0x0000000709400000, 0x0000000709400000, 0x0000000709500000|  0%| F|  |TS  0|AC  0|TAMS 0x0000000709400000, 0x0000000709400000|
| 149|0x0000000709500000, 0x0000000709500000, 0x0000000709600000|  0%| F|  |TS  0|AC  0|TAMS 0x0000000709500000, 0x0000000709500000|
| 150|0x0000000709600000, 0x0000000709690010, 0x0000000709700000| 56%| E|  |TS  0|AC  0|TAMS 0x0000000709600000, 0x0000000709600000|
| 151|0x0000000709700000, 0x0000000709800000, 0x0000000709800000|100%| E|CS|TS  0|AC  0|TAMS 0x0000000709700000, 0x0000000709700000|
| 152|0x0000000709800000, 0x00000007098c15c0, 0x0000000709900000| 75%| S|CS|TS  0|AC  0|TAMS 0x0000000709800000, 0x0000000709800000|
| 153|0x0000000709900000, 0x0000000709a00000, 0x0000000709a00000|100%| E|CS|TS  0|AC  0|TAMS 0x0000000709900000, 0x0000000709900000|

Card table byte_map: [0x0000023cf3020000,0x0000023cf3620000] byte_map_base: 0x0000023cef820000

Marking Bits (Prev, Next): (CMBitMap*) 0x0000023ceb398988, (CMBitMap*) 0x0000023ceb398950
 Prev Bits: [0x0000023c8f000000, 0x0000023c92000000)
 Next Bits: [0x0000023cfbf40000, 0x0000023cfef40000)

Polling page: 0x0000023ce8460000

CodeHeap 'non-profiled nmethods': size=120000Kb used=5501Kb max_used=5501Kb free=114498Kb
 bounds [0x0000023c87ad0000, 0x0000023c88030000, 0x0000023c8f000000]
CodeHeap 'profiled nmethods': size=120000Kb used=17757Kb max_used=17757Kb free=102242Kb
 bounds [0x0000023c805a0000, 0x0000023c81710000, 0x0000023c87ad0000]
CodeHeap 'non-nmethods': size=5760Kb used=1601Kb max_used=1640Kb free=4158Kb
 bounds [0x0000023c80000000, 0x0000023c80270000, 0x0000023c805a0000]
 total_blobs=11511 nmethods=7134 adapters=855
 compilation: enabled

Compilation events (10 events):
Event: 11.837 Thread 0x0000023cf46b9800 8024       1       sun.java2d.pipe.AlphaColorPipe::skipTile (1 bytes)
Event: 11.837 Thread 0x0000023cf46b9800 nmethod 8024 0x0000023c8800db10 code [0x0000023c8800dcc0, 0x0000023c8800ddd8]
Event: 11.845 Thread 0x0000023cf0ee3000 nmethod 7896 0x0000023c8800de90 code [0x0000023c8800e3e0, 0x0000023c88014f80]
Event: 11.845 Thread 0x0000023cf0ee3000 8023       4       sun.java2d.marlin.Renderer::curveBreakIntoLinesAndAdd (461 bytes)
Event: 11.848 Thread 0x0000023cf0ee3000 nmethod 8023 0x0000023c88017c10 code [0x0000023c88017e80, 0x0000023c88018208]
Event: 11.848 Thread 0x0000023cf0ee3000 8004       4       org.apache.batik.ext.awt.MultipleGradientPaintContext::indexIntoGradientsArrays (505 bytes)
Event: 11.850 Thread 0x0000023cf0ee3000 nmethod 8004 0x0000023c88018410 code [0x0000023c880185e0, 0x0000023c88018918]
Event: 11.850 Thread 0x0000023cf0ee3000 8013 %     4       org.apache.batik.ext.awt.RadialGradientPaintContext::fixedPointSimplestCaseNonCyclicFillRaster @ 257 (382 bytes)
Event: 11.854 Thread 0x0000023cf0ee3000 nmethod 8013% 0x0000023c88018b90 code [0x0000023c88018d60, 0x0000023c880193d8]
Event: 11.854 Thread 0x0000023cf0ee3000 7981 %     4       sun.java2d.marlin.MarlinTileGenerator::getAlphaRLE @ 399 (632 bytes)

GC Heap History (10 events):
Event: 5.273 GC heap before
{Heap before GC invocations=6 (full 0):
 garbage-first heap   total 131072K, used 97800K [0x0000000700000000, 0x0000000700100400, 0x00000007c0000000)
  region size 1024K, 60 young (61440K), 1 survivors (1024K)
 Metaspace       used 32900K, capacity 34216K, committed 34608K, reserved 1079296K
  class space    used 3844K, capacity 4125K, committed 4144K, reserved 1048576K
}
Event: 5.274 GC heap after
{Heap after GC invocations=7 (full 0):
 garbage-first heap   total 131072K, used 38693K [0x0000000700000000, 0x0000000700100400, 0x00000007c0000000)
  region size 1024K, 4 young (4096K), 4 survivors (4096K)
 Metaspace       used 32900K, capacity 34216K, committed 34608K, reserved 1079296K
  class space    used 3844K, capacity 4125K, committed 4144K, reserved 1048576K
}
Event: 5.460 GC heap before
{Heap before GC invocations=7 (full 0):
 garbage-first heap   total 131072K, used 50981K [0x0000000700000000, 0x0000000700100400, 0x00000007c0000000)
  region size 1024K, 17 young (17408K), 4 survivors (4096K)
 Metaspace       used 34167K, capacity 35564K, committed 35888K, reserved 1081344K
  class space    used 3984K, capacity 4291K, committed 4400K, reserved 1048576K
}
Event: 5.463 GC heap after
{Heap after GC invocations=8 (full 0):
 garbage-first heap   total 131072K, used 39403K [0x0000000700000000, 0x0000000700100400, 0x00000007c0000000)
  region size 1024K, 4 young (4096K), 4 survivors (4096K)
 Metaspace       used 34167K, capacity 35564K, committed 35888K, reserved 1081344K
  class space    used 3984K, capacity 4291K, committed 4400K, reserved 1048576K
}
Event: 7.191 GC heap before
{Heap before GC invocations=9 (full 0):
 garbage-first heap   total 131072K, used 92651K [0x0000000700000000, 0x0000000700100400, 0x00000007c0000000)
  region size 1024K, 60 young (61440K), 4 survivors (4096K)
 Metaspace       used 39987K, capacity 41856K, committed 42160K, reserved 1085440K
  class space    used 4855K, capacity 5226K, committed 5296K, reserved 1048576K
}
Event: 7.216 GC heap after
{Heap after GC invocations=10 (full 0):
 garbage-first heap   total 131072K, used 44480K [0x0000000700000000, 0x0000000700100400, 0x00000007c0000000)
  region size 1024K, 8 young (8192K), 8 survivors (8192K)
 Metaspace       used 39987K, capacity 41856K, committed 42160K, reserved 1085440K
  class space    used 4855K, capacity 5226K, committed 5296K, reserved 1048576K
}
Event: 8.816 GC heap before
{Heap before GC invocations=10 (full 0):
 garbage-first heap   total 131072K, used 97728K [0x0000000700000000, 0x0000000700100400, 0x00000007c0000000)
  region size 1024K, 60 young (61440K), 8 survivors (8192K)
 Metaspace       used 45041K, capacity 47197K, committed 47408K, reserved 1091584K
  class space    used 5656K, capacity 6085K, committed 6192K, reserved 1048576K
}
Event: 8.831 GC heap after
{Heap after GC invocations=11 (full 0):
 garbage-first heap   total 131072K, used 52517K [0x0000000700000000, 0x0000000700100400, 0x00000007c0000000)
  region size 1024K, 8 young (8192K), 8 survivors (8192K)
 Metaspace       used 45041K, capacity 47197K, committed 47408K, reserved 1091584K
  class space    used 5656K, capacity 6085K, committed 6192K, reserved 1048576K
}
Event: 10.060 GC heap before
{Heap before GC invocations=11 (full 0):
 garbage-first heap   total 131072K, used 105765K [0x0000000700000000, 0x0000000700100400, 0x00000007c0000000)
  region size 1024K, 60 young (61440K), 8 survivors (8192K)
 Metaspace       used 47292K, capacity 49405K, committed 49584K, reserved 1091584K
  class space    used 6090K, capacity 6502K, committed 6576K, reserved 1048576K
}
Event: 10.067 GC heap after
{Heap after GC invocations=12 (full 0):
 garbage-first heap   total 157696K, used 55156K [0x0000000700000000, 0x00000007001004d0, 0x00000007c0000000)
  region size 1024K, 6 young (6144K), 6 survivors (6144K)
 Metaspace       used 47292K, capacity 49405K, committed 49584K, reserved 1091584K
  class space    used 6090K, capacity 6502K, committed 6576K, reserved 1048576K
}

Deoptimization events (10 events):
Event: 11.552 Thread 0x0000023c9551c000 Uncommon trap: reason=class_check action=maybe_recompile pc=0x0000023c87e8bac8 method=org.apache.batik.css.engine.CSSEngine.addMatchingRules(Ljava/util/List;Lorg/apache/batik/css/engine/StyleSheet;Lorg/w3c/dom/Element;Ljava/lang/String;)V @ 90 c2
Event: 11.569 Thread 0x0000023c9551c000 Uncommon trap: reason=unstable_if action=reinterpret pc=0x0000023c87ff1f58 method=org.apache.batik.dom.AbstractNode.fireDOMCharacterDataModifiedEvent(Ljava/lang/String;Ljava/lang/String;)V @ 9 c2
Event: 11.572 Thread 0x0000023c9551c000 Uncommon trap: reason=unstable_if action=reinterpret pc=0x0000023c87c1e23c method=org.apache.batik.dom.AbstractParentNode.fireDOMNodeInsertedEvent(Lorg/w3c/dom/Node;)V @ 9 c2
Event: 11.573 Thread 0x0000023c9551c000 Uncommon trap: reason=unstable_if action=reinterpret pc=0x0000023c87ff46f8 method=org.apache.batik.dom.AbstractAttr.fireDOMSubtreeModifiedEvent()V @ 9 c2
Event: 11.573 Thread 0x0000023c9551c000 Uncommon trap: reason=unstable_if action=reinterpret pc=0x0000023c87dce494 method=org.apache.batik.dom.AbstractElement.fireDOMAttrModifiedEvent(Ljava/lang/String;Lorg/w3c/dom/Attr;Ljava/lang/String;Ljava/lang/String;S)V @ 126 c2
Event: 11.573 Thread 0x0000023c9551c000 Uncommon trap: reason=unstable_if action=reinterpret pc=0x0000023c87fe7ff8 method=org.apache.batik.dom.AbstractNode.fireDOMCharacterDataModifiedEvent(Ljava/lang/String;Ljava/lang/String;)V @ 9 c2
Event: 11.573 Thread 0x0000023c9551c000 Uncommon trap: reason=unstable_if action=reinterpret pc=0x0000023c87c1d808 method=org.apache.batik.dom.AbstractParentNode.fireDOMNodeInsertedEvent(Lorg/w3c/dom/Node;)V @ 9 c2
Event: 11.619 Thread 0x0000023c9551c000 Uncommon trap: reason=unstable_if action=reinterpret pc=0x0000023c87f4b04c method=sun.java2d.marlin.Renderer._endRendering(II)V @ 1759 c2
Event: 11.619 Thread 0x0000023c9551c000 Uncommon trap: reason=unstable_if action=reinterpret pc=0x0000023c87e94a58 method=sun.java2d.marlin.Renderer._endRendering(II)V @ 1759 c2
Event: 11.736 Thread 0x0000023c9551c000 Uncommon trap: reason=unstable_if action=reinterpret pc=0x0000023c87db63e8 method=org.apache.batik.gvt.AbstractGraphicsNode.paint(Ljava/awt/Graphics2D;)V @ 526 c2

Classes redefined (0 events):
No events

Internal exceptions (10 events):
Event: 11.360 Thread 0x0000023c9551c000 Exception <a 'java/lang/NoSuchMethodError'{0x000000070718a360}: java.lang.invoke.DirectMethodHandle$Holder.invokeSpecial(Ljava/lang/Object;Ljava/lang/Object;IIILjava/lang/Object;III)Ljava/lang/Object;> (0x000000070718a360) thrown at [t:/workspace/hotspot/
Event: 11.361 Thread 0x0000023c9551c000 Exception <a 'java/lang/NoSuchMethodError'{0x000000070718d828}: java.lang.invoke.DelegatingMethodHandle$Holder.reinvoke_L(Ljava/lang/Object;IIILjava/lang/Object;III)Ljava/lang/Object;> (0x000000070718d828) thrown at [t:/workspace/hotspot/src/share/vm/inte
Event: 11.362 Thread 0x0000023c9551c000 Exception <a 'java/lang/NoSuchMethodError'{0x00000007071bd7c0}: method resolution failed> (0x00000007071bd7c0) thrown at [t:/workspace/hotspot/src/share/vm/prims/methodHandles.cpp, line 1256]
Event: 11.367 Thread 0x0000023c9551c000 Exception <a 'java/lang/NoSuchMethodError'{0x000000070704f128}: method resolution failed> (0x000000070704f128) thrown at [t:/workspace/hotspot/src/share/vm/prims/methodHandles.cpp, line 1256]
Event: 11.367 Thread 0x0000023c9551c000 Exception <a 'java/lang/NoSuchMethodError'{0x00000007070531b0}: java.lang.invoke.DelegatingMethodHandle$Holder.reinvoke_L(Ljava/lang/Object;Ljava/lang/Object;IILjava/lang/Object;IIILjava/lang/Object;Ljava/lang/Object;II)Ljava/lang/Object;> (0x000000070705
Event: 11.369 Thread 0x0000023c9551c000 Exception <a 'java/lang/NoSuchMethodError'{0x00000007070c5400}: java.lang.invoke.DirectMethodHandle$Holder.invokeSpecial(Ljava/lang/Object;Ljava/lang/Object;IILjava/lang/Object;IIILjava/lang/Object;Ljava/lang/Object;II)Ljava/lang/Object;> (0x00000007070c5
Event: 11.369 Thread 0x0000023c9551c000 Exception <a 'java/lang/NoSuchMethodError'{0x00000007070c8df8}: java.lang.invoke.DelegatingMethodHandle$Holder.reinvoke_L(Ljava/lang/Object;IILjava/lang/Object;IIILjava/lang/Object;Ljava/lang/Object;II)Ljava/lang/Object;> (0x00000007070c8df8) thrown at [t
Event: 11.371 Thread 0x0000023c9551c000 Exception <a 'java/lang/NoSuchMethodError'{0x0000000706f23f90}: method resolution failed> (0x0000000706f23f90) thrown at [t:/workspace/hotspot/src/share/vm/prims/methodHandles.cpp, line 1256]
Event: 11.371 Thread 0x0000023c9551c000 Exception <a 'java/lang/NoSuchMethodError'{0x0000000706f27b40}: java.lang.invoke.DelegatingMethodHandle$Holder.reinvoke_L(Ljava/lang/Object;Ljava/lang/Object;IIILjava/lang/Object;Ljava/lang/Object;II)Ljava/lang/Object;> (0x0000000706f27b40) thrown at [t:/
Event: 11.736 Thread 0x0000023c9551c000 Implicit null exception at 0x0000023c87db392f to 0x0000023c87db63d1

Events (10 events):
Event: 11.848 Thread 0x0000023c9551c000 DEOPT PACKING pc=0x0000023c8169c692 sp=0x00000076c47f41a0
Event: 11.848 Thread 0x0000023c9551c000 DEOPT UNPACKING pc=0x0000023c8004dd3f sp=0x00000076c47f3568 mode 0
Event: 11.849 Thread 0x0000023c9551c000 DEOPT PACKING pc=0x0000023c8169c692 sp=0x00000076c47f41a0
Event: 11.849 Thread 0x0000023c9551c000 DEOPT UNPACKING pc=0x0000023c8004dd3f sp=0x00000076c47f3568 mode 0
Event: 11.854 Thread 0x0000023c9551c000 DEOPT PACKING pc=0x0000023c8169c692 sp=0x00000076c47f40c0
Event: 11.854 Thread 0x0000023c9551c000 DEOPT UNPACKING pc=0x0000023c8004dd3f sp=0x00000076c47f3488 mode 0
Event: 11.854 Thread 0x0000023c9551c000 DEOPT PACKING pc=0x0000023c8169c692 sp=0x00000076c47f40c0
Event: 11.854 Thread 0x0000023c9551c000 DEOPT UNPACKING pc=0x0000023c8004dd3f sp=0x00000076c47f3488 mode 0
Event: 11.855 Thread 0x0000023c9551c000 DEOPT PACKING pc=0x0000023c8169c692 sp=0x00000076c47f4130
Event: 11.855 Thread 0x0000023c9551c000 DEOPT UNPACKING pc=0x0000023c8004dd3f sp=0x00000076c47f34f8 mode 0


Dynamic libraries:
0x00007ff77aa30000 - 0x00007ff77aa60000 	C:\Vivodo\Vivado\2019.1\bin\unwrapped\win64.o\vivado.exe
0x00007ff91d690000 - 0x00007ff91d8a7000 	C:\WINDOWS\SYSTEM32\ntdll.dll
0x00007ff91b430000 - 0x00007ff91b4f4000 	C:\WINDOWS\System32\KERNEL32.DLL
0x00007ff91ae00000 - 0x00007ff91b1a5000 	C:\WINDOWS\System32\KERNELBASE.dll
0x00007ff91b220000 - 0x00007ff91b331000 	C:\WINDOWS\System32\ucrtbase.dll
0x00007ff8fdbb0000 - 0x00007ff8fdc3e000 	C:\WINDOWS\SYSTEM32\MSVCP140.dll
0x00007ff8fdb90000 - 0x00007ff8fdbab000 	C:\WINDOWS\SYSTEM32\VCRUNTIME140.dll
0x00007ff913350000 - 0x00007ff913364000 	C:\Vivodo\Vivado\2019.1\lib\win64.o\libboost_signals.dll
0x00007ff913370000 - 0x00007ff913384000 	C:\Vivodo\Vivado\2019.1\lib\win64.o\librdi_commonmain.dll
0x00007ff887cf0000 - 0x00007ff888bd2000 	C:\Vivodo\Vivado\2019.1\lib\win64.o\librdi_common.dll
0x00007ff8fdb80000 - 0x00007ff8fdb8c000 	C:\WINDOWS\SYSTEM32\VCRUNTIME140_1.dll
0x00007ff91bc40000 - 0x00007ff91bdee000 	C:\WINDOWS\System32\USER32.dll
0x00007ff91ac30000 - 0x00007ff91ac56000 	C:\WINDOWS\System32\win32u.dll
0x00007ff91cc60000 - 0x00007ff91cc89000 	C:\WINDOWS\System32\GDI32.dll
0x00007ff91ace0000 - 0x00007ff91adf9000 	C:\WINDOWS\System32\gdi32full.dll
0x00007ff91b340000 - 0x00007ff91b3da000 	C:\WINDOWS\System32\msvcp_win.dll
0x00007ff91ca10000 - 0x00007ff91cac1000 	C:\WINDOWS\System32\ADVAPI32.dll
0x00007ff91bfb0000 - 0x00007ff91c057000 	C:\WINDOWS\System32\msvcrt.dll
0x00007ff913320000 - 0x00007ff913346000 	C:\Vivodo\Vivado\2019.1\lib\win64.o\libboost_filesystem.dll
0x00007ff91cd20000 - 0x00007ff91cdc6000 	C:\WINDOWS\System32\sechost.dll
0x00007ff9158e0000 - 0x00007ff9158ea000 	C:\Vivodo\Vivado\2019.1\lib\win64.o\librdi_commonversion.dll
0x00007ff91bb20000 - 0x00007ff91bc37000 	C:\WINDOWS\System32\RPCRT4.dll
0x00007ff91c1a0000 - 0x00007ff91c9f9000 	C:\WINDOWS\System32\SHELL32.dll
0x00007ff8ca2d0000 - 0x00007ff8ca3f1000 	C:\Vivodo\Vivado\2019.1\lib\win64.o\librdi_commonxillic.dll
0x0000000067530000 - 0x000000006765b000 	C:\Vivodo\Vivado\2019.1\lib\win64.o\tcl85t.dll
0x00007ff91d5a0000 - 0x00007ff91d611000 	C:\WINDOWS\System32\WS2_32.dll
0x00007ff9132b0000 - 0x00007ff9132c4000 	C:\Vivodo\Vivado\2019.1\lib\win64.o\libboost_date_time.dll
0x00007ff887980000 - 0x00007ff887cee000 	C:\Vivodo\Vivado\2019.1\lib\win64.o\libCOIN-all.dll
0x00007ff8ff890000 - 0x00007ff8ff90f000 	C:\Vivodo\Vivado\2019.1\lib\win64.o\libboost_program_options.dll
0x00007ff8be7b0000 - 0x00007ff8be8c4000 	C:\Vivodo\Vivado\2019.1\lib\win64.o\libboost_regex.dll
0x00007ff913870000 - 0x00007ff91387b000 	C:\Vivodo\Vivado\2019.1\lib\win64.o\libboost_system.dll
0x00007ff913110000 - 0x00007ff913131000 	C:\Vivodo\Vivado\2019.1\lib\win64.o\libboost_thread.dll
0x00007ff913310000 - 0x00007ff91331f000 	C:\Vivodo\Vivado\2019.1\lib\win64.o\libboost_xilinx.dll
0x00007ff8f4a00000 - 0x00007ff8f4a82000 	C:\Vivodo\Vivado\2019.1\lib\win64.o\libhdlpsolve.dll
0x00007ff8ca220000 - 0x00007ff8ca2c5000 	C:\Vivodo\Vivado\2019.1\lib\win64.o\libhdxml.dll
0x00007ff904420000 - 0x00007ff90444e000 	C:\Vivodo\Vivado\2019.1\lib\win64.o\libisl_sysinfo.dll
0x00007ff8e1d80000 - 0x00007ff8e1de5000 	C:\Vivodo\Vivado\2019.1\lib\win64.o\liblmx6.0.dll
0x00007ff881010000 - 0x00007ff881bbf400 	C:\Vivodo\Vivado\2019.1\lib\win64.o\libisl_iostreams.dll
0x00007ff90e920000 - 0x00007ff90e93a000 	C:\Vivodo\Vivado\2019.1\lib\win64.o\pthreadVC2.dll
0x00007ff90d4b0000 - 0x00007ff90d4cc000 	C:\Vivodo\Vivado\2019.1\lib\win64.o\librdiconfig.dll
0x00007ff9042b0000 - 0x00007ff9042d1000 	C:\Vivodo\Vivado\2019.1\lib\win64.o\librdizlib.dll
0x0000000012000000 - 0x0000000012270000 	C:\Vivodo\Vivado\2019.1\lib\win64.o\xerces-c_3_1.dll
0x00007ff8f7670000 - 0x00007ff8f7689000 	C:\WINDOWS\SYSTEM32\NETAPI32.dll
0x00007ff913510000 - 0x00007ff913647000 	C:\WINDOWS\SYSTEM32\WINHTTP.dll
0x00007ff902c70000 - 0x00007ff903164000 	C:\WINDOWS\SYSTEM32\WININET.dll
0x00007ff909de0000 - 0x00007ff909fd0000 	C:\WINDOWS\SYSTEM32\urlmon.dll
0x00007ff8b89e0000 - 0x00007ff8b8cb8000 	C:\Vivodo\Vivado\2019.1\lib\win64.o\libXil_lmgr11.dll
0x00007ff91c0a0000 - 0x00007ff91c199000 	C:\WINDOWS\System32\COMDLG32.dll
0x00007ff91b790000 - 0x00007ff91bb19000 	C:\WINDOWS\System32\combase.dll
0x00007ff91cae0000 - 0x00007ff91cbd3000 	C:\WINDOWS\System32\shcore.dll
0x00007ff91b730000 - 0x00007ff91b78e000 	C:\WINDOWS\System32\SHLWAPI.dll
0x00007ff91cdd0000 - 0x00007ff91cea7000 	C:\WINDOWS\System32\OLEAUT32.dll
0x00007ff8ef0b0000 - 0x00007ff8ef0e1000 	C:\WINDOWS\SYSTEM32\VCOMP140.DLL
0x00007ff90c4f0000 - 0x00007ff90c4f9000 	C:\WINDOWS\SYSTEM32\WSOCK32.dll
0x00007ff91ceb0000 - 0x00007ff91d050000 	C:\WINDOWS\System32\ole32.dll
0x00007ff860010000 - 0x00007ff860ea1000 	C:\Vivodo\Vivado\2019.1\lib\win64.o\gurobi65.dll
0x00007ff91b1b0000 - 0x00007ff91b21c000 	C:\WINDOWS\System32\WINTRUST.dll
0x00007ff91aac0000 - 0x00007ff91ac26000 	C:\WINDOWS\System32\CRYPT32.dll
0x00007ff9132a0000 - 0x00007ff9132ad000 	C:\Vivodo\Vivado\2019.1\lib\win64.o\libboost_chrono.dll
0x00007ff9094c0000 - 0x00007ff90977c000 	C:\WINDOWS\SYSTEM32\iertutil.dll
0x00007ff909490000 - 0x00007ff9094b8000 	C:\WINDOWS\SYSTEM32\srvcli.dll
0x00007ff8ff860000 - 0x00007ff8ff885000 	C:\Vivodo\Vivado\2019.1\lib\win64.o\libisl_iosutils.dll
0x00007ff90d330000 - 0x00007ff90d34b000 	C:\Vivodo\Vivado\2019.1\lib\win64.o\libboost_iostreams.dll
0x00007ff919480000 - 0x00007ff91948c000 	C:\WINDOWS\SYSTEM32\netutils.dll
0x00007ff903350000 - 0x00007ff903403000 	C:\WINDOWS\WinSxS\amd64_microsoft.windows.common-controls_6595b64144ccf1df_5.82.22621.2506_none_b43bab19638c9595\COMCTL32.dll
0x00007ff912e10000 - 0x00007ff912e2f000 	C:\WINDOWS\SYSTEM32\dhcpcsvc.DLL
0x00007ff91c060000 - 0x00007ff91c091000 	C:\WINDOWS\System32\IMM32.DLL
0x00007ff91a220000 - 0x00007ff91a232000 	C:\WINDOWS\SYSTEM32\MSASN1.dll
0x00007ff919a90000 - 0x00007ff919aa8000 	C:\WINDOWS\SYSTEM32\kernel.appcore.dll
0x00007ff887460000 - 0x00007ff887977000 	C:\Vivodo\Vivado\2019.1\lib\win64.o\librdi_commontasks.dll
0x00007ff908e60000 - 0x00007ff908e6a000 	C:\WINDOWS\SYSTEM32\VERSION.dll
0x0000000066b00000 - 0x0000000067525000 	C:\Vivodo\Vivado\2019.1\tps\win64\jre9.0.4\bin\server\jvm.dll
0x00007ff8b2390000 - 0x00007ff8b2616000 	C:\Vivodo\Vivado\2019.1\lib\win64.o\librdi_sio.dll
0x00007ff91b520000 - 0x00007ff91b528000 	C:\WINDOWS\System32\PSAPI.DLL
0x00007ff90e8b0000 - 0x00007ff90e8e4000 	C:\WINDOWS\SYSTEM32\WINMM.dll
0x00007ff919500000 - 0x00007ff91952d000 	C:\WINDOWS\SYSTEM32\IPHLPAPI.DLL
0x00007ff8f14a0000 - 0x00007ff8f158f000 	C:\WINDOWS\SYSTEM32\MSVCR120.dll
0x00007ff919f70000 - 0x00007ff919fd9000 	C:\WINDOWS\SYSTEM32\MSWSOCK.DLL
0x00007ff918930000 - 0x00007ff919224000 	C:\WINDOWS\SYSTEM32\windows.storage.dll
0x00007ff9187f0000 - 0x00007ff91892e000 	C:\WINDOWS\SYSTEM32\wintypes.dll
0x00007ff85db50000 - 0x00007ff86000c000 	C:\Vivodo\Vivado\2019.1\lib\win64.o\librdi_tcltasks.dll
0x00007ff8cff80000 - 0x00007ff8cfff8000 	C:\Vivodo\Vivado\2019.1\lib\win64.o\librdi_boarddep.dll
0x00007ff8b41e0000 - 0x00007ff8b4371000 	C:\Vivodo\Vivado\2019.1\lib\win64.o\librdi_board.dll
0x00007ff8b5340000 - 0x00007ff8b542b000 	C:\Vivodo\Vivado\2019.1\lib\win64.o\librdi_chipscope.dll
0x00007ff880c00000 - 0x00007ff881008000 	C:\Vivodo\Vivado\2019.1\lib\win64.o\librdi_bitstream.dll
0x00007ff8b3df0000 - 0x00007ff8b3fad000 	C:\Vivodo\Vivado\2019.1\lib\win64.o\librdi_chipscopeimpl.dll
0x00007ff85bc90000 - 0x00007ff85db41000 	C:\Vivodo\Vivado\2019.1\lib\win64.o\librdi_coregen.dll
0x00007ff8b33a0000 - 0x00007ff8b34f6000 	C:\Vivodo\Vivado\2019.1\lib\win64.o\librdi_containers.dll
0x00007ff856250000 - 0x00007ff857c3a000 	C:\Vivodo\Vivado\2019.1\lib\win64.o\librdi_constraints.dll
0x00007ff87dee0000 - 0x00007ff87e5ba000 	C:\Vivodo\Vivado\2019.1\lib\win64.o\librdi_coregenipxact.dll
0x00007ff857c40000 - 0x00007ff85bc83000 	C:\Vivodo\Vivado\2019.1\lib\win64.o\librdi_designutils.dll
0x00007ff83f6e0000 - 0x00007ff851b0c000 	C:\Vivodo\Vivado\2019.1\lib\win64.o\librdi_device.dll
0x00007ff87fc20000 - 0x00007ff87ff3e000 	C:\Vivodo\Vivado\2019.1\lib\win64.o\librdi_dlyest.dll
0x00007ff87d940000 - 0x00007ff87deda000 	C:\Vivodo\Vivado\2019.1\lib\win64.o\librdi_drc.dll
0x00007ff8be250000 - 0x00007ff8be314000 	C:\Vivodo\Vivado\2019.1\lib\win64.o\librdi_dsp.dll
0x00007ff8786d0000 - 0x00007ff878d1d000 	C:\Vivodo\Vivado\2019.1\lib\win64.o\librdi_filemgmt.dll
0x00007ff886fb0000 - 0x00007ff887293000 	C:\Vivodo\Vivado\2019.1\lib\win64.o\librdi_guitools.dll
0x00007ff8cfee0000 - 0x00007ff8cff45000 	C:\Vivodo\Vivado\2019.1\lib\win64.o\librdi_hdf.dll
0x00007ff8526f0000 - 0x00007ff853cb0000 	C:\Vivodo\Vivado\2019.1\lib\win64.o\librdi_implflow.dll
0x00007ff8cdd40000 - 0x00007ff8cddb3000 	C:\Vivodo\Vivado\2019.1\lib\win64.o\librdi_memoryarray.dll
0x00007ff864ab0000 - 0x00007ff8650c5000 	C:\Vivodo\Vivado\2019.1\lib\win64.o\librdi_memdata.dll
0x00007ff83c9f0000 - 0x00007ff83f6d6000 	C:\Vivodo\Vivado\2019.1\lib\win64.o\librdi_mig.dll
0x00007ff855ba0000 - 0x00007ff856242000 	C:\Vivodo\Vivado\2019.1\lib\win64.o\librdi_netlist.dll
0x00007ff8cf400000 - 0x00007ff8cf44b000 	C:\Vivodo\Vivado\2019.1\lib\win64.o\librdi_pfi.dll
0x00007ff8647a0000 - 0x00007ff864aaf000 	C:\Vivodo\Vivado\2019.1\lib\win64.o\librdi_platform.dll
0x00007ff8378d0000 - 0x00007ff839f46000 	C:\Vivodo\Vivado\2019.1\lib\win64.o\librdi_place.dll
0x00007ff855450000 - 0x00007ff855b9a000 	C:\Vivodo\Vivado\2019.1\lib\win64.o\librdi_power.dll
0x00007ff8547c0000 - 0x00007ff854ec9000 	C:\Vivodo\Vivado\2019.1\lib\win64.o\librdi_psta.dll
0x00007ff854ed0000 - 0x00007ff85544f000 	C:\Vivodo\Vivado\2019.1\lib\win64.o\librdi_project.dll
0x00007ff8540b0000 - 0x00007ff8547b6000 	C:\Vivodo\Vivado\2019.1\lib\win64.o\librdi_rsb.dll
0x00007ff8b2b10000 - 0x00007ff8b2c0a000 	C:\Vivodo\Vivado\2019.1\lib\win64.o\librdi_runsbase.dll
0x00007ff87f9c0000 - 0x00007ff87fc16000 	C:\Vivodo\Vivado\2019.1\lib\win64.o\librdi_simdata.dll
0x00007ff853cb0000 - 0x00007ff8540a1000 	C:\Vivodo\Vivado\2019.1\lib\win64.o\librdi_runs.dll
0x00007ff83b080000 - 0x00007ff83be91000 	C:\Vivodo\Vivado\2019.1\lib\win64.o\librdi_timing.dll
0x00007ff8b19a0000 - 0x00007ff8b1b12000 	C:\Vivodo\Vivado\2019.1\lib\win64.o\librdi_advchipscopeimpl.dll
0x00007ff8a8910000 - 0x00007ff8a8aaf000 	C:\Vivodo\Vivado\2019.1\lib\win64.o\librdi_hip_devdesign.dll
0x00007ff8c8570000 - 0x00007ff8c85b3000 	C:\Vivodo\Vivado\2019.1\lib\win64.o\librdi_noc_frameworks.dll
0x00007ff8c8520000 - 0x00007ff8c856c000 	C:\Vivodo\Vivado\2019.1\lib\win64.o\libboost_serialization.dll
0x00007ff83bea0000 - 0x00007ff83c9e7000 	C:\Vivodo\Vivado\2019.1\lib\win64.o\libverific.dll
0x00007ff8b4470000 - 0x00007ff8b4532000 	C:\Vivodo\Vivado\2019.1\lib\win64.o\librdi_ipconfig_readwrite.dll
0x00007ff83ac90000 - 0x00007ff83b075000 	C:\Vivodo\Vivado\2019.1\lib\win64.o\librdi_hip_config.dll
0x00007ff83a740000 - 0x00007ff83ac8e000 	C:\Vivodo\Vivado\2019.1\lib\win64.o\librdi_xdm.dll
0x00007ff8bdfc0000 - 0x00007ff8be05e000 	C:\Vivodo\Vivado\2019.1\lib\win64.o\libise.dll
0x00007ff8520f0000 - 0x00007ff8526ec000 	C:\Vivodo\Vivado\2019.1\lib\win64.o\librdi_wavedata.dll
0x00007ff8d0280000 - 0x00007ff8d02c0000 	C:\Vivodo\Vivado\2019.1\lib\win64.o\librdi_wavedata_SimpleApi.dll
0x00007ff8c6510000 - 0x00007ff8c654f000 	C:\Vivodo\Vivado\2019.1\lib\win64.o\librdi_schedmon.dll
0x00007ff8b4150000 - 0x00007ff8b41d8000 	C:\Vivodo\Vivado\2019.1\lib\win64.o\librdi_meir_core.dll
0x00007ff851e90000 - 0x00007ff8520e9000 	C:\Vivodo\Vivado\2019.1\lib\win64.o\librdi_hsm.dll

VM Arguments:
jvm_args: -Dsun.java2d.pmoffscreen=false -Dsun.java2d.xrender=false -Dsun.java2d.d3d=false -Dsun.awt.nopixfmt=true -Dsun.java2d.dpiaware=true -Dsun.java2d.uiScale.enabled=false -Xverify:none -Dswing.aatext=true -XX:-UsePerfData -Djdk.map.althashing.threshold=512 -XX:StringTableSize=4072 --add-opens=java.base/java.nio=ALL-UNNAMED --add-opens=java.desktop/sun.swing=ALL-UNNAMED --add-opens=java.desktop/javax.swing=ALL-UNNAMED --add-opens=java.desktop/javax.swing.tree=ALL-UNNAMED --add-opens=java.desktop/javax.swing.plaf.basic=ALL-UNNAMED --add-opens=java.desktop/javax.swing.plaf.synth=ALL-UNNAMED --add-opens=java.desktop/com.sun.awt=ALL-UNNAMED -XX:NewSize=60m -XX:MaxNewSize=60m -Xms128m -Xmx3072m -Xss5m 
java_command: <unknown>
java_class_path (initial): C:/Vivodo/Vivado/2019.1\lib\classes\alloy.jar;C:/Vivodo/Vivado/2019.1\lib\classes\autopilot.scelaborator.jar;C:/Vivodo/Vivado/2019.1\lib\classes\autopilot.sourceprocessor.jar;C:/Vivodo/Vivado/2019.1\lib\classes\autopilot.tbprocessor.jar;C:/Vivodo/Vivado/2019.1\lib\classes\batik-anim.jar;C:/Vivodo/Vivado/2019.1\lib\classes\batik-awt-util.jar;C:/Vivodo/Vivado/2019.1\lib\classes\batik-bridge.jar;C:/Vivodo/Vivado/2019.1\lib\classes\batik-codec.jar;C:/Vivodo/Vivado/2019.1\lib\classes\batik-css.jar;C:/Vivodo/Vivado/2019.1\lib\classes\batik-dom.jar;C:/Vivodo/Vivado/2019.1\lib\classes\batik-ext.jar;C:/Vivodo/Vivado/2019.1\lib\classes\batik-gui-util.jar;C:/Vivodo/Vivado/2019.1\lib\classes\batik-gvt.jar;C:/Vivodo/Vivado/2019.1\lib\classes\batik-parser.jar;C:/Vivodo/Vivado/2019.1\lib\classes\batik-script.jar;C:/Vivodo/Vivado/2019.1\lib\classes\batik-svg-dom.jar;C:/Vivodo/Vivado/2019.1\lib\classes\batik-swing.jar;C:/Vivodo/Vivado/2019.1\lib\classes\batik-transcoder.jar;C:/Vivodo/Vivado/2019.1\lib\classes\batik-util.jar;C:/Vivodo/Vivado/2019.1\lib\classes\batik-xml.jar;C:/Vivodo/Vivado/2019.1\lib\classes\com.google.gson_2.7.0.v20170129-0911.jar;C:/Vivodo/Vivado/2019.1\lib\classes\com.google.guava_21.0.0.v20170206-1425.jar;C:/Vivodo/Vivado/2019.1\lib\classes\com.google.inject_3.0.0.v201605172100.jar;C:/Vivodo/Vivado/2019.1\lib\classes\com.ibm.icu_4.4.2.v20110208.jar;C:/Vivodo/Vivado/2019.1\lib\classes\com.sigasi.hdt.annotations.runtime_4.3.0.201903071210.jar;C:/Vivodo/Vivado/2019.1\lib\classes\com.sigasi.hdt.blockdiagram.model_4.3.0.201903071210.jar;C:/Vivodo/Vivado/2019.1\lib\classes\com.sigasi.hdt.connection_4.3.0.201903071210.jar;C:/Vivodo/Vivado/2019.1\lib\classes\com.sigasi.hdt.dependencies.model_4.3.0.201903071210.jar;C:/Vivodo/Vivado/2019.1\lib\classes\com.sigasi.hdt.epl_4.3.0.201903071210.jar;C:/Vivodo/Vivado/2019.1\lib\classes\com.sigasi.hdt.graphics.model_4.3.0.201903071210.jar;C:/Vivodo/Vivado/2019.1\lib\classes\com.sigasi.hdt.project_4.3.0
Launcher Type: generic

Logging:
Log output configuration:
#0: stdout all=warning uptime,level,tags
#1: stderr all=off uptime,level,tags

Environment Variables:
PATH=C:/Vivodo/Vivado/2019.1/bin;C:/Vivodo/Vivado/2019.1/lib/win64.o;C:/Vivodo/Vivado/2019.1/tps/win64/jre9.0.4/bin/server;C:/Vivodo/Vivado/2019.1/tps/win64/jre9.0.4/bin;C:/Vivodo/SDK/2019.1/bin;C:/Vivodo/Vivado/2019.1/ids_lite/ISE/bin/nt64;C:/Vivodo/Vivado/2019.1/ids_lite/ISE/lib/nt64;D:\VMware\VMware Workstation\bin\;C:\Windows\System32\HWAudioDriverLibs;C:\Windows\system32;C:\Windows;C:\Windows\System32\Wbem;C:\Windows\System32\WindowsPowerShell\v1.0\;C:\Windows\System32\OpenSSH\;C:\Windows\system32\config\systemprofile\AppData\Local\Microsoft\WindowsApps;C:\Program Files\Bandizip\;C:\Program Files\Microsoft SQL Server\130\Tools\Binn\;C:\Program Files\MATLAB\R2022b\bin;D:\Ctags;C:\Users\VAMPIRE\AppData\Local\Programs\Python\Python311\Scripts\;C:\Users\VAMPIRE\AppData\Local\Programs\Python\Python311\;C:\Users\VAMPIRE\AppData\Local\Microsoft\WindowsApps;C:\Program Files (x86)\Dev-Cpp\MinGW64\bin;C:\Users\VAMPIRE\AppData\Roaming\pandoc;C:\Users\VAMPIRE\AppData\Local\Programs\Microsoft VS Code\bin;;D:\iverilog\bin;D:\iverilog\gtkwave\bin;C:/Vivodo/Vivado/2019.1\tps\mingw\6.2.0\win64.o\nt\bin;C:/Vivodo/Vivado/2019.1\tps\mingw\6.2.0\win64.o\nt\libexec\gcc\x86_64-w64-mingw32\6.2.0;C:/Vivodo/Vivado/2019.1\tps\win64\python-2.7.5;C:/Vivodo/Vivado/2019.1\tps\win64\python-2.7.5\lib;C:/Vivodo/Vivado/2019.1\tps\win64\python-2.7.5\Lib\lib-tk;C:/Vivodo/Vivado/2019.1\tps\win64\python-2.7.5\lib\site-packages
USERNAME=VAMPIRE
OS=Windows_NT
PROCESSOR_IDENTIFIER=Intel64 Family 6 Model 140 Stepping 1, GenuineIntel



---------------  S Y S T E M  ---------------

OS: Windows 10 , 64 bit Build 22621 (10.0.22621.2506)

CPU:total 8 (initial active 8) (4 cores per cpu, 2 threads per core) family 6 model 140 stepping 1, cmov, cx8, fxsr, mmx, sse, sse2, sse3, ssse3, sse4.1, sse4.2, popcnt, avx, avx2, aes, clmul, erms, 3dnowpref, lzcnt, ht, tsc, tscinvbit, bmi1, bmi2, adx, sha, fma

Memory: 4k page, physical 16555320k(3774232k free), swap 16555320k(1140k free)

vm_info: Java HotSpot(TM) 64-Bit Server VM (9.0.4+11) for windows-amd64 JRE (9.0.4+11), built on Dec 20 2017 02:18:54 by "mach5one" with MS VC++ 12.0 (VS2013)

END.
