#
# A fatal error has been detected by the Java Runtime Environment:
#
#  EXCEPTION_STACK_OVERFLOW (0xc00000fd) at pc=0x00000000566afab3, pid=11688, tid=9308
#
# JRE version: Java(TM) SE Runtime Environment (9.0+11) (build 9.0.4+11)
# Java VM: Java HotSpot(TM) 64-Bit Server VM (9.0.4+11, mixed mode, tiered, compressed oops, g1 gc, windows-amd64)
# Problematic frame:
# V  [jvm.dll+0x33fab3]
#
# No core dump will be written. Minidumps are not enabled by default on client versions of Windows
#
# If you would like to submit a bug report, please visit:
#   http://bugreport.java.com/bugreport/crash.jsp
#

---------------  S U M M A R Y ------------

Command Line: -Dsun.java2d.pmoffscreen=false -Dsun.java2d.xrender=false -Dsun.java2d.d3d=false -Dsun.awt.nopixfmt=true -Dsun.java2d.dpiaware=true -Dsun.java2d.uiScale.enabled=false -Xverify:none -Dswing.aatext=true -XX:-UsePerfData -Djdk.map.althashing.threshold=512 -XX:StringTableSize=4072 --add-opens=java.base/java.nio=ALL-UNNAMED --add-opens=java.desktop/sun.swing=ALL-UNNAMED --add-opens=java.desktop/javax.swing=ALL-UNNAMED --add-opens=java.desktop/javax.swing.tree=ALL-UNNAMED --add-opens=java.desktop/javax.swing.plaf.basic=ALL-UNNAMED --add-opens=java.desktop/javax.swing.plaf.synth=ALL-UNNAMED --add-opens=java.desktop/com.sun.awt=ALL-UNNAMED -XX:NewSize=60m -XX:MaxNewSize=60m -Xms128m -Xmx3072m -Xss5m 

Host: 11th Gen Intel(R) Core(TM) i7-11370H @ 3.30GHz, 8 cores, 15G,  Windows 10 , 64 bit Build 22621 (10.0.22621.2428)
Time: Sun Nov 12 09:55:08 2023 ?D1¨²¡À¨º¡Á?¨º¡À?? elapsed time: 44495 seconds (0d 12h 21m 35s)

---------------  T H R E A D  ---------------

Current thread (0x000001696cfe6800):  JavaThread "Messages View GetMessages" [_thread_in_vm, id=9308, stack(0x0000002c29a00000,0x0000002c29f00000)]

Stack: [0x0000002c29a00000,0x0000002c29f00000],  sp=0x0000002c29eff460,  free space=5117k
Native frames: (J=compiled Java code, j=interpreted, Vv=VM code, C=native code)
V  [jvm.dll+0x33fab3]

[error occurred during error reporting (printing native stack), id 0xc00000fd]


siginfo: EXCEPTION_STACK_OVERFLOW (0xc00000fd), ExceptionInformation=0x0000000000000001 0x0000002c29efa460 


Register to memory mapping:

RIP=0x00000000566afab3 jvm.dll
RAX=0x0000000000000003 is an unknown value
RBX=0x0000002c29efa460 is pointing into the stack for thread: 0x000001696cfe6800
RCX=0x0000000000001000 is an unknown value
RDX=0x0000000000000000 is an unknown value
RSP=0x0000002c29eff460 is pointing into the stack for thread: 0x000001696cfe6800
RBP=0x0000002c29eff560 is pointing into the stack for thread: 0x000001696cfe6800
RSI=0x0000000000000000 is an unknown value
RDI=0x0000002c29eff600 is pointing into the stack for thread: 0x000001696cfe6800
R8 =0x0000002c29eff460 is pointing into the stack for thread: 0x000001696cfe6800
R9 =0x000001696c33a290 is an unknown value
R10={method} {0x0000016949660000} 'run' '()V' in 'java/lang/Thread'
R11=0x0000002c29eff7b0 is pointing into the stack for thread: 0x000001696cfe6800
R12=0x0000002c29eff7b0 is pointing into the stack for thread: 0x000001696cfe6800
R13=0x0000000000000000 is an unknown value
R14=0x000001696cfe6800 is a thread
R15=0x0000002c29eff4a8 is pointing into the stack for thread: 0x000001696cfe6800


Registers:
RAX=0x0000000000000003, RBX=0x0000002c29efa460, RCX=0x0000000000001000, RDX=0x0000000000000000
RSP=0x0000002c29eff460, RBP=0x0000002c29eff560, RSI=0x0000000000000000, RDI=0x0000002c29eff600
R8 =0x0000002c29eff460, R9 =0x000001696c33a290, R10=0x000001694965fff8, R11=0x0000002c29eff7b0
R12=0x0000002c29eff7b0, R13=0x0000000000000000, R14=0x000001696cfe6800, R15=0x0000002c29eff4a8
RIP=0x00000000566afab3, EFLAGS=0x0000000000010206

Top of Stack: (sp=0x0000002c29eff460)
0x0000002c29eff460:   0000002c29eff460 0000000000000000
0x0000002c29eff470:   0000002c1e8037ee 00007ffcf2b23fb8
0x0000002c29eff480:   000001696cfe6800 000000005655658a
0x0000002c29eff490:   0000002c29eff520 000001696cfe6800
0x0000002c29eff4a0:   000001695283d180 0000016970354690
0x0000002c29eff4b0:   0000000000000000 000000005667de85
0x0000002c29eff4c0:   0000000000000000 0000000000000000
0x0000002c29eff4d0:   000001694965fff8 000001696cfe6800
0x0000002c29eff4e0:   00000007c0006718 00000000568089c7
0x0000002c29eff4f0:   00000007c0006718 00000007c0006718
0x0000002c29eff500:   0000016949660040 000001694965fff8
0x0000002c29eff510:   000001696cfe6800 0000002c1e8037ee
0x0000002c29eff520:   000001694965fff8 000001696cfe6800
0x0000002c29eff530:   000001694965fff8 000001696cfe6800
0x0000002c29eff540:   000001696db54080 000001696db54458
0x0000002c29eff550:   0000000000000000 0000000000000000 

Instructions: (pc=0x00000000566afab3)
0x00000000566afa93:   e4 62 00 48 8b 05 eb bd 64 00 33 d2 48 f7 f1 48
0x00000000566afaa3:   83 f8 01 72 13 0f 1f 84 00 00 00 00 00 48 2b d9
0x00000000566afab3:   c6 03 00 48 ff c8 75 f5 48 85 f6 74 50 48 8b 06
0x00000000566afac3:   48 8b ce ff 90 80 00 00 00 84 c0 0f 84 65 01 00 



---------------  P R O C E S S  ---------------

Java Threads: ( => current thread )
=>0x000001696cfe6800 JavaThread "Messages View GetMessages" [_thread_in_vm, id=9308, stack(0x0000002c29a00000,0x0000002c29f00000)]
  0x000001696cfea800 JavaThread "Thread-10126" [_thread_in_native, id=15828, stack(0x0000002c1ea00000,0x0000002c1eb00000)]
  0x000001696cfe2000 JavaThread "Thread-10125" [_thread_in_native, id=2952, stack(0x0000002c1eb00000,0x0000002c1ec00000)]
  0x000001696cfe6000 JavaThread "SyntheticaAnimation 50" daemon [_thread_blocked, id=26284, stack(0x0000002c29500000,0x0000002c29a00000)]
  0x000001696cfec000 JavaThread "Update Runs Swing Worker" [_thread_blocked, id=10092, stack(0x0000002c2a400000,0x0000002c2a900000)]
  0x000001696cfe7800 JavaThread "hw_ila_monitor" [_thread_blocked, id=7972, stack(0x0000002c29000000,0x0000002c29500000)]
  0x000001696cfe3000 JavaThread "Refresh Filesets Swing Worker" [_thread_blocked, id=26468, stack(0x0000002c28b00000,0x0000002c29000000)]
  0x000001696cfe9800 JavaThread "SyntheticaAnimation 70" daemon [_thread_blocked, id=26148, stack(0x0000002c28600000,0x0000002c28b00000)]
  0x000001696cfe9000 JavaThread "SyntheticaAnimation 25" daemon [_thread_blocked, id=4176, stack(0x0000002c26f00000,0x0000002c27400000)]
  0x000001696cfe5000 JavaThread "SyntheticaAnimation 50" daemon [_thread_blocked, id=7860, stack(0x0000002c28100000,0x0000002c28600000)]
  0x0000016969bd2800 JavaThread "Monitor HEventQueue" [_thread_blocked, id=8392, stack(0x0000002c27c00000,0x0000002c28100000)]
  0x0000016969bd1800 JavaThread "SyntheticaCleanerThread" daemon [_thread_blocked, id=4928, stack(0x0000002c27400000,0x0000002c27900000)]
  0x0000016969bd1000 JavaThread "Batik CleanerThread" daemon [_thread_blocked, id=13476, stack(0x0000002c24700000,0x0000002c24c00000)]
  0x000001696a22b800 JavaThread "AWT-EventQueue-1" [_thread_in_native, id=28844, stack(0x0000002c26500000,0x0000002c26a00000)]
  0x000001696a22d000 JavaThread "AWT-Shutdown" [_thread_blocked, id=24296, stack(0x0000002c26000000,0x0000002c26500000)]
  0x000001696a24f000 JavaThread "Process Messages" [_thread_blocked, id=3976, stack(0x0000002c25b00000,0x0000002c26000000)]
  0x000001696a421800 JavaThread "Thread-1" [_thread_in_native, id=28492, stack(0x0000002c1ee00000,0x0000002c20200000)]
  0x000001696a61c000 JavaThread "TimerQueue" daemon [_thread_blocked, id=24324, stack(0x0000002c25100000,0x0000002c25600000)]
  0x0000016969ec0000 JavaThread "AWT-Windows" daemon [_thread_in_native, id=24884, stack(0x0000002c24c00000,0x0000002c25100000)]
  0x00000169415e0800 JavaThread "Java2D Disposer" daemon [_thread_blocked, id=25680, stack(0x0000002c24200000,0x0000002c24700000)]
  0x000001694155b000 JavaThread "Service Thread" daemon [_thread_blocked, id=11552, stack(0x0000002c23c00000,0x0000002c24100000)]
  0x0000016947273000 JavaThread "Common-Cleaner" daemon [_thread_blocked, id=29656, stack(0x0000002c23700000,0x0000002c23c00000)]
  0x0000016947272000 JavaThread "Sweeper thread" daemon [_thread_blocked, id=28852, stack(0x0000002c23200000,0x0000002c23700000)]
  0x0000016947271800 JavaThread "C1 CompilerThread3" daemon [_thread_blocked, id=26704, stack(0x0000002c23100000,0x0000002c23200000)]
  0x0000016947396000 JavaThread "C2 CompilerThread2" daemon [_thread_blocked, id=21836, stack(0x0000002c23000000,0x0000002c23100000)]
  0x0000016947395000 JavaThread "C2 CompilerThread1" daemon [_thread_blocked, id=4248, stack(0x0000002c22f00000,0x0000002c23000000)]
  0x0000016945f3d000 JavaThread "C2 CompilerThread0" daemon [_thread_blocked, id=21056, stack(0x0000002c22e00000,0x0000002c22f00000)]
  0x0000016945f3c800 JavaThread "Attach Listener" daemon [_thread_blocked, id=9560, stack(0x0000002c22900000,0x0000002c22e00000)]
  0x000001693cddf000 JavaThread "Signal Dispatcher" daemon [_thread_blocked, id=2112, stack(0x0000002c22400000,0x0000002c22900000)]
  0x000001694ba5e000 JavaThread "Finalizer" daemon [_thread_blocked, id=25716, stack(0x0000002c21f00000,0x0000002c22400000)]
  0x000001694ba5d800 JavaThread "Reference Handler" daemon [_thread_blocked, id=8396, stack(0x0000002c21a00000,0x0000002c21f00000)]
  0x0000016947173800 JavaThread "main" [_thread_blocked, id=28336, stack(0x0000002c1ed00000,0x0000002c1ee00000)]

Other Threads:
  0x00000169473a8800 VMThread "VM Thread" [stack: 0x0000002c21900000,0x0000002c21a00000] [id=17012]
  0x00000169415ca800 WatcherThread [stack: 0x0000002c24100000,0x0000002c24200000] [id=23324]
  0x00000169445e4000 GCTaskThread "GC Thread#0" [stack: 0x0000002c20500000,0x0000002c20600000] [id=24312]
  0x000001694bc2b800 GCTaskThread "GC Thread#1" [stack: 0x0000002c20600000,0x0000002c20700000] [id=6068]
  0x000001694bc2a800 GCTaskThread "GC Thread#2" [stack: 0x0000002c20700000,0x0000002c20800000] [id=17312]
  0x000001694bc2d000 GCTaskThread "GC Thread#3" [stack: 0x0000002c20800000,0x0000002c20900000] [id=13520]
  0x000001694bc2c000 GCTaskThread "GC Thread#4" [stack: 0x0000002c20900000,0x0000002c20a00000] [id=5132]
  0x000001694bc2a000 GCTaskThread "GC Thread#5" [stack: 0x0000002c20a00000,0x0000002c20b00000] [id=28984]
  0x000001694bc2c800 GCTaskThread "GC Thread#6" [stack: 0x0000002c20b00000,0x0000002c20c00000] [id=17388]
  0x00000169445bc800 GCTaskThread "GC Thread#7" [stack: 0x0000002c20c00000,0x0000002c20d00000] [id=16944]
  0x0000016946d99800 ConcurrentGCThread "G1 Main Marker" [stack: 0x0000002c21600000,0x0000002c21700000] [id=29568]
  0x00000169445bd000 ConcurrentGCThread "G1 Marker#0" [stack: 0x0000002c21700000,0x0000002c21800000] [id=12236]
  0x00000169445bb800 ConcurrentGCThread "G1 Marker#1" [stack: 0x0000002c21800000,0x0000002c21900000] [id=3248]
  0x000001694bb85000 ConcurrentGCThread "G1 Refine#0" [stack: 0x0000002c21400000,0x0000002c21500000] [id=21064]
  0x00000169474dc000 ConcurrentGCThread "G1 Refine#1" [stack: 0x0000002c21300000,0x0000002c21400000] [id=29508]
  0x000001694bc7e800 ConcurrentGCThread "G1 Refine#2" [stack: 0x0000002c21200000,0x0000002c21300000] [id=13456]
  0x000001694bc7d800 ConcurrentGCThread "G1 Refine#3" [stack: 0x0000002c21100000,0x0000002c21200000] [id=28112]
  0x00000169479e8800 ConcurrentGCThread "G1 Refine#4" [stack: 0x0000002c21000000,0x0000002c21100000] [id=12624]
  0x000001694b197000 ConcurrentGCThread "G1 Refine#5" [stack: 0x0000002c20f00000,0x0000002c21000000] [id=22776]
  0x00000169443b7800 ConcurrentGCThread "G1 Refine#6" [stack: 0x0000002c20e00000,0x0000002c20f00000] [id=20984]
  0x00000169443b6800 ConcurrentGCThread "G1 Refine#7" [stack: 0x0000002c20d00000,0x0000002c20e00000] [id=24992]
  0x000001694bb85800 ConcurrentGCThread "G1 Young RemSet Sampling" [stack: 0x0000002c21500000,0x0000002c21600000] [id=23528]

Threads with active compile tasks:

VM state:not at safepoint (normal execution)

VM Mutex/Monitor currently owned by a thread: None

Heap address: 0x0000000700000000, size: 3072 MB, Compressed Oops mode: Zero based, Oop shift amount: 3
Narrow klass base: 0x0000000000000000, Narrow klass shift: 3
Compressed class space size: 1073741824 Address: 0x00000007c0000000

Heap:
 garbage-first heap   total 221184K, used 77200K [0x0000000700000000, 0x00000007001006c0, 0x00000007c0000000)
  region size 1024K, 12 young (12288K), 3 survivors (3072K)
 Metaspace       used 75485K, capacity 76959K, committed 81968K, reserved 1120256K
  class space    used 9668K, capacity 10016K, committed 11056K, reserved 1048576K
Heap Regions: E=young(eden), S=young(survivor), O=old, HS=humongous(starts), HC=humongous(continues), CS=collection set, F=free, A=archive, TS=gc time stamp, AC=allocation context, TAMS=top-at-mark-start (previous, next)
|   0|0x0000000700000000, 0x00000007000f7ec0, 0x0000000700100000| 96%| O|  |TS  0|AC  0|TAMS 0x0000000700000000, 0x0000000700000000|
|   1|0x0000000700100000, 0x0000000700200000, 0x0000000700200000|100%|HS|  |TS  0|AC  0|TAMS 0x0000000700100000, 0x0000000700100000|
|   2|0x0000000700200000, 0x0000000700300000, 0x0000000700300000|100%|HC|  |TS  0|AC  0|TAMS 0x0000000700200000, 0x0000000700200000|
|   3|0x0000000700300000, 0x0000000700400000, 0x0000000700400000|100%|HS|  |TS  0|AC  0|TAMS 0x0000000700300000, 0x0000000700300000|
|   4|0x0000000700400000, 0x00000007004f1f60, 0x0000000700500000| 94%| O|  |TS  0|AC  0|TAMS 0x0000000700400000, 0x0000000700400000|
|   5|0x0000000700500000, 0x00000007005dee78, 0x0000000700600000| 87%| O|  |TS  0|AC  0|TAMS 0x0000000700500000, 0x0000000700500000|
|   6|0x0000000700600000, 0x00000007006ffff0, 0x0000000700700000| 99%| O|  |TS  0|AC  0|TAMS 0x0000000700600000, 0x0000000700600000|
|   7|0x0000000700700000, 0x00000007007fffd8, 0x0000000700800000| 99%| O|  |TS  0|AC  0|TAMS 0x0000000700700000, 0x0000000700700000|
|   8|0x0000000700800000, 0x0000000700900000, 0x0000000700900000|100%| O|  |TS  0|AC  0|TAMS 0x0000000700800000, 0x0000000700800000|
|   9|0x0000000700900000, 0x00000007009ffff8, 0x0000000700a00000| 99%| O|  |TS  0|AC  0|TAMS 0x0000000700900000, 0x0000000700900000|
|  10|0x0000000700a00000, 0x0000000700aea7a8, 0x0000000700b00000| 91%| O|  |TS  0|AC  0|TAMS 0x0000000700a00000, 0x0000000700a00000|
|  11|0x0000000700b00000, 0x0000000700c00000, 0x0000000700c00000|100%|HS|  |TS  0|AC  0|TAMS 0x0000000700b00000, 0x0000000700b00000|
|  12|0x0000000700c00000, 0x0000000700d00000, 0x0000000700d00000|100%|HC|  |TS  0|AC  0|TAMS 0x0000000700c00000, 0x0000000700c00000|
|  13|0x0000000700d00000, 0x0000000700dffd60, 0x0000000700e00000| 99%| O|  |TS  0|AC  0|TAMS 0x0000000700d00000, 0x0000000700d00000|
|  14|0x0000000700e00000, 0x0000000700efd3b8, 0x0000000700f00000| 98%| O|  |TS  0|AC  0|TAMS 0x0000000700e00000, 0x0000000700e00000|
|  15|0x0000000700f00000, 0x0000000700ff7a58, 0x0000000701000000| 96%| O|  |TS  0|AC  0|TAMS 0x0000000700f00000, 0x0000000700f00000|
|  16|0x0000000701000000, 0x00000007010fc118, 0x0000000701100000| 98%| O|  |TS  0|AC  0|TAMS 0x0000000701000000, 0x0000000701000000|
|  17|0x0000000701100000, 0x00000007011fffe0, 0x0000000701200000| 99%| O|  |TS  0|AC  0|TAMS 0x0000000701100000, 0x0000000701100000|
|  18|0x0000000701200000, 0x00000007012fffa0, 0x0000000701300000| 99%| O|  |TS  0|AC  0|TAMS 0x0000000701200000, 0x0000000701200000|
|  19|0x0000000701300000, 0x00000007013ffff0, 0x0000000701400000| 99%| O|  |TS  0|AC  0|TAMS 0x0000000701300000, 0x0000000701300000|
|  20|0x0000000701400000, 0x00000007014fffd8, 0x0000000701500000| 99%| O|  |TS  0|AC  0|TAMS 0x0000000701400000, 0x0000000701400000|
|  21|0x0000000701500000, 0x00000007015fff38, 0x0000000701600000| 99%| O|  |TS  0|AC  0|TAMS 0x0000000701500000, 0x0000000701500000|
|  22|0x0000000701600000, 0x0000000701700000, 0x0000000701700000|100%|HS|  |TS  0|AC  0|TAMS 0x0000000701600000, 0x0000000701600000|
|  23|0x0000000701700000, 0x00000007017fffe0, 0x0000000701800000| 99%| O|  |TS  0|AC  0|TAMS 0x0000000701700000, 0x0000000701700000|
|  24|0x0000000701800000, 0x00000007018ffff8, 0x0000000701900000| 99%| O|  |TS  0|AC  0|TAMS 0x0000000701800000, 0x0000000701800000|
|  25|0x0000000701900000, 0x00000007019fffd0, 0x0000000701a00000| 99%| O|  |TS  0|AC  0|TAMS 0x0000000701900000, 0x0000000701900000|
|  26|0x0000000701a00000, 0x0000000701affff0, 0x0000000701b00000| 99%| O|  |TS  0|AC  0|TAMS 0x0000000701a00000, 0x0000000701a00000|
|  27|0x0000000701b00000, 0x0000000701c00000, 0x0000000701c00000|100%| O|  |TS  0|AC  0|TAMS 0x0000000701b00000, 0x0000000701b00000|
|  28|0x0000000701c00000, 0x0000000701cffdf8, 0x0000000701d00000| 99%| O|  |TS  0|AC  0|TAMS 0x0000000701c00000, 0x0000000701c00000|
|  29|0x0000000701d00000, 0x0000000701dfffc0, 0x0000000701e00000| 99%| O|  |TS  0|AC  0|TAMS 0x0000000701d00000, 0x0000000701d00000|
|  30|0x0000000701e00000, 0x0000000701f00000, 0x0000000701f00000|100%| O|  |TS  0|AC  0|TAMS 0x0000000701e00000, 0x0000000701e00000|
|  31|0x0000000701f00000, 0x0000000701fffff8, 0x0000000702000000| 99%| O|  |TS  0|AC  0|TAMS 0x0000000701f00000, 0x0000000701f00000|
|  32|0x0000000702000000, 0x0000000702100000, 0x0000000702100000|100%| O|  |TS  0|AC  0|TAMS 0x0000000702000000, 0x0000000702000000|
|  33|0x0000000702100000, 0x0000000702200000, 0x0000000702200000|100%| O|  |TS  0|AC  0|TAMS 0x0000000702100000, 0x0000000702100000|
|  34|0x0000000702200000, 0x00000007022ffff0, 0x0000000702300000| 99%| O|  |TS  0|AC  0|TAMS 0x0000000702200000, 0x0000000702200000|
|  35|0x0000000702300000, 0x00000007023fefd8, 0x0000000702400000| 99%| O|  |TS  0|AC  0|TAMS 0x0000000702300000, 0x0000000702300000|
|  36|0x0000000702400000, 0x00000007024ffee0, 0x0000000702500000| 99%| O|  |TS  0|AC  0|TAMS 0x0000000702400000, 0x0000000702400000|
|  37|0x0000000702500000, 0x0000000702600000, 0x0000000702600000|100%| O|  |TS  0|AC  0|TAMS 0x0000000702500000, 0x0000000702500000|
|  38|0x0000000702600000, 0x0000000702700000, 0x0000000702700000|100%| O|  |TS  0|AC  0|TAMS 0x0000000702600000, 0x0000000702600000|
|  39|0x0000000702700000, 0x00000007027ffec0, 0x0000000702800000| 99%| O|  |TS  0|AC  0|TAMS 0x0000000702700000, 0x0000000702700000|
|  40|0x0000000702800000, 0x00000007028ea200, 0x0000000702900000| 91%| O|  |TS  0|AC  0|TAMS 0x0000000702800000, 0x0000000702800000|
|  41|0x0000000702900000, 0x00000007029ae580, 0x0000000702a00000| 68%| O|  |TS  0|AC  0|TAMS 0x0000000702900000, 0x0000000702900000|
|  42|0x0000000702a00000, 0x0000000702afffd8, 0x0000000702b00000| 99%| O|  |TS  0|AC  0|TAMS 0x0000000702a00000, 0x0000000702a00000|
|  43|0x0000000702b00000, 0x0000000702bfff30, 0x0000000702c00000| 99%| O|  |TS  0|AC  0|TAMS 0x0000000702b00000, 0x0000000702b00000|
|  44|0x0000000702c00000, 0x0000000702cffff8, 0x0000000702d00000| 99%| O|  |TS  0|AC  0|TAMS 0x0000000702c00000, 0x0000000702c00000|
|  45|0x0000000702d00000, 0x0000000702dfffe8, 0x0000000702e00000| 99%| O|  |TS  0|AC  0|TAMS 0x0000000702d00000, 0x0000000702d00000|
|  46|0x0000000702e00000, 0x0000000702efffa0, 0x0000000702f00000| 99%| O|  |TS  0|AC  0|TAMS 0x0000000702e00000, 0x0000000702e00000|
|  47|0x0000000702f00000, 0x0000000703000000, 0x0000000703000000|100%| O|  |TS  0|AC  0|TAMS 0x0000000702f00000, 0x0000000702f00000|
|  48|0x0000000703000000, 0x0000000703100000, 0x0000000703100000|100%| O|  |TS  0|AC  0|TAMS 0x0000000703000000, 0x0000000703000000|
|  49|0x0000000703100000, 0x0000000703119988, 0x0000000703200000|  9%| O|  |TS  0|AC  0|TAMS 0x0000000703100000, 0x0000000703100000|
|  50|0x0000000703200000, 0x0000000703200000, 0x0000000703300000|  0%| F|  |TS  0|AC  0|TAMS 0x0000000703200000, 0x0000000703200000|
|  51|0x0000000703300000, 0x0000000703300000, 0x0000000703400000|  0%| F|  |TS  0|AC  0|TAMS 0x0000000703300000, 0x0000000703300000|
|  52|0x0000000703400000, 0x0000000703500000, 0x0000000703500000|100%|HS|  |TS  0|AC  0|TAMS 0x0000000703400000, 0x0000000703400000|
|  53|0x0000000703500000, 0x0000000703500000, 0x0000000703600000|  0%| F|  |TS  0|AC  0|TAMS 0x0000000703500000, 0x0000000703500000|
|  54|0x0000000703600000, 0x0000000703600000, 0x0000000703700000|  0%| F|  |TS  0|AC  0|TAMS 0x0000000703600000, 0x0000000703600000|
|  55|0x0000000703700000, 0x0000000703700000, 0x0000000703800000|  0%| F|  |TS  0|AC  0|TAMS 0x0000000703700000, 0x0000000703700000|
|  56|0x0000000703800000, 0x0000000703800000, 0x0000000703900000|  0%| F|  |TS  0|AC  0|TAMS 0x0000000703800000, 0x0000000703800000|
|  57|0x0000000703900000, 0x0000000703900000, 0x0000000703a00000|  0%| F|  |TS  0|AC  0|TAMS 0x0000000703900000, 0x0000000703900000|
|  58|0x0000000703a00000, 0x0000000703a00000, 0x0000000703b00000|  0%| F|  |TS  0|AC  0|TAMS 0x0000000703a00000, 0x0000000703a00000|
|  59|0x0000000703b00000, 0x0000000703c00000, 0x0000000703c00000|100%|HS|  |TS  0|AC  0|TAMS 0x0000000703b00000, 0x0000000703b00000|
|  60|0x0000000703c00000, 0x0000000703c00000, 0x0000000703d00000|  0%| F|  |TS  0|AC  0|TAMS 0x0000000703c00000, 0x0000000703c00000|
|  61|0x0000000703d00000, 0x0000000703d00000, 0x0000000703e00000|  0%| F|  |TS  0|AC  0|TAMS 0x0000000703d00000, 0x0000000703d00000|
|  62|0x0000000703e00000, 0x0000000703e00000, 0x0000000703f00000|  0%| F|  |TS  0|AC  0|TAMS 0x0000000703e00000, 0x0000000703e00000|
|  63|0x0000000703f00000, 0x0000000703f00000, 0x0000000704000000|  0%| F|  |TS  0|AC  0|TAMS 0x0000000703f00000, 0x0000000703f00000|
|  64|0x0000000704000000, 0x0000000704000000, 0x0000000704100000|  0%| F|  |TS  0|AC  0|TAMS 0x0000000704000000, 0x0000000704000000|
|  65|0x0000000704100000, 0x0000000704100000, 0x0000000704200000|  0%| F|  |TS  0|AC  0|TAMS 0x0000000704100000, 0x0000000704100000|
|  66|0x0000000704200000, 0x0000000704200000, 0x0000000704300000|  0%| F|  |TS  0|AC  0|TAMS 0x0000000704200000, 0x0000000704200000|
|  67|0x0000000704300000, 0x0000000704300000, 0x0000000704400000|  0%| F|  |TS  0|AC  0|TAMS 0x0000000704300000, 0x0000000704300000|
|  68|0x0000000704400000, 0x0000000704500000, 0x0000000704500000|100%|HS|  |TS  0|AC  0|TAMS 0x0000000704400000, 0x0000000704400000|
|  69|0x0000000704500000, 0x0000000704600000, 0x0000000704600000|100%|HC|  |TS  0|AC  0|TAMS 0x0000000704500000, 0x0000000704500000|
|  70|0x0000000704600000, 0x0000000704700000, 0x0000000704700000|100%|HC|  |TS  0|AC  0|TAMS 0x0000000704600000, 0x0000000704600000|
|  71|0x0000000704700000, 0x0000000704800000, 0x0000000704800000|100%|HC|  |TS  0|AC  0|TAMS 0x0000000704700000, 0x0000000704700000|
|  72|0x0000000704800000, 0x0000000704900000, 0x0000000704900000|100%|HC|  |TS  0|AC  0|TAMS 0x0000000704800000, 0x0000000704800000|
|  73|0x0000000704900000, 0x0000000704a00000, 0x0000000704a00000|100%|HC|  |TS  0|AC  0|TAMS 0x0000000704900000, 0x0000000704900000|
|  74|0x0000000704a00000, 0x0000000704b00000, 0x0000000704b00000|100%|HC|  |TS  0|AC  0|TAMS 0x0000000704a00000, 0x0000000704a00000|
|  75|0x0000000704b00000, 0x0000000704c00000, 0x0000000704c00000|100%|HC|  |TS  0|AC  0|TAMS 0x0000000704b00000, 0x0000000704b00000|
|  76|0x0000000704c00000, 0x0000000704d00000, 0x0000000704d00000|100%|HC|  |TS  0|AC  0|TAMS 0x0000000704c00000, 0x0000000704c00000|
|  77|0x0000000704d00000, 0x0000000704e00000, 0x0000000704e00000|100%|HC|  |TS  0|AC  0|TAMS 0x0000000704d00000, 0x0000000704d00000|
|  78|0x0000000704e00000, 0x0000000704f00000, 0x0000000704f00000|100%|HC|  |TS  0|AC  0|TAMS 0x0000000704e00000, 0x0000000704e00000|
|  79|0x0000000704f00000, 0x0000000705000000, 0x0000000705000000|100%|HC|  |TS  0|AC  0|TAMS 0x0000000704f00000, 0x0000000704f00000|
|  80|0x0000000705000000, 0x0000000705100000, 0x0000000705100000|100%|HC|  |TS  0|AC  0|TAMS 0x0000000705000000, 0x0000000705000000|
|  81|0x0000000705100000, 0x0000000705200000, 0x0000000705200000|100%|HC|  |TS  0|AC  0|TAMS 0x0000000705100000, 0x0000000705100000|
|  82|0x0000000705200000, 0x0000000705300000, 0x0000000705300000|100%|HC|  |TS  0|AC  0|TAMS 0x0000000705200000, 0x0000000705200000|
|  83|0x0000000705300000, 0x0000000705300000, 0x0000000705400000|  0%| F|  |TS  0|AC  0|TAMS 0x0000000705300000, 0x0000000705300000|
|  84|0x0000000705400000, 0x0000000705400000, 0x0000000705500000|  0%| F|  |TS  0|AC  0|TAMS 0x0000000705400000, 0x0000000705400000|
|  85|0x0000000705500000, 0x0000000705500000, 0x0000000705600000|  0%| F|  |TS  0|AC  0|TAMS 0x0000000705500000, 0x0000000705500000|
|  86|0x0000000705600000, 0x0000000705600000, 0x0000000705700000|  0%| F|  |TS  0|AC  0|TAMS 0x0000000705600000, 0x0000000705600000|
|  87|0x0000000705700000, 0x0000000705700000, 0x0000000705800000|  0%| F|  |TS  0|AC  0|TAMS 0x0000000705700000, 0x0000000705700000|
|  88|0x0000000705800000, 0x0000000705800000, 0x0000000705900000|  0%| F|  |TS  0|AC  0|TAMS 0x0000000705800000, 0x0000000705800000|
|  89|0x0000000705900000, 0x0000000705900000, 0x0000000705a00000|  0%| F|  |TS  0|AC  0|TAMS 0x0000000705900000, 0x0000000705900000|
|  90|0x0000000705a00000, 0x0000000705a00000, 0x0000000705b00000|  0%| F|  |TS  0|AC  0|TAMS 0x0000000705a00000, 0x0000000705a00000|
|  91|0x0000000705b00000, 0x0000000705b00000, 0x0000000705c00000|  0%| F|  |TS  0|AC  0|TAMS 0x0000000705b00000, 0x0000000705b00000|
|  92|0x0000000705c00000, 0x0000000705c00000, 0x0000000705d00000|  0%| F|  |TS  0|AC  0|TAMS 0x0000000705c00000, 0x0000000705c00000|
|  93|0x0000000705d00000, 0x0000000705d00000, 0x0000000705e00000|  0%| F|  |TS  0|AC  0|TAMS 0x0000000705d00000, 0x0000000705d00000|
|  94|0x0000000705e00000, 0x0000000705e00000, 0x0000000705f00000|  0%| F|  |TS  0|AC  0|TAMS 0x0000000705e00000, 0x0000000705e00000|
|  95|0x0000000705f00000, 0x0000000705f00000, 0x0000000706000000|  0%| F|  |TS  0|AC  0|TAMS 0x0000000705f00000, 0x0000000705f00000|
|  96|0x0000000706000000, 0x0000000706000000, 0x0000000706100000|  0%| F|  |TS  0|AC  0|TAMS 0x0000000706000000, 0x0000000706000000|
|  97|0x0000000706100000, 0x0000000706100000, 0x0000000706200000|  0%| F|  |TS  0|AC  0|TAMS 0x0000000706100000, 0x0000000706100000|
|  98|0x0000000706200000, 0x0000000706200000, 0x0000000706300000|  0%| F|  |TS  0|AC  0|TAMS 0x0000000706200000, 0x0000000706200000|
|  99|0x0000000706300000, 0x0000000706300000, 0x0000000706400000|  0%| F|  |TS  0|AC  0|TAMS 0x0000000706300000, 0x0000000706300000|
| 100|0x0000000706400000, 0x0000000706400000, 0x0000000706500000|  0%| F|  |TS  0|AC  0|TAMS 0x0000000706400000, 0x0000000706400000|
| 101|0x0000000706500000, 0x0000000706500000, 0x0000000706600000|  0%| F|  |TS  0|AC  0|TAMS 0x0000000706500000, 0x0000000706500000|
| 102|0x0000000706600000, 0x0000000706600000, 0x0000000706700000|  0%| F|  |TS  0|AC  0|TAMS 0x0000000706600000, 0x0000000706600000|
| 103|0x0000000706700000, 0x0000000706700000, 0x0000000706800000|  0%| F|  |TS  0|AC  0|TAMS 0x0000000706700000, 0x0000000706700000|
| 104|0x0000000706800000, 0x0000000706800000, 0x0000000706900000|  0%| F|  |TS  0|AC  0|TAMS 0x0000000706800000, 0x0000000706800000|
| 105|0x0000000706900000, 0x0000000706900000, 0x0000000706a00000|  0%| F|  |TS  0|AC  0|TAMS 0x0000000706900000, 0x0000000706900000|
| 106|0x0000000706a00000, 0x0000000706a00000, 0x0000000706b00000|  0%| F|  |TS  0|AC  0|TAMS 0x0000000706a00000, 0x0000000706a00000|
| 107|0x0000000706b00000, 0x0000000706b00000, 0x0000000706c00000|  0%| F|  |TS  0|AC  0|TAMS 0x0000000706b00000, 0x0000000706b00000|
| 108|0x0000000706c00000, 0x0000000706c00000, 0x0000000706d00000|  0%| F|  |TS  0|AC  0|TAMS 0x0000000706c00000, 0x0000000706c00000|
| 109|0x0000000706d00000, 0x0000000706d00000, 0x0000000706e00000|  0%| F|  |TS  0|AC  0|TAMS 0x0000000706d00000, 0x0000000706d00000|
| 110|0x0000000706e00000, 0x0000000706e00000, 0x0000000706f00000|  0%| F|  |TS  0|AC  0|TAMS 0x0000000706e00000, 0x0000000706e00000|
| 111|0x0000000706f00000, 0x0000000706f00000, 0x0000000707000000|  0%| F|  |TS  0|AC  0|TAMS 0x0000000706f00000, 0x0000000706f00000|
| 112|0x0000000707000000, 0x0000000707000000, 0x0000000707100000|  0%| F|  |TS  0|AC  0|TAMS 0x0000000707000000, 0x0000000707000000|
| 113|0x0000000707100000, 0x0000000707100000, 0x0000000707200000|  0%| F|  |TS  0|AC  0|TAMS 0x0000000707100000, 0x0000000707100000|
| 114|0x0000000707200000, 0x0000000707200000, 0x0000000707300000|  0%| F|  |TS  0|AC  0|TAMS 0x0000000707200000, 0x0000000707200000|
| 115|0x0000000707300000, 0x0000000707300000, 0x0000000707400000|  0%| F|  |TS  0|AC  0|TAMS 0x0000000707300000, 0x0000000707300000|
| 116|0x0000000707400000, 0x0000000707400000, 0x0000000707500000|  0%| F|  |TS  0|AC  0|TAMS 0x0000000707400000, 0x0000000707400000|
| 117|0x0000000707500000, 0x0000000707500000, 0x0000000707600000|  0%| F|  |TS  0|AC  0|TAMS 0x0000000707500000, 0x0000000707500000|
| 118|0x0000000707600000, 0x0000000707600000, 0x0000000707700000|  0%| F|  |TS  0|AC  0|TAMS 0x0000000707600000, 0x0000000707600000|
| 119|0x0000000707700000, 0x0000000707700000, 0x0000000707800000|  0%| F|  |TS  0|AC  0|TAMS 0x0000000707700000, 0x0000000707700000|
| 120|0x0000000707800000, 0x0000000707800000, 0x0000000707900000|  0%| F|  |TS  0|AC  0|TAMS 0x0000000707800000, 0x0000000707800000|
| 121|0x0000000707900000, 0x0000000707900000, 0x0000000707a00000|  0%| F|  |TS  0|AC  0|TAMS 0x0000000707900000, 0x0000000707900000|
| 122|0x0000000707a00000, 0x0000000707a00000, 0x0000000707b00000|  0%| F|  |TS  0|AC  0|TAMS 0x0000000707a00000, 0x0000000707a00000|
| 123|0x0000000707b00000, 0x0000000707b00000, 0x0000000707c00000|  0%| F|  |TS  0|AC  0|TAMS 0x0000000707b00000, 0x0000000707b00000|
| 124|0x0000000707c00000, 0x0000000707c00000, 0x0000000707d00000|  0%| F|  |TS  0|AC  0|TAMS 0x0000000707c00000, 0x0000000707c00000|
| 125|0x0000000707d00000, 0x0000000707d00000, 0x0000000707e00000|  0%| F|  |TS  0|AC  0|TAMS 0x0000000707d00000, 0x0000000707d00000|
| 126|0x0000000707e00000, 0x0000000707e00000, 0x0000000707f00000|  0%| F|  |TS  0|AC  0|TAMS 0x0000000707e00000, 0x0000000707e00000|
| 127|0x0000000707f00000, 0x0000000707f00000, 0x0000000708000000|  0%| F|  |TS  0|AC  0|TAMS 0x0000000707f00000, 0x0000000707f00000|
| 128|0x0000000708000000, 0x0000000708000000, 0x0000000708100000|  0%| F|  |TS  0|AC  0|TAMS 0x0000000708000000, 0x0000000708000000|
| 129|0x0000000708100000, 0x0000000708100000, 0x0000000708200000|  0%| F|  |TS  0|AC  0|TAMS 0x0000000708100000, 0x0000000708100000|
| 130|0x0000000708200000, 0x0000000708200000, 0x0000000708300000|  0%| F|  |TS  0|AC  0|TAMS 0x0000000708200000, 0x0000000708200000|
| 131|0x0000000708300000, 0x0000000708300000, 0x0000000708400000|  0%| F|  |TS  0|AC  0|TAMS 0x0000000708300000, 0x0000000708300000|
| 132|0x0000000708400000, 0x0000000708400000, 0x0000000708500000|  0%| F|  |TS  0|AC  0|TAMS 0x0000000708400000, 0x0000000708400000|
| 133|0x0000000708500000, 0x0000000708500000, 0x0000000708600000|  0%| F|  |TS  0|AC  0|TAMS 0x0000000708500000, 0x0000000708500000|
| 134|0x0000000708600000, 0x0000000708600000, 0x0000000708700000|  0%| F|  |TS  0|AC  0|TAMS 0x0000000708600000, 0x0000000708600000|
| 135|0x0000000708700000, 0x0000000708700000, 0x0000000708800000|  0%| F|  |TS  0|AC  0|TAMS 0x0000000708700000, 0x0000000708700000|
| 136|0x0000000708800000, 0x0000000708800000, 0x0000000708900000|  0%| F|  |TS  0|AC  0|TAMS 0x0000000708800000, 0x0000000708800000|
| 137|0x0000000708900000, 0x0000000708900000, 0x0000000708a00000|  0%| F|  |TS  0|AC  0|TAMS 0x0000000708900000, 0x0000000708900000|
| 138|0x0000000708a00000, 0x0000000708a00000, 0x0000000708b00000|  0%| F|  |TS  0|AC  0|TAMS 0x0000000708a00000, 0x0000000708a00000|
| 139|0x0000000708b00000, 0x0000000708b00000, 0x0000000708c00000|  0%| F|  |TS  0|AC  0|TAMS 0x0000000708b00000, 0x0000000708b00000|
| 140|0x0000000708c00000, 0x0000000708c00000, 0x0000000708d00000|  0%| F|  |TS  0|AC  0|TAMS 0x0000000708c00000, 0x0000000708c00000|
| 141|0x0000000708d00000, 0x0000000708d00000, 0x0000000708e00000|  0%| F|  |TS  0|AC  0|TAMS 0x0000000708d00000, 0x0000000708d00000|
| 142|0x0000000708e00000, 0x0000000708e00000, 0x0000000708f00000|  0%| F|  |TS  0|AC  0|TAMS 0x0000000708e00000, 0x0000000708e00000|
| 143|0x0000000708f00000, 0x0000000708f00000, 0x0000000709000000|  0%| F|  |TS  0|AC  0|TAMS 0x0000000708f00000, 0x0000000708f00000|
| 144|0x0000000709000000, 0x0000000709000000, 0x0000000709100000|  0%| F|  |TS  0|AC  0|TAMS 0x0000000709000000, 0x0000000709000000|
| 145|0x0000000709100000, 0x0000000709100000, 0x0000000709200000|  0%| F|  |TS  0|AC  0|TAMS 0x0000000709100000, 0x0000000709100000|
| 146|0x0000000709200000, 0x0000000709200000, 0x0000000709300000|  0%| F|  |TS  0|AC  0|TAMS 0x0000000709200000, 0x0000000709200000|
| 147|0x0000000709300000, 0x0000000709300000, 0x0000000709400000|  0%| F|  |TS  0|AC  0|TAMS 0x0000000709300000, 0x0000000709300000|
| 148|0x0000000709400000, 0x0000000709400000, 0x0000000709500000|  0%| F|  |TS  0|AC  0|TAMS 0x0000000709400000, 0x0000000709400000|
| 149|0x0000000709500000, 0x0000000709500000, 0x0000000709600000|  0%| F|  |TS  0|AC  0|TAMS 0x0000000709500000, 0x0000000709500000|
| 150|0x0000000709600000, 0x0000000709600000, 0x0000000709700000|  0%| F|  |TS  0|AC  0|TAMS 0x0000000709600000, 0x0000000709600000|
| 151|0x0000000709700000, 0x0000000709700000, 0x0000000709800000|  0%| F|  |TS  0|AC  0|TAMS 0x0000000709700000, 0x0000000709700000|
| 152|0x0000000709800000, 0x0000000709800000, 0x0000000709900000|  0%| F|  |TS  0|AC  0|TAMS 0x0000000709800000, 0x0000000709800000|
| 153|0x0000000709900000, 0x000000070990faa0, 0x0000000709a00000|  6%| S|CS|TS  7|AC  0|TAMS 0x0000000709900000, 0x0000000709900000|
| 154|0x0000000709a00000, 0x0000000709a00000, 0x0000000709b00000|  0%| F|  |TS  7|AC  0|TAMS 0x0000000709a00000, 0x0000000709a00000|
| 155|0x0000000709b00000, 0x0000000709b00000, 0x0000000709c00000|  0%| F|  |TS  7|AC  0|TAMS 0x0000000709b00000, 0x0000000709b00000|
| 156|0x0000000709c00000, 0x0000000709d00000, 0x0000000709d00000|100%| S|CS|TS  7|AC  0|TAMS 0x0000000709c00000, 0x0000000709c00000|
| 157|0x0000000709d00000, 0x0000000709e00000, 0x0000000709e00000|100%| S|CS|TS  7|AC  0|TAMS 0x0000000709d00000, 0x0000000709d00000|
| 158|0x0000000709e00000, 0x0000000709e00000, 0x0000000709f00000|  0%| F|  |TS  7|AC  0|TAMS 0x0000000709e00000, 0x0000000709e00000|
| 159|0x0000000709f00000, 0x0000000709f00000, 0x000000070a000000|  0%| F|  |TS  7|AC  0|TAMS 0x0000000709f00000, 0x0000000709f00000|
| 160|0x000000070a000000, 0x000000070a000000, 0x000000070a100000|  0%| F|  |TS  7|AC  0|TAMS 0x000000070a000000, 0x000000070a000000|
| 161|0x000000070a100000, 0x000000070a100000, 0x000000070a200000|  0%| F|  |TS  7|AC  0|TAMS 0x000000070a100000, 0x000000070a100000|
| 162|0x000000070a200000, 0x000000070a200000, 0x000000070a300000|  0%| F|  |TS  7|AC  0|TAMS 0x000000070a200000, 0x000000070a200000|
| 163|0x000000070a300000, 0x000000070a300000, 0x000000070a400000|  0%| F|  |TS  7|AC  0|TAMS 0x000000070a300000, 0x000000070a300000|
| 164|0x000000070a400000, 0x000000070a400000, 0x000000070a500000|  0%| F|  |TS  7|AC  0|TAMS 0x000000070a400000, 0x000000070a400000|
| 165|0x000000070a500000, 0x000000070a500000, 0x000000070a600000|  0%| F|  |TS  7|AC  0|TAMS 0x000000070a500000, 0x000000070a500000|
| 166|0x000000070a600000, 0x000000070a600000, 0x000000070a700000|  0%| F|  |TS  7|AC  0|TAMS 0x000000070a600000, 0x000000070a600000|
| 167|0x000000070a700000, 0x000000070a700000, 0x000000070a800000|  0%| F|  |TS  7|AC  0|TAMS 0x000000070a700000, 0x000000070a700000|
| 168|0x000000070a800000, 0x000000070a800000, 0x000000070a900000|  0%| F|  |TS  7|AC  0|TAMS 0x000000070a800000, 0x000000070a800000|
| 169|0x000000070a900000, 0x000000070a900000, 0x000000070aa00000|  0%| F|  |TS  7|AC  0|TAMS 0x000000070a900000, 0x000000070a900000|
| 170|0x000000070aa00000, 0x000000070aa00000, 0x000000070ab00000|  0%| F|  |TS  7|AC  0|TAMS 0x000000070aa00000, 0x000000070aa00000|
| 171|0x000000070ab00000, 0x000000070ab00000, 0x000000070ac00000|  0%| F|  |TS  7|AC  0|TAMS 0x000000070ab00000, 0x000000070ab00000|
| 172|0x000000070ac00000, 0x000000070ac00000, 0x000000070ad00000|  0%| F|  |TS  7|AC  0|TAMS 0x000000070ac00000, 0x000000070ac00000|
| 173|0x000000070ad00000, 0x000000070ad00000, 0x000000070ae00000|  0%| F|  |TS  7|AC  0|TAMS 0x000000070ad00000, 0x000000070ad00000|
| 174|0x000000070ae00000, 0x000000070ae00000, 0x000000070af00000|  0%| F|  |TS  7|AC  0|TAMS 0x000000070ae00000, 0x000000070ae00000|
| 175|0x000000070af00000, 0x000000070af00000, 0x000000070b000000|  0%| F|  |TS  7|AC  0|TAMS 0x000000070af00000, 0x000000070af00000|
| 176|0x000000070b000000, 0x000000070b000000, 0x000000070b100000|  0%| F|  |TS  7|AC  0|TAMS 0x000000070b000000, 0x000000070b000000|
| 177|0x000000070b100000, 0x000000070b100000, 0x000000070b200000|  0%| F|  |TS  7|AC  0|TAMS 0x000000070b100000, 0x000000070b100000|
| 178|0x000000070b200000, 0x000000070b200000, 0x000000070b300000|  0%| F|  |TS  7|AC  0|TAMS 0x000000070b200000, 0x000000070b200000|
| 179|0x000000070b300000, 0x000000070b300000, 0x000000070b400000|  0%| F|  |TS  7|AC  0|TAMS 0x000000070b300000, 0x000000070b300000|
| 180|0x000000070b400000, 0x000000070b400000, 0x000000070b500000|  0%| F|  |TS  7|AC  0|TAMS 0x000000070b400000, 0x000000070b400000|
| 181|0x000000070b500000, 0x000000070b500000, 0x000000070b600000|  0%| F|  |TS  7|AC  0|TAMS 0x000000070b500000, 0x000000070b500000|
| 182|0x000000070b600000, 0x000000070b600000, 0x000000070b700000|  0%| F|  |TS  7|AC  0|TAMS 0x000000070b600000, 0x000000070b600000|
| 183|0x000000070b700000, 0x000000070b700000, 0x000000070b800000|  0%| F|  |TS  7|AC  0|TAMS 0x000000070b700000, 0x000000070b700000|
| 184|0x000000070b800000, 0x000000070b800000, 0x000000070b900000|  0%| F|  |TS  7|AC  0|TAMS 0x000000070b800000, 0x000000070b800000|
| 185|0x000000070b900000, 0x000000070b900000, 0x000000070ba00000|  0%| F|  |TS  7|AC  0|TAMS 0x000000070b900000, 0x000000070b900000|
| 186|0x000000070ba00000, 0x000000070ba00000, 0x000000070bb00000|  0%| F|  |TS  7|AC  0|TAMS 0x000000070ba00000, 0x000000070ba00000|
| 187|0x000000070bb00000, 0x000000070bb00000, 0x000000070bc00000|  0%| F|  |TS  7|AC  0|TAMS 0x000000070bb00000, 0x000000070bb00000|
| 188|0x000000070bc00000, 0x000000070bc00000, 0x000000070bd00000|  0%| F|  |TS  7|AC  0|TAMS 0x000000070bc00000, 0x000000070bc00000|
| 189|0x000000070bd00000, 0x000000070bd00000, 0x000000070be00000|  0%| F|  |TS  7|AC  0|TAMS 0x000000070bd00000, 0x000000070bd00000|
| 190|0x000000070be00000, 0x000000070be00000, 0x000000070bf00000|  0%| F|  |TS  7|AC  0|TAMS 0x000000070be00000, 0x000000070be00000|
| 191|0x000000070bf00000, 0x000000070bf00000, 0x000000070c000000|  0%| F|  |TS  7|AC  0|TAMS 0x000000070bf00000, 0x000000070bf00000|
| 192|0x000000070c000000, 0x000000070c000000, 0x000000070c100000|  0%| F|  |TS  7|AC  0|TAMS 0x000000070c000000, 0x000000070c000000|
| 193|0x000000070c100000, 0x000000070c100000, 0x000000070c200000|  0%| F|  |TS  7|AC  0|TAMS 0x000000070c100000, 0x000000070c100000|
| 194|0x000000070c200000, 0x000000070c200000, 0x000000070c300000|  0%| F|  |TS  7|AC  0|TAMS 0x000000070c200000, 0x000000070c200000|
| 195|0x000000070c300000, 0x000000070c300000, 0x000000070c400000|  0%| F|  |TS  7|AC  0|TAMS 0x000000070c300000, 0x000000070c300000|
| 196|0x000000070c400000, 0x000000070c400000, 0x000000070c500000|  0%| F|  |TS  7|AC  0|TAMS 0x000000070c400000, 0x000000070c400000|
| 197|0x000000070c500000, 0x000000070c500000, 0x000000070c600000|  0%| F|  |TS  7|AC  0|TAMS 0x000000070c500000, 0x000000070c500000|
| 198|0x000000070c600000, 0x000000070c600000, 0x000000070c700000|  0%| F|  |TS  7|AC  0|TAMS 0x000000070c600000, 0x000000070c600000|
| 199|0x000000070c700000, 0x000000070c700000, 0x000000070c800000|  0%| F|  |TS  7|AC  0|TAMS 0x000000070c700000, 0x000000070c700000|
| 200|0x000000070c800000, 0x000000070c800000, 0x000000070c900000|  0%| F|  |TS  7|AC  0|TAMS 0x000000070c800000, 0x000000070c800000|
| 201|0x000000070c900000, 0x000000070c900000, 0x000000070ca00000|  0%| F|  |TS  7|AC  0|TAMS 0x000000070c900000, 0x000000070c900000|
| 202|0x000000070ca00000, 0x000000070ca00000, 0x000000070cb00000|  0%| F|  |TS  7|AC  0|TAMS 0x000000070ca00000, 0x000000070ca00000|
| 203|0x000000070cb00000, 0x000000070cb00000, 0x000000070cc00000|  0%| F|  |TS  7|AC  0|TAMS 0x000000070cb00000, 0x000000070cb00000|
| 204|0x000000070cc00000, 0x000000070cc00000, 0x000000070cd00000|  0%| F|  |TS  7|AC  0|TAMS 0x000000070cc00000, 0x000000070cc00000|
| 205|0x000000070cd00000, 0x000000070cd00000, 0x000000070ce00000|  0%| F|  |TS  7|AC  0|TAMS 0x000000070cd00000, 0x000000070cd00000|
| 206|0x000000070ce00000, 0x000000070ce00000, 0x000000070cf00000|  0%| F|  |TS  7|AC  0|TAMS 0x000000070ce00000, 0x000000070ce00000|
| 207|0x000000070cf00000, 0x000000070cfdf328, 0x000000070d000000| 87%| E|  |TS  7|AC  0|TAMS 0x000000070cf00000, 0x000000070cf00000|
| 208|0x000000070d000000, 0x000000070d100000, 0x000000070d100000|100%| E|CS|TS  7|AC  0|TAMS 0x000000070d000000, 0x000000070d000000|
| 209|0x000000070d100000, 0x000000070d200000, 0x000000070d200000|100%| E|CS|TS  7|AC  0|TAMS 0x000000070d100000, 0x000000070d100000|
| 210|0x000000070d200000, 0x000000070d300000, 0x000000070d300000|100%| E|CS|TS  7|AC  0|TAMS 0x000000070d200000, 0x000000070d200000|
| 211|0x000000070d300000, 0x000000070d400000, 0x000000070d400000|100%| E|CS|TS  7|AC  0|TAMS 0x000000070d300000, 0x000000070d300000|
| 212|0x000000070d400000, 0x000000070d500000, 0x000000070d500000|100%| E|CS|TS  7|AC  0|TAMS 0x000000070d400000, 0x000000070d400000|
| 213|0x000000070d500000, 0x000000070d600000, 0x000000070d600000|100%| E|CS|TS  7|AC  0|TAMS 0x000000070d500000, 0x000000070d500000|
| 214|0x000000070d600000, 0x000000070d700000, 0x000000070d700000|100%| E|CS|TS  7|AC  0|TAMS 0x000000070d600000, 0x000000070d600000|
| 215|0x000000070d700000, 0x000000070d800000, 0x000000070d800000|100%| E|CS|TS  7|AC  0|TAMS 0x000000070d700000, 0x000000070d700000|

Card table byte_map: [0x00000169485f0000,0x0000016948bf0000] byte_map_base: 0x0000016944df0000

Marking Bits (Prev, Next): (CMBitMap*) 0x00000169474dc9d0, (CMBitMap*) 0x00000169474dca08
 Prev Bits: [0x00000169617f0000, 0x00000169647f0000)
 Next Bits: [0x00000169647f0000, 0x00000169677f0000)

Polling page: 0x000001693d050000

CodeHeap 'non-profiled nmethods': size=120000Kb used=18695Kb max_used=18695Kb free=101304Kb
 bounds [0x000001695a2c0000, 0x000001695b510000, 0x00000169617f0000]
CodeHeap 'profiled nmethods': size=120000Kb used=33141Kb max_used=39820Kb free=86858Kb
 bounds [0x0000016952d90000, 0x00000169554e0000, 0x000001695a2c0000]
CodeHeap 'non-nmethods': size=5760Kb used=1735Kb max_used=1781Kb free=4024Kb
 bounds [0x00000169527f0000, 0x0000016952a60000, 0x0000016952d90000]
 total_blobs=28082 nmethods=14525 adapters=1057
 compilation: enabled

Compilation events (10 events):
Event: 44094.338 Thread 0x0000016945f3d000 19089   !   4       javax.swing.plaf.basic.BasicSplitPaneUI$BasicHorizontalLayoutManager::layoutContainer (510 bytes)
Event: 44094.357 Thread 0x0000016945f3d000 nmethod 19089 0x000001695b4feb10 code [0x000001695b4fed60, 0x000001695b4ff9f8]
Event: 44205.203 Thread 0x0000016947271800 19090       3       java.awt.Container::updateGraphicsData (59 bytes)
Event: 44205.204 Thread 0x0000016947271800 nmethod 19090 0x00000169539aee90 code [0x00000169539af0e0, 0x00000169539afa70]
Event: 44205.204 Thread 0x0000016947271800 19091       3       java.awt.Component::updateGraphicsData (38 bytes)
Event: 44205.204 Thread 0x0000016947271800 nmethod 19091 0x0000016953977010 code [0x0000016953977200, 0x0000016953977830]
Event: 44205.204 Thread 0x0000016947271800 19092       1       sun.awt.NullComponentPeer::updateGraphicsData (2 bytes)
Event: 44205.204 Thread 0x0000016947271800 nmethod 19092 0x000001695b500f90 code [0x000001695b501140, 0x000001695b501258]
Event: 44288.326 Thread 0x0000016947396000 19093       4       java.lang.Thread::init (214 bytes)
Event: 44288.340 Thread 0x0000016947396000 nmethod 19093 0x000001695b501310 code [0x000001695b501520, 0x000001695b502608]

GC Heap History (10 events):
Event: 44011.055 GC heap before
{Heap before GC invocations=288 (full 10):
 garbage-first heap   total 221184K, used 113061K [0x0000000700000000, 0x00000007001006c0, 0x00000007c0000000)
  region size 1024K, 46 young (47104K), 2 survivors (2048K)
 Metaspace       used 75477K, capacity 76895K, committed 81968K, reserved 1120256K
  class space    used 9667K, capacity 10016K, committed 11056K, reserved 1048576K
}
Event: 44011.159 GC heap after
{Heap after GC invocations=289 (full 11):
 garbage-first heap   total 221184K, used 66898K [0x0000000700000000, 0x00000007001006c0, 0x00000007c0000000)
  region size 1024K, 0 young (0K), 0 survivors (0K)
 Metaspace       used 75477K, capacity 76895K, committed 81968K, reserved 1120256K
  class space    used 9667K, capacity 10016K, committed 11056K, reserved 1048576K
}
Event: 44048.603 GC heap before
{Heap before GC invocations=289 (full 11):
 garbage-first heap   total 221184K, used 128338K [0x0000000700000000, 0x00000007001006c0, 0x00000007c0000000)
  region size 1024K, 60 young (61440K), 0 survivors (0K)
 Metaspace       used 75479K, capacity 76895K, committed 81968K, reserved 1120256K
  class space    used 9667K, capacity 10016K, committed 11056K, reserved 1048576K
}
Event: 44048.604 GC heap after
{Heap after GC invocations=290 (full 11):
 garbage-first heap   total 221184K, used 67803K [0x0000000700000000, 0x00000007001006c0, 0x00000007c0000000)
  region size 1024K, 1 young (1024K), 1 survivors (1024K)
 Metaspace       used 75479K, capacity 76895K, committed 81968K, reserved 1120256K
  class space    used 9667K, capacity 10016K, committed 11056K, reserved 1048576K
}
Event: 44050.624 GC heap before
{Heap before GC invocations=290 (full 11):
 garbage-first heap   total 221184K, used 128219K [0x0000000700000000, 0x00000007001006c0, 0x00000007c0000000)
  region size 1024K, 60 young (61440K), 1 survivors (1024K)
 Metaspace       used 75479K, capacity 76895K, committed 81968K, reserved 1120256K
  class space    used 9667K, capacity 10016K, committed 11056K, reserved 1048576K
}
Event: 44050.626 GC heap after
{Heap after GC invocations=291 (full 11):
 garbage-first heap   total 221184K, used 67621K [0x0000000700000000, 0x00000007001006c0, 0x00000007c0000000)
  region size 1024K, 1 young (1024K), 1 survivors (1024K)
 Metaspace       used 75479K, capacity 76895K, committed 81968K, reserved 1120256K
  class space    used 9667K, capacity 10016K, committed 11056K, reserved 1048576K
}
Event: 44193.933 GC heap before
{Heap before GC invocations=291 (full 11):
 garbage-first heap   total 221184K, used 128037K [0x0000000700000000, 0x00000007001006c0, 0x00000007c0000000)
  region size 1024K, 60 young (61440K), 1 survivors (1024K)
 Metaspace       used 75480K, capacity 76895K, committed 81968K, reserved 1120256K
  class space    used 9667K, capacity 10016K, committed 11056K, reserved 1048576K
}
Event: 44193.937 GC heap after
{Heap after GC invocations=292 (full 11):
 garbage-first heap   total 221184K, used 68419K [0x0000000700000000, 0x00000007001006c0, 0x00000007c0000000)
  region size 1024K, 2 young (2048K), 2 survivors (2048K)
 Metaspace       used 75480K, capacity 76895K, committed 81968K, reserved 1120256K
  class space    used 9667K, capacity 10016K, committed 11056K, reserved 1048576K
}
Event: 44457.056 GC heap before
{Heap before GC invocations=292 (full 11):
 garbage-first heap   total 221184K, used 127811K [0x0000000700000000, 0x00000007001006c0, 0x00000007c0000000)
  region size 1024K, 60 young (61440K), 2 survivors (2048K)
 Metaspace       used 75485K, capacity 76959K, committed 81968K, reserved 1120256K
  class space    used 9668K, capacity 10016K, committed 11056K, reserved 1048576K
}
Event: 44457.065 GC heap after
{Heap after GC invocations=293 (full 11):
 garbage-first heap   total 221184K, used 69008K [0x0000000700000000, 0x00000007001006c0, 0x00000007c0000000)
  region size 1024K, 3 young (3072K), 3 survivors (3072K)
 Metaspace       used 75485K, capacity 76959K, committed 81968K, reserved 1120256K
  class space    used 9668K, capacity 10016K, committed 11056K, reserved 1048576K
}

Deoptimization events (10 events):
Event: 39412.218 Thread 0x000001696cfe2000 Uncommon trap: reason=unstable_if action=reinterpret pc=0x000001695ae44684 method=java.lang.Thread.getContextClassLoader()Ljava/lang/ClassLoader; @ 4 c2
Event: 39412.218 Thread 0x000001696cfe2000 Uncommon trap: reason=unstable_if action=reinterpret pc=0x000001695aa40ab4 method=java.security.AccessControlContext.optimize()Ljava/security/AccessControlContext; @ 49 c2
Event: 41451.229 Thread 0x000001696a22b800 Uncommon trap: reason=class_check action=maybe_recompile pc=0x000001695aafa008 method=ui.views.x.b.q.b(Lui/views/x/b/al;)I @ 39 c2
Event: 41451.229 Thread 0x000001696a22b800 Uncommon trap: reason=class_check action=maybe_recompile pc=0x000001695aafa008 method=ui.views.x.b.q.b(Lui/views/x/b/al;)I @ 39 c2
Event: 41451.229 Thread 0x000001696a22b800 Uncommon trap: reason=class_check action=maybe_recompile pc=0x000001695aafa008 method=ui.views.x.b.q.b(Lui/views/x/b/al;)I @ 39 c2
Event: 41451.229 Thread 0x000001696a22b800 Uncommon trap: reason=class_check action=maybe_recompile pc=0x000001695aafa008 method=ui.views.x.b.q.b(Lui/views/x/b/al;)I @ 39 c2
Event: 41451.231 Thread 0x000001696a22b800 Uncommon trap: reason=class_check action=maybe_recompile pc=0x000001695b4c8370 method=ui.views.x.b.q.b(Lui/views/x/b/al;)I @ 39 c2
Event: 44205.203 Thread 0x000001696a22b800 Uncommon trap: reason=unstable_if action=reinterpret pc=0x000001695a6f40bc method=java.awt.Component.updateGraphicsData(Ljava/awt/GraphicsConfiguration;)Z @ 25 c2
Event: 44205.203 Thread 0x000001696a22b800 Uncommon trap: reason=unstable_if action=reinterpret pc=0x000001695a6f4944 method=java.awt.Component.updateGraphicsData(Ljava/awt/GraphicsConfiguration;)Z @ 25 c2
Event: 44205.259 Thread 0x000001696a22b800 Uncommon trap: reason=unstable_if action=reinterpret pc=0x000001695a395dbc method=java.util.HashMap$HashIterator.<init>(Ljava/util/HashMap;)V @ 45 c2

Classes redefined (0 events):
No events

Internal exceptions (10 events):
Event: 36751.336 Thread 0x000001696cfe3000 Exception <a 'java/lang/NoSuchMethodError'{0x000000070cd12d40}: java.lang.invoke.DelegatingMethodHandle$Holder.reinvoke_L(Ljava/lang/Object;IILjava/lang/Object;JJ)Ljava/lang/Object;> (0x000000070cd12d40) thrown at [t:/workspace/hotspot/src/share/vm/interp
Event: 36751.337 Thread 0x000001696cfe3000 Exception <a 'java/lang/NoSuchMethodError'{0x000000070cd34578}: method resolution failed> (0x000000070cd34578) thrown at [t:/workspace/hotspot/src/share/vm/prims/methodHandles.cpp, line 1256]
Event: 39395.027 Thread 0x000001696a22b800 Implicit null exception at 0x000001695a36c4e3 to 0x000001695a36ce81
Event: 39395.029 Thread 0x000001696a22b800 Implicit null exception at 0x000001695ae06e55 to 0x000001695ae09ed5
Event: 39397.146 Thread 0x000001696cfe6800 Exception <a 'java/lang/InterruptedException'{0x000000070bf00d70}: sleep interrupted> (0x000000070bf00d70) thrown at [t:/workspace/hotspot/src/share/vm/prims/jvm.cpp, line 2984]
Event: 39412.218 Thread 0x000001696cfe2000 Implicit null exception at 0x000001695aa40573 to 0x000001695aa40a9d
Event: 39415.297 Thread 0x000001696cfe6800 Exception <a 'java/lang/InterruptedException'{0x000000070d681238}: sleep interrupted> (0x000000070d681238) thrown at [t:/workspace/hotspot/src/share/vm/prims/jvm.cpp, line 2984]
Event: 41451.230 Thread 0x000001696a22b800 Exception <a 'java/lang/NoSuchMethodError'{0x000000070d3ac498}: java.lang.invoke.DirectMethodHandle$Holder.invokeSpecial(Ljava/lang/Object;Ljava/lang/Object;IILjava/lang/Object;Ljava/lang/Object;ILjava/lang/Object;)Ljava/lang/Object;> (0x000000070d3ac498)
Event: 41451.230 Thread 0x000001696a22b800 Exception <a 'java/lang/NoSuchMethodError'{0x000000070d3afb60}: java.lang.invoke.DelegatingMethodHandle$Holder.reinvoke_L(Ljava/lang/Object;IILjava/lang/Object;Ljava/lang/Object;ILjava/lang/Object;)Ljava/lang/Object;> (0x000000070d3afb60) thrown at [t:/wo
Event: 41451.230 Thread 0x000001696a22b800 Exception <a 'java/lang/NoSuchMethodError'{0x000000070d3d56e8}: java.lang.invoke.DirectMethodHandle$Holder.invokeSpecial(Ljava/lang/Object;Ljava/lang/Object;Ljava/lang/Object;Ljava/lang/Object;ILjava/lang/Object;)Ljava/lang/Object;> (0x000000070d3d56e8) t

Events (10 events):
Event: 44489.864 Thread 0x000001696cfe3800 Thread exited: 0x000001696cfe3800
Event: 44490.882 Thread 0x000001696cfe3800 Thread added: 0x000001696cfe3800
Event: 44490.950 Thread 0x000001696cfe3800 Thread exited: 0x000001696cfe3800
Event: 44491.893 Thread 0x000001696cfe3800 Thread added: 0x000001696cfe3800
Event: 44491.916 Thread 0x000001696cfe3800 Thread exited: 0x000001696cfe3800
Event: 44493.021 Thread 0x000001696cfe3800 Thread added: 0x000001696cfe3800
Event: 44493.168 Thread 0x000001696cfe3800 Thread exited: 0x000001696cfe3800
Event: 44494.026 Thread 0x000001696cfe3800 Thread added: 0x000001696cfe3800
Event: 44494.049 Thread 0x000001696cfe3800 Thread exited: 0x000001696cfe3800
Event: 44495.032 Thread 0x000001696cfe6800 Thread added: 0x000001696cfe6800


Dynamic libraries:
0x00007ff79ad30000 - 0x00007ff79ad60000 	C:\Vivodo\Vivado\2019.1\bin\unwrapped\win64.o\vivado.exe
0x00007ffcf2ab0000 - 0x00007ffcf2cc7000 	C:\WINDOWS\SYSTEM32\ntdll.dll
0x00007ffcf1cd0000 - 0x00007ffcf1d94000 	C:\WINDOWS\System32\KERNEL32.DLL
0x00007ffcf00d0000 - 0x00007ffcf0476000 	C:\WINDOWS\System32\KERNELBASE.dll
0x00007ffcf0500000 - 0x00007ffcf0611000 	C:\WINDOWS\System32\ucrtbase.dll
0x00007ffcd33d0000 - 0x00007ffcd345e000 	C:\WINDOWS\SYSTEM32\MSVCP140.dll
0x00007ffcd33b0000 - 0x00007ffcd33cb000 	C:\WINDOWS\SYSTEM32\VCRUNTIME140.dll
0x00007ffcd2dd0000 - 0x00007ffcd2de4000 	C:\Vivodo\Vivado\2019.1\lib\win64.o\librdi_commonmain.dll
0x00007ffcd3000000 - 0x00007ffcd3014000 	C:\Vivodo\Vivado\2019.1\lib\win64.o\libboost_signals.dll
0x00007ffc3a230000 - 0x00007ffc3b112000 	C:\Vivodo\Vivado\2019.1\lib\win64.o\librdi_common.dll
0x00007ffcf1400000 - 0x00007ffcf15ad000 	C:\WINDOWS\System32\USER32.dll
0x00007ffcd33a0000 - 0x00007ffcd33ac000 	C:\WINDOWS\SYSTEM32\VCRUNTIME140_1.dll
0x00007ffcf0620000 - 0x00007ffcf0646000 	C:\WINDOWS\System32\win32u.dll
0x00007ffcf1300000 - 0x00007ffcf1329000 	C:\WINDOWS\System32\GDI32.dll
0x00007ffcf06f0000 - 0x00007ffcf0808000 	C:\WINDOWS\System32\gdi32full.dll
0x00007ffcf0650000 - 0x00007ffcf06ea000 	C:\WINDOWS\System32\msvcp_win.dll
0x00007ffcf1890000 - 0x00007ffcf1940000 	C:\WINDOWS\System32\ADVAPI32.dll
0x00007ffcf2560000 - 0x00007ffcf2607000 	C:\WINDOWS\System32\msvcrt.dll
0x00007ffccd3d0000 - 0x00007ffccd3f6000 	C:\Vivodo\Vivado\2019.1\lib\win64.o\libboost_filesystem.dll
0x00007ffcf28f0000 - 0x00007ffcf2996000 	C:\WINDOWS\System32\sechost.dll
0x00007ffcf15b0000 - 0x00007ffcf16c7000 	C:\WINDOWS\System32\RPCRT4.dll
0x00007ffcec750000 - 0x00007ffcec75a000 	C:\Vivodo\Vivado\2019.1\lib\win64.o\librdi_commonversion.dll
0x00007ffcf0830000 - 0x00007ffcf1088000 	C:\WINDOWS\System32\SHELL32.dll
0x0000000056da0000 - 0x0000000056ecb000 	C:\Vivodo\Vivado\2019.1\lib\win64.o\tcl85t.dll
0x00007ffcf1380000 - 0x00007ffcf13f1000 	C:\WINDOWS\System32\WS2_32.dll
0x00007ffc8a190000 - 0x00007ffc8a2b1000 	C:\Vivodo\Vivado\2019.1\lib\win64.o\librdi_commonxillic.dll
0x00007ffcb3fc0000 - 0x00007ffcb3fd4000 	C:\Vivodo\Vivado\2019.1\lib\win64.o\libboost_date_time.dll
0x00007ffc403b0000 - 0x00007ffc4071e000 	C:\Vivodo\Vivado\2019.1\lib\win64.o\libCOIN-all.dll
0x00007ffc89730000 - 0x00007ffc897af000 	C:\Vivodo\Vivado\2019.1\lib\win64.o\libboost_program_options.dll
0x00007ffc8a070000 - 0x00007ffc8a184000 	C:\Vivodo\Vivado\2019.1\lib\win64.o\libboost_regex.dll
0x00007ffcd6640000 - 0x00007ffcd664b000 	C:\Vivodo\Vivado\2019.1\lib\win64.o\libboost_system.dll
0x00007ffc8a660000 - 0x00007ffc8a681000 	C:\Vivodo\Vivado\2019.1\lib\win64.o\libboost_thread.dll
0x00007ffcd1d50000 - 0x00007ffcd1d5f000 	C:\Vivodo\Vivado\2019.1\lib\win64.o\libboost_xilinx.dll
0x00007ffc88760000 - 0x00007ffc887e2000 	C:\Vivodo\Vivado\2019.1\lib\win64.o\libhdlpsolve.dll
0x00007ffc882e0000 - 0x00007ffc88385000 	C:\Vivodo\Vivado\2019.1\lib\win64.o\libhdxml.dll
0x00007ffc387e0000 - 0x00007ffc3938f400 	C:\Vivodo\Vivado\2019.1\lib\win64.o\libisl_iostreams.dll
0x00007ffc8a630000 - 0x00007ffc8a65e000 	C:\Vivodo\Vivado\2019.1\lib\win64.o\libisl_sysinfo.dll
0x00007ffc88270000 - 0x00007ffc882d5000 	C:\Vivodo\Vivado\2019.1\lib\win64.o\liblmx6.0.dll
0x00007ffc8fb90000 - 0x00007ffc8fbaa000 	C:\Vivodo\Vivado\2019.1\lib\win64.o\pthreadVC2.dll
0x00007ffc89c70000 - 0x00007ffc89c91000 	C:\Vivodo\Vivado\2019.1\lib\win64.o\librdizlib.dll
0x00007ffc8a330000 - 0x00007ffc8a34c000 	C:\Vivodo\Vivado\2019.1\lib\win64.o\librdiconfig.dll
0x0000000012000000 - 0x0000000012270000 	C:\Vivodo\Vivado\2019.1\lib\win64.o\xerces-c_3_1.dll
0x00007ffccd770000 - 0x00007ffccd789000 	C:\WINDOWS\SYSTEM32\NETAPI32.dll
0x00007ffcd8c90000 - 0x00007ffcd9184000 	C:\WINDOWS\SYSTEM32\WININET.dll
0x00007ffce9230000 - 0x00007ffce9367000 	C:\WINDOWS\SYSTEM32\WINHTTP.dll
0x00007ffcddaa0000 - 0x00007ffcddc90000 	C:\WINDOWS\SYSTEM32\urlmon.dll
0x00007ffcbd070000 - 0x00007ffcbd079000 	C:\WINDOWS\SYSTEM32\WSOCK32.dll
0x00007ffc896f0000 - 0x00007ffc89721000 	C:\WINDOWS\SYSTEM32\VCOMP140.DLL
0x00007ffc39390000 - 0x00007ffc3a221000 	C:\Vivodo\Vivado\2019.1\lib\win64.o\gurobi65.dll
0x00007ffc40720000 - 0x00007ffc409f8000 	C:\Vivodo\Vivado\2019.1\lib\win64.o\libXil_lmgr11.dll
0x00007ffcf1ee0000 - 0x00007ffcf1fd9000 	C:\WINDOWS\System32\COMDLG32.dll
0x00007ffcf1940000 - 0x00007ffcf1cca000 	C:\WINDOWS\System32\combase.dll
0x00007ffcf2460000 - 0x00007ffcf2553000 	C:\WINDOWS\System32\shcore.dll
0x00007ffcf29a0000 - 0x00007ffcf29fe000 	C:\WINDOWS\System32\SHLWAPI.dll
0x00007ffcf1e00000 - 0x00007ffcf1ed7000 	C:\WINDOWS\System32\OLEAUT32.dll
0x00007ffcd0b10000 - 0x00007ffcd0b1d000 	C:\Vivodo\Vivado\2019.1\lib\win64.o\libboost_chrono.dll
0x00007ffcf1160000 - 0x00007ffcf12ff000 	C:\WINDOWS\System32\ole32.dll
0x00007ffcf0060000 - 0x00007ffcf00cc000 	C:\WINDOWS\System32\WINTRUST.dll
0x00007ffcefe30000 - 0x00007ffceff96000 	C:\WINDOWS\System32\CRYPT32.dll
0x00007ffc89d10000 - 0x00007ffc89d2b000 	C:\Vivodo\Vivado\2019.1\lib\win64.o\libboost_iostreams.dll
0x00007ffc89c00000 - 0x00007ffc89c25000 	C:\Vivodo\Vivado\2019.1\lib\win64.o\libisl_iosutils.dll
0x00007ffcdd7b0000 - 0x00007ffcdd7d9000 	C:\WINDOWS\SYSTEM32\srvcli.dll
0x00007ffcdd7e0000 - 0x00007ffcdda9c000 	C:\WINDOWS\SYSTEM32\iertutil.dll
0x00007ffcee8f0000 - 0x00007ffcee8fc000 	C:\WINDOWS\SYSTEM32\netutils.dll
0x00007ffcd0950000 - 0x00007ffcd0a03000 	C:\WINDOWS\WinSxS\amd64_microsoft.windows.common-controls_6595b64144ccf1df_5.82.22621.608_none_fb280a3c7926c2cc\COMCTL32.dll
0x00007ffce3870000 - 0x00007ffce388f000 	C:\WINDOWS\SYSTEM32\dhcpcsvc.DLL
0x00007ffcf1090000 - 0x00007ffcf10c1000 	C:\WINDOWS\System32\IMM32.DLL
0x00007ffcef690000 - 0x00007ffcef6a2000 	C:\WINDOWS\SYSTEM32\MSASN1.dll
0x00007ffceef00000 - 0x00007ffceef18000 	C:\WINDOWS\SYSTEM32\kernel.appcore.dll
0x00007ffc382c0000 - 0x00007ffc387d7000 	C:\Vivodo\Vivado\2019.1\lib\win64.o\librdi_commontasks.dll
0x00007ffcdfb90000 - 0x00007ffcdfb9a000 	C:\WINDOWS\SYSTEM32\VERSION.dll
0x0000000056370000 - 0x0000000056d95000 	C:\Vivodo\Vivado\2019.1\tps\win64\jre9.0.4\bin\server\jvm.dll
0x00007ffc40120000 - 0x00007ffc403a6000 	C:\Vivodo\Vivado\2019.1\lib\win64.o\librdi_sio.dll
0x00007ffcf1340000 - 0x00007ffcf1348000 	C:\WINDOWS\System32\PSAPI.DLL
0x00007ffce7070000 - 0x00007ffce70a4000 	C:\WINDOWS\SYSTEM32\WINMM.dll
0x00007ffcee9b0000 - 0x00007ffcee9dd000 	C:\WINDOWS\SYSTEM32\IPHLPAPI.DLL
0x00007ffcc2eb0000 - 0x00007ffcc2f9f000 	C:\WINDOWS\SYSTEM32\MSVCR120.dll
0x00007ffcef3e0000 - 0x00007ffcef449000 	C:\WINDOWS\SYSTEM32\MSWSOCK.DLL
0x00007ffcedda0000 - 0x00007ffcee692000 	C:\WINDOWS\SYSTEM32\windows.storage.dll
0x00007ffcedc60000 - 0x00007ffcedd9e000 	C:\WINDOWS\SYSTEM32\wintypes.dll
0x00007ffc35e00000 - 0x00007ffc382bc000 	C:\Vivodo\Vivado\2019.1\lib\win64.o\librdi_tcltasks.dll
0x00007ffc359f0000 - 0x00007ffc35df8000 	C:\Vivodo\Vivado\2019.1\lib\win64.o\librdi_bitstream.dll
0x00007ffc87860000 - 0x00007ffc878d8000 	C:\Vivodo\Vivado\2019.1\lib\win64.o\librdi_boarddep.dll
0x00007ffc551b0000 - 0x00007ffc55341000 	C:\Vivodo\Vivado\2019.1\lib\win64.o\librdi_board.dll
0x00007ffc876c0000 - 0x00007ffc877ab000 	C:\Vivodo\Vivado\2019.1\lib\win64.o\librdi_chipscope.dll
0x00007ffc718e0000 - 0x00007ffc71a9d000 	C:\Vivodo\Vivado\2019.1\lib\win64.o\librdi_chipscopeimpl.dll
0x00007ffcd2e70000 - 0x00007ffcd2fc6000 	C:\Vivodo\Vivado\2019.1\lib\win64.o\librdi_containers.dll
0x00007ffc42120000 - 0x00007ffc427fa000 	C:\Vivodo\Vivado\2019.1\lib\win64.o\librdi_coregenipxact.dll
0x00007ffc2e0f0000 - 0x00007ffc32133000 	C:\Vivodo\Vivado\2019.1\lib\win64.o\librdi_designutils.dll
0x00007ffc1bcc0000 - 0x00007ffc2e0ec000 	C:\Vivodo\Vivado\2019.1\lib\win64.o\librdi_device.dll
0x00007ffc32140000 - 0x00007ffc33ff1000 	C:\Vivodo\Vivado\2019.1\lib\win64.o\librdi_coregen.dll
0x00007ffc34000000 - 0x00007ffc359ea000 	C:\Vivodo\Vivado\2019.1\lib\win64.o\librdi_constraints.dll
0x00007ffc87af0000 - 0x00007ffc87e0e000 	C:\Vivodo\Vivado\2019.1\lib\win64.o\librdi_dlyest.dll
0x00007ffc1b720000 - 0x00007ffc1bcba000 	C:\Vivodo\Vivado\2019.1\lib\win64.o\librdi_drc.dll
0x00007ffc1ade0000 - 0x00007ffc1b42d000 	C:\Vivodo\Vivado\2019.1\lib\win64.o\librdi_filemgmt.dll
0x00007ffc87a20000 - 0x00007ffc87ae4000 	C:\Vivodo\Vivado\2019.1\lib\win64.o\librdi_dsp.dll
0x00007ffc88820000 - 0x00007ffc88885000 	C:\Vivodo\Vivado\2019.1\lib\win64.o\librdi_hdf.dll
0x00007ffc1a7c0000 - 0x00007ffc1add5000 	C:\Vivodo\Vivado\2019.1\lib\win64.o\librdi_memdata.dll
0x00007ffc87540000 - 0x00007ffc875b3000 	C:\Vivodo\Vivado\2019.1\lib\win64.o\librdi_memoryarray.dll
0x00007ffc1b430000 - 0x00007ffc1b713000 	C:\Vivodo\Vivado\2019.1\lib\win64.o\librdi_guitools.dll
0x00007ffca31d0000 - 0x00007ffca321b000 	C:\Vivodo\Vivado\2019.1\lib\win64.o\librdi_pfi.dll
0x00007ffc15e60000 - 0x00007ffc16502000 	C:\Vivodo\Vivado\2019.1\lib\win64.o\librdi_netlist.dll
0x00007ffc15b50000 - 0x00007ffc15e5f000 	C:\Vivodo\Vivado\2019.1\lib\win64.o\librdi_platform.dll
0x00007ffc15400000 - 0x00007ffc15b4a000 	C:\Vivodo\Vivado\2019.1\lib\win64.o\librdi_power.dll
0x00007ffc14e80000 - 0x00007ffc153ff000 	C:\Vivodo\Vivado\2019.1\lib\win64.o\librdi_project.dll
0x00007ffc120f0000 - 0x00007ffc127f9000 	C:\Vivodo\Vivado\2019.1\lib\win64.o\librdi_psta.dll
0x00007ffc119e0000 - 0x00007ffc120e6000 	C:\Vivodo\Vivado\2019.1\lib\win64.o\librdi_rsb.dll
0x00007ffc115e0000 - 0x00007ffc119d1000 	C:\Vivodo\Vivado\2019.1\lib\win64.o\librdi_runs.dll
0x00007ffc71560000 - 0x00007ffc7165a000 	C:\Vivodo\Vivado\2019.1\lib\win64.o\librdi_runsbase.dll
0x00007ffc41ec0000 - 0x00007ffc42116000 	C:\Vivodo\Vivado\2019.1\lib\win64.o\librdi_simdata.dll
0x00007ffc16510000 - 0x00007ffc191f6000 	C:\Vivodo\Vivado\2019.1\lib\win64.o\librdi_mig.dll
0x00007ffc107c0000 - 0x00007ffc115d1000 	C:\Vivodo\Vivado\2019.1\lib\win64.o\librdi_timing.dll
0x00007ffc12800000 - 0x00007ffc14e76000 	C:\Vivodo\Vivado\2019.1\lib\win64.o\librdi_place.dll
0x00007ffc19200000 - 0x00007ffc1a7c0000 	C:\Vivodo\Vivado\2019.1\lib\win64.o\librdi_implflow.dll
0x00007ffc70a90000 - 0x00007ffc70c02000 	C:\Vivodo\Vivado\2019.1\lib\win64.o\librdi_advchipscopeimpl.dll
0x00007ffc94e30000 - 0x00007ffc94e7c000 	C:\Vivodo\Vivado\2019.1\lib\win64.o\libboost_serialization.dll
0x00007ffc103d0000 - 0x00007ffc107b5000 	C:\Vivodo\Vivado\2019.1\lib\win64.o\librdi_hip_config.dll
0x00007ffc519f0000 - 0x00007ffc51b8f000 	C:\Vivodo\Vivado\2019.1\lib\win64.o\librdi_hip_devdesign.dll
0x00007ffc88710000 - 0x00007ffc88753000 	C:\Vivodo\Vivado\2019.1\lib\win64.o\librdi_noc_frameworks.dll
0x00007ffc0f330000 - 0x00007ffc0f87e000 	C:\Vivodo\Vivado\2019.1\lib\win64.o\librdi_xdm.dll
0x00007ffc0f880000 - 0x00007ffc103c7000 	C:\Vivodo\Vivado\2019.1\lib\win64.o\libverific.dll
0x00007ffc71ac0000 - 0x00007ffc71b82000 	C:\Vivodo\Vivado\2019.1\lib\win64.o\librdi_ipconfig_readwrite.dll
0x00007ffc714c0000 - 0x00007ffc7155e000 	C:\Vivodo\Vivado\2019.1\lib\win64.o\libise.dll
0x00007ffc0ed30000 - 0x00007ffc0f32c000 	C:\Vivodo\Vivado\2019.1\lib\win64.o\librdi_wavedata.dll
0x00007ffc89c30000 - 0x00007ffc89c70000 	C:\Vivodo\Vivado\2019.1\lib\win64.o\librdi_wavedata_SimpleApi.dll
0x00007ffc0d940000 - 0x00007ffc0db99000 	C:\Vivodo\Vivado\2019.1\lib\win64.o\librdi_hsm.dll
0x00007ffc71340000 - 0x00007ffc713c8000 	C:\Vivodo\Vivado\2019.1\lib\win64.o\librdi_meir_core.dll
0x00007ffc0abb0000 - 0x00007ffc0b396000 	C:\Vivodo\Vivado\2019.1\lib\win64.o\librdi_labtools.dll

VM Arguments:
jvm_args: -Dsun.java2d.pmoffscreen=false -Dsun.java2d.xrender=false -Dsun.java2d.d3d=false -Dsun.awt.nopixfmt=true -Dsun.java2d.dpiaware=true -Dsun.java2d.uiScale.enabled=false -Xverify:none -Dswing.aatext=true -XX:-UsePerfData -Djdk.map.althashing.threshold=512 -XX:StringTableSize=4072 --add-opens=java.base/java.nio=ALL-UNNAMED --add-opens=java.desktop/sun.swing=ALL-UNNAMED --add-opens=java.desktop/javax.swing=ALL-UNNAMED --add-opens=java.desktop/javax.swing.tree=ALL-UNNAMED --add-opens=java.desktop/javax.swing.plaf.basic=ALL-UNNAMED --add-opens=java.desktop/javax.swing.plaf.synth=ALL-UNNAMED --add-opens=java.desktop/com.sun.awt=ALL-UNNAMED -XX:NewSize=60m -XX:MaxNewSize=60m -Xms128m -Xmx3072m -Xss5m 
java_command: <unknown>
java_class_path (initial): C:/Vivodo/Vivado/2019.1\lib\classes\alloy.jar;C:/Vivodo/Vivado/2019.1\lib\classes\autopilot.scelaborator.jar;C:/Vivodo/Vivado/2019.1\lib\classes\autopilot.sourceprocessor.jar;C:/Vivodo/Vivado/2019.1\lib\classes\autopilot.tbprocessor.jar;C:/Vivodo/Vivado/2019.1\lib\classes\batik-anim.jar;C:/Vivodo/Vivado/2019.1\lib\classes\batik-awt-util.jar;C:/Vivodo/Vivado/2019.1\lib\classes\batik-bridge.jar;C:/Vivodo/Vivado/2019.1\lib\classes\batik-codec.jar;C:/Vivodo/Vivado/2019.1\lib\classes\batik-css.jar;C:/Vivodo/Vivado/2019.1\lib\classes\batik-dom.jar;C:/Vivodo/Vivado/2019.1\lib\classes\batik-ext.jar;C:/Vivodo/Vivado/2019.1\lib\classes\batik-gui-util.jar;C:/Vivodo/Vivado/2019.1\lib\classes\batik-gvt.jar;C:/Vivodo/Vivado/2019.1\lib\classes\batik-parser.jar;C:/Vivodo/Vivado/2019.1\lib\classes\batik-script.jar;C:/Vivodo/Vivado/2019.1\lib\classes\batik-svg-dom.jar;C:/Vivodo/Vivado/2019.1\lib\classes\batik-swing.jar;C:/Vivodo/Vivado/2019.1\lib\classes\batik-transcoder.jar;C:/Vivodo/Vivado/2019.1\lib\classes\batik-util.jar;C:/Vivodo/Vivado/2019.1\lib\classes\batik-xml.jar;C:/Vivodo/Vivado/2019.1\lib\classes\com.google.gson_2.7.0.v20170129-0911.jar;C:/Vivodo/Vivado/2019.1\lib\classes\com.google.guava_21.0.0.v20170206-1425.jar;C:/Vivodo/Vivado/2019.1\lib\classes\com.google.inject_3.0.0.v201605172100.jar;C:/Vivodo/Vivado/2019.1\lib\classes\com.ibm.icu_4.4.2.v20110208.jar;C:/Vivodo/Vivado/2019.1\lib\classes\com.sigasi.hdt.annotations.runtime_4.3.0.201903071210.jar;C:/Vivodo/Vivado/2019.1\lib\classes\com.sigasi.hdt.blockdiagram.model_4.3.0.201903071210.jar;C:/Vivodo/Vivado/2019.1\lib\classes\com.sigasi.hdt.connection_4.3.0.201903071210.jar;C:/Vivodo/Vivado/2019.1\lib\classes\com.sigasi.hdt.dependencies.model_4.3.0.201903071210.jar;C:/Vivodo/Vivado/2019.1\lib\classes\com.sigasi.hdt.epl_4.3.0.201903071210.jar;C:/Vivodo/Vivado/2019.1\lib\classes\com.sigasi.hdt.graphics.model_4.3.0.201903071210.jar;C:/Vivodo/Vivado/2019.1\lib\classes\com.sigasi.hdt.project_4.3.0
Launcher Type: generic

Logging:
Log output configuration:
#0: stdout all=warning uptime,level,tags
#1: stderr all=off uptime,level,tags

Environment Variables:
PATH=C:/Vivodo/Vivado/2019.1/bin;C:/Vivodo/Vivado/2019.1/lib/win64.o;C:/Vivodo/Vivado/2019.1/tps/win64/jre9.0.4/bin/server;C:/Vivodo/Vivado/2019.1/tps/win64/jre9.0.4/bin;C:/Vivodo/SDK/2019.1/bin;C:/Vivodo/Vivado/2019.1/ids_lite/ISE/bin/nt64;C:/Vivodo/Vivado/2019.1/ids_lite/ISE/lib/nt64;D:\VMware\VMware Workstation\bin\;C:\Windows\System32\HWAudioDriverLibs;C:\Windows\system32;C:\Windows;C:\Windows\System32\Wbem;C:\Windows\System32\WindowsPowerShell\v1.0\;C:\Windows\System32\OpenSSH\;C:\Windows\system32\config\systemprofile\AppData\Local\Microsoft\WindowsApps;C:\Program Files\Bandizip\;C:\Program Files\Microsoft SQL Server\130\Tools\Binn\;C:\Program Files\MATLAB\R2022b\bin;D:\Ctags;C:\Users\VAMPIRE\AppData\Local\Programs\Python\Python311\Scripts\;C:\Users\VAMPIRE\AppData\Local\Programs\Python\Python311\;C:\Users\VAMPIRE\AppData\Local\Microsoft\WindowsApps;C:\Program Files (x86)\Dev-Cpp\MinGW64\bin;C:\Users\VAMPIRE\AppData\Roaming\pandoc;C:\Users\VAMPIRE\AppData\Local\Programs\Microsoft VS Code\bin;;D:\iverilog\bin;D:\iverilog\gtkwave\bin;C:/Vivodo/Vivado/2019.1\tps\mingw\6.2.0\win64.o\nt\bin;C:/Vivodo/Vivado/2019.1\tps\mingw\6.2.0\win64.o\nt\libexec\gcc\x86_64-w64-mingw32\6.2.0;C:/Vivodo/Vivado/2019.1\tps\win64\python-2.7.5;C:/Vivodo/Vivado/2019.1\tps\win64\python-2.7.5\lib;C:/Vivodo/Vivado/2019.1\tps\win64\python-2.7.5\Lib\lib-tk;C:/Vivodo/Vivado/2019.1\tps\win64\python-2.7.5\lib\site-packages
USERNAME=VAMPIRE
OS=Windows_NT
PROCESSOR_IDENTIFIER=Intel64 Family 6 Model 140 Stepping 1, GenuineIntel



---------------  S Y S T E M  ---------------

OS: Windows 10 , 64 bit Build 22621 (10.0.22621.2428)

CPU:total 8 (initial active 8) (4 cores per cpu, 2 threads per core) family 6 model 140 stepping 1, cmov, cx8, fxsr, mmx, sse, sse2, sse3, ssse3, sse4.1, sse4.2, popcnt, avx, avx2, aes, clmul, erms, 3dnowpref, lzcnt, ht, tsc, tscinvbit, bmi1, bmi2, adx, sha, fma

Memory: 4k page, physical 16555320k(4998728k free), swap 16555320k(88272k free)

vm_info: Java HotSpot(TM) 64-Bit Server VM (9.0.4+11) for windows-amd64 JRE (9.0.4+11), built on Dec 20 2017 02:18:54 by "mach5one" with MS VC++ 12.0 (VS2013)

END.
