#
# There is insufficient memory for the Java Runtime Environment to continue.
# Native memory allocation (malloc) failed to allocate 1177136 bytes for Chunk::new
# Possible reasons:
#   The system is out of physical RAM or swap space
#   The process is running with CompressedOops enabled, and the Java Heap may be blocking the growth of the native heap
# Possible solutions:
#   Reduce memory load on the system
#   Increase physical memory or swap space
#   Check if swap backing store is full
#   Decrease Java heap size (-Xmx/-Xms)
#   Decrease number of Java threads
#   Decrease Java thread stack sizes (-Xss)
#   Set larger code cache with -XX:ReservedCodeCacheSize=
#   JVM is running with Zero Based Compressed Oops mode in which the Java heap is
#     placed in the first 32GB address space. The Java Heap base address is the
#     maximum limit for the native heap growth. Please use -XX:HeapBaseMinAddress
#     to set the Java Heap base and to place the Java Heap above 32GB virtual address.
# This output file may be truncated or incomplete.
#
#  Out of Memory Error (t:/workspace/hotspot/src/share/vm/memory/allocation.cpp:372), pid=3596, tid=4436
#
# JRE version: Java(TM) SE Runtime Environment (9.0+11) (build 9.0.4+11)
# Java VM: Java HotSpot(TM) 64-Bit Server VM (9.0.4+11, mixed mode, tiered, compressed oops, g1 gc, windows-amd64)
# No core dump will be written. Minidumps are not enabled by default on client versions of Windows
#

---------------  S U M M A R Y ------------

Command Line: -Dsun.java2d.pmoffscreen=false -Dsun.java2d.xrender=false -Dsun.java2d.d3d=false -Dsun.awt.nopixfmt=true -Dsun.java2d.dpiaware=true -Dsun.java2d.uiScale.enabled=false -Xverify:none -Dswing.aatext=true -XX:-UsePerfData -Djdk.map.althashing.threshold=512 -XX:StringTableSize=4072 --add-opens=java.base/java.nio=ALL-UNNAMED --add-opens=java.desktop/sun.swing=ALL-UNNAMED --add-opens=java.desktop/javax.swing=ALL-UNNAMED --add-opens=java.desktop/javax.swing.tree=ALL-UNNAMED --add-opens=java.desktop/javax.swing.plaf.basic=ALL-UNNAMED --add-opens=java.desktop/javax.swing.plaf.synth=ALL-UNNAMED --add-opens=java.desktop/com.sun.awt=ALL-UNNAMED -XX:NewSize=60m -XX:MaxNewSize=60m -Xms128m -Xmx3072m -Xss5m 

Host: 11th Gen Intel(R) Core(TM) i7-11370H @ 3.30GHz, 8 cores, 15G,  Windows 10 , 64 bit Build 22621 (10.0.22621.2428)
Time: Thu Nov 16 19:26:12 2023 ?D1¨²¡À¨º¡Á?¨º¡À?? elapsed time: 17877 seconds (0d 4h 57m 57s)

---------------  T H R E A D  ---------------

Current thread (0x000001872e80e000):  JavaThread "C2 CompilerThread0" daemon [_thread_in_native, id=4436, stack(0x0000001753100000,0x0000001753200000)]


Current CompileTask:
C2:17877217 14889   !   4       javax.swing.text.DefaultStyledDocument::create (204 bytes)

Stack: [0x0000001753100000,0x0000001753200000]
Native frames: (J=compiled Java code, j=interpreted, Vv=VM code, C=native code)
V  [jvm.dll+0x587068]
V  [jvm.dll+0x69c25e]
V  [jvm.dll+0x69d17a]
V  [jvm.dll+0x69d7b3]
V  [jvm.dll+0x21d198]
V  [jvm.dll+0xa7aac]
V  [jvm.dll+0xa83ec]
V  [jvm.dll+0x320eac]
V  [jvm.dll+0x2e7aaa]
V  [jvm.dll+0x2e703a]
V  [jvm.dll+0x1e9ae1]
V  [jvm.dll+0x1e8d86]
V  [jvm.dll+0x1691cb]
V  [jvm.dll+0x1f6570]
V  [jvm.dll+0x1f51f6]
V  [jvm.dll+0x66b44f]
V  [jvm.dll+0x586490]
C  [MSVCR120.dll+0x24f6b]
C  [MSVCR120.dll+0x25098]
C  [KERNEL32.DLL+0x1257d]
C  [ntdll.dll+0x5aa78]


---------------  P R O C E S S  ---------------

Java Threads: ( => current thread )
  0x0000018758be4000 JavaThread "SyntheticaAnimation 50" daemon [_thread_blocked, id=27228, stack(0x0000001755900000,0x0000001755e00000)]
  0x0000018758be8800 JavaThread "Update Runs Swing Worker" [_thread_blocked, id=21860, stack(0x000000175a700000,0x000000175ac00000)]
  0x0000018758be0800 JavaThread "hw_ila_monitor" [_thread_blocked, id=13556, stack(0x0000001759300000,0x0000001759800000)]
  0x0000018758be6800 JavaThread "Refresh Filesets Swing Worker" [_thread_blocked, id=16884, stack(0x0000001756d00000,0x0000001757200000)]
  0x0000018758be1000 JavaThread "SyntheticaAnimation 70" daemon [_thread_blocked, id=23792, stack(0x0000001758e00000,0x0000001759300000)]
  0x000001872d9b4800 JavaThread "SyntheticaAnimation 25" daemon [_thread_blocked, id=25784, stack(0x0000001758400000,0x0000001758900000)]
  0x000001872d9b3800 JavaThread "SyntheticaAnimation 50" daemon [_thread_blocked, id=2864, stack(0x0000001757f00000,0x0000001758400000)]
  0x000001872d9b5000 JavaThread "Monitor HEventQueue" [_thread_blocked, id=16748, stack(0x0000001757a00000,0x0000001757f00000)]
  0x000001872d9b2000 JavaThread "SyntheticaCleanerThread" daemon [_thread_blocked, id=12392, stack(0x0000001757200000,0x0000001757700000)]
  0x000001872d9b6800 JavaThread "Batik CleanerThread" daemon [_thread_blocked, id=17752, stack(0x0000001754a00000,0x0000001754f00000)]
  0x000001872eadc800 JavaThread "AWT-EventQueue-1" [_thread_in_native, id=25776, stack(0x0000001756800000,0x0000001756d00000)]
  0x0000018753786000 JavaThread "AWT-Shutdown" [_thread_blocked, id=11416, stack(0x0000001756300000,0x0000001756800000)]
  0x0000018753785800 JavaThread "Process Messages" [_thread_blocked, id=27380, stack(0x0000001755e00000,0x0000001756300000)]
  0x000001872eafd000 JavaThread "Thread-1" [_thread_in_native, id=17980, stack(0x000000174f100000,0x0000001750500000)]
  0x0000018753ab0000 JavaThread "TimerQueue" daemon [_thread_blocked, id=22448, stack(0x0000001755400000,0x0000001755900000)]
  0x00000187533d5000 JavaThread "AWT-Windows" daemon [_thread_in_native, id=13380, stack(0x0000001754f00000,0x0000001755400000)]
  0x000001872ec17000 JavaThread "Java2D Disposer" daemon [_thread_blocked, id=20348, stack(0x0000001754500000,0x0000001754a00000)]
  0x000001872ec20800 JavaThread "Service Thread" daemon [_thread_blocked, id=11360, stack(0x0000001753f00000,0x0000001754400000)]
  0x0000018730e47000 JavaThread "Common-Cleaner" daemon [_thread_blocked, id=11940, stack(0x0000001753a00000,0x0000001753f00000)]
  0x000001872d9b7800 JavaThread "Sweeper thread" daemon [_thread_blocked, id=3604, stack(0x0000001753500000,0x0000001753a00000)]
  0x0000018730e2d800 JavaThread "C1 CompilerThread3" daemon [_thread_blocked, id=25888, stack(0x0000001753400000,0x0000001753500000)]
  0x0000018730e2c800 JavaThread "C2 CompilerThread2" daemon [_thread_in_native, id=12052, stack(0x0000001753300000,0x0000001753400000)]
  0x0000018730e2b800 JavaThread "C2 CompilerThread1" daemon [_thread_in_native, id=18640, stack(0x0000001753200000,0x0000001753300000)]
=>0x000001872e80e000 JavaThread "C2 CompilerThread0" daemon [_thread_in_native, id=4436, stack(0x0000001753100000,0x0000001753200000)]
  0x000001872e80d800 JavaThread "Attach Listener" daemon [_thread_blocked, id=9596, stack(0x0000001752c00000,0x0000001753100000)]
  0x000001872fd20800 JavaThread "Signal Dispatcher" daemon [_thread_blocked, id=13636, stack(0x0000001752700000,0x0000001752c00000)]
  0x000001872fd1e000 JavaThread "Finalizer" daemon [_thread_blocked, id=20496, stack(0x0000001752200000,0x0000001752700000)]
  0x0000018728d7e800 JavaThread "Reference Handler" daemon [_thread_blocked, id=26000, stack(0x0000001751d00000,0x0000001752200000)]
  0x0000018730c75800 JavaThread "main" [_thread_blocked, id=22840, stack(0x0000001750700000,0x0000001750800000)]

Other Threads:
  0x0000018730c8e800 VMThread "VM Thread" [stack: 0x0000001751c00000,0x0000001751d00000] [id=4940]
  0x0000018730fe8000 WatcherThread [stack: 0x0000001754400000,0x0000001754500000] [id=27516]
  0x000001872d60a800 GCTaskThread "GC Thread#0" [stack: 0x0000001750800000,0x0000001750900000] [id=4204]
  0x000001872d608000 GCTaskThread "GC Thread#1" [stack: 0x0000001750900000,0x0000001750a00000] [id=13524]
  0x000001872d60a000 GCTaskThread "GC Thread#2" [stack: 0x0000001750a00000,0x0000001750b00000] [id=4824]
  0x000001872d605000 GCTaskThread "GC Thread#3" [stack: 0x0000001750b00000,0x0000001750c00000] [id=12500]
  0x000001872d60b000 GCTaskThread "GC Thread#4" [stack: 0x0000001750c00000,0x0000001750d00000] [id=20880]
  0x000001872d604800 GCTaskThread "GC Thread#5" [stack: 0x0000001750d00000,0x0000001750e00000] [id=11268]
  0x000001872d605800 GCTaskThread "GC Thread#6" [stack: 0x0000001750e00000,0x0000001750f00000] [id=21288]
  0x000001872d606000 GCTaskThread "GC Thread#7" [stack: 0x0000001750f00000,0x0000001751000000] [id=27004]
  0x000001873040e000 ConcurrentGCThread "G1 Main Marker" [stack: 0x0000001751900000,0x0000001751a00000] [id=25180]
  0x000001872d607000 ConcurrentGCThread "G1 Marker#0" [stack: 0x0000001751a00000,0x0000001751b00000] [id=1496]
  0x000001872d607800 ConcurrentGCThread "G1 Marker#1" [stack: 0x0000001751b00000,0x0000001751c00000] [id=13704]
  0x000001872fad1000 ConcurrentGCThread "G1 Refine#0" [stack: 0x0000001751700000,0x0000001751800000] [id=11968]
  0x000001872fad0800 ConcurrentGCThread "G1 Refine#1" [stack: 0x0000001751600000,0x0000001751700000] [id=10588]
  0x0000018730006000 ConcurrentGCThread "G1 Refine#2" [stack: 0x0000001751500000,0x0000001751600000] [id=9164]
  0x0000018730234000 ConcurrentGCThread "G1 Refine#3" [stack: 0x0000001751400000,0x0000001751500000] [id=18260]
  0x0000018730233800 ConcurrentGCThread "G1 Refine#4" [stack: 0x0000001751300000,0x0000001751400000] [id=20984]
  0x000001872da82000 ConcurrentGCThread "G1 Refine#5" [stack: 0x0000001751200000,0x0000001751300000] [id=16068]
  0x00000187306d7000 ConcurrentGCThread "G1 Refine#6" [stack: 0x0000001751100000,0x0000001751200000] [id=22944]
  0x00000187306d6800 ConcurrentGCThread "G1 Refine#7" [stack: 0x0000001751000000,0x0000001751100000] [id=10444]
  0x00000187308b3000 ConcurrentGCThread "G1 Young RemSet Sampling" [stack: 0x0000001751800000,0x0000001751900000] [id=8656]

Threads with active compile tasks:
C2 CompilerThread214896       4       com.jidesoft.plaf.basic.BasicCellSpanTableUIDelegate::b (11 bytes)
C2 CompilerThread114911       4       javax.swing.plaf.basic.BasicHTML$Renderer::preferenceChanged (15 bytes)
C2 CompilerThread014889   !   4       javax.swing.text.DefaultStyledDocument::create (204 bytes)

VM state:not at safepoint (normal execution)

VM Mutex/Monitor currently owned by a thread: None

Heap address: 0x0000000700000000, size: 3072 MB, Compressed Oops mode: Zero based, Oop shift amount: 3
Narrow klass base: 0x0000000000000000, Narrow klass shift: 3
Compressed class space size: 1073741824 Address: 0x00000007c0000000

Heap:
 garbage-first heap   total 222208K, used 107880K [0x0000000700000000, 0x00000007001006c8, 0x00000007c0000000)
  region size 1024K, 12 young (12288K), 3 survivors (3072K)
 Metaspace       used 72605K, capacity 74677K, committed 77872K, reserved 1116160K
  class space    used 9717K, capacity 10135K, committed 10800K, reserved 1048576K
Heap Regions: E=young(eden), S=young(survivor), O=old, HS=humongous(starts), HC=humongous(continues), CS=collection set, F=free, A=archive, TS=gc time stamp, AC=allocation context, TAMS=top-at-mark-start (previous, next)
|   0|0x0000000700000000, 0x00000007000ffd28, 0x0000000700100000| 99%| O|  |TS  0|AC  0|TAMS 0x00000007000ffd28, 0x00000007000ffd28|
|   1|0x0000000700100000, 0x0000000700200000, 0x0000000700200000|100%|HS|  |TS  0|AC  0|TAMS 0x0000000700200000, 0x0000000700200000|
|   2|0x0000000700200000, 0x0000000700300000, 0x0000000700300000|100%|HC|  |TS  0|AC  0|TAMS 0x0000000700300000, 0x0000000700300000|
|   3|0x0000000700300000, 0x0000000700400000, 0x0000000700400000|100%|HS|  |TS  0|AC  0|TAMS 0x0000000700400000, 0x0000000700400000|
|   4|0x0000000700400000, 0x00000007004fce18, 0x0000000700500000| 98%| O|  |TS  0|AC  0|TAMS 0x00000007004fce18, 0x00000007004fce18|
|   5|0x0000000700500000, 0x00000007005fa2d0, 0x0000000700600000| 97%| O|  |TS  0|AC  0|TAMS 0x00000007005fa2d0, 0x00000007005fa2d0|
|   6|0x0000000700600000, 0x0000000700700000, 0x0000000700700000|100%| O|  |TS  0|AC  0|TAMS 0x0000000700700000, 0x0000000700700000|
|   7|0x0000000700700000, 0x00000007007fffc8, 0x0000000700800000| 99%| O|  |TS  0|AC  0|TAMS 0x00000007007fffc8, 0x00000007007fffc8|
|   8|0x0000000700800000, 0x0000000700900000, 0x0000000700900000|100%| O|  |TS  0|AC  0|TAMS 0x0000000700900000, 0x0000000700900000|
|   9|0x0000000700900000, 0x00000007009ffff8, 0x0000000700a00000| 99%| O|  |TS  0|AC  0|TAMS 0x00000007009ffff8, 0x00000007009ffff8|
|  10|0x0000000700a00000, 0x0000000700afd1b8, 0x0000000700b00000| 98%| O|  |TS  0|AC  0|TAMS 0x0000000700afd1b8, 0x0000000700afd1b8|
|  11|0x0000000700b00000, 0x0000000700c00000, 0x0000000700c00000|100%|HS|  |TS  0|AC  0|TAMS 0x0000000700c00000, 0x0000000700c00000|
|  12|0x0000000700c00000, 0x0000000700d00000, 0x0000000700d00000|100%|HC|  |TS  0|AC  0|TAMS 0x0000000700d00000, 0x0000000700d00000|
|  13|0x0000000700d00000, 0x0000000700dffa50, 0x0000000700e00000| 99%| O|  |TS  0|AC  0|TAMS 0x0000000700dffa50, 0x0000000700dffa50|
|  14|0x0000000700e00000, 0x0000000700eff6c0, 0x0000000700f00000| 99%| O|  |TS  0|AC  0|TAMS 0x0000000700eff6c0, 0x0000000700eff6c0|
|  15|0x0000000700f00000, 0x0000000700feb6e0, 0x0000000701000000| 91%| O|  |TS  0|AC  0|TAMS 0x0000000700feb6e0, 0x0000000700feb6e0|
|  16|0x0000000701000000, 0x00000007010ffdf8, 0x0000000701100000| 99%| O|  |TS  0|AC  0|TAMS 0x00000007010ffdf8, 0x00000007010ffdf8|
|  17|0x0000000701100000, 0x00000007011ffff8, 0x0000000701200000| 99%| O|  |TS  0|AC  0|TAMS 0x00000007011ffff8, 0x00000007011ffff8|
|  18|0x0000000701200000, 0x00000007012fff60, 0x0000000701300000| 99%| O|  |TS  0|AC  0|TAMS 0x00000007012fff60, 0x00000007012fff60|
|  19|0x0000000701300000, 0x00000007013fffb0, 0x0000000701400000| 99%| O|  |TS  0|AC  0|TAMS 0x00000007013fffb0, 0x00000007013fffb0|
|  20|0x0000000701400000, 0x00000007014ffd80, 0x0000000701500000| 99%| O|  |TS  0|AC  0|TAMS 0x00000007014ffd80, 0x00000007014ffd80|
|  21|0x0000000701500000, 0x00000007015ffff8, 0x0000000701600000| 99%| O|  |TS  0|AC  0|TAMS 0x00000007015ffff8, 0x00000007015ffff8|
|  22|0x0000000701600000, 0x0000000701700000, 0x0000000701700000|100%| O|  |TS  0|AC  0|TAMS 0x0000000701700000, 0x0000000701700000|
|  23|0x0000000701700000, 0x0000000701800000, 0x0000000701800000|100%|HS|  |TS  0|AC  0|TAMS 0x0000000701800000, 0x0000000701800000|
|  24|0x0000000701800000, 0x0000000701900000, 0x0000000701900000|100%|HS|  |TS  0|AC  0|TAMS 0x0000000701900000, 0x0000000701900000|
|  25|0x0000000701900000, 0x00000007019ffff0, 0x0000000701a00000| 99%| O|  |TS  0|AC  0|TAMS 0x00000007019ffff0, 0x00000007019ffff0|
|  26|0x0000000701a00000, 0x0000000701affff8, 0x0000000701b00000| 99%| O|  |TS  0|AC  0|TAMS 0x0000000701affff8, 0x0000000701affff8|
|  27|0x0000000701b00000, 0x0000000701bfffd8, 0x0000000701c00000| 99%| O|  |TS  0|AC  0|TAMS 0x0000000701bfffd8, 0x0000000701bfffd8|
|  28|0x0000000701c00000, 0x0000000701cfffe8, 0x0000000701d00000| 99%| O|  |TS  0|AC  0|TAMS 0x0000000701cfffe8, 0x0000000701cfffe8|
|  29|0x0000000701d00000, 0x0000000701e00000, 0x0000000701e00000|100%| O|  |TS  0|AC  0|TAMS 0x0000000701e00000, 0x0000000701e00000|
|  30|0x0000000701e00000, 0x0000000701efffe8, 0x0000000701f00000| 99%| O|  |TS  0|AC  0|TAMS 0x0000000701efffe8, 0x0000000701efffe8|
|  31|0x0000000701f00000, 0x0000000701ffffb8, 0x0000000702000000| 99%| O|  |TS  0|AC  0|TAMS 0x0000000701ffffb8, 0x0000000701ffffb8|
|  32|0x0000000702000000, 0x00000007020fffe0, 0x0000000702100000| 99%| O|  |TS  0|AC  0|TAMS 0x00000007020fffe0, 0x00000007020fffe0|
|  33|0x0000000702100000, 0x00000007021ffff0, 0x0000000702200000| 99%| O|  |TS  0|AC  0|TAMS 0x00000007021ffff0, 0x00000007021ffff0|
|  34|0x0000000702200000, 0x0000000702300000, 0x0000000702300000|100%|HS|  |TS  0|AC  0|TAMS 0x0000000702300000, 0x0000000702300000|
|  35|0x0000000702300000, 0x00000007023fffd8, 0x0000000702400000| 99%| O|  |TS  0|AC  0|TAMS 0x00000007023fffd8, 0x00000007023fffd8|
|  36|0x0000000702400000, 0x0000000702500000, 0x0000000702500000|100%| O|  |TS  0|AC  0|TAMS 0x0000000702500000, 0x0000000702500000|
|  37|0x0000000702500000, 0x0000000702600000, 0x0000000702600000|100%| O|  |TS  0|AC  0|TAMS 0x0000000702600000, 0x0000000702600000|
|  38|0x0000000702600000, 0x00000007026ffff0, 0x0000000702700000| 99%| O|  |TS  0|AC  0|TAMS 0x00000007026ffff0, 0x00000007026ffff0|
|  39|0x0000000702700000, 0x00000007027fffe8, 0x0000000702800000| 99%| O|  |TS  0|AC  0|TAMS 0x00000007027fffe8, 0x00000007027fffe8|
|  40|0x0000000702800000, 0x00000007028d4150, 0x0000000702900000| 82%| O|  |TS  0|AC  0|TAMS 0x00000007028d4150, 0x00000007028d4150|
|  41|0x0000000702900000, 0x00000007029fffc0, 0x0000000702a00000| 99%| O|  |TS  0|AC  0|TAMS 0x00000007029fffc0, 0x00000007029fffc0|
|  42|0x0000000702a00000, 0x0000000702afffe0, 0x0000000702b00000| 99%| O|  |TS  0|AC  0|TAMS 0x0000000702afffe0, 0x0000000702afffe0|
|  43|0x0000000702b00000, 0x0000000702bffff0, 0x0000000702c00000| 99%| O|  |TS  0|AC  0|TAMS 0x0000000702bffff0, 0x0000000702bffff0|
|  44|0x0000000702c00000, 0x0000000702cffee0, 0x0000000702d00000| 99%| O|  |TS  0|AC  0|TAMS 0x0000000702cffee0, 0x0000000702cffee0|
|  45|0x0000000702d00000, 0x0000000702dffff0, 0x0000000702e00000| 99%| O|  |TS  0|AC  0|TAMS 0x0000000702dffff0, 0x0000000702dffff0|
|  46|0x0000000702e00000, 0x0000000702efb3b0, 0x0000000702f00000| 98%| O|  |TS  0|AC  0|TAMS 0x0000000702efb3b0, 0x0000000702efb3b0|
|  47|0x0000000702f00000, 0x0000000702ffffc8, 0x0000000703000000| 99%| O|  |TS  0|AC  0|TAMS 0x0000000702ffffc8, 0x0000000702ffffc8|
|  48|0x0000000703000000, 0x00000007030fffe8, 0x0000000703100000| 99%| O|  |TS  0|AC  0|TAMS 0x00000007030fffe8, 0x00000007030fffe8|
|  49|0x0000000703100000, 0x00000007031ffff0, 0x0000000703200000| 99%| O|  |TS  0|AC  0|TAMS 0x00000007031ffff0, 0x00000007031ffff0|
|  50|0x0000000703200000, 0x0000000703300000, 0x0000000703300000|100%|HS|  |TS  0|AC  0|TAMS 0x0000000703200000, 0x0000000703200000|
|  51|0x0000000703300000, 0x0000000703400000, 0x0000000703400000|100%|HC|  |TS  0|AC  0|TAMS 0x0000000703300000, 0x0000000703300000|
|  52|0x0000000703400000, 0x0000000703500000, 0x0000000703500000|100%|HC|  |TS  0|AC  0|TAMS 0x0000000703400000, 0x0000000703400000|
|  53|0x0000000703500000, 0x0000000703600000, 0x0000000703600000|100%|HC|  |TS  0|AC  0|TAMS 0x0000000703500000, 0x0000000703500000|
|  54|0x0000000703600000, 0x0000000703700000, 0x0000000703700000|100%|HC|  |TS  0|AC  0|TAMS 0x0000000703600000, 0x0000000703600000|
|  55|0x0000000703700000, 0x0000000703800000, 0x0000000703800000|100%|HC|  |TS  0|AC  0|TAMS 0x0000000703700000, 0x0000000703700000|
|  56|0x0000000703800000, 0x0000000703900000, 0x0000000703900000|100%|HC|  |TS  0|AC  0|TAMS 0x0000000703800000, 0x0000000703800000|
|  57|0x0000000703900000, 0x0000000703a00000, 0x0000000703a00000|100%|HC|  |TS  0|AC  0|TAMS 0x0000000703900000, 0x0000000703900000|
|  58|0x0000000703a00000, 0x0000000703b00000, 0x0000000703b00000|100%|HC|  |TS  0|AC  0|TAMS 0x0000000703a00000, 0x0000000703a00000|
|  59|0x0000000703b00000, 0x0000000703c00000, 0x0000000703c00000|100%|HC|  |TS  0|AC  0|TAMS 0x0000000703b00000, 0x0000000703b00000|
|  60|0x0000000703c00000, 0x0000000703d00000, 0x0000000703d00000|100%|HC|  |TS  0|AC  0|TAMS 0x0000000703c00000, 0x0000000703c00000|
|  61|0x0000000703d00000, 0x0000000703e00000, 0x0000000703e00000|100%|HC|  |TS  0|AC  0|TAMS 0x0000000703d00000, 0x0000000703d00000|
|  62|0x0000000703e00000, 0x0000000703f00000, 0x0000000703f00000|100%|HC|  |TS  0|AC  0|TAMS 0x0000000703e00000, 0x0000000703e00000|
|  63|0x0000000703f00000, 0x0000000704000000, 0x0000000704000000|100%|HC|  |TS  0|AC  0|TAMS 0x0000000703f00000, 0x0000000703f00000|
|  64|0x0000000704000000, 0x0000000704100000, 0x0000000704100000|100%|HC|  |TS  0|AC  0|TAMS 0x0000000704000000, 0x0000000704000000|
|  65|0x0000000704100000, 0x0000000704100000, 0x0000000704200000|  0%| F|  |TS  0|AC  0|TAMS 0x0000000704100000, 0x0000000704100000|
|  66|0x0000000704200000, 0x0000000704200000, 0x0000000704300000|  0%| F|  |TS  0|AC  0|TAMS 0x0000000704200000, 0x0000000704200000|
|  67|0x0000000704300000, 0x0000000704300000, 0x0000000704400000|  0%| F|  |TS  0|AC  0|TAMS 0x0000000704300000, 0x0000000704300000|
|  68|0x0000000704400000, 0x0000000704400000, 0x0000000704500000|  0%| F|  |TS  0|AC  0|TAMS 0x0000000704400000, 0x0000000704400000|
|  69|0x0000000704500000, 0x0000000704500000, 0x0000000704600000|  0%| F|  |TS  0|AC  0|TAMS 0x0000000704500000, 0x0000000704500000|
|  70|0x0000000704600000, 0x0000000704700000, 0x0000000704700000|100%|HS|  |TS  0|AC  0|TAMS 0x0000000704700000, 0x0000000704700000|
|  71|0x0000000704700000, 0x0000000704800000, 0x0000000704800000|100%|HC|  |TS  0|AC  0|TAMS 0x0000000704800000, 0x0000000704800000|
|  72|0x0000000704800000, 0x0000000704900000, 0x0000000704900000|100%|HC|  |TS  0|AC  0|TAMS 0x0000000704900000, 0x0000000704900000|
|  73|0x0000000704900000, 0x0000000704a00000, 0x0000000704a00000|100%|HC|  |TS  0|AC  0|TAMS 0x0000000704a00000, 0x0000000704a00000|
|  74|0x0000000704a00000, 0x0000000704b00000, 0x0000000704b00000|100%|HC|  |TS  0|AC  0|TAMS 0x0000000704b00000, 0x0000000704b00000|
|  75|0x0000000704b00000, 0x0000000704c00000, 0x0000000704c00000|100%|HC|  |TS  0|AC  0|TAMS 0x0000000704c00000, 0x0000000704c00000|
|  76|0x0000000704c00000, 0x0000000704d00000, 0x0000000704d00000|100%|HC|  |TS  0|AC  0|TAMS 0x0000000704d00000, 0x0000000704d00000|
|  77|0x0000000704d00000, 0x0000000704e00000, 0x0000000704e00000|100%|HC|  |TS  0|AC  0|TAMS 0x0000000704e00000, 0x0000000704e00000|
|  78|0x0000000704e00000, 0x0000000704f00000, 0x0000000704f00000|100%|HC|  |TS  0|AC  0|TAMS 0x0000000704f00000, 0x0000000704f00000|
|  79|0x0000000704f00000, 0x0000000705000000, 0x0000000705000000|100%|HC|  |TS  0|AC  0|TAMS 0x0000000705000000, 0x0000000705000000|
|  80|0x0000000705000000, 0x0000000705100000, 0x0000000705100000|100%|HC|  |TS  0|AC  0|TAMS 0x0000000705100000, 0x0000000705100000|
|  81|0x0000000705100000, 0x0000000705200000, 0x0000000705200000|100%|HC|  |TS  0|AC  0|TAMS 0x0000000705200000, 0x0000000705200000|
|  82|0x0000000705200000, 0x0000000705300000, 0x0000000705300000|100%|HC|  |TS  0|AC  0|TAMS 0x0000000705300000, 0x0000000705300000|
|  83|0x0000000705300000, 0x0000000705400000, 0x0000000705400000|100%|HC|  |TS  0|AC  0|TAMS 0x0000000705400000, 0x0000000705400000|
|  84|0x0000000705400000, 0x0000000705500000, 0x0000000705500000|100%|HC|  |TS  0|AC  0|TAMS 0x0000000705500000, 0x0000000705500000|
|  85|0x0000000705500000, 0x0000000705600000, 0x0000000705600000|100%|HS|  |TS  0|AC  0|TAMS 0x0000000705600000, 0x0000000705600000|
|  86|0x0000000705600000, 0x0000000705700000, 0x0000000705700000|100%|HC|  |TS  0|AC  0|TAMS 0x0000000705700000, 0x0000000705700000|
|  87|0x0000000705700000, 0x0000000705800000, 0x0000000705800000|100%|HC|  |TS  0|AC  0|TAMS 0x0000000705800000, 0x0000000705800000|
|  88|0x0000000705800000, 0x0000000705900000, 0x0000000705900000|100%|HC|  |TS  0|AC  0|TAMS 0x0000000705900000, 0x0000000705900000|
|  89|0x0000000705900000, 0x0000000705a00000, 0x0000000705a00000|100%|HC|  |TS  0|AC  0|TAMS 0x0000000705a00000, 0x0000000705a00000|
|  90|0x0000000705a00000, 0x0000000705b00000, 0x0000000705b00000|100%|HC|  |TS  0|AC  0|TAMS 0x0000000705b00000, 0x0000000705b00000|
|  91|0x0000000705b00000, 0x0000000705c00000, 0x0000000705c00000|100%|HC|  |TS  0|AC  0|TAMS 0x0000000705c00000, 0x0000000705c00000|
|  92|0x0000000705c00000, 0x0000000705d00000, 0x0000000705d00000|100%|HC|  |TS  0|AC  0|TAMS 0x0000000705d00000, 0x0000000705d00000|
|  93|0x0000000705d00000, 0x0000000705e00000, 0x0000000705e00000|100%|HC|  |TS  0|AC  0|TAMS 0x0000000705e00000, 0x0000000705e00000|
|  94|0x0000000705e00000, 0x0000000705f00000, 0x0000000705f00000|100%|HC|  |TS  0|AC  0|TAMS 0x0000000705f00000, 0x0000000705f00000|
|  95|0x0000000705f00000, 0x0000000706000000, 0x0000000706000000|100%|HC|  |TS  0|AC  0|TAMS 0x0000000706000000, 0x0000000706000000|
|  96|0x0000000706000000, 0x0000000706100000, 0x0000000706100000|100%|HC|  |TS  0|AC  0|TAMS 0x0000000706100000, 0x0000000706100000|
|  97|0x0000000706100000, 0x0000000706200000, 0x0000000706200000|100%|HC|  |TS  0|AC  0|TAMS 0x0000000706200000, 0x0000000706200000|
|  98|0x0000000706200000, 0x0000000706300000, 0x0000000706300000|100%|HC|  |TS  0|AC  0|TAMS 0x0000000706300000, 0x0000000706300000|
|  99|0x0000000706300000, 0x0000000706400000, 0x0000000706400000|100%|HC|  |TS  0|AC  0|TAMS 0x0000000706400000, 0x0000000706400000|
| 100|0x0000000706400000, 0x0000000706400000, 0x0000000706500000|  0%| F|  |TS  0|AC  0|TAMS 0x0000000706400000, 0x0000000706400000|
| 101|0x0000000706500000, 0x0000000706500000, 0x0000000706600000|  0%| F|  |TS  0|AC  0|TAMS 0x0000000706500000, 0x0000000706500000|
| 102|0x0000000706600000, 0x0000000706600000, 0x0000000706700000|  0%| F|  |TS  0|AC  0|TAMS 0x0000000706600000, 0x0000000706600000|
| 103|0x0000000706700000, 0x0000000706700000, 0x0000000706800000|  0%| F|  |TS  0|AC  0|TAMS 0x0000000706700000, 0x0000000706700000|
| 104|0x0000000706800000, 0x0000000706800000, 0x0000000706900000|  0%| F|  |TS  0|AC  0|TAMS 0x0000000706800000, 0x0000000706800000|
| 105|0x0000000706900000, 0x0000000706900000, 0x0000000706a00000|  0%| F|  |TS  0|AC  0|TAMS 0x0000000706900000, 0x0000000706900000|
| 106|0x0000000706a00000, 0x0000000706a00000, 0x0000000706b00000|  0%| F|  |TS  0|AC  0|TAMS 0x0000000706a00000, 0x0000000706a00000|
| 107|0x0000000706b00000, 0x0000000706b00000, 0x0000000706c00000|  0%| F|  |TS  0|AC  0|TAMS 0x0000000706b00000, 0x0000000706b00000|
| 108|0x0000000706c00000, 0x0000000706c00000, 0x0000000706d00000|  0%| F|  |TS  0|AC  0|TAMS 0x0000000706c00000, 0x0000000706c00000|
| 109|0x0000000706d00000, 0x0000000706d00000, 0x0000000706e00000|  0%| F|  |TS  0|AC  0|TAMS 0x0000000706d00000, 0x0000000706d00000|
| 110|0x0000000706e00000, 0x0000000706e00000, 0x0000000706f00000|  0%| F|  |TS  0|AC  0|TAMS 0x0000000706e00000, 0x0000000706e00000|
| 111|0x0000000706f00000, 0x0000000706f00000, 0x0000000707000000|  0%| F|  |TS  0|AC  0|TAMS 0x0000000706f00000, 0x0000000706f00000|
| 112|0x0000000707000000, 0x0000000707000000, 0x0000000707100000|  0%| F|  |TS  0|AC  0|TAMS 0x0000000707000000, 0x0000000707000000|
| 113|0x0000000707100000, 0x0000000707100000, 0x0000000707200000|  0%| F|  |TS  0|AC  0|TAMS 0x0000000707100000, 0x0000000707100000|
| 114|0x0000000707200000, 0x0000000707200000, 0x0000000707300000|  0%| F|  |TS  0|AC  0|TAMS 0x0000000707200000, 0x0000000707200000|
| 115|0x0000000707300000, 0x0000000707300000, 0x0000000707400000|  0%| F|  |TS  0|AC  0|TAMS 0x0000000707300000, 0x0000000707300000|
| 116|0x0000000707400000, 0x0000000707400000, 0x0000000707500000|  0%| F|  |TS  0|AC  0|TAMS 0x0000000707400000, 0x0000000707400000|
| 117|0x0000000707500000, 0x0000000707500000, 0x0000000707600000|  0%| F|  |TS  0|AC  0|TAMS 0x0000000707500000, 0x0000000707500000|
| 118|0x0000000707600000, 0x0000000707600000, 0x0000000707700000|  0%| F|  |TS  0|AC  0|TAMS 0x0000000707600000, 0x0000000707600000|
| 119|0x0000000707700000, 0x0000000707700000, 0x0000000707800000|  0%| F|  |TS  0|AC  0|TAMS 0x0000000707700000, 0x0000000707700000|
| 120|0x0000000707800000, 0x0000000707800000, 0x0000000707900000|  0%| F|  |TS  0|AC  0|TAMS 0x0000000707800000, 0x0000000707800000|
| 121|0x0000000707900000, 0x0000000707900000, 0x0000000707a00000|  0%| F|  |TS  0|AC  0|TAMS 0x0000000707900000, 0x0000000707900000|
| 122|0x0000000707a00000, 0x0000000707a00000, 0x0000000707b00000|  0%| F|  |TS  0|AC  0|TAMS 0x0000000707a00000, 0x0000000707a00000|
| 123|0x0000000707b00000, 0x0000000707b00000, 0x0000000707c00000|  0%| F|  |TS  0|AC  0|TAMS 0x0000000707b00000, 0x0000000707b00000|
| 124|0x0000000707c00000, 0x0000000707c00000, 0x0000000707d00000|  0%| F|  |TS  0|AC  0|TAMS 0x0000000707c00000, 0x0000000707c00000|
| 125|0x0000000707d00000, 0x0000000707d00000, 0x0000000707e00000|  0%| F|  |TS  0|AC  0|TAMS 0x0000000707d00000, 0x0000000707d00000|
| 126|0x0000000707e00000, 0x0000000707e00000, 0x0000000707f00000|  0%| F|  |TS  0|AC  0|TAMS 0x0000000707e00000, 0x0000000707e00000|
| 127|0x0000000707f00000, 0x0000000707f00000, 0x0000000708000000|  0%| F|  |TS  0|AC  0|TAMS 0x0000000707f00000, 0x0000000707f00000|
| 128|0x0000000708000000, 0x0000000708000000, 0x0000000708100000|  0%| F|  |TS  0|AC  0|TAMS 0x0000000708000000, 0x0000000708000000|
| 129|0x0000000708100000, 0x0000000708100000, 0x0000000708200000|  0%| F|  |TS  0|AC  0|TAMS 0x0000000708100000, 0x0000000708100000|
| 130|0x0000000708200000, 0x0000000708200000, 0x0000000708300000|  0%| F|  |TS  0|AC  0|TAMS 0x0000000708200000, 0x0000000708200000|
| 131|0x0000000708300000, 0x0000000708300000, 0x0000000708400000|  0%| F|  |TS  0|AC  0|TAMS 0x0000000708300000, 0x0000000708300000|
| 132|0x0000000708400000, 0x0000000708400000, 0x0000000708500000|  0%| F|  |TS  0|AC  0|TAMS 0x0000000708400000, 0x0000000708400000|
| 133|0x0000000708500000, 0x0000000708500000, 0x0000000708600000|  0%| F|  |TS  0|AC  0|TAMS 0x0000000708500000, 0x0000000708500000|
| 134|0x0000000708600000, 0x0000000708600000, 0x0000000708700000|  0%| F|  |TS  0|AC  0|TAMS 0x0000000708600000, 0x0000000708600000|
| 135|0x0000000708700000, 0x0000000708700000, 0x0000000708800000|  0%| F|  |TS  0|AC  0|TAMS 0x0000000708700000, 0x0000000708700000|
| 136|0x0000000708800000, 0x0000000708800000, 0x0000000708900000|  0%| F|  |TS  0|AC  0|TAMS 0x0000000708800000, 0x0000000708800000|
| 137|0x0000000708900000, 0x0000000708900000, 0x0000000708a00000|  0%| F|  |TS  0|AC  0|TAMS 0x0000000708900000, 0x0000000708900000|
| 138|0x0000000708a00000, 0x0000000708a00000, 0x0000000708b00000|  0%| F|  |TS  0|AC  0|TAMS 0x0000000708a00000, 0x0000000708a00000|
| 139|0x0000000708b00000, 0x0000000708b00000, 0x0000000708c00000|  0%| F|  |TS  0|AC  0|TAMS 0x0000000708b00000, 0x0000000708b00000|
| 140|0x0000000708c00000, 0x0000000708c00000, 0x0000000708d00000|  0%| F|  |TS  0|AC  0|TAMS 0x0000000708c00000, 0x0000000708c00000|
| 141|0x0000000708d00000, 0x0000000708d00000, 0x0000000708e00000|  0%| F|  |TS  0|AC  0|TAMS 0x0000000708d00000, 0x0000000708d00000|
| 142|0x0000000708e00000, 0x0000000708e00000, 0x0000000708f00000|  0%| F|  |TS  0|AC  0|TAMS 0x0000000708e00000, 0x0000000708e00000|
| 143|0x0000000708f00000, 0x0000000708f00000, 0x0000000709000000|  0%| F|  |TS  0|AC  0|TAMS 0x0000000708f00000, 0x0000000708f00000|
| 144|0x0000000709000000, 0x0000000709000000, 0x0000000709100000|  0%| F|  |TS  0|AC  0|TAMS 0x0000000709000000, 0x0000000709000000|
| 145|0x0000000709100000, 0x0000000709100000, 0x0000000709200000|  0%| F|  |TS  0|AC  0|TAMS 0x0000000709100000, 0x0000000709100000|
| 146|0x0000000709200000, 0x0000000709200000, 0x0000000709300000|  0%| F|  |TS  0|AC  0|TAMS 0x0000000709200000, 0x0000000709200000|
| 147|0x0000000709300000, 0x0000000709300000, 0x0000000709400000|  0%| F|  |TS  0|AC  0|TAMS 0x0000000709300000, 0x0000000709300000|
| 148|0x0000000709400000, 0x0000000709400000, 0x0000000709500000|  0%| F|  |TS  0|AC  0|TAMS 0x0000000709400000, 0x0000000709400000|
| 149|0x0000000709500000, 0x0000000709500000, 0x0000000709600000|  0%| F|  |TS  0|AC  0|TAMS 0x0000000709500000, 0x0000000709500000|
| 150|0x0000000709600000, 0x0000000709600000, 0x0000000709700000|  0%| F|  |TS  0|AC  0|TAMS 0x0000000709600000, 0x0000000709600000|
| 151|0x0000000709700000, 0x0000000709700000, 0x0000000709800000|  0%| F|  |TS  0|AC  0|TAMS 0x0000000709700000, 0x0000000709700000|
| 152|0x0000000709800000, 0x0000000709800000, 0x0000000709900000|  0%| F|  |TS  0|AC  0|TAMS 0x0000000709800000, 0x0000000709800000|
| 153|0x0000000709900000, 0x0000000709900000, 0x0000000709a00000|  0%| F|  |TS  0|AC  0|TAMS 0x0000000709900000, 0x0000000709900000|
| 154|0x0000000709a00000, 0x0000000709a00000, 0x0000000709b00000|  0%| F|  |TS  0|AC  0|TAMS 0x0000000709a00000, 0x0000000709a00000|
| 155|0x0000000709b00000, 0x0000000709b00000, 0x0000000709c00000|  0%| F|  |TS  0|AC  0|TAMS 0x0000000709b00000, 0x0000000709b00000|
| 156|0x0000000709c00000, 0x0000000709c00000, 0x0000000709d00000|  0%| F|  |TS  0|AC  0|TAMS 0x0000000709c00000, 0x0000000709c00000|
| 157|0x0000000709d00000, 0x0000000709d00000, 0x0000000709e00000|  0%| F|  |TS  0|AC  0|TAMS 0x0000000709d00000, 0x0000000709d00000|
| 158|0x0000000709e00000, 0x0000000709e00000, 0x0000000709f00000|  0%| F|  |TS  0|AC  0|TAMS 0x0000000709e00000, 0x0000000709e00000|
| 159|0x0000000709f00000, 0x0000000709f00000, 0x000000070a000000|  0%| F|  |TS  0|AC  0|TAMS 0x0000000709f00000, 0x0000000709f00000|
| 160|0x000000070a000000, 0x000000070a000000, 0x000000070a100000|  0%| F|  |TS  0|AC  0|TAMS 0x000000070a000000, 0x000000070a000000|
| 161|0x000000070a100000, 0x000000070a100000, 0x000000070a200000|  0%| F|  |TS  0|AC  0|TAMS 0x000000070a100000, 0x000000070a100000|
| 162|0x000000070a200000, 0x000000070a200000, 0x000000070a300000|  0%| F|  |TS  0|AC  0|TAMS 0x000000070a200000, 0x000000070a200000|
| 163|0x000000070a300000, 0x000000070a300000, 0x000000070a400000|  0%| F|  |TS  0|AC  0|TAMS 0x000000070a300000, 0x000000070a300000|
| 164|0x000000070a400000, 0x000000070a400000, 0x000000070a500000|  0%| F|  |TS  0|AC  0|TAMS 0x000000070a400000, 0x000000070a400000|
| 165|0x000000070a500000, 0x000000070a500000, 0x000000070a600000|  0%| F|  |TS  0|AC  0|TAMS 0x000000070a500000, 0x000000070a500000|
| 166|0x000000070a600000, 0x000000070a600000, 0x000000070a700000|  0%| F|  |TS  0|AC  0|TAMS 0x000000070a600000, 0x000000070a600000|
| 167|0x000000070a700000, 0x000000070a700000, 0x000000070a800000|  0%| F|  |TS  0|AC  0|TAMS 0x000000070a700000, 0x000000070a700000|
| 168|0x000000070a800000, 0x000000070a800000, 0x000000070a900000|  0%| F|  |TS  0|AC  0|TAMS 0x000000070a800000, 0x000000070a800000|
| 169|0x000000070a900000, 0x000000070a900000, 0x000000070aa00000|  0%| F|  |TS  0|AC  0|TAMS 0x000000070a900000, 0x000000070a900000|
| 170|0x000000070aa00000, 0x000000070aa00000, 0x000000070ab00000|  0%| F|  |TS  0|AC  0|TAMS 0x000000070aa00000, 0x000000070aa00000|
| 171|0x000000070ab00000, 0x000000070ab00000, 0x000000070ac00000|  0%| F|  |TS  0|AC  0|TAMS 0x000000070ab00000, 0x000000070ab00000|
| 172|0x000000070ac00000, 0x000000070ac00000, 0x000000070ad00000|  0%| F|  |TS  0|AC  0|TAMS 0x000000070ac00000, 0x000000070ac00000|
| 173|0x000000070ad00000, 0x000000070ad00000, 0x000000070ae00000|  0%| F|  |TS  0|AC  0|TAMS 0x000000070ad00000, 0x000000070ad00000|
| 174|0x000000070ae00000, 0x000000070ae00000, 0x000000070af00000|  0%| F|  |TS  0|AC  0|TAMS 0x000000070ae00000, 0x000000070ae00000|
| 175|0x000000070af00000, 0x000000070af00000, 0x000000070b000000|  0%| F|  |TS  0|AC  0|TAMS 0x000000070af00000, 0x000000070af00000|
| 176|0x000000070b000000, 0x000000070b000000, 0x000000070b100000|  0%| F|  |TS  0|AC  0|TAMS 0x000000070b000000, 0x000000070b000000|
| 177|0x000000070b100000, 0x000000070b100000, 0x000000070b200000|  0%| F|  |TS  0|AC  0|TAMS 0x000000070b100000, 0x000000070b100000|
| 178|0x000000070b200000, 0x000000070b200000, 0x000000070b300000|  0%| F|  |TS  0|AC  0|TAMS 0x000000070b200000, 0x000000070b200000|
| 179|0x000000070b300000, 0x000000070b300000, 0x000000070b400000|  0%| F|  |TS  0|AC  0|TAMS 0x000000070b300000, 0x000000070b300000|
| 180|0x000000070b400000, 0x000000070b400000, 0x000000070b500000|  0%| F|  |TS  0|AC  0|TAMS 0x000000070b400000, 0x000000070b400000|
| 181|0x000000070b500000, 0x000000070b500000, 0x000000070b600000|  0%| F|  |TS  0|AC  0|TAMS 0x000000070b500000, 0x000000070b500000|
| 182|0x000000070b600000, 0x000000070b600000, 0x000000070b700000|  0%| F|  |TS  0|AC  0|TAMS 0x000000070b600000, 0x000000070b600000|
| 183|0x000000070b700000, 0x000000070b700000, 0x000000070b800000|  0%| F|  |TS  0|AC  0|TAMS 0x000000070b700000, 0x000000070b700000|
| 184|0x000000070b800000, 0x000000070b800000, 0x000000070b900000|  0%| F|  |TS  0|AC  0|TAMS 0x000000070b800000, 0x000000070b800000|
| 185|0x000000070b900000, 0x000000070b900000, 0x000000070ba00000|  0%| F|  |TS  0|AC  0|TAMS 0x000000070b900000, 0x000000070b900000|
| 186|0x000000070ba00000, 0x000000070ba00000, 0x000000070bb00000|  0%| F|  |TS  0|AC  0|TAMS 0x000000070ba00000, 0x000000070ba00000|
| 187|0x000000070bb00000, 0x000000070bb00000, 0x000000070bc00000|  0%| F|  |TS  0|AC  0|TAMS 0x000000070bb00000, 0x000000070bb00000|
| 188|0x000000070bc00000, 0x000000070bc00000, 0x000000070bd00000|  0%| F|  |TS  0|AC  0|TAMS 0x000000070bc00000, 0x000000070bc00000|
| 189|0x000000070bd00000, 0x000000070bd00000, 0x000000070be00000|  0%| F|  |TS  0|AC  0|TAMS 0x000000070bd00000, 0x000000070bd00000|
| 190|0x000000070be00000, 0x000000070be00000, 0x000000070bf00000|  0%| F|  |TS  0|AC  0|TAMS 0x000000070be00000, 0x000000070be00000|
| 191|0x000000070bf00000, 0x000000070bf00000, 0x000000070c000000|  0%| F|  |TS  0|AC  0|TAMS 0x000000070bf00000, 0x000000070bf00000|
| 192|0x000000070c000000, 0x000000070c000000, 0x000000070c100000|  0%| F|  |TS  0|AC  0|TAMS 0x000000070c000000, 0x000000070c000000|
| 193|0x000000070c100000, 0x000000070c100000, 0x000000070c200000|  0%| F|  |TS  0|AC  0|TAMS 0x000000070c100000, 0x000000070c100000|
| 194|0x000000070c200000, 0x000000070c200000, 0x000000070c300000|  0%| F|  |TS  0|AC  0|TAMS 0x000000070c200000, 0x000000070c200000|
| 195|0x000000070c300000, 0x000000070c300000, 0x000000070c400000|  0%| F|  |TS  0|AC  0|TAMS 0x000000070c300000, 0x000000070c300000|
| 196|0x000000070c400000, 0x000000070c400000, 0x000000070c500000|  0%| F|  |TS  0|AC  0|TAMS 0x000000070c400000, 0x000000070c400000|
| 197|0x000000070c500000, 0x000000070c500000, 0x000000070c600000|  0%| F|  |TS  0|AC  0|TAMS 0x000000070c500000, 0x000000070c500000|
| 198|0x000000070c600000, 0x000000070c600000, 0x000000070c700000|  0%| F|  |TS  0|AC  0|TAMS 0x000000070c600000, 0x000000070c600000|
| 199|0x000000070c700000, 0x000000070c700000, 0x000000070c800000|  0%| F|  |TS  0|AC  0|TAMS 0x000000070c700000, 0x000000070c700000|
| 200|0x000000070c800000, 0x000000070c800000, 0x000000070c900000|  0%| F|  |TS  0|AC  0|TAMS 0x000000070c800000, 0x000000070c800000|
| 201|0x000000070c900000, 0x000000070c900000, 0x000000070ca00000|  0%| F|  |TS  0|AC  0|TAMS 0x000000070c900000, 0x000000070c900000|
| 202|0x000000070ca00000, 0x000000070caacf30, 0x000000070cb00000| 67%| S|CS|TS  0|AC  0|TAMS 0x000000070ca00000, 0x000000070ca00000|
| 203|0x000000070cb00000, 0x000000070cc00000, 0x000000070cc00000|100%| S|CS|TS  0|AC  0|TAMS 0x000000070cb00000, 0x000000070cb00000|
| 204|0x000000070cc00000, 0x000000070cd00000, 0x000000070cd00000|100%| S|CS|TS  0|AC  0|TAMS 0x000000070cc00000, 0x000000070cc00000|
| 205|0x000000070cd00000, 0x000000070cd00000, 0x000000070ce00000|  0%| F|  |TS  0|AC  0|TAMS 0x000000070cd00000, 0x000000070cd00000|
| 206|0x000000070ce00000, 0x000000070ce00000, 0x000000070cf00000|  0%| F|  |TS  0|AC  0|TAMS 0x000000070ce00000, 0x000000070ce00000|
| 207|0x000000070cf00000, 0x000000070cf00000, 0x000000070d000000|  0%| F|  |TS  0|AC  0|TAMS 0x000000070cf00000, 0x000000070cf00000|
| 208|0x000000070d000000, 0x000000070d080800, 0x000000070d100000| 50%| E|  |TS  0|AC  0|TAMS 0x000000070d000000, 0x000000070d000000|
| 209|0x000000070d100000, 0x000000070d200000, 0x000000070d200000|100%| E|CS|TS  0|AC  0|TAMS 0x000000070d100000, 0x000000070d100000|
| 210|0x000000070d200000, 0x000000070d300000, 0x000000070d300000|100%| E|CS|TS  0|AC  0|TAMS 0x000000070d200000, 0x000000070d200000|
| 211|0x000000070d300000, 0x000000070d400000, 0x000000070d400000|100%| E|CS|TS  0|AC  0|TAMS 0x000000070d300000, 0x000000070d300000|
| 212|0x000000070d400000, 0x000000070d500000, 0x000000070d500000|100%| E|CS|TS  0|AC  0|TAMS 0x000000070d400000, 0x000000070d400000|
| 213|0x000000070d500000, 0x000000070d600000, 0x000000070d600000|100%| E|CS|TS  0|AC  0|TAMS 0x000000070d500000, 0x000000070d500000|
| 214|0x000000070d600000, 0x000000070d700000, 0x000000070d700000|100%| E|CS|TS  0|AC  0|TAMS 0x000000070d600000, 0x000000070d600000|
| 215|0x000000070d700000, 0x000000070d800000, 0x000000070d800000|100%| E|CS|TS  0|AC  0|TAMS 0x000000070d700000, 0x000000070d700000|
| 216|0x000000070d800000, 0x000000070d900000, 0x000000070d900000|100%| E|CS|TS  0|AC  0|TAMS 0x000000070d800000, 0x000000070d800000|

Card table byte_map: [0x0000018749190000,0x0000018749790000] byte_map_base: 0x0000018745990000

Marking Bits (Prev, Next): (CMBitMap*) 0x000001872d612168, (CMBitMap*) 0x000001872d612130
 Prev Bits: [0x000001874cd90000, 0x000001874fd90000)
 Next Bits: [0x0000018749d90000, 0x000001874cd90000)

Polling page: 0x00000187274f0000

CodeHeap 'non-profiled nmethods': size=120000Kb used=13270Kb max_used=13270Kb free=106729Kb
 bounds [0x0000018741c60000, 0x0000018742960000, 0x0000018749190000]
CodeHeap 'profiled nmethods': size=120000Kb used=27678Kb max_used=32500Kb free=92321Kb
 bounds [0x000001873a730000, 0x000001873c710000, 0x0000018741c60000]
CodeHeap 'non-nmethods': size=5760Kb used=1731Kb max_used=1795Kb free=4028Kb
 bounds [0x000001873a190000, 0x000001873a400000, 0x000001873a730000]
 total_blobs=21591 nmethods=11760 adapters=1050
 compilation: enabled

Compilation events (10 events):
Event: 17877.098 Thread 0x0000018730e2d800 nmethod 14885 0x000001873ab1c990 code [0x000001873ab1cb40, 0x000001873ab1ccb0]
Event: 17877.099 Thread 0x0000018730e2b800 14886       4       sun.java2d.SunGraphics2D::makeHints (183 bytes)
Event: 17877.120 Thread 0x0000018730e2b800 nmethod 14886 0x0000018742950590 code [0x0000018742950900, 0x0000018742951a18]
Event: 17877.137 Thread 0x0000018730e2d800 14887       3       ui.d.d::cs (27 bytes)
Event: 17877.137 Thread 0x0000018730e2d800 nmethod 14887 0x000001873abe5e90 code [0x000001873abe6040, 0x000001873abe6290]
Event: 17877.141 Thread 0x0000018730e2d800 14888       3       ui.data.design.K::ajx (13 bytes)
Event: 17877.141 Thread 0x0000018730e2d800 nmethod 14888 0x000001873ad82790 code [0x000001873ad829c0, 0x000001873ad83320]
Event: 17877.146 Thread 0x000001872e80e000 14889   !   4       javax.swing.text.DefaultStyledDocument::create (204 bytes)
Event: 17877.159 Thread 0x0000018730e2c800 14890  s    4       sun.java2d.loops.TransformHelper::getFromCache (43 bytes)
Event: 17877.168 Thread 0x0000018730e2c800 nmethod 14890 0x0000018742952b90 code [0x0000018742952d40, 0x0000018742953518]

GC Heap History (10 events):
Event: 17616.251 GC heap before
{Heap before GC invocations=75 (full 7):
 garbage-first heap   total 222208K, used 127743K [0x0000000700000000, 0x00000007001006c8, 0x00000007c0000000)
  region size 1024K, 60 young (61440K), 4 survivors (4096K)
 Metaspace       used 72350K, capacity 74421K, committed 77616K, reserved 1116160K
  class space    used 9713K, capacity 10135K, committed 10800K, reserved 1048576K
}
Event: 17616.261 GC heap after
{Heap after GC invocations=76 (full 7):
 garbage-first heap   total 222208K, used 70913K [0x0000000700000000, 0x00000007001006c8, 0x00000007c0000000)
  region size 1024K, 4 young (4096K), 4 survivors (4096K)
 Metaspace       used 72350K, capacity 74421K, committed 77616K, reserved 1116160K
  class space    used 9713K, capacity 10135K, committed 10800K, reserved 1048576K
}
Event: 17706.564 GC heap before
{Heap before GC invocations=76 (full 7):
 garbage-first heap   total 222208K, used 143617K [0x0000000700000000, 0x00000007001006c8, 0x00000007c0000000)
  region size 1024K, 60 young (61440K), 4 survivors (4096K)
 Metaspace       used 72555K, capacity 74613K, committed 77616K, reserved 1116160K
  class space    used 9717K, capacity 10135K, committed 10800K, reserved 1048576K
}
Event: 17706.569 GC heap after
{Heap after GC invocations=77 (full 7):
 garbage-first heap   total 222208K, used 86422K [0x0000000700000000, 0x00000007001006c8, 0x00000007c0000000)
  region size 1024K, 4 young (4096K), 4 survivors (4096K)
 Metaspace       used 72555K, capacity 74613K, committed 77616K, reserved 1116160K
  class space    used 9717K, capacity 10135K, committed 10800K, reserved 1048576K
}
Event: 17876.244 GC heap before
{Heap before GC invocations=77 (full 7):
 garbage-first heap   total 222208K, used 159126K [0x0000000700000000, 0x00000007001006c8, 0x00000007c0000000)
  region size 1024K, 60 young (61440K), 4 survivors (4096K)
 Metaspace       used 72583K, capacity 74677K, committed 77872K, reserved 1116160K
  class space    used 9717K, capacity 10135K, committed 10800K, reserved 1048576K
}
Event: 17876.250 GC heap after
{Heap after GC invocations=78 (full 7):
 garbage-first heap   total 222208K, used 101350K [0x0000000700000000, 0x00000007001006c8, 0x00000007c0000000)
  region size 1024K, 4 young (4096K), 4 survivors (4096K)
 Metaspace       used 72583K, capacity 74677K, committed 77872K, reserved 1116160K
  class space    used 9717K, capacity 10135K, committed 10800K, reserved 1048576K
}
Event: 17876.948 GC heap before
{Heap before GC invocations=78 (full 7):
 garbage-first heap   total 222208K, used 106470K [0x0000000700000000, 0x00000007001006c8, 0x00000007c0000000)
  region size 1024K, 10 young (10240K), 4 survivors (4096K)
 Metaspace       used 72594K, capacity 74677K, committed 77872K, reserved 1116160K
  class space    used 9717K, capacity 10135K, committed 10800K, reserved 1048576K
}
Event: 17876.954 GC heap after
{Heap after GC invocations=79 (full 7):
 garbage-first heap   total 222208K, used 85355K [0x0000000700000000, 0x00000007001006c8, 0x00000007c0000000)
  region size 1024K, 3 young (3072K), 3 survivors (3072K)
 Metaspace       used 72594K, capacity 74677K, committed 77872K, reserved 1116160K
  class space    used 9717K, capacity 10135K, committed 10800K, reserved 1048576K
}
Event: 17877.163 GC heap before
{Heap before GC invocations=80 (full 7):
 garbage-first heap   total 222208K, used 107989K [0x0000000700000000, 0x00000007001006c8, 0x00000007c0000000)
  region size 1024K, 12 young (12288K), 3 survivors (3072K)
 Metaspace       used 72594K, capacity 74677K, committed 77872K, reserved 1116160K
  class space    used 9717K, capacity 10135K, committed 10800K, reserved 1048576K
}
Event: 17877.167 GC heap after
{Heap after GC invocations=81 (full 7):
 garbage-first heap   total 222208K, used 84328K [0x0000000700000000, 0x00000007001006c8, 0x00000007c0000000)
  region size 1024K, 3 young (3072K), 3 survivors (3072K)
 Metaspace       used 72594K, capacity 74677K, committed 77872K, reserved 1116160K
  class space    used 9717K, capacity 10135K, committed 10800K, reserved 1048576K
}

Deoptimization events (10 events):
Event: 17704.828 Thread 0x000001872eadc800 Uncommon trap: reason=unstable_if action=reinterpret pc=0x000001874287858c method=sun.java2d.SurfaceData.canRenderLCDText(Lsun/java2d/SunGraphics2D;)Z @ 38 c2
Event: 17704.837 Thread 0x000001872eadc800 Uncommon trap: reason=unstable_if action=reinterpret pc=0x00000187425b5b18 method=java.awt.DefaultKeyboardFocusManager.discardKeyEvents(Ljava/awt/Component;)V @ 25 c2
Event: 17704.907 Thread 0x000001872eadc800 Uncommon trap: reason=bimorphic_or_optimized_type_check action=maybe_recompile pc=0x0000018742710654 method=java.awt.DefaultKeyboardFocusManager.dispatchEvent(Ljava/awt/AWTEvent;)Z @ 827 c2
Event: 17705.644 Thread 0x000001872d9b3800 Uncommon trap: reason=unstable_if action=reinterpret pc=0x000001874287f0b4 method=de.javasoft.plaf.synthetica.painter.AnimationThreadFactory$AnimationThread.run()V @ 343 c2
Event: 17705.768 Thread 0x000001872eadc800 Uncommon trap: reason=unstable_if action=reinterpret pc=0x00000187423d2eb0 method=sun.java2d.pipe.DrawImage.renderImageXform(Lsun/java2d/SunGraphics2D;Ljava/awt/Image;Ljava/awt/geom/AffineTransform;IIIIILjava/awt/Color;)V @ 247 c2
Event: 17706.273 Thread 0x000001872eadc800 Uncommon trap: reason=unstable_if action=reinterpret pc=0x000001874231c5d0 method=java.awt.Toolkit$SelectiveAWTEventListener.eventDispatched(Ljava/awt/AWTEvent;)V @ 230 c2
Event: 17706.341 Thread 0x000001872eadc800 Uncommon trap: reason=bimorphic_or_optimized_type_check action=maybe_recompile pc=0x00000187426da048 method=javax.swing.ScrollPaneLayout.minimumLayoutSize(Ljava/awt/Container;)Ljava/awt/Dimension; @ 22 c2
Event: 17782.615 Thread 0x000001872d9b3800 Uncommon trap: reason=unstable_if action=reinterpret pc=0x000001874278acd8 method=de.javasoft.plaf.synthetica.painter.AnimationThreadFactory$AnimationThread.run()V @ 193 c2
Event: 17877.163 Thread 0x000001872eadc800 Uncommon trap: reason=unstable_if action=reinterpret pc=0x0000018741d328bc method=java.util.HashMap$HashIterator.<init>(Ljava/util/HashMap;)V @ 45 c2
Event: 17877.163 Thread 0x000001872eadc800 Uncommon trap: reason=unstable_if action=reinterpret pc=0x0000018741d30dbc method=java.util.HashMap$HashIterator.<init>(Ljava/util/HashMap;)V @ 45 c2

Classes redefined (0 events):
No events

Internal exceptions (10 events):
Event: 17199.862 Thread 0x000001872eadc800 Exception <a 'java/lang/NoSuchMethodError'{0x000000070d705cd8}: method resolution failed> (0x000000070d705cd8) thrown at [t:/workspace/hotspot/src/share/vm/prims/methodHandles.cpp, line 1256]
Event: 17199.862 Thread 0x000001872eadc800 Exception <a 'java/lang/NoSuchMethodError'{0x000000070d70a4a8}: java.lang.invoke.DelegatingMethodHandle$Holder.reinvoke_L(Ljava/lang/Object;Ljava/lang/Object;IILjava/lang/Object;Ljava/lang/Object;Ljava/lang/Object;Ljava/lang/Object;Ljava/lang/Object;Ljava
Event: 17199.863 Thread 0x000001872eadc800 Exception <a 'java/lang/NoSuchMethodError'{0x000000070d77a498}: java.lang.invoke.DirectMethodHandle$Holder.invokeSpecial(Ljava/lang/Object;Ljava/lang/Object;IIILjava/lang/Object;Ljava/lang/Object;Ljava/lang/Object;Ljava/lang/Object;Ljava/lang/Object;Ljava
Event: 17199.863 Thread 0x000001872eadc800 Exception <a 'java/lang/NoSuchMethodError'{0x000000070d77e508}: java.lang.invoke.DelegatingMethodHandle$Holder.reinvoke_L(Ljava/lang/Object;IIILjava/lang/Object;Ljava/lang/Object;Ljava/lang/Object;Ljava/lang/Object;Ljava/lang/Object;Ljava/lang/Object;)Lja
Event: 17199.864 Thread 0x000001872eadc800 Exception <a 'java/lang/NoSuchMethodError'{0x000000070d7ae5a8}: java.lang.invoke.DirectMethodHandle$Holder.invokeStatic(Ljava/lang/Object;Ljava/lang/Object;Ljava/lang/Object;Ljava/lang/Object;Ljava/lang/Object;IILjava/lang/Object;Ljava/lang/Object;Ljava/l
Event: 17199.865 Thread 0x000001872eadc800 Exception <a 'java/lang/NoSuchMethodError'{0x000000070d7cb7c0}: method resolution failed> (0x000000070d7cb7c0) thrown at [t:/workspace/hotspot/src/share/vm/prims/methodHandles.cpp, line 1256]
Event: 17199.866 Thread 0x000001872eadc800 Exception <a 'java/lang/NoSuchMethodError'{0x000000070d7ea0d8}: method resolution failed> (0x000000070d7ea0d8) thrown at [t:/workspace/hotspot/src/share/vm/prims/methodHandles.cpp, line 1256]
Event: 17199.926 Thread 0x000001872eadc800 Exception <a 'java/lang/NoSuchMethodError'{0x000000070d61e868}: java.lang.invoke.DirectMethodHandle$Holder.invokeStatic(Ljava/lang/Object;J)V> (0x000000070d61e868) thrown at [t:/workspace/hotspot/src/share/vm/interpreter/linkResolver.cpp, line 731]
Event: 17199.928 Thread 0x000001872eadc800 Exception <a 'java/lang/NoSuchMethodError'{0x000000070d626640}: java.lang.invoke.DirectMethodHandle$Holder.invokeStatic(Ljava/lang/Object;Ljava/lang/Object;JLjava/lang/Object;)Ljava/lang/Object;> (0x000000070d626640) thrown at [t:/workspace/hotspot/src/sh
Event: 17199.928 Thread 0x000001872eadc800 Exception <a 'java/lang/NoSuchMethodError'{0x000000070d629c68}: java.lang.invoke.DirectMethodHandle$Holder.invokeStaticInit(Ljava/lang/Object;Ljava/lang/Object;JLjava/lang/Object;)Ljava/lang/Object;> (0x000000070d629c68) thrown at [t:/workspace/hotspot/sr

Events (10 events):
Event: 17877.163 Thread 0x000001872eadc800 DEOPT UNPACKING pc=0x000001873a1ddf29 sp=0x0000001756cfd3a0 mode 2
Event: 17877.163 Thread 0x000001872eadc800 Uncommon trap: trap_request=0xffffff5d fr.pc=0x0000018741d30dbc relative=0x000000000000039c
Event: 17877.163 Thread 0x000001872eadc800 DEOPT PACKING pc=0x0000018741d30dbc sp=0x0000001756cfd400
Event: 17877.163 Thread 0x000001872eadc800 DEOPT UNPACKING pc=0x000001873a1ddf29 sp=0x0000001756cfd3b8 mode 2
Event: 17877.163 Executing VM operation: G1IncCollectionPause
Event: 17877.167 Executing VM operation: G1IncCollectionPause done
Event: 17877.197 Executing VM operation: CGC_Operation
Event: 17877.206 Executing VM operation: CGC_Operation done
Event: 17877.211 Executing VM operation: CGC_Operation
Event: 17877.212 Executing VM operation: CGC_Operation done


Dynamic libraries:
0x00007ff6780a0000 - 0x00007ff6780d0000 	C:\Vivodo\Vivado\2019.1\bin\unwrapped\win64.o\vivado.exe
0x00007ff814e90000 - 0x00007ff8150a7000 	C:\WINDOWS\SYSTEM32\ntdll.dll
0x00007ff813010000 - 0x00007ff8130d4000 	C:\WINDOWS\System32\KERNEL32.DLL
0x00007ff812840000 - 0x00007ff812be6000 	C:\WINDOWS\System32\KERNELBASE.dll
0x00007ff812320000 - 0x00007ff812431000 	C:\WINDOWS\System32\ucrtbase.dll
0x00007ffff9590000 - 0x00007ffff961e000 	C:\WINDOWS\SYSTEM32\MSVCP140.dll
0x00007ffff9570000 - 0x00007ffff958b000 	C:\WINDOWS\SYSTEM32\VCRUNTIME140.dll
0x00007ffff9560000 - 0x00007ffff956c000 	C:\WINDOWS\SYSTEM32\VCRUNTIME140_1.dll
0x00007ff800fb0000 - 0x00007ff800fc4000 	C:\Vivodo\Vivado\2019.1\lib\win64.o\libboost_signals.dll
0x00007ffffac30000 - 0x00007ffffac44000 	C:\Vivodo\Vivado\2019.1\lib\win64.o\librdi_commonmain.dll
0x00007fff6b640000 - 0x00007fff6c522000 	C:\Vivodo\Vivado\2019.1\lib\win64.o\librdi_common.dll
0x00007ffff9af0000 - 0x00007ffff9b16000 	C:\Vivodo\Vivado\2019.1\lib\win64.o\libboost_filesystem.dll
0x00007ff8141f0000 - 0x00007ff81439d000 	C:\WINDOWS\System32\USER32.dll
0x00007ff8126a0000 - 0x00007ff8126c6000 	C:\WINDOWS\System32\win32u.dll
0x00007ff8149d0000 - 0x00007ff8149f9000 	C:\WINDOWS\System32\GDI32.dll
0x00007ff8124c0000 - 0x00007ff8125d8000 	C:\WINDOWS\System32\gdi32full.dll
0x00007ff812280000 - 0x00007ff81231a000 	C:\WINDOWS\System32\msvcp_win.dll
0x00007ff814c80000 - 0x00007ff814d30000 	C:\WINDOWS\System32\ADVAPI32.dll
0x00007ff8143a0000 - 0x00007ff814447000 	C:\WINDOWS\System32\msvcrt.dll
0x00007ff813b00000 - 0x00007ff813ba6000 	C:\WINDOWS\System32\sechost.dll
0x00007ff80cfa0000 - 0x00007ff80cfaa000 	C:\Vivodo\Vivado\2019.1\lib\win64.o\librdi_commonversion.dll
0x00007ff814ad0000 - 0x00007ff814be7000 	C:\WINDOWS\System32\RPCRT4.dll
0x00007ff8130f0000 - 0x00007ff813948000 	C:\WINDOWS\System32\SHELL32.dll
0x00007fffae700000 - 0x00007fffae821000 	C:\Vivodo\Vivado\2019.1\lib\win64.o\librdi_commonxillic.dll
0x00000000555d0000 - 0x00000000556fb000 	C:\Vivodo\Vivado\2019.1\lib\win64.o\tcl85t.dll
0x00007ff814a50000 - 0x00007ff814ac1000 	C:\WINDOWS\System32\WS2_32.dll
0x00007ffff9490000 - 0x00007ffff94a4000 	C:\Vivodo\Vivado\2019.1\lib\win64.o\libboost_date_time.dll
0x00007fff7a500000 - 0x00007fff7a86e000 	C:\Vivodo\Vivado\2019.1\lib\win64.o\libCOIN-all.dll
0x00007fffc8490000 - 0x00007fffc850f000 	C:\Vivodo\Vivado\2019.1\lib\win64.o\libboost_program_options.dll
0x00007fffae4e0000 - 0x00007fffae5f4000 	C:\Vivodo\Vivado\2019.1\lib\win64.o\libboost_regex.dll
0x00007ff80b970000 - 0x00007ff80b97b000 	C:\Vivodo\Vivado\2019.1\lib\win64.o\libboost_system.dll
0x00007ffff86f0000 - 0x00007ffff8711000 	C:\Vivodo\Vivado\2019.1\lib\win64.o\libboost_thread.dll
0x00007ff806040000 - 0x00007ff80604f000 	C:\Vivodo\Vivado\2019.1\lib\win64.o\libboost_xilinx.dll
0x00007fffc0dc0000 - 0x00007fffc0e65000 	C:\Vivodo\Vivado\2019.1\lib\win64.o\libhdxml.dll
0x00007fffc1180000 - 0x00007fffc1202000 	C:\Vivodo\Vivado\2019.1\lib\win64.o\libhdlpsolve.dll
0x00007fffcff30000 - 0x00007fffcff95000 	C:\Vivodo\Vivado\2019.1\lib\win64.o\liblmx6.0.dll
0x00007ffff7b80000 - 0x00007ffff7bae000 	C:\Vivodo\Vivado\2019.1\lib\win64.o\libisl_sysinfo.dll
0x00007ffff7b60000 - 0x00007ffff7b7a000 	C:\Vivodo\Vivado\2019.1\lib\win64.o\pthreadVC2.dll
0x00007ffff77c0000 - 0x00007ffff77dc000 	C:\Vivodo\Vivado\2019.1\lib\win64.o\librdiconfig.dll
0x00007ffff7420000 - 0x00007ffff7441000 	C:\Vivodo\Vivado\2019.1\lib\win64.o\librdizlib.dll
0x0000000012000000 - 0x0000000012270000 	C:\Vivodo\Vivado\2019.1\lib\win64.o\xerces-c_3_1.dll
0x00007ff8004c0000 - 0x00007ff8004d9000 	C:\WINDOWS\SYSTEM32\NETAPI32.dll
0x00007ffffc0f0000 - 0x00007ffffc5e4000 	C:\WINDOWS\SYSTEM32\WININET.dll
0x00007ff80ad00000 - 0x00007ff80ae37000 	C:\WINDOWS\SYSTEM32\WINHTTP.dll
0x00007ffffc8e0000 - 0x00007ffffcad0000 	C:\WINDOWS\SYSTEM32\urlmon.dll
0x00007fffdd300000 - 0x00007fffdd309000 	C:\WINDOWS\SYSTEM32\WSOCK32.dll
0x00007ffff2f10000 - 0x00007ffff2f41000 	C:\WINDOWS\SYSTEM32\VCOMP140.DLL
0x00007fff6a7a0000 - 0x00007fff6b631000 	C:\Vivodo\Vivado\2019.1\lib\win64.o\gurobi65.dll
0x00007fff7a220000 - 0x00007fff7a4f8000 	C:\Vivodo\Vivado\2019.1\lib\win64.o\libXil_lmgr11.dll
0x00007ff812bf0000 - 0x00007ff812ce9000 	C:\WINDOWS\System32\COMDLG32.dll
0x00007ff813bb0000 - 0x00007ff813f3a000 	C:\WINDOWS\System32\combase.dll
0x00007ff814450000 - 0x00007ff814543000 	C:\WINDOWS\System32\shcore.dll
0x00007ff812cf0000 - 0x00007ff812d4e000 	C:\WINDOWS\System32\SHLWAPI.dll
0x00007ff814110000 - 0x00007ff8141e7000 	C:\WINDOWS\System32\OLEAUT32.dll
0x00007ff812e70000 - 0x00007ff81300f000 	C:\WINDOWS\System32\ole32.dll
0x00007ff812210000 - 0x00007ff81227c000 	C:\WINDOWS\System32\WINTRUST.dll
0x00007ff8126d0000 - 0x00007ff812836000 	C:\WINDOWS\System32\CRYPT32.dll
0x00007ff805fa0000 - 0x00007ff805fad000 	C:\Vivodo\Vivado\2019.1\lib\win64.o\libboost_chrono.dll
0x00007ffffc620000 - 0x00007ffffc8dc000 	C:\WINDOWS\SYSTEM32\iertutil.dll
0x00007ffffc5f0000 - 0x00007ffffc619000 	C:\WINDOWS\SYSTEM32\srvcli.dll
0x00007ff810cd0000 - 0x00007ff810cdc000 	C:\WINDOWS\SYSTEM32\netutils.dll
0x00007fffe2ad0000 - 0x00007fffe2b83000 	C:\WINDOWS\WinSxS\amd64_microsoft.windows.common-controls_6595b64144ccf1df_5.82.22621.608_none_fb280a3c7926c2cc\COMCTL32.dll
0x00007ff805d50000 - 0x00007ff805d6f000 	C:\WINDOWS\SYSTEM32\dhcpcsvc.DLL
0x00007fff69bf0000 - 0x00007fff6a79f400 	C:\Vivodo\Vivado\2019.1\lib\win64.o\libisl_iostreams.dll
0x00007ffff32a0000 - 0x00007ffff32bb000 	C:\Vivodo\Vivado\2019.1\lib\win64.o\libboost_iostreams.dll
0x00007ffff6d10000 - 0x00007ffff6d35000 	C:\Vivodo\Vivado\2019.1\lib\win64.o\libisl_iosutils.dll
0x00007ff814a10000 - 0x00007ff814a41000 	C:\WINDOWS\System32\IMM32.DLL
0x00007ff811a70000 - 0x00007ff811a82000 	C:\WINDOWS\SYSTEM32\MSASN1.dll
0x00007ff811340000 - 0x00007ff811358000 	C:\WINDOWS\SYSTEM32\kernel.appcore.dll
0x00007fff696d0000 - 0x00007fff69be7000 	C:\Vivodo\Vivado\2019.1\lib\win64.o\librdi_commontasks.dll
0x00007ff800ce0000 - 0x00007ff800cea000 	C:\WINDOWS\SYSTEM32\VERSION.dll
0x00007fff7b520000 - 0x00007fff7b7a6000 	C:\Vivodo\Vivado\2019.1\lib\win64.o\librdi_sio.dll
0x00007ff810d50000 - 0x00007ff810d7d000 	C:\WINDOWS\SYSTEM32\IPHLPAPI.DLL
0x0000000054ba0000 - 0x00000000555c5000 	C:\Vivodo\Vivado\2019.1\tps\win64\jre9.0.4\bin\server\jvm.dll
0x00007ff8130e0000 - 0x00007ff8130e8000 	C:\WINDOWS\System32\PSAPI.DLL
0x00007fffe1330000 - 0x00007fffe141f000 	C:\WINDOWS\SYSTEM32\MSVCR120.dll
0x00007ff804c30000 - 0x00007ff804c64000 	C:\WINDOWS\SYSTEM32\WINMM.dll
0x00007ff8117c0000 - 0x00007ff811829000 	C:\WINDOWS\SYSTEM32\MSWSOCK.DLL
0x00007ff810180000 - 0x00007ff810a72000 	C:\WINDOWS\SYSTEM32\windows.storage.dll
0x00007ff810040000 - 0x00007ff81017e000 	C:\WINDOWS\SYSTEM32\wintypes.dll
0x00007fff67210000 - 0x00007fff696cc000 	C:\Vivodo\Vivado\2019.1\lib\win64.o\librdi_tcltasks.dll
0x00007fffa90d0000 - 0x00007fffa9261000 	C:\Vivodo\Vivado\2019.1\lib\win64.o\librdi_board.dll
0x00007fffc16d0000 - 0x00007fffc1748000 	C:\Vivodo\Vivado\2019.1\lib\win64.o\librdi_boarddep.dll
0x00007fffae2e0000 - 0x00007fffae3cb000 	C:\Vivodo\Vivado\2019.1\lib\win64.o\librdi_chipscope.dll
0x00007fff9af00000 - 0x00007fff9b0bd000 	C:\Vivodo\Vivado\2019.1\lib\win64.o\librdi_chipscopeimpl.dll
0x00007fff66e00000 - 0x00007fff67208000 	C:\Vivodo\Vivado\2019.1\lib\win64.o\librdi_bitstream.dll
0x00007fff66720000 - 0x00007fff66dfa000 	C:\Vivodo\Vivado\2019.1\lib\win64.o\librdi_coregenipxact.dll
0x00007fffab7e0000 - 0x00007fffab936000 	C:\Vivodo\Vivado\2019.1\lib\win64.o\librdi_containers.dll
0x00007fff64860000 - 0x00007fff66711000 	C:\Vivodo\Vivado\2019.1\lib\win64.o\librdi_coregen.dll
0x00007fff79f00000 - 0x00007fff7a21e000 	C:\Vivodo\Vivado\2019.1\lib\win64.o\librdi_dlyest.dll
0x00007fff642c0000 - 0x00007fff6485a000 	C:\Vivodo\Vivado\2019.1\lib\win64.o\librdi_drc.dll
0x00007fffad790000 - 0x00007fffad854000 	C:\Vivodo\Vivado\2019.1\lib\win64.o\librdi_dsp.dll
0x00007fff63c70000 - 0x00007fff642bd000 	C:\Vivodo\Vivado\2019.1\lib\win64.o\librdi_filemgmt.dll
0x00007fff63980000 - 0x00007fff63c63000 	C:\Vivodo\Vivado\2019.1\lib\win64.o\librdi_guitools.dll
0x00007fffaf140000 - 0x00007fffaf1a5000 	C:\Vivodo\Vivado\2019.1\lib\win64.o\librdi_hdf.dll
0x00007fff61f90000 - 0x00007fff6397a000 	C:\Vivodo\Vivado\2019.1\lib\win64.o\librdi_constraints.dll
0x00007fff61970000 - 0x00007fff61f85000 	C:\Vivodo\Vivado\2019.1\lib\win64.o\librdi_memdata.dll
0x00007fffad2e0000 - 0x00007fffad353000 	C:\Vivodo\Vivado\2019.1\lib\win64.o\librdi_memoryarray.dll
0x00007fff5d920000 - 0x00007fff61963000 	C:\Vivodo\Vivado\2019.1\lib\win64.o\librdi_designutils.dll
0x00007fff4ae40000 - 0x00007fff4b4e2000 	C:\Vivodo\Vivado\2019.1\lib\win64.o\librdi_netlist.dll
0x00007fffd7b90000 - 0x00007fffd7bdb000 	C:\Vivodo\Vivado\2019.1\lib\win64.o\librdi_pfi.dll
0x00007fff4b4f0000 - 0x00007fff5d91c000 	C:\Vivodo\Vivado\2019.1\lib\win64.o\librdi_device.dll
0x00007fff4ab30000 - 0x00007fff4ae3f000 	C:\Vivodo\Vivado\2019.1\lib\win64.o\librdi_platform.dll
0x00007fff4a3e0000 - 0x00007fff4ab2a000 	C:\Vivodo\Vivado\2019.1\lib\win64.o\librdi_power.dll
0x00007fff49e60000 - 0x00007fff4a3df000 	C:\Vivodo\Vivado\2019.1\lib\win64.o\librdi_project.dll
0x00007fff49750000 - 0x00007fff49e59000 	C:\Vivodo\Vivado\2019.1\lib\win64.o\librdi_psta.dll
0x00007fff49040000 - 0x00007fff49746000 	C:\Vivodo\Vivado\2019.1\lib\win64.o\librdi_rsb.dll
0x00007fff48c40000 - 0x00007fff49031000 	C:\Vivodo\Vivado\2019.1\lib\win64.o\librdi_runs.dll
0x00007fffabb00000 - 0x00007fffabbfa000 	C:\Vivodo\Vivado\2019.1\lib\win64.o\librdi_runsbase.dll
0x00007fff489e0000 - 0x00007fff48c36000 	C:\Vivodo\Vivado\2019.1\lib\win64.o\librdi_simdata.dll
0x00007fff47420000 - 0x00007fff489e0000 	C:\Vivodo\Vivado\2019.1\lib\win64.o\librdi_implflow.dll
0x00007fffa5770000 - 0x00007fffa58e2000 	C:\Vivodo\Vivado\2019.1\lib\win64.o\librdi_advchipscopeimpl.dll
0x00007fff44730000 - 0x00007fff47416000 	C:\Vivodo\Vivado\2019.1\lib\win64.o\librdi_mig.dll
0x00007fff44590000 - 0x00007fff4472f000 	C:\Vivodo\Vivado\2019.1\lib\win64.o\librdi_hip_devdesign.dll
0x00007fffd7ab0000 - 0x00007fffd7af3000 	C:\Vivodo\Vivado\2019.1\lib\win64.o\librdi_noc_frameworks.dll
0x00007fff43770000 - 0x00007fff44581000 	C:\Vivodo\Vivado\2019.1\lib\win64.o\librdi_timing.dll
0x00007fffd7050000 - 0x00007fffd709c000 	C:\Vivodo\Vivado\2019.1\lib\win64.o\libboost_serialization.dll
0x00007fffad240000 - 0x00007fffad2de000 	C:\Vivodo\Vivado\2019.1\lib\win64.o\libise.dll
0x00007fff410f0000 - 0x00007fff43766000 	C:\Vivodo\Vivado\2019.1\lib\win64.o\librdi_place.dll
0x00007fffe9d20000 - 0x00007fffe9d60000 	C:\Vivodo\Vivado\2019.1\lib\win64.o\librdi_wavedata_SimpleApi.dll
0x00007fff40af0000 - 0x00007fff410ec000 	C:\Vivodo\Vivado\2019.1\lib\win64.o\librdi_wavedata.dll
0x00007fffa10e0000 - 0x00007fffa11a2000 	C:\Vivodo\Vivado\2019.1\lib\win64.o\librdi_ipconfig_readwrite.dll
0x00007fff40700000 - 0x00007fff40ae5000 	C:\Vivodo\Vivado\2019.1\lib\win64.o\librdi_hip_config.dll
0x00007fff401b0000 - 0x00007fff406fe000 	C:\Vivodo\Vivado\2019.1\lib\win64.o\librdi_xdm.dll
0x00007fffab4d0000 - 0x00007fffab558000 	C:\Vivodo\Vivado\2019.1\lib\win64.o\librdi_meir_core.dll
0x00007fff3f660000 - 0x00007fff401a7000 	C:\Vivodo\Vivado\2019.1\lib\win64.o\libverific.dll
0x00007fff3f400000 - 0x00007fff3f659000 	C:\Vivodo\Vivado\2019.1\lib\win64.o\librdi_hsm.dll
0x00007fff3e110000 - 0x00007fff3e8f6000 	C:\Vivodo\Vivado\2019.1\lib\win64.o\librdi_labtools.dll

VM Arguments:
jvm_args: -Dsun.java2d.pmoffscreen=false -Dsun.java2d.xrender=false -Dsun.java2d.d3d=false -Dsun.awt.nopixfmt=true -Dsun.java2d.dpiaware=true -Dsun.java2d.uiScale.enabled=false -Xverify:none -Dswing.aatext=true -XX:-UsePerfData -Djdk.map.althashing.threshold=512 -XX:StringTableSize=4072 --add-opens=java.base/java.nio=ALL-UNNAMED --add-opens=java.desktop/sun.swing=ALL-UNNAMED --add-opens=java.desktop/javax.swing=ALL-UNNAMED --add-opens=java.desktop/javax.swing.tree=ALL-UNNAMED --add-opens=java.desktop/javax.swing.plaf.basic=ALL-UNNAMED --add-opens=java.desktop/javax.swing.plaf.synth=ALL-UNNAMED --add-opens=java.desktop/com.sun.awt=ALL-UNNAMED -XX:NewSize=60m -XX:MaxNewSize=60m -Xms128m -Xmx3072m -Xss5m 
java_command: <unknown>
java_class_path (initial): C:/Vivodo/Vivado/2019.1\lib\classes\alloy.jar;C:/Vivodo/Vivado/2019.1\lib\classes\autopilot.scelaborator.jar;C:/Vivodo/Vivado/2019.1\lib\classes\autopilot.sourceprocessor.jar;C:/Vivodo/Vivado/2019.1\lib\classes\autopilot.tbprocessor.jar;C:/Vivodo/Vivado/2019.1\lib\classes\batik-anim.jar;C:/Vivodo/Vivado/2019.1\lib\classes\batik-awt-util.jar;C:/Vivodo/Vivado/2019.1\lib\classes\batik-bridge.jar;C:/Vivodo/Vivado/2019.1\lib\classes\batik-codec.jar;C:/Vivodo/Vivado/2019.1\lib\classes\batik-css.jar;C:/Vivodo/Vivado/2019.1\lib\classes\batik-dom.jar;C:/Vivodo/Vivado/2019.1\lib\classes\batik-ext.jar;C:/Vivodo/Vivado/2019.1\lib\classes\batik-gui-util.jar;C:/Vivodo/Vivado/2019.1\lib\classes\batik-gvt.jar;C:/Vivodo/Vivado/2019.1\lib\classes\batik-parser.jar;C:/Vivodo/Vivado/2019.1\lib\classes\batik-script.jar;C:/Vivodo/Vivado/2019.1\lib\classes\batik-svg-dom.jar;C:/Vivodo/Vivado/2019.1\lib\classes\batik-swing.jar;C:/Vivodo/Vivado/2019.1\lib\classes\batik-transcoder.jar;C:/Vivodo/Vivado/2019.1\lib\classes\batik-util.jar;C:/Vivodo/Vivado/2019.1\lib\classes\batik-xml.jar;C:/Vivodo/Vivado/2019.1\lib\classes\com.google.gson_2.7.0.v20170129-0911.jar;C:/Vivodo/Vivado/2019.1\lib\classes\com.google.guava_21.0.0.v20170206-1425.jar;C:/Vivodo/Vivado/2019.1\lib\classes\com.google.inject_3.0.0.v201605172100.jar;C:/Vivodo/Vivado/2019.1\lib\classes\com.ibm.icu_4.4.2.v20110208.jar;C:/Vivodo/Vivado/2019.1\lib\classes\com.sigasi.hdt.annotations.runtime_4.3.0.201903071210.jar;C:/Vivodo/Vivado/2019.1\lib\classes\com.sigasi.hdt.blockdiagram.model_4.3.0.201903071210.jar;C:/Vivodo/Vivado/2019.1\lib\classes\com.sigasi.hdt.connection_4.3.0.201903071210.jar;C:/Vivodo/Vivado/2019.1\lib\classes\com.sigasi.hdt.dependencies.model_4.3.0.201903071210.jar;C:/Vivodo/Vivado/2019.1\lib\classes\com.sigasi.hdt.epl_4.3.0.201903071210.jar;C:/Vivodo/Vivado/2019.1\lib\classes\com.sigasi.hdt.graphics.model_4.3.0.201903071210.jar;C:/Vivodo/Vivado/2019.1\lib\classes\com.sigasi.hdt.project_4.3.0
Launcher Type: generic

Logging:
Log output configuration:
#0: stdout all=warning uptime,level,tags
#1: stderr all=off uptime,level,tags

Environment Variables:
PATH=C:/Vivodo/Vivado/2019.1/bin;C:/Vivodo/Vivado/2019.1/lib/win64.o;C:/Vivodo/Vivado/2019.1/tps/win64/jre9.0.4/bin/server;C:/Vivodo/Vivado/2019.1/tps/win64/jre9.0.4/bin;C:/Vivodo/SDK/2019.1/bin;C:/Vivodo/Vivado/2019.1/ids_lite/ISE/bin/nt64;C:/Vivodo/Vivado/2019.1/ids_lite/ISE/lib/nt64;D:\VMware\VMware Workstation\bin\;C:\Windows\System32\HWAudioDriverLibs;C:\Windows\system32;C:\Windows;C:\Windows\System32\Wbem;C:\Windows\System32\WindowsPowerShell\v1.0\;C:\Windows\System32\OpenSSH\;C:\Windows\system32\config\systemprofile\AppData\Local\Microsoft\WindowsApps;C:\Program Files\Bandizip\;C:\Program Files\Microsoft SQL Server\130\Tools\Binn\;C:\Program Files\MATLAB\R2022b\bin;D:\Ctags;C:\Users\VAMPIRE\AppData\Local\Programs\Python\Python311\Scripts\;C:\Users\VAMPIRE\AppData\Local\Programs\Python\Python311\;C:\Users\VAMPIRE\AppData\Local\Microsoft\WindowsApps;C:\Program Files (x86)\Dev-Cpp\MinGW64\bin;C:\Users\VAMPIRE\AppData\Roaming\pandoc;C:\Users\VAMPIRE\AppData\Local\Programs\Microsoft VS Code\bin;;D:\iverilog\bin;D:\iverilog\gtkwave\bin;C:/Vivodo/Vivado/2019.1\tps\mingw\6.2.0\win64.o\nt\bin;C:/Vivodo/Vivado/2019.1\tps\mingw\6.2.0\win64.o\nt\libexec\gcc\x86_64-w64-mingw32\6.2.0;C:/Vivodo/Vivado/2019.1\tps\win64\python-2.7.5;C:/Vivodo/Vivado/2019.1\tps\win64\python-2.7.5\lib;C:/Vivodo/Vivado/2019.1\tps\win64\python-2.7.5\Lib\lib-tk;C:/Vivodo/Vivado/2019.1\tps\win64\python-2.7.5\lib\site-packages
USERNAME=VAMPIRE
OS=Windows_NT
PROCESSOR_IDENTIFIER=Intel64 Family 6 Model 140 Stepping 1, GenuineIntel



---------------  S Y S T E M  ---------------

OS: Windows 10 , 64 bit Build 22621 (10.0.22621.2428)

CPU:total 8 (initial active 8) (4 cores per cpu, 2 threads per core) family 6 model 140 stepping 1, cmov, cx8, fxsr, mmx, sse, sse2, sse3, ssse3, sse4.1, sse4.2, popcnt, avx, avx2, aes, clmul, erms, 3dnowpref, lzcnt, ht, tsc, tscinvbit, bmi1, bmi2, adx, sha, fma

Memory: 4k page, physical 16555320k(4424244k free), swap 16555320k(15348k free)

vm_info: Java HotSpot(TM) 64-Bit Server VM (9.0.4+11) for windows-amd64 JRE (9.0.4+11), built on Dec 20 2017 02:18:54 by "mach5one" with MS VC++ 12.0 (VS2013)

END.
