#
# There is insufficient memory for the Java Runtime Environment to continue.
# Native memory allocation (malloc) failed to allocate 879216 bytes for Chunk::new
# Possible reasons:
#   The system is out of physical RAM or swap space
#   The process is running with CompressedOops enabled, and the Java Heap may be blocking the growth of the native heap
# Possible solutions:
#   Reduce memory load on the system
#   Increase physical memory or swap space
#   Check if swap backing store is full
#   Decrease Java heap size (-Xmx/-Xms)
#   Decrease number of Java threads
#   Decrease Java thread stack sizes (-Xss)
#   Set larger code cache with -XX:ReservedCodeCacheSize=
#   JVM is running with Zero Based Compressed Oops mode in which the Java heap is
#     placed in the first 32GB address space. The Java Heap base address is the
#     maximum limit for the native heap growth. Please use -XX:HeapBaseMinAddress
#     to set the Java Heap base and to place the Java Heap above 32GB virtual address.
# This output file may be truncated or incomplete.
#
#  Out of Memory Error (t:/workspace/hotspot/src/share/vm/memory/allocation.cpp:372), pid=6832, tid=5404
#
# JRE version: Java(TM) SE Runtime Environment (9.0+11) (build 9.0.4+11)
# Java VM: Java HotSpot(TM) 64-Bit Server VM (9.0.4+11, mixed mode, tiered, compressed oops, g1 gc, windows-amd64)
# No core dump will be written. Minidumps are not enabled by default on client versions of Windows
#

---------------  S U M M A R Y ------------

Command Line: -Dsun.java2d.pmoffscreen=false -Dsun.java2d.xrender=false -Dsun.java2d.d3d=false -Dsun.awt.nopixfmt=true -Dsun.java2d.dpiaware=true -Dsun.java2d.uiScale.enabled=false -Xverify:none -Dswing.aatext=true -XX:-UsePerfData -Djdk.map.althashing.threshold=512 -XX:StringTableSize=4072 --add-opens=java.base/java.nio=ALL-UNNAMED --add-opens=java.desktop/sun.swing=ALL-UNNAMED --add-opens=java.desktop/javax.swing=ALL-UNNAMED --add-opens=java.desktop/javax.swing.tree=ALL-UNNAMED --add-opens=java.desktop/javax.swing.plaf.basic=ALL-UNNAMED --add-opens=java.desktop/javax.swing.plaf.synth=ALL-UNNAMED --add-opens=java.desktop/com.sun.awt=ALL-UNNAMED -XX:NewSize=60m -XX:MaxNewSize=60m -Xms128m -Xmx3072m -Xss5m 

Host: 11th Gen Intel(R) Core(TM) i7-11370H @ 3.30GHz, 8 cores, 15G,  Windows 10 , 64 bit Build 22621 (10.0.22621.2428)
Time: Tue Nov 07 22:58:49 2023 ?D1¨²¡À¨º¡Á?¨º¡À?? elapsed time: 48 seconds (0d 0h 0m 48s)

---------------  T H R E A D  ---------------

Current thread (0x0000022134987000):  JavaThread "C2 CompilerThread2" daemon [_thread_in_native, id=5404, stack(0x0000003abd400000,0x0000003abd500000)]


Current CompileTask:
C2:  48337 14159   !   4       java.net.URL::<init> (546 bytes)

Stack: [0x0000003abd400000,0x0000003abd500000]
Native frames: (J=compiled Java code, j=interpreted, Vv=VM code, C=native code)
V  [jvm.dll+0x587068]
V  [jvm.dll+0x69c25e]
V  [jvm.dll+0x69d17a]
V  [jvm.dll+0x69d7b3]
V  [jvm.dll+0x21d198]
V  [jvm.dll+0xa7aac]
V  [jvm.dll+0xa83ec]
V  [jvm.dll+0x320ef5]
V  [jvm.dll+0x17b8ac]
V  [jvm.dll+0x1e9bed]
V  [jvm.dll+0x1e8d86]
V  [jvm.dll+0x1691cb]
V  [jvm.dll+0x1f6570]
V  [jvm.dll+0x1f51f6]
V  [jvm.dll+0x66b44f]
V  [jvm.dll+0x586490]
C  [MSVCR120.dll+0x24f6b]
C  [MSVCR120.dll+0x25098]
C  [KERNEL32.DLL+0x1257d]
C  [ntdll.dll+0x5aa78]


---------------  P R O C E S S  ---------------

Java Threads: ( => current thread )
  0x000002215da58000 JavaThread "Image Fetcher 3" daemon [_thread_blocked, id=8732, stack(0x0000003ac3800000,0x0000003ac3d00000)]
  0x000002215da5b000 JavaThread "Image Animator 2" daemon [_thread_blocked, id=29716, stack(0x0000003ac5100000,0x0000003ac5600000)]
  0x000002215da58800 JavaThread "Image Animator 3" daemon [_thread_blocked, id=14524, stack(0x0000003ac3d00000,0x0000003ac4200000)]
  0x000002215da53800 JavaThread "SyntheticaAnimation 50" daemon [_thread_blocked, id=14172, stack(0x0000003ac4c00000,0x0000003ac5100000)]
  0x000002215da5a000 JavaThread "Update Runs Swing Worker" [_thread_in_native, id=15104, stack(0x0000003ac4700000,0x0000003ac4c00000)]
  0x0000022134d10000 JavaThread "hw_ila_monitor" [_thread_blocked, id=25272, stack(0x0000003ac3300000,0x0000003ac3800000)]
  0x0000022134d0e800 JavaThread "Refresh Filesets Swing Worker" [_thread_blocked, id=20856, stack(0x0000003abfa00000,0x0000003abff00000)]
  0x0000022134d0d800 JavaThread "SyntheticaAnimation 70" daemon [_thread_blocked, id=22388, stack(0x0000003ac2e00000,0x0000003ac3300000)]
  0x0000022134d0b800 JavaThread "SyntheticaAnimation 25" daemon [_thread_blocked, id=25260, stack(0x0000003ac2200000,0x0000003ac2700000)]
  0x0000022134d0a800 JavaThread "SyntheticaAnimation 50" daemon [_thread_blocked, id=22892, stack(0x0000003ac1d00000,0x0000003ac2200000)]
  0x0000022134d09000 JavaThread "Monitor HEventQueue" [_thread_blocked, id=15440, stack(0x0000003ac1800000,0x0000003ac1d00000)]
  0x0000022134d0d000 JavaThread "SyntheticaCleanerThread" daemon [_thread_blocked, id=11356, stack(0x0000003ac1300000,0x0000003ac1800000)]
  0x0000022134d0a000 JavaThread "Batik CleanerThread" daemon [_thread_blocked, id=25660, stack(0x0000003abeb00000,0x0000003abf000000)]
  0x00000221397ae000 JavaThread "AWT-EventQueue-1" [_thread_in_vm, id=27036, stack(0x0000003ac0900000,0x0000003ac0e00000)]
  0x00000221398d0000 JavaThread "AWT-Shutdown" [_thread_blocked, id=18180, stack(0x0000003ac0400000,0x0000003ac0900000)]
  0x000002215aa49000 JavaThread "Process Messages" [_thread_blocked, id=20616, stack(0x0000003abff00000,0x0000003ac0400000)]
  0x0000022139664800 JavaThread "Thread-1" [_thread_in_native, id=20724, stack(0x0000003ab9200000,0x0000003aba600000)]
  0x000002215a369800 JavaThread "TimerQueue" daemon [_thread_blocked, id=29988, stack(0x0000003abf500000,0x0000003abfa00000)]
  0x0000022138ef5800 JavaThread "AWT-Windows" daemon [_thread_in_native, id=25236, stack(0x0000003abf000000,0x0000003abf500000)]
  0x0000022130805800 JavaThread "Java2D Disposer" daemon [_thread_blocked, id=29688, stack(0x0000003abe600000,0x0000003abeb00000)]
  0x000002213713a800 JavaThread "Service Thread" daemon [_thread_blocked, id=8856, stack(0x0000003abe000000,0x0000003abe500000)]
  0x00000221368cf000 JavaThread "Common-Cleaner" daemon [_thread_blocked, id=12116, stack(0x0000003abdb00000,0x0000003abe000000)]
  0x0000022134d0c000 JavaThread "Sweeper thread" daemon [_thread_blocked, id=30200, stack(0x0000003abd600000,0x0000003abdb00000)]
  0x00000221368ce800 JavaThread "C1 CompilerThread3" daemon [_thread_blocked, id=26772, stack(0x0000003abd500000,0x0000003abd600000)]
=>0x0000022134987000 JavaThread "C2 CompilerThread2" daemon [_thread_in_native, id=5404, stack(0x0000003abd400000,0x0000003abd500000)]
  0x0000022134986800 JavaThread "C2 CompilerThread1" daemon [_thread_in_native, id=2120, stack(0x0000003abd300000,0x0000003abd400000)]
  0x00000221349fd000 JavaThread "C2 CompilerThread0" daemon [_thread_in_native, id=5256, stack(0x0000003abd200000,0x0000003abd300000)]
  0x00000221349fc800 JavaThread "Attach Listener" daemon [_thread_blocked, id=7632, stack(0x0000003abcd00000,0x0000003abd200000)]
  0x0000022134f2a000 JavaThread "Signal Dispatcher" daemon [_thread_blocked, id=27092, stack(0x0000003abc800000,0x0000003abcd00000)]
  0x0000022133a39800 JavaThread "Finalizer" daemon [_thread_blocked, id=7324, stack(0x0000003abc300000,0x0000003abc800000)]
  0x0000022138acf800 JavaThread "Reference Handler" daemon [_thread_blocked, id=13200, stack(0x0000003abbe00000,0x0000003abc300000)]
  0x000002212e178800 JavaThread "main" [_thread_blocked, id=2896, stack(0x0000003ab9100000,0x0000003ab9200000)]

Other Threads:
  0x0000022134940800 VMThread "VM Thread" [stack: 0x0000003abbd00000,0x0000003abbe00000] [id=8816]
  0x00000221370c4800 WatcherThread [stack: 0x0000003abe500000,0x0000003abe600000] [id=9592]
  0x0000022134323800 GCTaskThread "GC Thread#0" [stack: 0x0000003aba900000,0x0000003abaa00000] [id=6000]
  0x0000022134325000 GCTaskThread "GC Thread#1" [stack: 0x0000003abaa00000,0x0000003abab00000] [id=21080]
  0x0000022134328000 GCTaskThread "GC Thread#2" [stack: 0x0000003abab00000,0x0000003abac00000] [id=11048]
  0x0000022134322800 GCTaskThread "GC Thread#3" [stack: 0x0000003abac00000,0x0000003abad00000] [id=26936]
  0x0000022134325800 GCTaskThread "GC Thread#4" [stack: 0x0000003abad00000,0x0000003abae00000] [id=14728]
  0x0000022134326800 GCTaskThread "GC Thread#5" [stack: 0x0000003abae00000,0x0000003abaf00000] [id=18916]
  0x0000022134327800 GCTaskThread "GC Thread#6" [stack: 0x0000003abaf00000,0x0000003abb000000] [id=15312]
  0x0000022134326000 GCTaskThread "GC Thread#7" [stack: 0x0000003abb000000,0x0000003abb100000] [id=26648]
  0x000002213707e800 ConcurrentGCThread "G1 Main Marker" [stack: 0x0000003abba00000,0x0000003abbb00000] [id=17092]
  0x0000022134328800 ConcurrentGCThread "G1 Marker#0" [stack: 0x0000003abbb00000,0x0000003abbc00000] [id=4540]
  0x0000022134329000 ConcurrentGCThread "G1 Marker#1" [stack: 0x0000003abbc00000,0x0000003abbd00000] [id=30376]
  0x0000022136f7f800 ConcurrentGCThread "G1 Refine#0" [stack: 0x0000003abb800000,0x0000003abb900000] [id=30008]
  0x0000022133a32800 ConcurrentGCThread "G1 Refine#1" [stack: 0x0000003abb700000,0x0000003abb800000] [id=9060]
  0x0000022133a31800 ConcurrentGCThread "G1 Refine#2" [stack: 0x0000003abb600000,0x0000003abb700000] [id=22828]
  0x0000022136d5f800 ConcurrentGCThread "G1 Refine#3" [stack: 0x0000003abb500000,0x0000003abb600000] [id=10184]
  0x0000022136d5e800 ConcurrentGCThread "G1 Refine#4" [stack: 0x0000003abb400000,0x0000003abb500000] [id=18984]
  0x0000022134a08800 ConcurrentGCThread "G1 Refine#5" [stack: 0x0000003abb300000,0x0000003abb400000] [id=30224]
  0x00000221333e0000 ConcurrentGCThread "G1 Refine#6" [stack: 0x0000003abb200000,0x0000003abb300000] [id=25456]
  0x000002213364a800 ConcurrentGCThread "G1 Refine#7" [stack: 0x0000003abb100000,0x0000003abb200000] [id=11336]
  0x0000022136f80000 ConcurrentGCThread "G1 Young RemSet Sampling" [stack: 0x0000003abb900000,0x0000003abba00000] [id=4148]

Threads with active compile tasks:
C2 CompilerThread214159   !   4       java.net.URL::<init> (546 bytes)
C2 CompilerThread114208   !   4       sun.awt.windows.WCustomCursor::createNativeCursor (231 bytes)
C2 CompilerThread014209       4       sun.awt.image.GifImageDecoder::sendPixels (415 bytes)

VM state:not at safepoint (normal execution)

VM Mutex/Monitor currently owned by a thread: None

Heap address: 0x0000000700000000, size: 3072 MB, Compressed Oops mode: Zero based, Oop shift amount: 3
Narrow klass base: 0x0000000000000000, Narrow klass shift: 3
Compressed class space size: 1073741824 Address: 0x00000007c0000000

Heap:
 garbage-first heap   total 232448K, used 93031K [0x0000000700000000, 0x0000000700100718, 0x00000007c0000000)
  region size 1024K, 24 young (24576K), 0 survivors (0K)
 Metaspace       used 73742K, capacity 78599K, committed 78768K, reserved 1116160K
  class space    used 10317K, capacity 11178K, committed 11184K, reserved 1048576K
Heap Regions: E=young(eden), S=young(survivor), O=old, HS=humongous(starts), HC=humongous(continues), CS=collection set, F=free, A=archive, TS=gc time stamp, AC=allocation context, TAMS=top-at-mark-start (previous, next)
|   0|0x0000000700000000, 0x00000007000ffd10, 0x0000000700100000| 99%| O|  |TS  0|AC  0|TAMS 0x0000000700000000, 0x0000000700000000|
|   1|0x0000000700100000, 0x0000000700200000, 0x0000000700200000|100%|HS|  |TS  0|AC  0|TAMS 0x0000000700100000, 0x0000000700100000|
|   2|0x0000000700200000, 0x0000000700300000, 0x0000000700300000|100%|HC|  |TS  0|AC  0|TAMS 0x0000000700200000, 0x0000000700200000|
|   3|0x0000000700300000, 0x0000000700400000, 0x0000000700400000|100%|HS|  |TS  0|AC  0|TAMS 0x0000000700300000, 0x0000000700300000|
|   4|0x0000000700400000, 0x00000007004d4e88, 0x0000000700500000| 83%| O|  |TS  0|AC  0|TAMS 0x0000000700400000, 0x0000000700400000|
|   5|0x0000000700500000, 0x00000007005fffb8, 0x0000000700600000| 99%| O|  |TS  0|AC  0|TAMS 0x0000000700500000, 0x0000000700500000|
|   6|0x0000000700600000, 0x0000000700700000, 0x0000000700700000|100%| O|  |TS  0|AC  0|TAMS 0x0000000700600000, 0x0000000700600000|
|   7|0x0000000700700000, 0x0000000700800000, 0x0000000700800000|100%| O|  |TS  0|AC  0|TAMS 0x0000000700700000, 0x0000000700700000|
|   8|0x0000000700800000, 0x00000007008e8be0, 0x0000000700900000| 90%| O|  |TS  0|AC  0|TAMS 0x0000000700800000, 0x0000000700800000|
|   9|0x0000000700900000, 0x00000007009ffff8, 0x0000000700a00000| 99%| O|  |TS  0|AC  0|TAMS 0x0000000700900000, 0x0000000700900000|
|  10|0x0000000700a00000, 0x0000000700af8040, 0x0000000700b00000| 96%| O|  |TS  0|AC  0|TAMS 0x0000000700a00000, 0x0000000700a00000|
|  11|0x0000000700b00000, 0x0000000700c00000, 0x0000000700c00000|100%|HS|  |TS  0|AC  0|TAMS 0x0000000700b00000, 0x0000000700b00000|
|  12|0x0000000700c00000, 0x0000000700d00000, 0x0000000700d00000|100%|HC|  |TS  0|AC  0|TAMS 0x0000000700c00000, 0x0000000700c00000|
|  13|0x0000000700d00000, 0x0000000700e00000, 0x0000000700e00000|100%| O|  |TS  0|AC  0|TAMS 0x0000000700d00000, 0x0000000700d00000|
|  14|0x0000000700e00000, 0x0000000700ef29c0, 0x0000000700f00000| 94%| O|  |TS  0|AC  0|TAMS 0x0000000700e00000, 0x0000000700e00000|
|  15|0x0000000700f00000, 0x0000000700ffda88, 0x0000000701000000| 99%| O|  |TS  0|AC  0|TAMS 0x0000000700f00000, 0x0000000700f00000|
|  16|0x0000000701000000, 0x00000007010fdd60, 0x0000000701100000| 99%| O|  |TS  0|AC  0|TAMS 0x0000000701000000, 0x0000000701000000|
|  17|0x0000000701100000, 0x00000007011f0cc8, 0x0000000701200000| 94%| O|  |TS  0|AC  0|TAMS 0x0000000701100000, 0x0000000701100000|
|  18|0x0000000701200000, 0x00000007012fffd0, 0x0000000701300000| 99%| O|  |TS  0|AC  0|TAMS 0x0000000701200000, 0x0000000701200000|
|  19|0x0000000701300000, 0x00000007013ffe50, 0x0000000701400000| 99%| O|  |TS  0|AC  0|TAMS 0x0000000701300000, 0x0000000701300000|
|  20|0x0000000701400000, 0x00000007014ffc18, 0x0000000701500000| 99%| O|  |TS  0|AC  0|TAMS 0x0000000701400000, 0x0000000701400000|
|  21|0x0000000701500000, 0x00000007015ffff8, 0x0000000701600000| 99%| O|  |TS  0|AC  0|TAMS 0x0000000701500000, 0x0000000701500000|
|  22|0x0000000701600000, 0x00000007016fffe8, 0x0000000701700000| 99%| O|  |TS  0|AC  0|TAMS 0x0000000701600000, 0x0000000701600000|
|  23|0x0000000701700000, 0x00000007017ffff8, 0x0000000701800000| 99%| O|  |TS  0|AC  0|TAMS 0x0000000701700000, 0x0000000701700000|
|  24|0x0000000701800000, 0x00000007018ffcf0, 0x0000000701900000| 99%| O|  |TS  0|AC  0|TAMS 0x0000000701800000, 0x0000000701800000|
|  25|0x0000000701900000, 0x00000007019ffff8, 0x0000000701a00000| 99%| O|  |TS  0|AC  0|TAMS 0x0000000701900000, 0x0000000701900000|
|  26|0x0000000701a00000, 0x0000000701affff0, 0x0000000701b00000| 99%| O|  |TS  0|AC  0|TAMS 0x0000000701a00000, 0x0000000701a00000|
|  27|0x0000000701b00000, 0x0000000701c00000, 0x0000000701c00000|100%| O|  |TS  0|AC  0|TAMS 0x0000000701b00000, 0x0000000701b00000|
|  28|0x0000000701c00000, 0x0000000701cffff8, 0x0000000701d00000| 99%| O|  |TS  0|AC  0|TAMS 0x0000000701c00000, 0x0000000701c00000|
|  29|0x0000000701d00000, 0x0000000701e00000, 0x0000000701e00000|100%| O|  |TS  0|AC  0|TAMS 0x0000000701d00000, 0x0000000701d00000|
|  30|0x0000000701e00000, 0x0000000701effec8, 0x0000000701f00000| 99%| O|  |TS  0|AC  0|TAMS 0x0000000701e00000, 0x0000000701e00000|
|  31|0x0000000701f00000, 0x0000000701fffff0, 0x0000000702000000| 99%| O|  |TS  0|AC  0|TAMS 0x0000000701f00000, 0x0000000701f00000|
|  32|0x0000000702000000, 0x00000007020ffff8, 0x0000000702100000| 99%| O|  |TS  0|AC  0|TAMS 0x0000000702000000, 0x0000000702000000|
|  33|0x0000000702100000, 0x00000007021fffe8, 0x0000000702200000| 99%| O|  |TS  0|AC  0|TAMS 0x0000000702100000, 0x0000000702100000|
|  34|0x0000000702200000, 0x00000007022ffe98, 0x0000000702300000| 99%| O|  |TS  0|AC  0|TAMS 0x0000000702200000, 0x0000000702200000|
|  35|0x0000000702300000, 0x0000000702400000, 0x0000000702400000|100%| O|  |TS  0|AC  0|TAMS 0x0000000702300000, 0x0000000702300000|
|  36|0x0000000702400000, 0x00000007024ffff0, 0x0000000702500000| 99%| O|  |TS  0|AC  0|TAMS 0x0000000702400000, 0x0000000702400000|
|  37|0x0000000702500000, 0x00000007025fec58, 0x0000000702600000| 99%| O|  |TS  0|AC  0|TAMS 0x0000000702500000, 0x0000000702500000|
|  38|0x0000000702600000, 0x00000007026ffff0, 0x0000000702700000| 99%| O|  |TS  0|AC  0|TAMS 0x0000000702600000, 0x0000000702600000|
|  39|0x0000000702700000, 0x00000007027ff1f8, 0x0000000702800000| 99%| O|  |TS  0|AC  0|TAMS 0x0000000702700000, 0x0000000702700000|
|  40|0x0000000702800000, 0x00000007028fffe8, 0x0000000702900000| 99%| O|  |TS  0|AC  0|TAMS 0x0000000702800000, 0x0000000702800000|
|  41|0x0000000702900000, 0x00000007029fffd8, 0x0000000702a00000| 99%| O|  |TS  0|AC  0|TAMS 0x0000000702900000, 0x0000000702900000|
|  42|0x0000000702a00000, 0x0000000702affff8, 0x0000000702b00000| 99%| O|  |TS  0|AC  0|TAMS 0x0000000702a00000, 0x0000000702a00000|
|  43|0x0000000702b00000, 0x0000000702bfffb0, 0x0000000702c00000| 99%| O|  |TS  0|AC  0|TAMS 0x0000000702b00000, 0x0000000702b00000|
|  44|0x0000000702c00000, 0x0000000702cfe2b0, 0x0000000702d00000| 99%| O|  |TS  0|AC  0|TAMS 0x0000000702c00000, 0x0000000702c00000|
|  45|0x0000000702d00000, 0x0000000702dfe830, 0x0000000702e00000| 99%| O|  |TS  0|AC  0|TAMS 0x0000000702d00000, 0x0000000702d00000|
|  46|0x0000000702e00000, 0x0000000702efffe8, 0x0000000702f00000| 99%| O|  |TS  0|AC  0|TAMS 0x0000000702e00000, 0x0000000702e00000|
|  47|0x0000000702f00000, 0x0000000702ffdf08, 0x0000000703000000| 99%| O|  |TS  0|AC  0|TAMS 0x0000000702f00000, 0x0000000702f00000|
|  48|0x0000000703000000, 0x00000007030fffe8, 0x0000000703100000| 99%| O|  |TS  0|AC  0|TAMS 0x0000000703000000, 0x0000000703000000|
|  49|0x0000000703100000, 0x0000000703200000, 0x0000000703200000|100%|HS|  |TS  0|AC  0|TAMS 0x0000000703100000, 0x0000000703100000|
|  50|0x0000000703200000, 0x0000000703300000, 0x0000000703300000|100%|HC|  |TS  0|AC  0|TAMS 0x0000000703200000, 0x0000000703200000|
|  51|0x0000000703300000, 0x0000000703400000, 0x0000000703400000|100%|HC|  |TS  0|AC  0|TAMS 0x0000000703300000, 0x0000000703300000|
|  52|0x0000000703400000, 0x0000000703500000, 0x0000000703500000|100%|HC|  |TS  0|AC  0|TAMS 0x0000000703400000, 0x0000000703400000|
|  53|0x0000000703500000, 0x0000000703600000, 0x0000000703600000|100%|HC|  |TS  0|AC  0|TAMS 0x0000000703500000, 0x0000000703500000|
|  54|0x0000000703600000, 0x0000000703700000, 0x0000000703700000|100%|HC|  |TS  0|AC  0|TAMS 0x0000000703600000, 0x0000000703600000|
|  55|0x0000000703700000, 0x0000000703800000, 0x0000000703800000|100%|HC|  |TS  0|AC  0|TAMS 0x0000000703700000, 0x0000000703700000|
|  56|0x0000000703800000, 0x0000000703900000, 0x0000000703900000|100%|HC|  |TS  0|AC  0|TAMS 0x0000000703800000, 0x0000000703800000|
|  57|0x0000000703900000, 0x0000000703a00000, 0x0000000703a00000|100%|HC|  |TS  0|AC  0|TAMS 0x0000000703900000, 0x0000000703900000|
|  58|0x0000000703a00000, 0x0000000703b00000, 0x0000000703b00000|100%|HC|  |TS  0|AC  0|TAMS 0x0000000703a00000, 0x0000000703a00000|
|  59|0x0000000703b00000, 0x0000000703c00000, 0x0000000703c00000|100%|HC|  |TS  0|AC  0|TAMS 0x0000000703b00000, 0x0000000703b00000|
|  60|0x0000000703c00000, 0x0000000703d00000, 0x0000000703d00000|100%|HC|  |TS  0|AC  0|TAMS 0x0000000703c00000, 0x0000000703c00000|
|  61|0x0000000703d00000, 0x0000000703e00000, 0x0000000703e00000|100%|HC|  |TS  0|AC  0|TAMS 0x0000000703d00000, 0x0000000703d00000|
|  62|0x0000000703e00000, 0x0000000703f00000, 0x0000000703f00000|100%|HC|  |TS  0|AC  0|TAMS 0x0000000703e00000, 0x0000000703e00000|
|  63|0x0000000703f00000, 0x0000000704000000, 0x0000000704000000|100%|HC|  |TS  0|AC  0|TAMS 0x0000000703f00000, 0x0000000703f00000|
|  64|0x0000000704000000, 0x0000000704100000, 0x0000000704100000|100%| O|  |TS  0|AC  0|TAMS 0x0000000704000000, 0x0000000704000000|
|  65|0x0000000704100000, 0x000000070414dcd0, 0x0000000704200000| 30%| O|  |TS  0|AC  0|TAMS 0x0000000704100000, 0x0000000704100000|
|  66|0x0000000704200000, 0x0000000704300000, 0x0000000704300000|100%|HS|  |TS  0|AC  0|TAMS 0x0000000704200000, 0x0000000704200000|
|  67|0x0000000704300000, 0x0000000704300000, 0x0000000704400000|  0%| F|  |TS  0|AC  0|TAMS 0x0000000704300000, 0x0000000704300000|
|  68|0x0000000704400000, 0x0000000704400000, 0x0000000704500000|  0%| F|  |TS  0|AC  0|TAMS 0x0000000704400000, 0x0000000704400000|
|  69|0x0000000704500000, 0x0000000704600000, 0x0000000704600000|100%|HS|  |TS  0|AC  0|TAMS 0x0000000704500000, 0x0000000704500000|
|  70|0x0000000704600000, 0x0000000704600000, 0x0000000704700000|  0%| F|  |TS  0|AC  0|TAMS 0x0000000704600000, 0x0000000704600000|
|  71|0x0000000704700000, 0x0000000704700000, 0x0000000704800000|  0%| F|  |TS  0|AC  0|TAMS 0x0000000704700000, 0x0000000704700000|
|  72|0x0000000704800000, 0x0000000704800000, 0x0000000704900000|  0%| F|  |TS  0|AC  0|TAMS 0x0000000704800000, 0x0000000704800000|
|  73|0x0000000704900000, 0x0000000704900000, 0x0000000704a00000|  0%| F|  |TS  0|AC  0|TAMS 0x0000000704900000, 0x0000000704900000|
|  74|0x0000000704a00000, 0x0000000704a00000, 0x0000000704b00000|  0%| F|  |TS  0|AC  0|TAMS 0x0000000704a00000, 0x0000000704a00000|
|  75|0x0000000704b00000, 0x0000000704b00000, 0x0000000704c00000|  0%| F|  |TS  0|AC  0|TAMS 0x0000000704b00000, 0x0000000704b00000|
|  76|0x0000000704c00000, 0x0000000704c00000, 0x0000000704d00000|  0%| F|  |TS  0|AC  0|TAMS 0x0000000704c00000, 0x0000000704c00000|
|  77|0x0000000704d00000, 0x0000000704e00000, 0x0000000704e00000|100%|HS|  |TS  0|AC  0|TAMS 0x0000000704d00000, 0x0000000704d00000|
|  78|0x0000000704e00000, 0x0000000704e00000, 0x0000000704f00000|  0%| F|  |TS  0|AC  0|TAMS 0x0000000704e00000, 0x0000000704e00000|
|  79|0x0000000704f00000, 0x0000000704f00000, 0x0000000705000000|  0%| F|  |TS  0|AC  0|TAMS 0x0000000704f00000, 0x0000000704f00000|
|  80|0x0000000705000000, 0x0000000705000000, 0x0000000705100000|  0%| F|  |TS  0|AC  0|TAMS 0x0000000705000000, 0x0000000705000000|
|  81|0x0000000705100000, 0x0000000705100000, 0x0000000705200000|  0%| F|  |TS  0|AC  0|TAMS 0x0000000705100000, 0x0000000705100000|
|  82|0x0000000705200000, 0x0000000705200000, 0x0000000705300000|  0%| F|  |TS  0|AC  0|TAMS 0x0000000705200000, 0x0000000705200000|
|  83|0x0000000705300000, 0x0000000705300000, 0x0000000705400000|  0%| F|  |TS  0|AC  0|TAMS 0x0000000705300000, 0x0000000705300000|
|  84|0x0000000705400000, 0x0000000705400000, 0x0000000705500000|  0%| F|  |TS  0|AC  0|TAMS 0x0000000705400000, 0x0000000705400000|
|  85|0x0000000705500000, 0x0000000705500000, 0x0000000705600000|  0%| F|  |TS  0|AC  0|TAMS 0x0000000705500000, 0x0000000705500000|
|  86|0x0000000705600000, 0x0000000705600000, 0x0000000705700000|  0%| F|  |TS  0|AC  0|TAMS 0x0000000705600000, 0x0000000705600000|
|  87|0x0000000705700000, 0x0000000705700000, 0x0000000705800000|  0%| F|  |TS  0|AC  0|TAMS 0x0000000705700000, 0x0000000705700000|
|  88|0x0000000705800000, 0x0000000705800000, 0x0000000705900000|  0%| F|  |TS  0|AC  0|TAMS 0x0000000705800000, 0x0000000705800000|
|  89|0x0000000705900000, 0x0000000705900000, 0x0000000705a00000|  0%| F|  |TS  0|AC  0|TAMS 0x0000000705900000, 0x0000000705900000|
|  90|0x0000000705a00000, 0x0000000705a00000, 0x0000000705b00000|  0%| F|  |TS  0|AC  0|TAMS 0x0000000705a00000, 0x0000000705a00000|
|  91|0x0000000705b00000, 0x0000000705b00000, 0x0000000705c00000|  0%| F|  |TS  0|AC  0|TAMS 0x0000000705b00000, 0x0000000705b00000|
|  92|0x0000000705c00000, 0x0000000705c00000, 0x0000000705d00000|  0%| F|  |TS  0|AC  0|TAMS 0x0000000705c00000, 0x0000000705c00000|
|  93|0x0000000705d00000, 0x0000000705d00000, 0x0000000705e00000|  0%| F|  |TS  0|AC  0|TAMS 0x0000000705d00000, 0x0000000705d00000|
|  94|0x0000000705e00000, 0x0000000705e00000, 0x0000000705f00000|  0%| F|  |TS  0|AC  0|TAMS 0x0000000705e00000, 0x0000000705e00000|
|  95|0x0000000705f00000, 0x0000000705f00000, 0x0000000706000000|  0%| F|  |TS  0|AC  0|TAMS 0x0000000705f00000, 0x0000000705f00000|
|  96|0x0000000706000000, 0x0000000706000000, 0x0000000706100000|  0%| F|  |TS  0|AC  0|TAMS 0x0000000706000000, 0x0000000706000000|
|  97|0x0000000706100000, 0x0000000706100000, 0x0000000706200000|  0%| F|  |TS  0|AC  0|TAMS 0x0000000706100000, 0x0000000706100000|
|  98|0x0000000706200000, 0x0000000706200000, 0x0000000706300000|  0%| F|  |TS  0|AC  0|TAMS 0x0000000706200000, 0x0000000706200000|
|  99|0x0000000706300000, 0x0000000706300000, 0x0000000706400000|  0%| F|  |TS  0|AC  0|TAMS 0x0000000706300000, 0x0000000706300000|
| 100|0x0000000706400000, 0x0000000706400000, 0x0000000706500000|  0%| F|  |TS  0|AC  0|TAMS 0x0000000706400000, 0x0000000706400000|
| 101|0x0000000706500000, 0x0000000706500000, 0x0000000706600000|  0%| F|  |TS  0|AC  0|TAMS 0x0000000706500000, 0x0000000706500000|
| 102|0x0000000706600000, 0x0000000706600000, 0x0000000706700000|  0%| F|  |TS  0|AC  0|TAMS 0x0000000706600000, 0x0000000706600000|
| 103|0x0000000706700000, 0x0000000706700000, 0x0000000706800000|  0%| F|  |TS  0|AC  0|TAMS 0x0000000706700000, 0x0000000706700000|
| 104|0x0000000706800000, 0x0000000706800000, 0x0000000706900000|  0%| F|  |TS  0|AC  0|TAMS 0x0000000706800000, 0x0000000706800000|
| 105|0x0000000706900000, 0x0000000706900000, 0x0000000706a00000|  0%| F|  |TS  0|AC  0|TAMS 0x0000000706900000, 0x0000000706900000|
| 106|0x0000000706a00000, 0x0000000706a00000, 0x0000000706b00000|  0%| F|  |TS  0|AC  0|TAMS 0x0000000706a00000, 0x0000000706a00000|
| 107|0x0000000706b00000, 0x0000000706b00000, 0x0000000706c00000|  0%| F|  |TS  0|AC  0|TAMS 0x0000000706b00000, 0x0000000706b00000|
| 108|0x0000000706c00000, 0x0000000706c00000, 0x0000000706d00000|  0%| F|  |TS  0|AC  0|TAMS 0x0000000706c00000, 0x0000000706c00000|
| 109|0x0000000706d00000, 0x0000000706d00000, 0x0000000706e00000|  0%| F|  |TS  0|AC  0|TAMS 0x0000000706d00000, 0x0000000706d00000|
| 110|0x0000000706e00000, 0x0000000706e00000, 0x0000000706f00000|  0%| F|  |TS  0|AC  0|TAMS 0x0000000706e00000, 0x0000000706e00000|
| 111|0x0000000706f00000, 0x0000000706f00000, 0x0000000707000000|  0%| F|  |TS  0|AC  0|TAMS 0x0000000706f00000, 0x0000000706f00000|
| 112|0x0000000707000000, 0x0000000707000000, 0x0000000707100000|  0%| F|  |TS  0|AC  0|TAMS 0x0000000707000000, 0x0000000707000000|
| 113|0x0000000707100000, 0x0000000707100000, 0x0000000707200000|  0%| F|  |TS  0|AC  0|TAMS 0x0000000707100000, 0x0000000707100000|
| 114|0x0000000707200000, 0x0000000707200000, 0x0000000707300000|  0%| F|  |TS  0|AC  0|TAMS 0x0000000707200000, 0x0000000707200000|
| 115|0x0000000707300000, 0x0000000707300000, 0x0000000707400000|  0%| F|  |TS  0|AC  0|TAMS 0x0000000707300000, 0x0000000707300000|
| 116|0x0000000707400000, 0x0000000707400000, 0x0000000707500000|  0%| F|  |TS  0|AC  0|TAMS 0x0000000707400000, 0x0000000707400000|
| 117|0x0000000707500000, 0x0000000707500000, 0x0000000707600000|  0%| F|  |TS  0|AC  0|TAMS 0x0000000707500000, 0x0000000707500000|
| 118|0x0000000707600000, 0x0000000707600000, 0x0000000707700000|  0%| F|  |TS  0|AC  0|TAMS 0x0000000707600000, 0x0000000707600000|
| 119|0x0000000707700000, 0x0000000707700000, 0x0000000707800000|  0%| F|  |TS  0|AC  0|TAMS 0x0000000707700000, 0x0000000707700000|
| 120|0x0000000707800000, 0x0000000707800000, 0x0000000707900000|  0%| F|  |TS  0|AC  0|TAMS 0x0000000707800000, 0x0000000707800000|
| 121|0x0000000707900000, 0x0000000707900000, 0x0000000707a00000|  0%| F|  |TS  0|AC  0|TAMS 0x0000000707900000, 0x0000000707900000|
| 122|0x0000000707a00000, 0x0000000707a00000, 0x0000000707b00000|  0%| F|  |TS  0|AC  0|TAMS 0x0000000707a00000, 0x0000000707a00000|
| 123|0x0000000707b00000, 0x0000000707b00000, 0x0000000707c00000|  0%| F|  |TS  0|AC  0|TAMS 0x0000000707b00000, 0x0000000707b00000|
| 124|0x0000000707c00000, 0x0000000707c00000, 0x0000000707d00000|  0%| F|  |TS  0|AC  0|TAMS 0x0000000707c00000, 0x0000000707c00000|
| 125|0x0000000707d00000, 0x0000000707d00000, 0x0000000707e00000|  0%| F|  |TS  0|AC  0|TAMS 0x0000000707d00000, 0x0000000707d00000|
| 126|0x0000000707e00000, 0x0000000707e00000, 0x0000000707f00000|  0%| F|  |TS  0|AC  0|TAMS 0x0000000707e00000, 0x0000000707e00000|
| 127|0x0000000707f00000, 0x0000000707f00000, 0x0000000708000000|  0%| F|  |TS  0|AC  0|TAMS 0x0000000707f00000, 0x0000000707f00000|
| 128|0x0000000708000000, 0x0000000708000000, 0x0000000708100000|  0%| F|  |TS  0|AC  0|TAMS 0x0000000708000000, 0x0000000708000000|
| 129|0x0000000708100000, 0x0000000708100000, 0x0000000708200000|  0%| F|  |TS  0|AC  0|TAMS 0x0000000708100000, 0x0000000708100000|
| 130|0x0000000708200000, 0x0000000708200000, 0x0000000708300000|  0%| F|  |TS  0|AC  0|TAMS 0x0000000708200000, 0x0000000708200000|
| 131|0x0000000708300000, 0x0000000708300000, 0x0000000708400000|  0%| F|  |TS  0|AC  0|TAMS 0x0000000708300000, 0x0000000708300000|
| 132|0x0000000708400000, 0x0000000708400000, 0x0000000708500000|  0%| F|  |TS  0|AC  0|TAMS 0x0000000708400000, 0x0000000708400000|
| 133|0x0000000708500000, 0x0000000708500000, 0x0000000708600000|  0%| F|  |TS  0|AC  0|TAMS 0x0000000708500000, 0x0000000708500000|
| 134|0x0000000708600000, 0x0000000708600000, 0x0000000708700000|  0%| F|  |TS  0|AC  0|TAMS 0x0000000708600000, 0x0000000708600000|
| 135|0x0000000708700000, 0x0000000708700000, 0x0000000708800000|  0%| F|  |TS  0|AC  0|TAMS 0x0000000708700000, 0x0000000708700000|
| 136|0x0000000708800000, 0x0000000708800000, 0x0000000708900000|  0%| F|  |TS  0|AC  0|TAMS 0x0000000708800000, 0x0000000708800000|
| 137|0x0000000708900000, 0x0000000708900000, 0x0000000708a00000|  0%| F|  |TS  0|AC  0|TAMS 0x0000000708900000, 0x0000000708900000|
| 138|0x0000000708a00000, 0x0000000708a00000, 0x0000000708b00000|  0%| F|  |TS  0|AC  0|TAMS 0x0000000708a00000, 0x0000000708a00000|
| 139|0x0000000708b00000, 0x0000000708b00000, 0x0000000708c00000|  0%| F|  |TS  0|AC  0|TAMS 0x0000000708b00000, 0x0000000708b00000|
| 140|0x0000000708c00000, 0x0000000708c00000, 0x0000000708d00000|  0%| F|  |TS  0|AC  0|TAMS 0x0000000708c00000, 0x0000000708c00000|
| 141|0x0000000708d00000, 0x0000000708d00000, 0x0000000708e00000|  0%| F|  |TS  0|AC  0|TAMS 0x0000000708d00000, 0x0000000708d00000|
| 142|0x0000000708e00000, 0x0000000708e00000, 0x0000000708f00000|  0%| F|  |TS  0|AC  0|TAMS 0x0000000708e00000, 0x0000000708e00000|
| 143|0x0000000708f00000, 0x0000000708f00000, 0x0000000709000000|  0%| F|  |TS  0|AC  0|TAMS 0x0000000708f00000, 0x0000000708f00000|
| 144|0x0000000709000000, 0x0000000709000000, 0x0000000709100000|  0%| F|  |TS  0|AC  0|TAMS 0x0000000709000000, 0x0000000709000000|
| 145|0x0000000709100000, 0x0000000709100000, 0x0000000709200000|  0%| F|  |TS  0|AC  0|TAMS 0x0000000709100000, 0x0000000709100000|
| 146|0x0000000709200000, 0x0000000709200000, 0x0000000709300000|  0%| F|  |TS  0|AC  0|TAMS 0x0000000709200000, 0x0000000709200000|
| 147|0x0000000709300000, 0x0000000709300000, 0x0000000709400000|  0%| F|  |TS  0|AC  0|TAMS 0x0000000709300000, 0x0000000709300000|
| 148|0x0000000709400000, 0x0000000709400000, 0x0000000709500000|  0%| F|  |TS  0|AC  0|TAMS 0x0000000709400000, 0x0000000709400000|
| 149|0x0000000709500000, 0x0000000709500000, 0x0000000709600000|  0%| F|  |TS  0|AC  0|TAMS 0x0000000709500000, 0x0000000709500000|
| 150|0x0000000709600000, 0x0000000709600000, 0x0000000709700000|  0%| F|  |TS  0|AC  0|TAMS 0x0000000709600000, 0x0000000709600000|
| 151|0x0000000709700000, 0x0000000709700000, 0x0000000709800000|  0%| F|  |TS  0|AC  0|TAMS 0x0000000709700000, 0x0000000709700000|
| 152|0x0000000709800000, 0x0000000709800000, 0x0000000709900000|  0%| F|  |TS  0|AC  0|TAMS 0x0000000709800000, 0x0000000709800000|
| 153|0x0000000709900000, 0x0000000709900000, 0x0000000709a00000|  0%| F|  |TS  0|AC  0|TAMS 0x0000000709900000, 0x0000000709900000|
| 154|0x0000000709a00000, 0x0000000709a00000, 0x0000000709b00000|  0%| F|  |TS  0|AC  0|TAMS 0x0000000709a00000, 0x0000000709a00000|
| 155|0x0000000709b00000, 0x0000000709b00000, 0x0000000709c00000|  0%| F|  |TS  0|AC  0|TAMS 0x0000000709b00000, 0x0000000709b00000|
| 156|0x0000000709c00000, 0x0000000709c00000, 0x0000000709d00000|  0%| F|  |TS  0|AC  0|TAMS 0x0000000709c00000, 0x0000000709c00000|
| 157|0x0000000709d00000, 0x0000000709d00000, 0x0000000709e00000|  0%| F|  |TS  0|AC  0|TAMS 0x0000000709d00000, 0x0000000709d00000|
| 158|0x0000000709e00000, 0x0000000709e00000, 0x0000000709f00000|  0%| F|  |TS  0|AC  0|TAMS 0x0000000709e00000, 0x0000000709e00000|
| 159|0x0000000709f00000, 0x0000000709f00000, 0x000000070a000000|  0%| F|  |TS  0|AC  0|TAMS 0x0000000709f00000, 0x0000000709f00000|
| 160|0x000000070a000000, 0x000000070a000000, 0x000000070a100000|  0%| F|  |TS  0|AC  0|TAMS 0x000000070a000000, 0x000000070a000000|
| 161|0x000000070a100000, 0x000000070a100000, 0x000000070a200000|  0%| F|  |TS  0|AC  0|TAMS 0x000000070a100000, 0x000000070a100000|
| 162|0x000000070a200000, 0x000000070a200000, 0x000000070a300000|  0%| F|  |TS  0|AC  0|TAMS 0x000000070a200000, 0x000000070a200000|
| 163|0x000000070a300000, 0x000000070a300000, 0x000000070a400000|  0%| F|  |TS  0|AC  0|TAMS 0x000000070a300000, 0x000000070a300000|
| 164|0x000000070a400000, 0x000000070a400000, 0x000000070a500000|  0%| F|  |TS  0|AC  0|TAMS 0x000000070a400000, 0x000000070a400000|
| 165|0x000000070a500000, 0x000000070a500000, 0x000000070a600000|  0%| F|  |TS  0|AC  0|TAMS 0x000000070a500000, 0x000000070a500000|
| 166|0x000000070a600000, 0x000000070a600000, 0x000000070a700000|  0%| F|  |TS  0|AC  0|TAMS 0x000000070a600000, 0x000000070a600000|
| 167|0x000000070a700000, 0x000000070a700000, 0x000000070a800000|  0%| F|  |TS  0|AC  0|TAMS 0x000000070a700000, 0x000000070a700000|
| 168|0x000000070a800000, 0x000000070a800000, 0x000000070a900000|  0%| F|  |TS  0|AC  0|TAMS 0x000000070a800000, 0x000000070a800000|
| 169|0x000000070a900000, 0x000000070a900000, 0x000000070aa00000|  0%| F|  |TS  0|AC  0|TAMS 0x000000070a900000, 0x000000070a900000|
| 170|0x000000070aa00000, 0x000000070aa00000, 0x000000070ab00000|  0%| F|  |TS  0|AC  0|TAMS 0x000000070aa00000, 0x000000070aa00000|
| 171|0x000000070ab00000, 0x000000070ab00000, 0x000000070ac00000|  0%| F|  |TS  0|AC  0|TAMS 0x000000070ab00000, 0x000000070ab00000|
| 172|0x000000070ac00000, 0x000000070ac00000, 0x000000070ad00000|  0%| F|  |TS  0|AC  0|TAMS 0x000000070ac00000, 0x000000070ac00000|
| 173|0x000000070ad00000, 0x000000070ad00000, 0x000000070ae00000|  0%| F|  |TS  0|AC  0|TAMS 0x000000070ad00000, 0x000000070ad00000|
| 174|0x000000070ae00000, 0x000000070ae00000, 0x000000070af00000|  0%| F|  |TS  0|AC  0|TAMS 0x000000070ae00000, 0x000000070ae00000|
| 175|0x000000070af00000, 0x000000070af00000, 0x000000070b000000|  0%| F|  |TS  0|AC  0|TAMS 0x000000070af00000, 0x000000070af00000|
| 176|0x000000070b000000, 0x000000070b000000, 0x000000070b100000|  0%| F|  |TS  0|AC  0|TAMS 0x000000070b000000, 0x000000070b000000|
| 177|0x000000070b100000, 0x000000070b100000, 0x000000070b200000|  0%| F|  |TS  0|AC  0|TAMS 0x000000070b100000, 0x000000070b100000|
| 178|0x000000070b200000, 0x000000070b200000, 0x000000070b300000|  0%| F|  |TS  0|AC  0|TAMS 0x000000070b200000, 0x000000070b200000|
| 179|0x000000070b300000, 0x000000070b300000, 0x000000070b400000|  0%| F|  |TS  0|AC  0|TAMS 0x000000070b300000, 0x000000070b300000|
| 180|0x000000070b400000, 0x000000070b400000, 0x000000070b500000|  0%| F|  |TS  0|AC  0|TAMS 0x000000070b400000, 0x000000070b400000|
| 181|0x000000070b500000, 0x000000070b500000, 0x000000070b600000|  0%| F|  |TS  0|AC  0|TAMS 0x000000070b500000, 0x000000070b500000|
| 182|0x000000070b600000, 0x000000070b600000, 0x000000070b700000|  0%| F|  |TS  0|AC  0|TAMS 0x000000070b600000, 0x000000070b600000|
| 183|0x000000070b700000, 0x000000070b700000, 0x000000070b800000|  0%| F|  |TS  0|AC  0|TAMS 0x000000070b700000, 0x000000070b700000|
| 184|0x000000070b800000, 0x000000070b800000, 0x000000070b900000|  0%| F|  |TS  0|AC  0|TAMS 0x000000070b800000, 0x000000070b800000|
| 185|0x000000070b900000, 0x000000070b900000, 0x000000070ba00000|  0%| F|  |TS  0|AC  0|TAMS 0x000000070b900000, 0x000000070b900000|
| 186|0x000000070ba00000, 0x000000070ba00000, 0x000000070bb00000|  0%| F|  |TS  0|AC  0|TAMS 0x000000070ba00000, 0x000000070ba00000|
| 187|0x000000070bb00000, 0x000000070bb00000, 0x000000070bc00000|  0%| F|  |TS  0|AC  0|TAMS 0x000000070bb00000, 0x000000070bb00000|
| 188|0x000000070bc00000, 0x000000070bc00000, 0x000000070bd00000|  0%| F|  |TS  0|AC  0|TAMS 0x000000070bc00000, 0x000000070bc00000|
| 189|0x000000070bd00000, 0x000000070bd00000, 0x000000070be00000|  0%| F|  |TS  0|AC  0|TAMS 0x000000070bd00000, 0x000000070bd00000|
| 190|0x000000070be00000, 0x000000070be00000, 0x000000070bf00000|  0%| F|  |TS  0|AC  0|TAMS 0x000000070be00000, 0x000000070be00000|
| 191|0x000000070bf00000, 0x000000070bf00000, 0x000000070c000000|  0%| F|  |TS  0|AC  0|TAMS 0x000000070bf00000, 0x000000070bf00000|
| 192|0x000000070c000000, 0x000000070c000000, 0x000000070c100000|  0%| F|  |TS  0|AC  0|TAMS 0x000000070c000000, 0x000000070c000000|
| 193|0x000000070c100000, 0x000000070c100000, 0x000000070c200000|  0%| F|  |TS  0|AC  0|TAMS 0x000000070c100000, 0x000000070c100000|
| 194|0x000000070c200000, 0x000000070c200000, 0x000000070c300000|  0%| F|  |TS  0|AC  0|TAMS 0x000000070c200000, 0x000000070c200000|
| 195|0x000000070c300000, 0x000000070c300000, 0x000000070c400000|  0%| F|  |TS  0|AC  0|TAMS 0x000000070c300000, 0x000000070c300000|
| 196|0x000000070c400000, 0x000000070c400000, 0x000000070c500000|  0%| F|  |TS  0|AC  0|TAMS 0x000000070c400000, 0x000000070c400000|
| 197|0x000000070c500000, 0x000000070c500000, 0x000000070c600000|  0%| F|  |TS  0|AC  0|TAMS 0x000000070c500000, 0x000000070c500000|
| 198|0x000000070c600000, 0x000000070c600000, 0x000000070c700000|  0%| F|  |TS  0|AC  0|TAMS 0x000000070c600000, 0x000000070c600000|
| 199|0x000000070c700000, 0x000000070c700000, 0x000000070c800000|  0%| F|  |TS  0|AC  0|TAMS 0x000000070c700000, 0x000000070c700000|
| 200|0x000000070c800000, 0x000000070c800000, 0x000000070c900000|  0%| F|  |TS  0|AC  0|TAMS 0x000000070c800000, 0x000000070c800000|
| 201|0x000000070c900000, 0x000000070c980800, 0x000000070ca00000| 50%| E|  |TS  0|AC  0|TAMS 0x000000070c900000, 0x000000070c900000|
| 202|0x000000070ca00000, 0x000000070cb00000, 0x000000070cb00000|100%| E|CS|TS  0|AC  0|TAMS 0x000000070ca00000, 0x000000070ca00000|
| 203|0x000000070cb00000, 0x000000070cc00000, 0x000000070cc00000|100%| E|CS|TS  0|AC  0|TAMS 0x000000070cb00000, 0x000000070cb00000|
| 204|0x000000070cc00000, 0x000000070cd00000, 0x000000070cd00000|100%| E|CS|TS  0|AC  0|TAMS 0x000000070cc00000, 0x000000070cc00000|
| 205|0x000000070cd00000, 0x000000070ce00000, 0x000000070ce00000|100%| E|CS|TS  0|AC  0|TAMS 0x000000070cd00000, 0x000000070cd00000|
| 206|0x000000070ce00000, 0x000000070cf00000, 0x000000070cf00000|100%| E|CS|TS  0|AC  0|TAMS 0x000000070ce00000, 0x000000070ce00000|
| 207|0x000000070cf00000, 0x000000070d000000, 0x000000070d000000|100%| E|CS|TS  0|AC  0|TAMS 0x000000070cf00000, 0x000000070cf00000|
| 208|0x000000070d000000, 0x000000070d100000, 0x000000070d100000|100%| E|CS|TS  0|AC  0|TAMS 0x000000070d000000, 0x000000070d000000|
| 209|0x000000070d100000, 0x000000070d200000, 0x000000070d200000|100%| E|CS|TS  0|AC  0|TAMS 0x000000070d100000, 0x000000070d100000|
| 210|0x000000070d200000, 0x000000070d300000, 0x000000070d300000|100%| E|CS|TS  0|AC  0|TAMS 0x000000070d200000, 0x000000070d200000|
| 211|0x000000070d300000, 0x000000070d400000, 0x000000070d400000|100%| E|CS|TS  0|AC  0|TAMS 0x000000070d300000, 0x000000070d300000|
| 212|0x000000070d400000, 0x000000070d500000, 0x000000070d500000|100%| E|CS|TS  0|AC  0|TAMS 0x000000070d400000, 0x000000070d400000|
| 213|0x000000070d500000, 0x000000070d600000, 0x000000070d600000|100%| E|CS|TS  0|AC  0|TAMS 0x000000070d500000, 0x000000070d500000|
| 214|0x000000070d600000, 0x000000070d700000, 0x000000070d700000|100%| E|CS|TS  0|AC  0|TAMS 0x000000070d600000, 0x000000070d600000|
| 215|0x000000070d700000, 0x000000070d800000, 0x000000070d800000|100%| E|CS|TS  0|AC  0|TAMS 0x000000070d700000, 0x000000070d700000|
| 216|0x000000070d800000, 0x000000070d900000, 0x000000070d900000|100%| E|CS|TS  0|AC  0|TAMS 0x000000070d800000, 0x000000070d800000|
| 217|0x000000070d900000, 0x000000070da00000, 0x000000070da00000|100%| E|CS|TS  0|AC  0|TAMS 0x000000070d900000, 0x000000070d900000|
| 218|0x000000070da00000, 0x000000070db00000, 0x000000070db00000|100%| E|CS|TS  0|AC  0|TAMS 0x000000070da00000, 0x000000070da00000|
| 219|0x000000070db00000, 0x000000070dc00000, 0x000000070dc00000|100%| E|CS|TS  0|AC  0|TAMS 0x000000070db00000, 0x000000070db00000|
| 220|0x000000070dc00000, 0x000000070dd00000, 0x000000070dd00000|100%| E|CS|TS  0|AC  0|TAMS 0x000000070dc00000, 0x000000070dc00000|
| 221|0x000000070dd00000, 0x000000070de00000, 0x000000070de00000|100%| E|CS|TS  0|AC  0|TAMS 0x000000070dd00000, 0x000000070dd00000|
| 222|0x000000070de00000, 0x000000070df00000, 0x000000070df00000|100%| E|CS|TS  0|AC  0|TAMS 0x000000070de00000, 0x000000070de00000|
| 223|0x000000070df00000, 0x000000070e000000, 0x000000070e000000|100%| E|CS|TS  0|AC  0|TAMS 0x000000070df00000, 0x000000070df00000|
| 224|0x000000070e000000, 0x000000070e100000, 0x000000070e100000|100%| E|CS|TS  0|AC  0|TAMS 0x000000070e000000, 0x000000070e000000|
| 225|0x000000070e100000, 0x000000070e200000, 0x000000070e200000|100%| E|CS|TS  0|AC  0|TAMS 0x000000070e100000, 0x000000070e100000|
| 226|0x000000070e200000, 0x000000070e300000, 0x000000070e300000|100%| E|CS|TS  0|AC  0|TAMS 0x000000070e200000, 0x000000070e200000|

Card table byte_map: [0x000002214f970000,0x000002214ff70000] byte_map_base: 0x000002214c170000

Marking Bits (Prev, Next): (CMBitMap*) 0x0000022136f805d0, (CMBitMap*) 0x0000022136f80608
 Prev Bits: [0x0000022150570000, 0x0000022153570000)
 Next Bits: [0x0000022153570000, 0x0000022156570000)

Polling page: 0x000002212dcf0000

CodeHeap 'non-profiled nmethods': size=120000Kb used=12476Kb max_used=12476Kb free=107523Kb
 bounds [0x0000022148440000, 0x0000022149070000, 0x000002214f970000]
CodeHeap 'profiled nmethods': size=120000Kb used=34177Kb max_used=34605Kb free=85823Kb
 bounds [0x0000022140f10000, 0x0000022143130000, 0x0000022148440000]
CodeHeap 'non-nmethods': size=5760Kb used=1741Kb max_used=1771Kb free=4019Kb
 bounds [0x0000022140970000, 0x0000022140be0000, 0x0000022140f10000]
 total_blobs=20272 nmethods=12747 adapters=1058
 compilation: enabled

Compilation events (10 events):
Event: 48.305 Thread 0x0000022134986800 14191       4       java.lang.invoke.MethodType::dropParameterTypes (162 bytes)
Event: 48.310 Thread 0x0000022134986800 nmethod 14191 0x000002214906a310 code [0x000002214906a4e0, 0x000002214906ab48]
Event: 48.311 Thread 0x00000221349fd000 14192       4       java.lang.invoke.MemberName::initResolved (53 bytes)
Event: 48.312 Thread 0x00000221349fd000 nmethod 14192 0x000002214906b290 code [0x000002214906b420, 0x000002214906b578]
Event: 48.319 Thread 0x0000022134986800 14199       4       java.util.HashMap::removeNode (291 bytes)
Event: 48.327 Thread 0x00000221349fd000 14201       4       java.util.Objects::hashCode (13 bytes)
Event: 48.329 Thread 0x00000221349fd000 nmethod 14201 0x000002214906ba10 code [0x000002214906bba0, 0x000002214906bc58]
Event: 48.330 Thread 0x00000221349fd000 14203       4       java.lang.StringUTF16::hashCode (33 bytes)
Event: 48.331 Thread 0x0000022134986800 nmethod 14199 0x000002214906bd10 code [0x000002214906bee0, 0x000002214906c848]
Event: 48.332 Thread 0x00000221349fd000 nmethod 14203 0x000002214906cc90 code [0x000002214906ce20, 0x000002214906cf38]

GC Heap History (10 events):
Event: 35.951 GC heap before
{Heap before GC invocations=26 (full 1):
 garbage-first heap   total 258048K, used 133938K [0x0000000700000000, 0x00000007001007e0, 0x00000007c0000000)
  region size 1024K, 60 young (61440K), 3 survivors (3072K)
 Metaspace       used 69350K, capacity 73263K, committed 73392K, reserved 1112064K
  class space    used 9571K, capacity 10292K, committed 10416K, reserved 1048576K
}
Event: 35.958 GC heap after
{Heap after GC invocations=27 (full 1):
 garbage-first heap   total 258048K, used 76456K [0x0000000700000000, 0x00000007001007e0, 0x00000007c0000000)
  region size 1024K, 4 young (4096K), 4 survivors (4096K)
 Metaspace       used 69350K, capacity 73263K, committed 73392K, reserved 1112064K
  class space    used 9571K, capacity 10292K, committed 10416K, reserved 1048576K
}
Event: 39.408 GC heap before
{Heap before GC invocations=27 (full 1):
 garbage-first heap   total 258048K, used 133800K [0x0000000700000000, 0x00000007001007e0, 0x00000007c0000000)
  region size 1024K, 60 young (61440K), 4 survivors (4096K)
 Metaspace       used 69953K, capacity 74047K, committed 74160K, reserved 1114112K
  class space    used 9653K, capacity 10392K, committed 10416K, reserved 1048576K
}
Event: 39.414 GC heap after
{Heap after GC invocations=28 (full 1):
 garbage-first heap   total 258048K, used 77520K [0x0000000700000000, 0x00000007001007e0, 0x00000007c0000000)
  region size 1024K, 5 young (5120K), 5 survivors (5120K)
 Metaspace       used 69953K, capacity 74047K, committed 74160K, reserved 1114112K
  class space    used 9653K, capacity 10392K, committed 10416K, reserved 1048576K
}
Event: 42.004 GC heap before
{Heap before GC invocations=28 (full 1):
 garbage-first heap   total 258048K, used 133840K [0x0000000700000000, 0x00000007001007e0, 0x00000007c0000000)
  region size 1024K, 60 young (61440K), 5 survivors (5120K)
 Metaspace       used 70153K, capacity 74243K, committed 74416K, reserved 1114112K
  class space    used 9654K, capacity 10392K, committed 10416K, reserved 1048576K
}
Event: 42.009 GC heap after
{Heap after GC invocations=29 (full 1):
 garbage-first heap   total 258048K, used 77347K [0x0000000700000000, 0x00000007001007e0, 0x00000007c0000000)
  region size 1024K, 4 young (4096K), 4 survivors (4096K)
 Metaspace       used 70153K, capacity 74243K, committed 74416K, reserved 1114112K
  class space    used 9654K, capacity 10392K, committed 10416K, reserved 1048576K
}
Event: 43.060 GC heap before
{Heap before GC invocations=29 (full 1):
 garbage-first heap   total 258048K, used 134691K [0x0000000700000000, 0x00000007001007e0, 0x00000007c0000000)
  region size 1024K, 61 young (62464K), 4 survivors (4096K)
 Metaspace       used 71662K, capacity 75985K, committed 76080K, reserved 1114112K
  class space    used 9928K, capacity 10707K, committed 10800K, reserved 1048576K
}
Event: 43.067 GC heap after
{Heap after GC invocations=30 (full 1):
 garbage-first heap   total 258048K, used 79458K [0x0000000700000000, 0x00000007001007e0, 0x00000007c0000000)
  region size 1024K, 6 young (6144K), 6 survivors (6144K)
 Metaspace       used 71662K, capacity 75985K, committed 76080K, reserved 1114112K
  class space    used 9928K, capacity 10707K, committed 10800K, reserved 1048576K
}
Event: 45.340 GC heap before
{Heap before GC invocations=30 (full 1):
 garbage-first heap   total 258048K, used 113250K [0x0000000700000000, 0x00000007001007e0, 0x00000007c0000000)
  region size 1024K, 40 young (40960K), 6 survivors (6144K)
 Metaspace       used 71923K, capacity 76489K, committed 76592K, reserved 1116160K
  class space    used 9985K, capacity 10799K, committed 10800K, reserved 1048576K
}
Event: 45.543 GC heap after
{Heap after GC invocations=31 (full 2):
 garbage-first heap   total 232448K, used 69479K [0x0000000700000000, 0x0000000700100718, 0x00000007c0000000)
  region size 1024K, 0 young (0K), 0 survivors (0K)
 Metaspace       used 71923K, capacity 76489K, committed 76592K, reserved 1116160K
  class space    used 9985K, capacity 10799K, committed 10800K, reserved 1048576K
}

Deoptimization events (10 events):
Event: 48.315 Thread 0x00000221397ae000 Uncommon trap: reason=null_assert_or_unreached0 action=make_not_entrant pc=0x0000022148ec8b1c method=com.jidesoft.plaf.basic.BasicStyledLabelUI.layoutCompoundLabelImpl(Ljavax/swing/JComponent;Ljava/awt/FontMetrics;Ljava/lang/String;Ljavax/swing/Icon;IIIIL
Event: 48.315 Thread 0x00000221397ae000 Uncommon trap: reason=unstable_if action=reinterpret pc=0x0000022148fd335c method=com.jidesoft.plaf.basic.BasicStyledLabelUI.layoutCL(Ljavax/swing/JLabel;Ljava/awt/FontMetrics;Ljava/lang/String;Ljavax/swing/Icon;Ljava/awt/Rectangle;Ljava/awt/Rectangle;Lja
Event: 48.315 Thread 0x00000221397ae000 Uncommon trap: reason=bimorphic_or_optimized_type_check action=maybe_recompile pc=0x0000022148dcef28 method=com.jidesoft.grid.JideTable.getRowHeight(I)I @ 5 c2
Event: 48.315 Thread 0x00000221397ae000 Uncommon trap: reason=bimorphic_or_optimized_type_check action=maybe_recompile pc=0x0000022148dd11a8 method=com.jidesoft.grid.JideTable.isRowHidden(I)Z @ 16 c2
Event: 48.316 Thread 0x00000221397ae000 Uncommon trap: reason=null_check action=make_not_entrant pc=0x0000022148898e68 method=javax.swing.text.html.CSS$LengthUnit.getValue(Z)F @ 31 c2
Event: 48.316 Thread 0x00000221397ae000 Uncommon trap: reason=bimorphic_or_optimized_type_check action=maybe_recompile pc=0x0000022148dcef28 method=com.jidesoft.grid.JideTable.getRowHeight(I)I @ 5 c2
Event: 48.316 Thread 0x00000221397ae000 Uncommon trap: reason=bimorphic_or_optimized_type_check action=maybe_recompile pc=0x0000022148dd11a8 method=com.jidesoft.grid.JideTable.isRowHidden(I)Z @ 16 c2
Event: 48.316 Thread 0x00000221397ae000 Uncommon trap: reason=bimorphic_or_optimized_type_check action=maybe_recompile pc=0x0000022148dcef28 method=com.jidesoft.grid.JideTable.getRowHeight(I)I @ 5 c2
Event: 48.317 Thread 0x00000221397ae000 Uncommon trap: reason=bimorphic_or_optimized_type_check action=maybe_recompile pc=0x0000022148dd11a8 method=com.jidesoft.grid.JideTable.isRowHidden(I)Z @ 16 c2
Event: 48.320 Thread 0x00000221397ae000 Uncommon trap: reason=unstable_if action=reinterpret pc=0x0000022148d6aeb4 method=com.jidesoft.grid.JideTable.isVariousRowHeights()Z @ 12 c2

Classes redefined (0 events):
No events

Internal exceptions (10 events):
Event: 48.225 Thread 0x00000221397ae000 Exception <a 'java/lang/ClassNotFoundException'{0x000000070dad5498}: java/lang/ObjectCustomizer> (0x000000070dad5498) thrown at [t:/workspace/hotspot/src/share/vm/classfile/systemDictionary.cpp, line 218]
Event: 48.226 Thread 0x00000221397ae000 Exception <a 'java/lang/ClassNotFoundException'{0x000000070daf9ca8}: net/miginfocom/layout/BoundSizeCustomizer> (0x000000070daf9ca8) thrown at [t:/workspace/hotspot/src/share/vm/classfile/systemDictionary.cpp, line 218]
Event: 48.237 Thread 0x00000221397ae000 Exception <a 'java/lang/NoSuchMethodError'{0x000000070d808320}: method resolution failed> (0x000000070d808320) thrown at [t:/workspace/hotspot/src/share/vm/prims/methodHandles.cpp, line 1256]
Event: 48.237 Thread 0x00000221397ae000 Exception <a 'java/lang/NoSuchMethodError'{0x000000070d80e210}: java.lang.invoke.DelegatingMethodHandle$Holder.reinvoke_L(Ljava/lang/Object;Ljava/lang/Object;IILjava/lang/Object;Ljava/lang/Object;Ljava/lang/Object;Ljava/lang/Object;Ljava/lang/Object;Ljava
Event: 48.240 Thread 0x00000221397ae000 Exception <a 'java/lang/NoSuchMethodError'{0x000000070d8909e8}: java.lang.invoke.DirectMethodHandle$Holder.invokeSpecial(Ljava/lang/Object;Ljava/lang/Object;IILjava/lang/Object;Ljava/lang/Object;Ljava/lang/Object;Ljava/lang/Object;Ljava/lang/Object;Ljava/
Event: 48.240 Thread 0x00000221397ae000 Exception <a 'java/lang/NoSuchMethodError'{0x000000070d895c58}: java.lang.invoke.DelegatingMethodHandle$Holder.reinvoke_L(Ljava/lang/Object;IILjava/lang/Object;Ljava/lang/Object;Ljava/lang/Object;Ljava/lang/Object;Ljava/lang/Object;Ljava/lang/Object;Ljava
Event: 48.244 Thread 0x00000221397ae000 Exception <a 'java/lang/NoSuchMethodError'{0x000000070d767878}: java.lang.invoke.DirectMethodHandle$Holder.invokeSpecial(Ljava/lang/Object;Ljava/lang/Object;Ljava/lang/Object;Ljava/lang/Object;Ljava/lang/Object;Ljava/lang/Object;Ljava/lang/Object;Ljava/la
Event: 48.312 Thread 0x00000221397ae000 Exception <a 'java/lang/NoSuchMethodError'{0x000000070d270418}: java.lang.invoke.DirectMethodHandle$Holder.invokeSpecial(Ljava/lang/Object;Ljava/lang/Object;IIILjava/lang/Object;Ljava/lang/Object;)Ljava/lang/Object;> (0x000000070d270418) thrown at [t:/wor
Event: 48.312 Thread 0x00000221397ae000 Exception <a 'java/lang/NoSuchMethodError'{0x000000070d273cc0}: java.lang.invoke.DelegatingMethodHandle$Holder.reinvoke_L(Ljava/lang/Object;IIILjava/lang/Object;Ljava/lang/Object;)Ljava/lang/Object;> (0x000000070d273cc0) thrown at [t:/workspace/hotspot/sr
Event: 48.313 Thread 0x00000221397ae000 Exception <a 'java/lang/NoSuchMethodError'{0x000000070d293250}: java.lang.invoke.DirectMethodHandle$Holder.invokeSpecial(Ljava/lang/Object;Ljava/lang/Object;ILjava/lang/Object;Ljava/lang/Object;)Ljava/lang/Object;> (0x000000070d293250) thrown at [t:/works

Events (10 events):
Event: 48.325 loading class ui/data/coregen/a/cV done
Event: 48.325 loading class ui/data/coregen/a/cW
Event: 48.325 loading class ui/data/coregen/a/cW done
Event: 48.326 loading class javax/swing/MultiUIDefaults$MultiUIDefaultsEnumerator
Event: 48.326 loading class javax/swing/MultiUIDefaults$MultiUIDefaultsEnumerator done
Event: 48.326 loading class javax/swing/MultiUIDefaults$MultiUIDefaultsEnumerator$Type
Event: 48.326 loading class javax/swing/MultiUIDefaults$MultiUIDefaultsEnumerator$Type done
Event: 48.331 loading class javax/swing/MultiUIDefaults$1
Event: 48.331 loading class javax/swing/MultiUIDefaults$1 done
Event: 48.332 Thread 0x000002215da58000 Thread added: 0x000002215da58000


Dynamic libraries:
0x00007ff742e80000 - 0x00007ff742eb0000 	C:\Vivodo\Vivado\2019.1\bin\unwrapped\win64.o\vivado.exe
0x00007ffd9ef90000 - 0x00007ffd9f1a7000 	C:\WINDOWS\SYSTEM32\ntdll.dll
0x00007ffd9daa0000 - 0x00007ffd9db64000 	C:\WINDOWS\System32\KERNEL32.DLL
0x00007ffd9c770000 - 0x00007ffd9cb16000 	C:\WINDOWS\System32\KERNELBASE.dll
0x00007ffd9cb20000 - 0x00007ffd9cc31000 	C:\WINDOWS\System32\ucrtbase.dll
0x00007ffd83c70000 - 0x00007ffd83cfe000 	C:\WINDOWS\SYSTEM32\MSVCP140.dll
0x00007ffd30d10000 - 0x00007ffd31bf2000 	C:\Vivodo\Vivado\2019.1\lib\win64.o\librdi_common.dll
0x00007ffd9d8e0000 - 0x00007ffd9da8d000 	C:\WINDOWS\System32\USER32.dll
0x00007ffd959d0000 - 0x00007ffd959e4000 	C:\Vivodo\Vivado\2019.1\lib\win64.o\libboost_signals.dll
0x00007ffd9ccc0000 - 0x00007ffd9cce6000 	C:\WINDOWS\System32\win32u.dll
0x00007ffd83c50000 - 0x00007ffd83c6b000 	C:\WINDOWS\SYSTEM32\VCRUNTIME140.dll
0x00007ffd9ea20000 - 0x00007ffd9ea49000 	C:\WINDOWS\System32\GDI32.dll
0x00007ffd85d70000 - 0x00007ffd85d84000 	C:\Vivodo\Vivado\2019.1\lib\win64.o\librdi_commonmain.dll
0x00007ffd9c650000 - 0x00007ffd9c768000 	C:\WINDOWS\System32\gdi32full.dll
0x00007ffd9c5b0000 - 0x00007ffd9c64a000 	C:\WINDOWS\System32\msvcp_win.dll
0x00007ffd9eb70000 - 0x00007ffd9ec20000 	C:\WINDOWS\System32\ADVAPI32.dll
0x00007ffd9ed70000 - 0x00007ffd9ee17000 	C:\WINDOWS\System32\msvcrt.dll
0x00007ffd9cf90000 - 0x00007ffd9d036000 	C:\WINDOWS\System32\sechost.dll
0x00007ffd9ea50000 - 0x00007ffd9eb67000 	C:\WINDOWS\System32\RPCRT4.dll
0x00007ffd83c40000 - 0x00007ffd83c4c000 	C:\WINDOWS\SYSTEM32\VCRUNTIME140_1.dll
0x00007ffd9e0f0000 - 0x00007ffd9e948000 	C:\WINDOWS\System32\SHELL32.dll
0x00007ffd35ba0000 - 0x00007ffd35f0e000 	C:\Vivodo\Vivado\2019.1\lib\win64.o\libCOIN-all.dll
0x00007ffd85cd0000 - 0x00007ffd85ce4000 	C:\Vivodo\Vivado\2019.1\lib\win64.o\libboost_date_time.dll
0x00007ffd85cf0000 - 0x00007ffd85d16000 	C:\Vivodo\Vivado\2019.1\lib\win64.o\libboost_filesystem.dll
0x00007ffd84ed0000 - 0x00007ffd84f4f000 	C:\Vivodo\Vivado\2019.1\lib\win64.o\libboost_program_options.dll
0x00007ffd4af20000 - 0x00007ffd4b034000 	C:\Vivodo\Vivado\2019.1\lib\win64.o\libboost_regex.dll
0x00007ffd85ca0000 - 0x00007ffd85cc1000 	C:\Vivodo\Vivado\2019.1\lib\win64.o\libboost_thread.dll
0x00007ffd95740000 - 0x00007ffd9574b000 	C:\Vivodo\Vivado\2019.1\lib\win64.o\libboost_system.dll
0x00007ffd75ce0000 - 0x00007ffd75d62000 	C:\Vivodo\Vivado\2019.1\lib\win64.o\libhdlpsolve.dll
0x00007ffd72150000 - 0x00007ffd721f5000 	C:\Vivodo\Vivado\2019.1\lib\win64.o\libhdxml.dll
0x00007ffd954d0000 - 0x00007ffd954df000 	C:\Vivodo\Vivado\2019.1\lib\win64.o\libboost_xilinx.dll
0x00007ffd84780000 - 0x00007ffd847ae000 	C:\Vivodo\Vivado\2019.1\lib\win64.o\libisl_sysinfo.dll
0x00007ffd9db70000 - 0x00007ffd9dbe1000 	C:\WINDOWS\System32\WS2_32.dll
0x00007ffd21050000 - 0x00007ffd21bff400 	C:\Vivodo\Vivado\2019.1\lib\win64.o\libisl_iostreams.dll
0x00007ffd83e20000 - 0x00007ffd83e3a000 	C:\Vivodo\Vivado\2019.1\lib\win64.o\pthreadVC2.dll
0x00007ffd71f50000 - 0x00007ffd71fb5000 	C:\Vivodo\Vivado\2019.1\lib\win64.o\liblmx6.0.dll
0x00007ffd5a930000 - 0x00007ffd5aa51000 	C:\Vivodo\Vivado\2019.1\lib\win64.o\librdi_commonxillic.dll
0x00007ffd83620000 - 0x00007ffd8363c000 	C:\Vivodo\Vivado\2019.1\lib\win64.o\librdiconfig.dll
0x00007ffd81590000 - 0x00007ffd815b1000 	C:\Vivodo\Vivado\2019.1\lib\win64.o\librdizlib.dll
0x0000000059730000 - 0x000000005985b000 	C:\Vivodo\Vivado\2019.1\lib\win64.o\tcl85t.dll
0x0000000012000000 - 0x0000000012270000 	C:\Vivodo\Vivado\2019.1\lib\win64.o\xerces-c_3_1.dll
0x00007ffd972d0000 - 0x00007ffd972da000 	C:\Vivodo\Vivado\2019.1\lib\win64.o\librdi_commonversion.dll
0x00007ffd8ba00000 - 0x00007ffd8ba19000 	C:\WINDOWS\SYSTEM32\NETAPI32.dll
0x00007ffd96210000 - 0x00007ffd96347000 	C:\WINDOWS\SYSTEM32\WINHTTP.dll
0x00007ffd862d0000 - 0x00007ffd867c4000 	C:\WINDOWS\SYSTEM32\WININET.dll
0x00007ffd86ac0000 - 0x00007ffd86cb0000 	C:\WINDOWS\SYSTEM32\urlmon.dll
0x00007ffd66d90000 - 0x00007ffd66d99000 	C:\WINDOWS\SYSTEM32\WSOCK32.dll
0x00007ffd7f8b0000 - 0x00007ffd7f8e1000 	C:\WINDOWS\SYSTEM32\VCOMP140.DLL
0x00007ffd14760000 - 0x00007ffd155f1000 	C:\Vivodo\Vivado\2019.1\lib\win64.o\gurobi65.dll
0x00007ffd948a0000 - 0x00007ffd948ad000 	C:\Vivodo\Vivado\2019.1\lib\win64.o\libboost_chrono.dll
0x00007ffd80d30000 - 0x00007ffd80d55000 	C:\Vivodo\Vivado\2019.1\lib\win64.o\libisl_iosutils.dll
0x00007ffd4ac40000 - 0x00007ffd4af18000 	C:\Vivodo\Vivado\2019.1\lib\win64.o\libXil_lmgr11.dll
0x00007ffd9ce90000 - 0x00007ffd9cf89000 	C:\WINDOWS\System32\COMDLG32.dll
0x00007ffd9d3e0000 - 0x00007ffd9d76a000 	C:\WINDOWS\System32\combase.dll
0x00007ffd86800000 - 0x00007ffd86abc000 	C:\WINDOWS\SYSTEM32\iertutil.dll
0x00007ffd867d0000 - 0x00007ffd867f9000 	C:\WINDOWS\SYSTEM32\srvcli.dll
0x00007ffd9d790000 - 0x00007ffd9d883000 	C:\WINDOWS\System32\shcore.dll
0x00007ffd83140000 - 0x00007ffd8315b000 	C:\Vivodo\Vivado\2019.1\lib\win64.o\libboost_iostreams.dll
0x00007ffd9e950000 - 0x00007ffd9e9ae000 	C:\WINDOWS\System32\SHLWAPI.dll
0x00007ffd9add0000 - 0x00007ffd9addc000 	C:\WINDOWS\SYSTEM32\netutils.dll
0x00007ffd9d040000 - 0x00007ffd9d117000 	C:\WINDOWS\System32\OLEAUT32.dll
0x00007ffd9ccf0000 - 0x00007ffd9ce8f000 	C:\WINDOWS\System32\ole32.dll
0x00007ffd9c310000 - 0x00007ffd9c37c000 	C:\WINDOWS\System32\WINTRUST.dll
0x00007ffd9c380000 - 0x00007ffd9c4e6000 	C:\WINDOWS\System32\CRYPT32.dll
0x00007ffd71200000 - 0x00007ffd712b3000 	C:\WINDOWS\WinSxS\amd64_microsoft.windows.common-controls_6595b64144ccf1df_5.82.22621.608_none_fb280a3c7926c2cc\COMCTL32.dll
0x00007ffd92ed0000 - 0x00007ffd92eef000 	C:\WINDOWS\SYSTEM32\dhcpcsvc.DLL
0x00007ffd9d380000 - 0x00007ffd9d3b1000 	C:\WINDOWS\System32\IMM32.DLL
0x00007ffd9bb70000 - 0x00007ffd9bb82000 	C:\WINDOWS\SYSTEM32\MSASN1.dll
0x00007ffd9b3e0000 - 0x00007ffd9b3f8000 	C:\WINDOWS\SYSTEM32\kernel.appcore.dll
0x00007ffd29770000 - 0x00007ffd29c87000 	C:\Vivodo\Vivado\2019.1\lib\win64.o\librdi_commontasks.dll
0x00007ffd8c430000 - 0x00007ffd8c43a000 	C:\WINDOWS\SYSTEM32\VERSION.dll
0x00007ffd35000000 - 0x00007ffd35286000 	C:\Vivodo\Vivado\2019.1\lib\win64.o\librdi_sio.dll
0x0000000058d00000 - 0x0000000059725000 	C:\Vivodo\Vivado\2019.1\tps\win64\jre9.0.4\bin\server\jvm.dll
0x00007ffd9d3c0000 - 0x00007ffd9d3c8000 	C:\WINDOWS\System32\PSAPI.DLL
0x00007ffd9ae50000 - 0x00007ffd9ae7d000 	C:\WINDOWS\SYSTEM32\IPHLPAPI.DLL
0x00007ffd94b10000 - 0x00007ffd94b44000 	C:\WINDOWS\SYSTEM32\WINMM.dll
0x00007ffd6bca0000 - 0x00007ffd6bd8f000 	C:\WINDOWS\SYSTEM32\MSVCR120.dll
0x00007ffd9b8c0000 - 0x00007ffd9b929000 	C:\WINDOWS\SYSTEM32\MSWSOCK.DLL
0x00007ffd9a280000 - 0x00007ffd9ab72000 	C:\WINDOWS\SYSTEM32\windows.storage.dll
0x00007ffd9a140000 - 0x00007ffd9a27e000 	C:\WINDOWS\SYSTEM32\wintypes.dll
0x00007ffd019f0000 - 0x00007ffd03eac000 	C:\Vivodo\Vivado\2019.1\lib\win64.o\librdi_tcltasks.dll
0x00007ffd26c30000 - 0x00007ffd27038000 	C:\Vivodo\Vivado\2019.1\lib\win64.o\librdi_bitstream.dll
0x00007ffd44010000 - 0x00007ffd440fb000 	C:\Vivodo\Vivado\2019.1\lib\win64.o\librdi_chipscope.dll
0x00007ffd329b0000 - 0x00007ffd32b41000 	C:\Vivodo\Vivado\2019.1\lib\win64.o\librdi_board.dll
0x00007ffd71ea0000 - 0x00007ffd71f18000 	C:\Vivodo\Vivado\2019.1\lib\win64.o\librdi_boarddep.dll
0x00007ffd324f0000 - 0x00007ffd326ad000 	C:\Vivodo\Vivado\2019.1\lib\win64.o\librdi_chipscopeimpl.dll
0x00007ffd05040000 - 0x00007ffd06ef1000 	C:\Vivodo\Vivado\2019.1\lib\win64.o\librdi_coregen.dll
0x00007ffd39b40000 - 0x00007ffd39c96000 	C:\Vivodo\Vivado\2019.1\lib\win64.o\librdi_containers.dll
0x00007ffd12d70000 - 0x00007ffd1475a000 	C:\Vivodo\Vivado\2019.1\lib\win64.o\librdi_constraints.dll
0x00007ffd254e0000 - 0x00007ffd25bba000 	C:\Vivodo\Vivado\2019.1\lib\win64.o\librdi_coregenipxact.dll
0x00007ffd226c0000 - 0x00007ffd22c5a000 	C:\Vivodo\Vivado\2019.1\lib\win64.o\librdi_drc.dll
0x00007ffd24ef0000 - 0x00007ffd2520e000 	C:\Vivodo\Vivado\2019.1\lib\win64.o\librdi_dlyest.dll
0x00007ffccf990000 - 0x00007ffce1dbc000 	C:\Vivodo\Vivado\2019.1\lib\win64.o\librdi_device.dll
0x00007ffcf7ea0000 - 0x00007ffcfbee3000 	C:\Vivodo\Vivado\2019.1\lib\win64.o\librdi_designutils.dll
0x00007ffd5ef40000 - 0x00007ffd5f004000 	C:\Vivodo\Vivado\2019.1\lib\win64.o\librdi_dsp.dll
0x00007ffd20a00000 - 0x00007ffd2104d000 	C:\Vivodo\Vivado\2019.1\lib\win64.o\librdi_filemgmt.dll
0x00007ffd6ce60000 - 0x00007ffd6cec5000 	C:\Vivodo\Vivado\2019.1\lib\win64.o\librdi_hdf.dll
0x00007ffd2fab0000 - 0x00007ffd2fd93000 	C:\Vivodo\Vivado\2019.1\lib\win64.o\librdi_guitools.dll
0x00007ffd00430000 - 0x00007ffd019f0000 	C:\Vivodo\Vivado\2019.1\lib\win64.o\librdi_implflow.dll
0x00007ffd17bd0000 - 0x00007ffd181e5000 	C:\Vivodo\Vivado\2019.1\lib\win64.o\librdi_memdata.dll
0x00007ffd62090000 - 0x00007ffd62103000 	C:\Vivodo\Vivado\2019.1\lib\win64.o\librdi_memoryarray.dll
0x00007ffcf1730000 - 0x00007ffcf4416000 	C:\Vivodo\Vivado\2019.1\lib\win64.o\librdi_mig.dll
0x00007ffd71e50000 - 0x00007ffd71e9b000 	C:\Vivodo\Vivado\2019.1\lib\win64.o\librdi_pfi.dll
0x00007ffd11c50000 - 0x00007ffd122f2000 	C:\Vivodo\Vivado\2019.1\lib\win64.o\librdi_netlist.dll
0x00007ffcef0b0000 - 0x00007ffcf1726000 	C:\Vivodo\Vivado\2019.1\lib\win64.o\librdi_place.dll
0x00007ffd223b0000 - 0x00007ffd226bf000 	C:\Vivodo\Vivado\2019.1\lib\win64.o\librdi_platform.dll
0x00007ffd11500000 - 0x00007ffd11c4a000 	C:\Vivodo\Vivado\2019.1\lib\win64.o\librdi_power.dll
0x00007ffd19990000 - 0x00007ffd19f0f000 	C:\Vivodo\Vivado\2019.1\lib\win64.o\librdi_project.dll
0x00007ffcffd20000 - 0x00007ffd00426000 	C:\Vivodo\Vivado\2019.1\lib\win64.o\librdi_rsb.dll
0x00007ffd20600000 - 0x00007ffd209f1000 	C:\Vivodo\Vivado\2019.1\lib\win64.o\librdi_runs.dll
0x00007ffd35aa0000 - 0x00007ffd35b9a000 	C:\Vivodo\Vivado\2019.1\lib\win64.o\librdi_runsbase.dll
0x00007ffd09140000 - 0x00007ffd09849000 	C:\Vivodo\Vivado\2019.1\lib\win64.o\librdi_psta.dll
0x00007ffd304a0000 - 0x00007ffd306f6000 	C:\Vivodo\Vivado\2019.1\lib\win64.o\librdi_simdata.dll
0x00007ffd321e0000 - 0x00007ffd32352000 	C:\Vivodo\Vivado\2019.1\lib\win64.o\librdi_advchipscopeimpl.dll
0x00007ffcfef00000 - 0x00007ffcffd11000 	C:\Vivodo\Vivado\2019.1\lib\win64.o\librdi_timing.dll
0x00007ffd30b70000 - 0x00007ffd30d0f000 	C:\Vivodo\Vivado\2019.1\lib\win64.o\librdi_hip_devdesign.dll
0x00007ffd715c0000 - 0x00007ffd71603000 	C:\Vivodo\Vivado\2019.1\lib\win64.o\librdi_noc_frameworks.dll
0x00007ffcf4ff0000 - 0x00007ffcf5b37000 	C:\Vivodo\Vivado\2019.1\lib\win64.o\libverific.dll
0x00007ffd63ed0000 - 0x00007ffd63f1c000 	C:\Vivodo\Vivado\2019.1\lib\win64.o\libboost_serialization.dll
0x00007ffd52d80000 - 0x00007ffd52e42000 	C:\Vivodo\Vivado\2019.1\lib\win64.o\librdi_ipconfig_readwrite.dll
0x00007ffd5f390000 - 0x00007ffd5f42e000 	C:\Vivodo\Vivado\2019.1\lib\win64.o\libise.dll
0x00007ffd1f9e0000 - 0x00007ffd1fdc5000 	C:\Vivodo\Vivado\2019.1\lib\win64.o\librdi_hip_config.dll
0x00007ffd12820000 - 0x00007ffd12d6e000 	C:\Vivodo\Vivado\2019.1\lib\win64.o\librdi_xdm.dll
0x00007ffcfcfd0000 - 0x00007ffcfd5cc000 	C:\Vivodo\Vivado\2019.1\lib\win64.o\librdi_wavedata.dll
0x00007ffd78180000 - 0x00007ffd781c0000 	C:\Vivodo\Vivado\2019.1\lib\win64.o\librdi_wavedata_SimpleApi.dll
0x00007ffcedf20000 - 0x00007ffcef0ad000 	C:\Vivodo\Vivado\2019.1\lib\win64.o\librdi_route.dll
0x00007ffd75af0000 - 0x00007ffd75b2f000 	C:\Vivodo\Vivado\2019.1\lib\win64.o\librdi_schedmon.dll
0x00007ffcebf50000 - 0x00007ffcedf1d000 	C:\Vivodo\Vivado\2019.1\lib\win64.o\librdi_synth.dll

VM Arguments:
jvm_args: -Dsun.java2d.pmoffscreen=false -Dsun.java2d.xrender=false -Dsun.java2d.d3d=false -Dsun.awt.nopixfmt=true -Dsun.java2d.dpiaware=true -Dsun.java2d.uiScale.enabled=false -Xverify:none -Dswing.aatext=true -XX:-UsePerfData -Djdk.map.althashing.threshold=512 -XX:StringTableSize=4072 --add-opens=java.base/java.nio=ALL-UNNAMED --add-opens=java.desktop/sun.swing=ALL-UNNAMED --add-opens=java.desktop/javax.swing=ALL-UNNAMED --add-opens=java.desktop/javax.swing.tree=ALL-UNNAMED --add-opens=java.desktop/javax.swing.plaf.basic=ALL-UNNAMED --add-opens=java.desktop/javax.swing.plaf.synth=ALL-UNNAMED --add-opens=java.desktop/com.sun.awt=ALL-UNNAMED -XX:NewSize=60m -XX:MaxNewSize=60m -Xms128m -Xmx3072m -Xss5m 
java_command: <unknown>
java_class_path (initial): C:/Vivodo/Vivado/2019.1\lib\classes\alloy.jar;C:/Vivodo/Vivado/2019.1\lib\classes\autopilot.scelaborator.jar;C:/Vivodo/Vivado/2019.1\lib\classes\autopilot.sourceprocessor.jar;C:/Vivodo/Vivado/2019.1\lib\classes\autopilot.tbprocessor.jar;C:/Vivodo/Vivado/2019.1\lib\classes\batik-anim.jar;C:/Vivodo/Vivado/2019.1\lib\classes\batik-awt-util.jar;C:/Vivodo/Vivado/2019.1\lib\classes\batik-bridge.jar;C:/Vivodo/Vivado/2019.1\lib\classes\batik-codec.jar;C:/Vivodo/Vivado/2019.1\lib\classes\batik-css.jar;C:/Vivodo/Vivado/2019.1\lib\classes\batik-dom.jar;C:/Vivodo/Vivado/2019.1\lib\classes\batik-ext.jar;C:/Vivodo/Vivado/2019.1\lib\classes\batik-gui-util.jar;C:/Vivodo/Vivado/2019.1\lib\classes\batik-gvt.jar;C:/Vivodo/Vivado/2019.1\lib\classes\batik-parser.jar;C:/Vivodo/Vivado/2019.1\lib\classes\batik-script.jar;C:/Vivodo/Vivado/2019.1\lib\classes\batik-svg-dom.jar;C:/Vivodo/Vivado/2019.1\lib\classes\batik-swing.jar;C:/Vivodo/Vivado/2019.1\lib\classes\batik-transcoder.jar;C:/Vivodo/Vivado/2019.1\lib\classes\batik-util.jar;C:/Vivodo/Vivado/2019.1\lib\classes\batik-xml.jar;C:/Vivodo/Vivado/2019.1\lib\classes\com.google.gson_2.7.0.v20170129-0911.jar;C:/Vivodo/Vivado/2019.1\lib\classes\com.google.guava_21.0.0.v20170206-1425.jar;C:/Vivodo/Vivado/2019.1\lib\classes\com.google.inject_3.0.0.v201605172100.jar;C:/Vivodo/Vivado/2019.1\lib\classes\com.ibm.icu_4.4.2.v20110208.jar;C:/Vivodo/Vivado/2019.1\lib\classes\com.sigasi.hdt.annotations.runtime_4.3.0.201903071210.jar;C:/Vivodo/Vivado/2019.1\lib\classes\com.sigasi.hdt.blockdiagram.model_4.3.0.201903071210.jar;C:/Vivodo/Vivado/2019.1\lib\classes\com.sigasi.hdt.connection_4.3.0.201903071210.jar;C:/Vivodo/Vivado/2019.1\lib\classes\com.sigasi.hdt.dependencies.model_4.3.0.201903071210.jar;C:/Vivodo/Vivado/2019.1\lib\classes\com.sigasi.hdt.epl_4.3.0.201903071210.jar;C:/Vivodo/Vivado/2019.1\lib\classes\com.sigasi.hdt.graphics.model_4.3.0.201903071210.jar;C:/Vivodo/Vivado/2019.1\lib\classes\com.sigasi.hdt.project_4.3.0
Launcher Type: generic

Logging:
Log output configuration:
#0: stdout all=warning uptime,level,tags
#1: stderr all=off uptime,level,tags

Environment Variables:
PATH=C:/Vivodo/Vivado/2019.1/bin;C:/Vivodo/Vivado/2019.1/lib/win64.o;C:/Vivodo/Vivado/2019.1/tps/win64/jre9.0.4/bin/server;C:/Vivodo/Vivado/2019.1/tps/win64/jre9.0.4/bin;C:/Vivodo/SDK/2019.1/bin;C:/Vivodo/Vivado/2019.1/ids_lite/ISE/bin/nt64;C:/Vivodo/Vivado/2019.1/ids_lite/ISE/lib/nt64;D:\VMware\VMware Workstation\bin\;C:\Windows\System32\HWAudioDriverLibs;C:\Windows\system32;C:\Windows;C:\Windows\System32\Wbem;C:\Windows\System32\WindowsPowerShell\v1.0\;C:\Windows\System32\OpenSSH\;C:\Windows\system32\config\systemprofile\AppData\Local\Microsoft\WindowsApps;C:\Program Files\Bandizip\;C:\Program Files\Microsoft SQL Server\130\Tools\Binn\;C:\Program Files\MATLAB\R2022b\bin;D:\Ctags;C:\Users\VAMPIRE\AppData\Local\Programs\Python\Python311\Scripts\;C:\Users\VAMPIRE\AppData\Local\Programs\Python\Python311\;C:\Users\VAMPIRE\AppData\Local\Microsoft\WindowsApps;C:\Program Files (x86)\Dev-Cpp\MinGW64\bin;C:\Users\VAMPIRE\AppData\Roaming\pandoc;C:\Users\VAMPIRE\AppData\Local\Programs\Microsoft VS Code\bin;;D:\iverilog\bin;D:\iverilog\gtkwave\bin;C:/Vivodo/Vivado/2019.1\tps\mingw\6.2.0\win64.o\nt\bin;C:/Vivodo/Vivado/2019.1\tps\mingw\6.2.0\win64.o\nt\libexec\gcc\x86_64-w64-mingw32\6.2.0;C:/Vivodo/Vivado/2019.1\tps\win64\python-2.7.5;C:/Vivodo/Vivado/2019.1\tps\win64\python-2.7.5\lib;C:/Vivodo/Vivado/2019.1\tps\win64\python-2.7.5\Lib\lib-tk;C:/Vivodo/Vivado/2019.1\tps\win64\python-2.7.5\lib\site-packages
USERNAME=VAMPIRE
OS=Windows_NT
PROCESSOR_IDENTIFIER=Intel64 Family 6 Model 140 Stepping 1, GenuineIntel



---------------  S Y S T E M  ---------------

OS: Windows 10 , 64 bit Build 22621 (10.0.22621.2428)

CPU:total 8 (initial active 8) (4 cores per cpu, 2 threads per core) family 6 model 140 stepping 1, cmov, cx8, fxsr, mmx, sse, sse2, sse3, ssse3, sse4.1, sse4.2, popcnt, avx, avx2, aes, clmul, erms, 3dnowpref, lzcnt, ht, tsc, tscinvbit, bmi1, bmi2, adx, sha, fma

Memory: 4k page, physical 16555320k(5371852k free), swap 16555320k(15924k free)

vm_info: Java HotSpot(TM) 64-Bit Server VM (9.0.4+11) for windows-amd64 JRE (9.0.4+11), built on Dec 20 2017 02:18:54 by "mach5one" with MS VC++ 12.0 (VS2013)

END.
