#
# There is insufficient memory for the Java Runtime Environment to continue.
# Native memory allocation (mmap) failed to map 79691776 bytes for Failed to commit area from 0x000000070de00000 to 0x0000000712a00000 of length 79691776.
# Possible reasons:
#   The system is out of physical RAM or swap space
#   The process is running with CompressedOops enabled, and the Java Heap may be blocking the growth of the native heap
# Possible solutions:
#   Reduce memory load on the system
#   Increase physical memory or swap space
#   Check if swap backing store is full
#   Decrease Java heap size (-Xmx/-Xms)
#   Decrease number of Java threads
#   Decrease Java thread stack sizes (-Xss)
#   Set larger code cache with -XX:ReservedCodeCacheSize=
#   JVM is running with Zero Based Compressed Oops mode in which the Java heap is
#     placed in the first 32GB address space. The Java Heap base address is the
#     maximum limit for the native heap growth. Please use -XX:HeapBaseMinAddress
#     to set the Java Heap base and to place the Java Heap above 32GB virtual address.
# This output file may be truncated or incomplete.
#
#  Out of Memory Error (t:/workspace/hotspot/src/os/windows/vm/os_windows.cpp:3357), pid=11160, tid=4556
#
# JRE version: Java(TM) SE Runtime Environment (9.0+11) (build 9.0.4+11)
# Java VM: Java HotSpot(TM) 64-Bit Server VM (9.0.4+11, mixed mode, tiered, compressed oops, g1 gc, windows-amd64)
# No core dump will be written. Minidumps are not enabled by default on client versions of Windows
#

---------------  S U M M A R Y ------------

Command Line: -Dsun.java2d.pmoffscreen=false -Dsun.java2d.xrender=false -Dsun.java2d.d3d=false -Dsun.awt.nopixfmt=true -Dsun.java2d.dpiaware=true -Dsun.java2d.uiScale.enabled=false -Xverify:none -Dswing.aatext=true -XX:-UsePerfData -Djdk.map.althashing.threshold=512 -XX:StringTableSize=4072 --add-opens=java.base/java.nio=ALL-UNNAMED --add-opens=java.desktop/sun.swing=ALL-UNNAMED --add-opens=java.desktop/javax.swing=ALL-UNNAMED --add-opens=java.desktop/javax.swing.tree=ALL-UNNAMED --add-opens=java.desktop/javax.swing.plaf.basic=ALL-UNNAMED --add-opens=java.desktop/javax.swing.plaf.synth=ALL-UNNAMED --add-opens=java.desktop/com.sun.awt=ALL-UNNAMED -XX:NewSize=60m -XX:MaxNewSize=60m -Xms128m -Xmx3072m -Xss5m 

Host: 11th Gen Intel(R) Core(TM) i7-11370H @ 3.30GHz, 8 cores, 15G,  Windows 10 , 64 bit Build 22621 (10.0.22621.2428)
Time: Thu Nov 16 20:45:27 2023 ?D1¨²¡À¨º¡Á?¨º¡À?? elapsed time: 14 seconds (0d 0h 0m 14s)

---------------  T H R E A D  ---------------

Current thread (0x000002057217d800):  VMThread "VM Thread" [stack: 0x00000030fbf00000,0x00000030fc000000] [id=4556]

Stack: [0x00000030fbf00000,0x00000030fc000000]
[error occurred during error reporting (printing stack bounds), id 0xe0000002]

Native frames: (J=compiled Java code, j=interpreted, Vv=VM code, C=native code)
V  [jvm.dll+0x587068]
V  [jvm.dll+0x69c25e]
V  [jvm.dll+0x69d17a]
V  [jvm.dll+0x69cd05]
V  [jvm.dll+0x69d71b]
V  [jvm.dll+0x5868c6]
V  [jvm.dll+0x586c98]
C  [ntdll.dll+0xa449f]
C  [ntdll.dll+0x1e456]
C  [ntdll.dll+0xa348e]
C  0x0000020506b40e2a

VM_Operation (0x00000030813f6fc0): G1IncCollectionPause, mode: safepoint, requested by thread 0x000002051b079800


---------------  P R O C E S S  ---------------

Java Threads: ( => current thread )
  0x000002051fc1f800 JavaThread "Update Runs Swing Worker" [_thread_blocked, id=22128, stack(0x0000003085100000,0x0000003085600000)]
  0x000002051fc19000 JavaThread "Image Animator 2" daemon [_thread_blocked, id=24720, stack(0x0000003084700000,0x0000003084c00000)]
  0x000002051fc1c000 JavaThread "Image Fetcher 3" daemon [_thread_blocked, id=27500, stack(0x0000003084200000,0x0000003084700000)]
  0x000002051fc1e000 JavaThread "hw_ila_monitor" [_thread_blocked, id=22704, stack(0x0000003083d00000,0x0000003084200000)]
  0x0000020572524800 JavaThread "Refresh Filesets Swing Worker" [_thread_blocked, id=25072, stack(0x0000003081400000,0x0000003081900000)]
  0x0000020572523000 JavaThread "SyntheticaAnimation 70" daemon [_thread_blocked, id=2432, stack(0x0000003083800000,0x0000003083d00000)]
  0x0000020572521000 JavaThread "SyntheticaAnimation 25" daemon [_thread_blocked, id=12096, stack(0x0000003082b00000,0x0000003083000000)]
  0x0000020572527000 JavaThread "SyntheticaAnimation 50" daemon [_thread_blocked, id=26700, stack(0x0000003082600000,0x0000003082b00000)]
  0x0000020572526000 JavaThread "Monitor HEventQueue" [_thread_blocked, id=6116, stack(0x0000003082100000,0x0000003082600000)]
  0x0000020572520000 JavaThread "SyntheticaCleanerThread" daemon [_thread_blocked, id=13260, stack(0x0000003081900000,0x0000003081e00000)]
  0x0000020572521800 JavaThread "Batik CleanerThread" daemon [_thread_blocked, id=10320, stack(0x0000003080500000,0x0000003080a00000)]
  0x000002051b079800 JavaThread "AWT-EventQueue-1" [_thread_blocked, id=7680, stack(0x0000003080f00000,0x0000003081400000)]
  0x000002051b1c1000 JavaThread "Process Messages" [_thread_blocked, id=7884, stack(0x0000003080a00000,0x0000003080f00000)]
  0x000002051b60b000 JavaThread "Thread-1" [_thread_in_native, id=25644, stack(0x00000030f9400000,0x00000030fa800000)]
  0x000002051bb0d000 JavaThread "Thread-0" daemon [_thread_blocked, id=26200, stack(0x0000003080000000,0x0000003080500000)]
  0x000002051b628800 JavaThread "TimerQueue" daemon [_thread_blocked, id=11996, stack(0x00000030ff700000,0x00000030ffc00000)]
  0x000002051b131800 JavaThread "AWT-Windows" daemon [_thread_in_native, id=27048, stack(0x00000030ff200000,0x00000030ff700000)]
  0x000002051abd7800 JavaThread "AWT-Shutdown" [_thread_blocked, id=25568, stack(0x00000030fed00000,0x00000030ff200000)]
  0x0000020575b29000 JavaThread "Java2D Disposer" daemon [_thread_blocked, id=12156, stack(0x00000030fe800000,0x00000030fed00000)]
  0x000002057583f800 JavaThread "Service Thread" daemon [_thread_blocked, id=17552, stack(0x00000030fe200000,0x00000030fe700000)]
  0x00000205755f8800 JavaThread "Common-Cleaner" daemon [_thread_blocked, id=23996, stack(0x00000030fdd00000,0x00000030fe200000)]
  0x0000020572525800 JavaThread "Sweeper thread" daemon [_thread_blocked, id=2644, stack(0x00000030fd800000,0x00000030fdd00000)]
  0x000002057251f000 JavaThread "C1 CompilerThread3" daemon [_thread_blocked, id=21788, stack(0x00000030fd700000,0x00000030fd800000)]
  0x000002057251e000 JavaThread "C2 CompilerThread2" daemon [_thread_in_native, id=26656, stack(0x00000030fd600000,0x00000030fd700000)]
  0x000002057251c000 JavaThread "C2 CompilerThread1" daemon [_thread_blocked, id=23192, stack(0x00000030fd500000,0x00000030fd600000)]
  0x0000020572513000 JavaThread "C2 CompilerThread0" daemon [_thread_blocked, id=1860, stack(0x00000030fd400000,0x00000030fd500000)]
  0x0000020572512800 JavaThread "Attach Listener" daemon [_thread_blocked, id=25996, stack(0x00000030fcf00000,0x00000030fd400000)]
  0x000002056e26f000 JavaThread "Signal Dispatcher" daemon [_thread_blocked, id=68, stack(0x00000030fca00000,0x00000030fcf00000)]
  0x0000020577dcc000 JavaThread "Finalizer" daemon [_thread_blocked, id=13788, stack(0x00000030fc500000,0x00000030fca00000)]
  0x000002057237a800 JavaThread "Reference Handler" daemon [_thread_blocked, id=13068, stack(0x00000030fc000000,0x00000030fc500000)]
  0x000002057c9b6000 JavaThread "main" [_thread_blocked, id=3964, stack(0x00000030f9300000,0x00000030f9400000)]

Other Threads:
=>0x000002057217d800 VMThread "VM Thread" [stack: 0x00000030fbf00000,0x00000030fc000000] [id=4556]
  0x0000020575727800 WatcherThread [stack: 0x00000030fe700000,0x00000030fe800000] [id=2796]
  0x0000020576931000 GCTaskThread "GC Thread#0" [stack: 0x00000030fab00000,0x00000030fac00000] [id=5364]
  0x0000020576933800 GCTaskThread "GC Thread#1" [stack: 0x00000030fac00000,0x00000030fad00000] [id=3492]
  0x0000020576932000 GCTaskThread "GC Thread#2" [stack: 0x00000030fad00000,0x00000030fae00000] [id=25544]
  0x0000020576933000 GCTaskThread "GC Thread#3" [stack: 0x00000030fae00000,0x00000030faf00000] [id=5040]
  0x0000020576931800 GCTaskThread "GC Thread#4" [stack: 0x00000030faf00000,0x00000030fb000000] [id=19464]
  0x0000020576930800 GCTaskThread "GC Thread#5" [stack: 0x00000030fb000000,0x00000030fb100000] [id=7056]
  0x0000020572432800 GCTaskThread "GC Thread#6" [stack: 0x00000030fb100000,0x00000030fb200000] [id=7936]
  0x0000020572431800 GCTaskThread "GC Thread#7" [stack: 0x00000030fb200000,0x00000030fb300000] [id=22328]
  0x0000020578aee800 ConcurrentGCThread "G1 Main Marker" [stack: 0x00000030fbc00000,0x00000030fbd00000] [id=22536]
  0x0000020572436800 ConcurrentGCThread "G1 Marker#0" [stack: 0x00000030fbd00000,0x00000030fbe00000] [id=22396]
  0x0000020572432000 ConcurrentGCThread "G1 Marker#1" [stack: 0x00000030fbe00000,0x00000030fbf00000] [id=10476]
  0x000002057678d800 ConcurrentGCThread "G1 Refine#0" [stack: 0x00000030fba00000,0x00000030fbb00000] [id=24180]
  0x0000020572080000 ConcurrentGCThread "G1 Refine#1" [stack: 0x00000030fb900000,0x00000030fba00000] [id=21204]
  0x000002057207f800 ConcurrentGCThread "G1 Refine#2" [stack: 0x00000030fb800000,0x00000030fb900000] [id=24044]
  0x0000020572076800 ConcurrentGCThread "G1 Refine#3" [stack: 0x00000030fb700000,0x00000030fb800000] [id=26068]
  0x0000020572075800 ConcurrentGCThread "G1 Refine#4" [stack: 0x00000030fb600000,0x00000030fb700000] [id=18516]
  0x00000205773d8800 ConcurrentGCThread "G1 Refine#5" [stack: 0x00000030fb500000,0x00000030fb600000] [id=9720]
  0x0000020572560000 ConcurrentGCThread "G1 Refine#6" [stack: 0x00000030fb400000,0x00000030fb500000] [id=21924]
  0x000002057863c800 ConcurrentGCThread "G1 Refine#7" [stack: 0x00000030fb300000,0x00000030fb400000] [id=21600]
  0x0000020576e1a800 ConcurrentGCThread "G1 Young RemSet Sampling" [stack: 0x00000030fbb00000,0x00000030fbc00000] [id=15916]

Threads with active compile tasks:
C1 CompilerThread312313   !   3       javax.swing.text.html.StyleSheet::addRule (197 bytes)
C2 CompilerThread212262   !   4       com.sun.org.apache.xml.internal.dtm.ref.dom2dtm.DOM2DTM::addNode (417 bytes)
C2 CompilerThread112267       4       com.sun.org.apache.xerces.internal.dom.ElementImpl::getNodeName (16 bytes)
C2 CompilerThread012304 %     4       javax.swing.text.html.parser.Parser::parseContent @ 4 (930 bytes)

VM state:at safepoint (normal execution)

VM Mutex/Monitor currently owned by a thread:  ([mutex/lock_event])
[0x00000205787f6da0] Threads_lock - owner thread: 0x000002057217d800
[0x00000205787f8030] Heap_lock - owner thread: 0x000002051b079800

Heap address: 0x0000000700000000, size: 3072 MB, Compressed Oops mode: Zero based, Oop shift amount: 3
Narrow klass base: 0x0000000000000000, Narrow klass shift: 3
Compressed class space size: 1073741824 Address: 0x00000007c0000000

Heap:
 garbage-first heap   total 305152K, used 74884K [0x0000000700000000, 0x0000000700100950, 0x00000007c0000000)
  region size 1024K, 1 young (1024K), 1 survivors (1024K)
 Metaspace       used 70132K, capacity 73785K, committed 74056K, reserved 1118208K
  class space    used 9692K, capacity 10349K, committed 10364K, reserved 1048576K
Heap Regions: E=young(eden), S=young(survivor), O=old, HS=humongous(starts), HC=humongous(continues), CS=collection set, F=free, A=archive, TS=gc time stamp, AC=allocation context, TAMS=top-at-mark-start (previous, next)
|   0|0x0000000700000000, 0x00000007000ff8e0, 0x0000000700100000| 99%| O|  |TS  0|AC  0|TAMS 0x00000007000ff8e0, 0x00000007000ff8e0|
|   1|0x0000000700100000, 0x0000000700200000, 0x0000000700200000|100%|HS|  |TS  0|AC  0|TAMS 0x0000000700200000, 0x0000000700200000|
|   2|0x0000000700200000, 0x0000000700300000, 0x0000000700300000|100%|HC|  |TS  0|AC  0|TAMS 0x0000000700300000, 0x0000000700300000|
|   3|0x0000000700300000, 0x0000000700400000, 0x0000000700400000|100%|HS|  |TS  0|AC  0|TAMS 0x0000000700400000, 0x0000000700400000|
|   4|0x0000000700400000, 0x00000007004e9978, 0x0000000700500000| 91%| O|  |TS  0|AC  0|TAMS 0x00000007004e9978, 0x00000007004e9978|
|   5|0x0000000700500000, 0x00000007005fffa0, 0x0000000700600000| 99%| O|  |TS  0|AC  0|TAMS 0x00000007005fffa0, 0x00000007005fffa0|
|   6|0x0000000700600000, 0x00000007006eb610, 0x0000000700700000| 91%| O|  |TS  0|AC  0|TAMS 0x00000007006eb610, 0x00000007006eb610|
|   7|0x0000000700700000, 0x0000000700800000, 0x0000000700800000|100%| O|  |TS  0|AC  0|TAMS 0x0000000700800000, 0x0000000700800000|
|   8|0x0000000700800000, 0x00000007008ffff0, 0x0000000700900000| 99%| O|  |TS  0|AC  0|TAMS 0x00000007008ffff0, 0x00000007008ffff0|
|   9|0x0000000700900000, 0x0000000700a00000, 0x0000000700a00000|100%| O|  |TS  0|AC  0|TAMS 0x0000000700a00000, 0x0000000700a00000|
|  10|0x0000000700a00000, 0x0000000700b00000, 0x0000000700b00000|100%| O|  |TS  0|AC  0|TAMS 0x0000000700b00000, 0x0000000700b00000|
|  11|0x0000000700b00000, 0x0000000700c00000, 0x0000000700c00000|100%|HS|  |TS  0|AC  0|TAMS 0x0000000700c00000, 0x0000000700c00000|
|  12|0x0000000700c00000, 0x0000000700d00000, 0x0000000700d00000|100%|HC|  |TS  0|AC  0|TAMS 0x0000000700d00000, 0x0000000700d00000|
|  13|0x0000000700d00000, 0x0000000700dffff0, 0x0000000700e00000| 99%| O|  |TS  0|AC  0|TAMS 0x0000000700dffff0, 0x0000000700dffff0|
|  14|0x0000000700e00000, 0x0000000700ef9b10, 0x0000000700f00000| 97%| O|  |TS  0|AC  0|TAMS 0x0000000700ef9b10, 0x0000000700ef9b10|
|  15|0x0000000700f00000, 0x0000000700ff6e90, 0x0000000701000000| 96%| O|  |TS  0|AC  0|TAMS 0x0000000700ff6e90, 0x0000000700ff6e90|
|  16|0x0000000701000000, 0x00000007010fc8c0, 0x0000000701100000| 98%| O|  |TS  0|AC  0|TAMS 0x00000007010fc8c0, 0x00000007010fc8c0|
|  17|0x0000000701100000, 0x00000007011e0be0, 0x0000000701200000| 87%| O|  |TS  0|AC  0|TAMS 0x00000007011e0be0, 0x00000007011e0be0|
|  18|0x0000000701200000, 0x00000007012fffe0, 0x0000000701300000| 99%| O|  |TS  0|AC  0|TAMS 0x00000007012fffe0, 0x00000007012fffe0|
|  19|0x0000000701300000, 0x00000007013ffff8, 0x0000000701400000| 99%| O|  |TS  0|AC  0|TAMS 0x00000007013ffff8, 0x00000007013ffff8|
|  20|0x0000000701400000, 0x00000007014fff78, 0x0000000701500000| 99%| O|  |TS  0|AC  0|TAMS 0x00000007014fff78, 0x00000007014fff78|
|  21|0x0000000701500000, 0x00000007015ffff0, 0x0000000701600000| 99%| O|  |TS  0|AC  0|TAMS 0x00000007015ffff0, 0x00000007015ffff0|
|  22|0x0000000701600000, 0x00000007016fffe8, 0x0000000701700000| 99%| O|  |TS  0|AC  0|TAMS 0x00000007016fffe8, 0x00000007016fffe8|
|  23|0x0000000701700000, 0x00000007017afe70, 0x0000000701800000| 68%| O|  |TS  0|AC  0|TAMS 0x00000007017afe70, 0x00000007017afe70|
|  24|0x0000000701800000, 0x00000007018ffec0, 0x0000000701900000| 99%| O|  |TS  0|AC  0|TAMS 0x00000007018ffec0, 0x00000007018ffec0|
|  25|0x0000000701900000, 0x00000007019ffff8, 0x0000000701a00000| 99%| O|  |TS  0|AC  0|TAMS 0x00000007019ffff8, 0x00000007019ffff8|
|  26|0x0000000701a00000, 0x0000000701af6fa8, 0x0000000701b00000| 96%| O|  |TS  0|AC  0|TAMS 0x0000000701af6fa8, 0x0000000701af6fa8|
|  27|0x0000000701b00000, 0x0000000701c00000, 0x0000000701c00000|100%| O|  |TS  0|AC  0|TAMS 0x0000000701c00000, 0x0000000701c00000|
|  28|0x0000000701c00000, 0x0000000701cffff8, 0x0000000701d00000| 99%| O|  |TS  0|AC  0|TAMS 0x0000000701cffff8, 0x0000000701cffff8|
|  29|0x0000000701d00000, 0x0000000701dff768, 0x0000000701e00000| 99%| O|  |TS  0|AC  0|TAMS 0x0000000701dff768, 0x0000000701dff768|
|  30|0x0000000701e00000, 0x0000000701f00000, 0x0000000701f00000|100%| O|  |TS  0|AC  0|TAMS 0x0000000701f00000, 0x0000000701f00000|
|  31|0x0000000701f00000, 0x0000000701ffffe8, 0x0000000702000000| 99%| O|  |TS  0|AC  0|TAMS 0x0000000701ffffe8, 0x0000000701ffffe8|
|  32|0x0000000702000000, 0x00000007020ffb40, 0x0000000702100000| 99%| O|  |TS  0|AC  0|TAMS 0x00000007020ffb40, 0x00000007020ffb40|
|  33|0x0000000702100000, 0x00000007021ff6e0, 0x0000000702200000| 99%| O|  |TS  0|AC  0|TAMS 0x00000007021ff6e0, 0x00000007021ff6e0|
|  34|0x0000000702200000, 0x00000007022ffff8, 0x0000000702300000| 99%| O|  |TS  0|AC  0|TAMS 0x00000007022ffff8, 0x00000007022ffff8|
|  35|0x0000000702300000, 0x0000000702400000, 0x0000000702400000|100%| O|  |TS  0|AC  0|TAMS 0x0000000702400000, 0x0000000702400000|
|  36|0x0000000702400000, 0x00000007024fff78, 0x0000000702500000| 99%| O|  |TS  0|AC  0|TAMS 0x00000007024fff78, 0x00000007024fff78|
|  37|0x0000000702500000, 0x0000000702600000, 0x0000000702600000|100%|HS|  |TS  0|AC  0|TAMS 0x0000000702600000, 0x0000000702600000|
|  38|0x0000000702600000, 0x00000007026fffd0, 0x0000000702700000| 99%| O|  |TS  0|AC  0|TAMS 0x00000007026fffd0, 0x00000007026fffd0|
|  39|0x0000000702700000, 0x00000007027ffed0, 0x0000000702800000| 99%| O|  |TS  0|AC  0|TAMS 0x00000007027ffed0, 0x00000007027ffed0|
|  40|0x0000000702800000, 0x00000007028fffe0, 0x0000000702900000| 99%| O|  |TS  0|AC  0|TAMS 0x00000007028fffe0, 0x00000007028fffe0|
|  41|0x0000000702900000, 0x00000007029ffa78, 0x0000000702a00000| 99%| O|  |TS  0|AC  0|TAMS 0x00000007029ffa78, 0x00000007029ffa78|
|  42|0x0000000702a00000, 0x0000000702afffe8, 0x0000000702b00000| 99%| O|  |TS  0|AC  0|TAMS 0x0000000702afffe8, 0x0000000702afffe8|
|  43|0x0000000702b00000, 0x0000000702bfffc8, 0x0000000702c00000| 99%| O|  |TS  0|AC  0|TAMS 0x0000000702bfffc8, 0x0000000702bfffc8|
|  44|0x0000000702c00000, 0x0000000702cffc40, 0x0000000702d00000| 99%| O|  |TS  0|AC  0|TAMS 0x0000000702cffc40, 0x0000000702cffc40|
|  45|0x0000000702d00000, 0x0000000702dfe000, 0x0000000702e00000| 99%| O|  |TS  0|AC  0|TAMS 0x0000000702dfe000, 0x0000000702dfe000|
|  46|0x0000000702e00000, 0x0000000702effff0, 0x0000000702f00000| 99%| O|  |TS  0|AC  0|TAMS 0x0000000702effff0, 0x0000000702effff0|
|  47|0x0000000702f00000, 0x0000000702ff6d50, 0x0000000703000000| 96%| O|  |TS  0|AC  0|TAMS 0x0000000702ff6d50, 0x0000000702ff6d50|
|  48|0x0000000703000000, 0x00000007030fec10, 0x0000000703100000| 99%| O|  |TS  0|AC  0|TAMS 0x00000007030fec10, 0x00000007030fec10|
|  49|0x0000000703100000, 0x00000007031fffd8, 0x0000000703200000| 99%| O|  |TS  0|AC  0|TAMS 0x00000007031fffd8, 0x00000007031fffd8|
|  50|0x0000000703200000, 0x0000000703300000, 0x0000000703300000|100%|HS|  |TS  0|AC  0|TAMS 0x0000000703300000, 0x0000000703300000|
|  51|0x0000000703300000, 0x0000000703400000, 0x0000000703400000|100%|HC|  |TS  0|AC  0|TAMS 0x0000000703400000, 0x0000000703400000|
|  52|0x0000000703400000, 0x0000000703500000, 0x0000000703500000|100%|HC|  |TS  0|AC  0|TAMS 0x0000000703500000, 0x0000000703500000|
|  53|0x0000000703500000, 0x0000000703600000, 0x0000000703600000|100%|HC|  |TS  0|AC  0|TAMS 0x0000000703600000, 0x0000000703600000|
|  54|0x0000000703600000, 0x0000000703700000, 0x0000000703700000|100%|HC|  |TS  0|AC  0|TAMS 0x0000000703700000, 0x0000000703700000|
|  55|0x0000000703700000, 0x0000000703800000, 0x0000000703800000|100%|HC|  |TS  0|AC  0|TAMS 0x0000000703800000, 0x0000000703800000|
|  56|0x0000000703800000, 0x0000000703900000, 0x0000000703900000|100%|HC|  |TS  0|AC  0|TAMS 0x0000000703900000, 0x0000000703900000|
|  57|0x0000000703900000, 0x0000000703a00000, 0x0000000703a00000|100%|HC|  |TS  0|AC  0|TAMS 0x0000000703a00000, 0x0000000703a00000|
|  58|0x0000000703a00000, 0x0000000703b00000, 0x0000000703b00000|100%|HC|  |TS  0|AC  0|TAMS 0x0000000703b00000, 0x0000000703b00000|
|  59|0x0000000703b00000, 0x0000000703c00000, 0x0000000703c00000|100%|HC|  |TS  0|AC  0|TAMS 0x0000000703c00000, 0x0000000703c00000|
|  60|0x0000000703c00000, 0x0000000703d00000, 0x0000000703d00000|100%|HC|  |TS  0|AC  0|TAMS 0x0000000703d00000, 0x0000000703d00000|
|  61|0x0000000703d00000, 0x0000000703e00000, 0x0000000703e00000|100%|HC|  |TS  0|AC  0|TAMS 0x0000000703e00000, 0x0000000703e00000|
|  62|0x0000000703e00000, 0x0000000703f00000, 0x0000000703f00000|100%|HC|  |TS  0|AC  0|TAMS 0x0000000703f00000, 0x0000000703f00000|
|  63|0x0000000703f00000, 0x0000000704000000, 0x0000000704000000|100%|HC|  |TS  0|AC  0|TAMS 0x0000000704000000, 0x0000000704000000|
|  64|0x0000000704000000, 0x0000000704100000, 0x0000000704100000|100%|HC|  |TS  0|AC  0|TAMS 0x0000000704100000, 0x0000000704100000|
|  65|0x0000000704100000, 0x00000007041ffff8, 0x0000000704200000| 99%| O|  |TS  0|AC  0|TAMS 0x00000007041ffff8, 0x00000007041ffff8|
|  66|0x0000000704200000, 0x0000000704300000, 0x0000000704300000|100%| O|  |TS  0|AC  0|TAMS 0x0000000704300000, 0x0000000704300000|
|  67|0x0000000704300000, 0x0000000704400000, 0x0000000704400000|100%|HS|  |TS  0|AC  0|TAMS 0x0000000704400000, 0x0000000704400000|
|  68|0x0000000704400000, 0x00000007044febb8, 0x0000000704500000| 99%| O|  |TS  0|AC  0|TAMS 0x00000007044febb8, 0x00000007044febb8|
|  69|0x0000000704500000, 0x0000000704600000, 0x0000000704600000|100%| O|  |TS  0|AC  0|TAMS 0x0000000704600000, 0x0000000704600000|
|  70|0x0000000704600000, 0x0000000704700000, 0x0000000704700000|100%|HS|  |TS  0|AC  0|TAMS 0x0000000704700000, 0x0000000704700000|
|  71|0x0000000704700000, 0x00000007047226b8, 0x0000000704800000| 13%| O|  |TS  0|AC  0|TAMS 0x00000007047226b8, 0x00000007047226b8|
|  72|0x0000000704800000, 0x0000000704900000, 0x0000000704900000|100%| O|  |TS 21|AC  0|TAMS 0x0000000704800000, 0x0000000704800000|
|  73|0x0000000704900000, 0x00000007049e4000, 0x0000000704a00000| 89%| O|  |TS 21|AC  0|TAMS 0x0000000704900000, 0x0000000704900000|
|  74|0x0000000704a00000, 0x0000000704a00000, 0x0000000704b00000|  0%| F|  |TS  0|AC  0|TAMS 0x0000000704a00000, 0x0000000704a00000|
|  75|0x0000000704b00000, 0x0000000704b00000, 0x0000000704c00000|  0%| F|  |TS  0|AC  0|TAMS 0x0000000704b00000, 0x0000000704b00000|
|  76|0x0000000704c00000, 0x0000000704c00000, 0x0000000704d00000|  0%| F|  |TS  0|AC  0|TAMS 0x0000000704c00000, 0x0000000704c00000|
|  77|0x0000000704d00000, 0x0000000704d00000, 0x0000000704e00000|  0%| F|  |TS  0|AC  0|TAMS 0x0000000704d00000, 0x0000000704d00000|
|  78|0x0000000704e00000, 0x0000000704e00000, 0x0000000704f00000|  0%| F|  |TS  0|AC  0|TAMS 0x0000000704e00000, 0x0000000704e00000|
|  79|0x0000000704f00000, 0x0000000704f00000, 0x0000000705000000|  0%| F|  |TS  0|AC  0|TAMS 0x0000000704f00000, 0x0000000704f00000|
|  80|0x0000000705000000, 0x0000000705000000, 0x0000000705100000|  0%| F|  |TS  0|AC  0|TAMS 0x0000000705000000, 0x0000000705000000|
|  81|0x0000000705100000, 0x0000000705100000, 0x0000000705200000|  0%| F|  |TS  0|AC  0|TAMS 0x0000000705100000, 0x0000000705100000|
|  82|0x0000000705200000, 0x0000000705200000, 0x0000000705300000|  0%| F|  |TS  0|AC  0|TAMS 0x0000000705200000, 0x0000000705200000|
|  83|0x0000000705300000, 0x0000000705300000, 0x0000000705400000|  0%| F|  |TS  0|AC  0|TAMS 0x0000000705300000, 0x0000000705300000|
|  84|0x0000000705400000, 0x0000000705400000, 0x0000000705500000|  0%| F|  |TS  0|AC  0|TAMS 0x0000000705400000, 0x0000000705400000|
|  85|0x0000000705500000, 0x0000000705500000, 0x0000000705600000|  0%| F|  |TS  0|AC  0|TAMS 0x0000000705500000, 0x0000000705500000|
|  86|0x0000000705600000, 0x0000000705600000, 0x0000000705700000|  0%| F|  |TS  0|AC  0|TAMS 0x0000000705600000, 0x0000000705600000|
|  87|0x0000000705700000, 0x0000000705700000, 0x0000000705800000|  0%| F|  |TS  0|AC  0|TAMS 0x0000000705700000, 0x0000000705700000|
|  88|0x0000000705800000, 0x0000000705800000, 0x0000000705900000|  0%| F|  |TS  0|AC  0|TAMS 0x0000000705800000, 0x0000000705800000|
|  89|0x0000000705900000, 0x0000000705900000, 0x0000000705a00000|  0%| F|  |TS  0|AC  0|TAMS 0x0000000705900000, 0x0000000705900000|
|  90|0x0000000705a00000, 0x0000000705a00000, 0x0000000705b00000|  0%| F|  |TS  0|AC  0|TAMS 0x0000000705a00000, 0x0000000705a00000|
|  91|0x0000000705b00000, 0x0000000705b00000, 0x0000000705c00000|  0%| F|  |TS  1|AC  0|TAMS 0x0000000705b00000, 0x0000000705b00000|
|  92|0x0000000705c00000, 0x0000000705c00000, 0x0000000705d00000|  0%| F|  |TS  1|AC  0|TAMS 0x0000000705c00000, 0x0000000705c00000|
|  93|0x0000000705d00000, 0x0000000705d00000, 0x0000000705e00000|  0%| F|  |TS  1|AC  0|TAMS 0x0000000705d00000, 0x0000000705d00000|
|  94|0x0000000705e00000, 0x0000000705e00000, 0x0000000705f00000|  0%| F|  |TS  0|AC  0|TAMS 0x0000000705e00000, 0x0000000705e00000|
|  95|0x0000000705f00000, 0x0000000705f00000, 0x0000000706000000|  0%| F|  |TS  0|AC  0|TAMS 0x0000000705f00000, 0x0000000705f00000|
|  96|0x0000000706000000, 0x0000000706000000, 0x0000000706100000|  0%| F|  |TS  0|AC  0|TAMS 0x0000000706000000, 0x0000000706000000|
|  97|0x0000000706100000, 0x0000000706100000, 0x0000000706200000|  0%| F|  |TS  0|AC  0|TAMS 0x0000000706100000, 0x0000000706100000|
|  98|0x0000000706200000, 0x0000000706200000, 0x0000000706300000|  0%| F|  |TS  0|AC  0|TAMS 0x0000000706200000, 0x0000000706200000|
|  99|0x0000000706300000, 0x0000000706300000, 0x0000000706400000|  0%| F|  |TS  0|AC  0|TAMS 0x0000000706300000, 0x0000000706300000|
| 100|0x0000000706400000, 0x0000000706400000, 0x0000000706500000|  0%| F|  |TS  0|AC  0|TAMS 0x0000000706400000, 0x0000000706400000|
| 101|0x0000000706500000, 0x0000000706500000, 0x0000000706600000|  0%| F|  |TS  0|AC  0|TAMS 0x0000000706500000, 0x0000000706500000|
| 102|0x0000000706600000, 0x0000000706600000, 0x0000000706700000|  0%| F|  |TS  0|AC  0|TAMS 0x0000000706600000, 0x0000000706600000|
| 103|0x0000000706700000, 0x0000000706700000, 0x0000000706800000|  0%| F|  |TS  0|AC  0|TAMS 0x0000000706700000, 0x0000000706700000|
| 104|0x0000000706800000, 0x0000000706800000, 0x0000000706900000|  0%| F|  |TS  0|AC  0|TAMS 0x0000000706800000, 0x0000000706800000|
| 105|0x0000000706900000, 0x0000000706900000, 0x0000000706a00000|  0%| F|  |TS  0|AC  0|TAMS 0x0000000706900000, 0x0000000706900000|
| 106|0x0000000706a00000, 0x0000000706a00000, 0x0000000706b00000|  0%| F|  |TS  0|AC  0|TAMS 0x0000000706a00000, 0x0000000706a00000|
| 107|0x0000000706b00000, 0x0000000706b00000, 0x0000000706c00000|  0%| F|  |TS  0|AC  0|TAMS 0x0000000706b00000, 0x0000000706b00000|
| 108|0x0000000706c00000, 0x0000000706c00000, 0x0000000706d00000|  0%| F|  |TS  0|AC  0|TAMS 0x0000000706c00000, 0x0000000706c00000|
| 109|0x0000000706d00000, 0x0000000706d00000, 0x0000000706e00000|  0%| F|  |TS  0|AC  0|TAMS 0x0000000706d00000, 0x0000000706d00000|
| 110|0x0000000706e00000, 0x0000000706e00000, 0x0000000706f00000|  0%| F|  |TS  0|AC  0|TAMS 0x0000000706e00000, 0x0000000706e00000|
| 111|0x0000000706f00000, 0x0000000706f00000, 0x0000000707000000|  0%| F|  |TS  0|AC  0|TAMS 0x0000000706f00000, 0x0000000706f00000|
| 112|0x0000000707000000, 0x0000000707000000, 0x0000000707100000|  0%| F|  |TS  0|AC  0|TAMS 0x0000000707000000, 0x0000000707000000|
| 113|0x0000000707100000, 0x0000000707100000, 0x0000000707200000|  0%| F|  |TS  0|AC  0|TAMS 0x0000000707100000, 0x0000000707100000|
| 114|0x0000000707200000, 0x0000000707200000, 0x0000000707300000|  0%| F|  |TS  0|AC  0|TAMS 0x0000000707200000, 0x0000000707200000|
| 115|0x0000000707300000, 0x0000000707300000, 0x0000000707400000|  0%| F|  |TS  0|AC  0|TAMS 0x0000000707300000, 0x0000000707300000|
| 116|0x0000000707400000, 0x0000000707400000, 0x0000000707500000|  0%| F|  |TS  0|AC  0|TAMS 0x0000000707400000, 0x0000000707400000|
| 117|0x0000000707500000, 0x0000000707500000, 0x0000000707600000|  0%| F|  |TS  0|AC  0|TAMS 0x0000000707500000, 0x0000000707500000|
| 118|0x0000000707600000, 0x0000000707600000, 0x0000000707700000|  0%| F|  |TS  0|AC  0|TAMS 0x0000000707600000, 0x0000000707600000|
| 119|0x0000000707700000, 0x0000000707700000, 0x0000000707800000|  0%| F|  |TS  0|AC  0|TAMS 0x0000000707700000, 0x0000000707700000|
| 120|0x0000000707800000, 0x0000000707800000, 0x0000000707900000|  0%| F|  |TS  0|AC  0|TAMS 0x0000000707800000, 0x0000000707800000|
| 121|0x0000000707900000, 0x0000000707900000, 0x0000000707a00000|  0%| F|  |TS  0|AC  0|TAMS 0x0000000707900000, 0x0000000707900000|
| 122|0x0000000707a00000, 0x0000000707a00000, 0x0000000707b00000|  0%| F|  |TS 13|AC  0|TAMS 0x0000000707a00000, 0x0000000707a00000|
| 123|0x0000000707b00000, 0x0000000707b00000, 0x0000000707c00000|  0%| F|  |TS 13|AC  0|TAMS 0x0000000707b00000, 0x0000000707b00000|
| 124|0x0000000707c00000, 0x0000000707c00000, 0x0000000707d00000|  0%| F|  |TS 13|AC  0|TAMS 0x0000000707c00000, 0x0000000707c00000|
| 125|0x0000000707d00000, 0x0000000707d00000, 0x0000000707e00000|  0%| F|  |TS 15|AC  0|TAMS 0x0000000707d00000, 0x0000000707d00000|
| 126|0x0000000707e00000, 0x0000000707e00000, 0x0000000707f00000|  0%| F|  |TS 15|AC  0|TAMS 0x0000000707e00000, 0x0000000707e00000|
| 127|0x0000000707f00000, 0x0000000707f00000, 0x0000000708000000|  0%| F|  |TS 15|AC  0|TAMS 0x0000000707f00000, 0x0000000707f00000|
| 128|0x0000000708000000, 0x0000000708000000, 0x0000000708100000|  0%| F|  |TS 13|AC  0|TAMS 0x0000000708000000, 0x0000000708000000|
| 129|0x0000000708100000, 0x0000000708100000, 0x0000000708200000|  0%| F|  |TS 13|AC  0|TAMS 0x0000000708100000, 0x0000000708100000|
| 130|0x0000000708200000, 0x0000000708200000, 0x0000000708300000|  0%| F|  |TS 13|AC  0|TAMS 0x0000000708200000, 0x0000000708200000|
| 131|0x0000000708300000, 0x0000000708300000, 0x0000000708400000|  0%| F|  |TS 13|AC  0|TAMS 0x0000000708300000, 0x0000000708300000|
| 132|0x0000000708400000, 0x0000000708400000, 0x0000000708500000|  0%| F|  |TS 13|AC  0|TAMS 0x0000000708400000, 0x0000000708400000|
| 133|0x0000000708500000, 0x0000000708500000, 0x0000000708600000|  0%| F|  |TS 13|AC  0|TAMS 0x0000000708500000, 0x0000000708500000|
| 134|0x0000000708600000, 0x0000000708600000, 0x0000000708700000|  0%| F|  |TS 13|AC  0|TAMS 0x0000000708600000, 0x0000000708600000|
| 135|0x0000000708700000, 0x0000000708700000, 0x0000000708800000|  0%| F|  |TS 13|AC  0|TAMS 0x0000000708700000, 0x0000000708700000|
| 136|0x0000000708800000, 0x0000000708800000, 0x0000000708900000|  0%| F|  |TS 13|AC  0|TAMS 0x0000000708800000, 0x0000000708800000|
| 137|0x0000000708900000, 0x0000000708900000, 0x0000000708a00000|  0%| F|  |TS 13|AC  0|TAMS 0x0000000708900000, 0x0000000708900000|
| 138|0x0000000708a00000, 0x0000000708a00000, 0x0000000708b00000|  0%| F|  |TS 13|AC  0|TAMS 0x0000000708a00000, 0x0000000708a00000|
| 139|0x0000000708b00000, 0x0000000708b00000, 0x0000000708c00000|  0%| F|  |TS 13|AC  0|TAMS 0x0000000708b00000, 0x0000000708b00000|
| 140|0x0000000708c00000, 0x0000000708c00000, 0x0000000708d00000|  0%| F|  |TS 13|AC  0|TAMS 0x0000000708c00000, 0x0000000708c00000|
| 141|0x0000000708d00000, 0x0000000708d00000, 0x0000000708e00000|  0%| F|  |TS 13|AC  0|TAMS 0x0000000708d00000, 0x0000000708d00000|
| 142|0x0000000708e00000, 0x0000000708e00000, 0x0000000708f00000|  0%| F|  |TS 13|AC  0|TAMS 0x0000000708e00000, 0x0000000708e00000|
| 143|0x0000000708f00000, 0x0000000708f00000, 0x0000000709000000|  0%| F|  |TS 13|AC  0|TAMS 0x0000000708f00000, 0x0000000708f00000|
| 144|0x0000000709000000, 0x0000000709000000, 0x0000000709100000|  0%| F|  |TS 13|AC  0|TAMS 0x0000000709000000, 0x0000000709000000|
| 145|0x0000000709100000, 0x0000000709100000, 0x0000000709200000|  0%| F|  |TS 13|AC  0|TAMS 0x0000000709100000, 0x0000000709100000|
| 146|0x0000000709200000, 0x0000000709200000, 0x0000000709300000|  0%| F|  |TS 13|AC  0|TAMS 0x0000000709200000, 0x0000000709200000|
| 147|0x0000000709300000, 0x0000000709300000, 0x0000000709400000|  0%| F|  |TS 13|AC  0|TAMS 0x0000000709300000, 0x0000000709300000|
| 148|0x0000000709400000, 0x0000000709400000, 0x0000000709500000|  0%| F|  |TS 13|AC  0|TAMS 0x0000000709400000, 0x0000000709400000|
| 149|0x0000000709500000, 0x0000000709500000, 0x0000000709600000|  0%| F|  |TS 13|AC  0|TAMS 0x0000000709500000, 0x0000000709500000|
| 150|0x0000000709600000, 0x0000000709600000, 0x0000000709700000|  0%| F|  |TS 13|AC  0|TAMS 0x0000000709600000, 0x0000000709600000|
| 151|0x0000000709700000, 0x0000000709700000, 0x0000000709800000|  0%| F|  |TS 13|AC  0|TAMS 0x0000000709700000, 0x0000000709700000|
| 152|0x0000000709800000, 0x0000000709800000, 0x0000000709900000|  0%| F|  |TS 13|AC  0|TAMS 0x0000000709800000, 0x0000000709800000|
| 153|0x0000000709900000, 0x0000000709900000, 0x0000000709a00000|  0%| F|  |TS 13|AC  0|TAMS 0x0000000709900000, 0x0000000709900000|
| 154|0x0000000709a00000, 0x0000000709a00000, 0x0000000709b00000|  0%| F|  |TS 13|AC  0|TAMS 0x0000000709a00000, 0x0000000709a00000|
| 155|0x0000000709b00000, 0x0000000709b00000, 0x0000000709c00000|  0%| F|  |TS 13|AC  0|TAMS 0x0000000709b00000, 0x0000000709b00000|
| 156|0x0000000709c00000, 0x0000000709c00000, 0x0000000709d00000|  0%| F|  |TS 13|AC  0|TAMS 0x0000000709c00000, 0x0000000709c00000|
| 157|0x0000000709d00000, 0x0000000709d00000, 0x0000000709e00000|  0%| F|  |TS 13|AC  0|TAMS 0x0000000709d00000, 0x0000000709d00000|
| 158|0x0000000709e00000, 0x0000000709e00000, 0x0000000709f00000|  0%| F|  |TS 13|AC  0|TAMS 0x0000000709e00000, 0x0000000709e00000|
| 159|0x0000000709f00000, 0x0000000709f00000, 0x000000070a000000|  0%| F|  |TS 19|AC  0|TAMS 0x0000000709f00000, 0x0000000709f00000|
| 160|0x000000070a000000, 0x000000070a000000, 0x000000070a100000|  0%| F|  |TS 19|AC  0|TAMS 0x000000070a000000, 0x000000070a000000|
| 161|0x000000070a100000, 0x000000070a1e1800, 0x000000070a200000| 88%| S|CS|TS 21|AC  0|TAMS 0x000000070a100000, 0x000000070a100000|
| 162|0x000000070a200000, 0x000000070a200000, 0x000000070a300000|  0%| F|  |TS 21|AC  0|TAMS 0x000000070a200000, 0x000000070a200000|
| 163|0x000000070a300000, 0x000000070a300000, 0x000000070a400000|  0%| F|  |TS 21|AC  0|TAMS 0x000000070a300000, 0x000000070a300000|
| 164|0x000000070a400000, 0x000000070a400000, 0x000000070a500000|  0%| F|  |TS 21|AC  0|TAMS 0x000000070a400000, 0x000000070a400000|
| 165|0x000000070a500000, 0x000000070a500000, 0x000000070a600000|  0%| F|  |TS 21|AC  0|TAMS 0x000000070a500000, 0x000000070a500000|
| 166|0x000000070a600000, 0x000000070a600000, 0x000000070a700000|  0%| F|  |TS 21|AC  0|TAMS 0x000000070a600000, 0x000000070a600000|
| 167|0x000000070a700000, 0x000000070a700000, 0x000000070a800000|  0%| F|  |TS 21|AC  0|TAMS 0x000000070a700000, 0x000000070a700000|
| 168|0x000000070a800000, 0x000000070a800000, 0x000000070a900000|  0%| F|  |TS 21|AC  0|TAMS 0x000000070a800000, 0x000000070a800000|
| 169|0x000000070a900000, 0x000000070a900000, 0x000000070aa00000|  0%| F|  |TS 21|AC  0|TAMS 0x000000070a900000, 0x000000070a900000|
| 170|0x000000070aa00000, 0x000000070aa00000, 0x000000070ab00000|  0%| F|  |TS 21|AC  0|TAMS 0x000000070aa00000, 0x000000070aa00000|
| 171|0x000000070ab00000, 0x000000070ab00000, 0x000000070ac00000|  0%| F|  |TS 21|AC  0|TAMS 0x000000070ab00000, 0x000000070ab00000|
| 172|0x000000070ac00000, 0x000000070ac00000, 0x000000070ad00000|  0%| F|  |TS 21|AC  0|TAMS 0x000000070ac00000, 0x000000070ac00000|
| 173|0x000000070ad00000, 0x000000070ad00000, 0x000000070ae00000|  0%| F|  |TS 21|AC  0|TAMS 0x000000070ad00000, 0x000000070ad00000|
| 174|0x000000070ae00000, 0x000000070ae00000, 0x000000070af00000|  0%| F|  |TS 21|AC  0|TAMS 0x000000070ae00000, 0x000000070ae00000|
| 175|0x000000070af00000, 0x000000070af00000, 0x000000070b000000|  0%| F|  |TS 21|AC  0|TAMS 0x000000070af00000, 0x000000070af00000|
| 176|0x000000070b000000, 0x000000070b000000, 0x000000070b100000|  0%| F|  |TS 21|AC  0|TAMS 0x000000070b000000, 0x000000070b000000|
| 177|0x000000070b100000, 0x000000070b100000, 0x000000070b200000|  0%| F|  |TS 21|AC  0|TAMS 0x000000070b100000, 0x000000070b100000|
| 178|0x000000070b200000, 0x000000070b200000, 0x000000070b300000|  0%| F|  |TS 21|AC  0|TAMS 0x000000070b200000, 0x000000070b200000|
| 179|0x000000070b300000, 0x000000070b300000, 0x000000070b400000|  0%| F|  |TS 21|AC  0|TAMS 0x000000070b300000, 0x000000070b300000|
| 180|0x000000070b400000, 0x000000070b400000, 0x000000070b500000|  0%| F|  |TS 21|AC  0|TAMS 0x000000070b400000, 0x000000070b400000|
| 181|0x000000070b500000, 0x000000070b500000, 0x000000070b600000|  0%| F|  |TS 21|AC  0|TAMS 0x000000070b500000, 0x000000070b500000|
| 182|0x000000070b600000, 0x000000070b600000, 0x000000070b700000|  0%| F|  |TS 21|AC  0|TAMS 0x000000070b600000, 0x000000070b600000|
| 183|0x000000070b700000, 0x000000070b700000, 0x000000070b800000|  0%| F|  |TS 21|AC  0|TAMS 0x000000070b700000, 0x000000070b700000|
| 184|0x000000070b800000, 0x000000070b800000, 0x000000070b900000|  0%| F|  |TS 21|AC  0|TAMS 0x000000070b800000, 0x000000070b800000|
| 185|0x000000070b900000, 0x000000070b900000, 0x000000070ba00000|  0%| F|  |TS 21|AC  0|TAMS 0x000000070b900000, 0x000000070b900000|
| 186|0x000000070ba00000, 0x000000070ba00000, 0x000000070bb00000|  0%| F|  |TS 21|AC  0|TAMS 0x000000070ba00000, 0x000000070ba00000|
| 187|0x000000070bb00000, 0x000000070bb00000, 0x000000070bc00000|  0%| F|  |TS 21|AC  0|TAMS 0x000000070bb00000, 0x000000070bb00000|
| 188|0x000000070bc00000, 0x000000070bc00000, 0x000000070bd00000|  0%| F|  |TS 21|AC  0|TAMS 0x000000070bc00000, 0x000000070bc00000|
| 189|0x000000070bd00000, 0x000000070bd00000, 0x000000070be00000|  0%| F|  |TS 21|AC  0|TAMS 0x000000070bd00000, 0x000000070bd00000|
| 190|0x000000070be00000, 0x000000070be00000, 0x000000070bf00000|  0%| F|  |TS 21|AC  0|TAMS 0x000000070be00000, 0x000000070be00000|
| 191|0x000000070bf00000, 0x000000070bf00000, 0x000000070c000000|  0%| F|  |TS 21|AC  0|TAMS 0x000000070bf00000, 0x000000070bf00000|
| 192|0x000000070c000000, 0x000000070c000000, 0x000000070c100000|  0%| F|  |TS 21|AC  0|TAMS 0x000000070c000000, 0x000000070c000000|
| 193|0x000000070c100000, 0x000000070c100000, 0x000000070c200000|  0%| F|  |TS 21|AC  0|TAMS 0x000000070c100000, 0x000000070c100000|
| 194|0x000000070c200000, 0x000000070c200000, 0x000000070c300000|  0%| F|  |TS 21|AC  0|TAMS 0x000000070c200000, 0x000000070c200000|
| 195|0x000000070c300000, 0x000000070c300000, 0x000000070c400000|  0%| F|  |TS 21|AC  0|TAMS 0x000000070c300000, 0x000000070c300000|
| 196|0x000000070c400000, 0x000000070c400000, 0x000000070c500000|  0%| F|  |TS 21|AC  0|TAMS 0x000000070c400000, 0x000000070c400000|
| 197|0x000000070c500000, 0x000000070c500000, 0x000000070c600000|  0%| F|  |TS 21|AC  0|TAMS 0x000000070c500000, 0x000000070c500000|
| 198|0x000000070c600000, 0x000000070c600000, 0x000000070c700000|  0%| F|  |TS 21|AC  0|TAMS 0x000000070c600000, 0x000000070c600000|
| 199|0x000000070c700000, 0x000000070c700000, 0x000000070c800000|  0%| F|  |TS 21|AC  0|TAMS 0x000000070c700000, 0x000000070c700000|
| 200|0x000000070c800000, 0x000000070c800000, 0x000000070c900000|  0%| F|  |TS 21|AC  0|TAMS 0x000000070c800000, 0x000000070c800000|
| 201|0x000000070c900000, 0x000000070c900000, 0x000000070ca00000|  0%| F|  |TS 21|AC  0|TAMS 0x000000070c900000, 0x000000070c900000|
| 202|0x000000070ca00000, 0x000000070ca00000, 0x000000070cb00000|  0%| F|  |TS 21|AC  0|TAMS 0x000000070ca00000, 0x000000070ca00000|
| 203|0x000000070cb00000, 0x000000070cb00000, 0x000000070cc00000|  0%| F|  |TS 21|AC  0|TAMS 0x000000070cb00000, 0x000000070cb00000|
| 204|0x000000070cc00000, 0x000000070cc00000, 0x000000070cd00000|  0%| F|  |TS 21|AC  0|TAMS 0x000000070cc00000, 0x000000070cc00000|
| 205|0x000000070cd00000, 0x000000070cd00000, 0x000000070ce00000|  0%| F|  |TS 21|AC  0|TAMS 0x000000070cd00000, 0x000000070cd00000|
| 206|0x000000070ce00000, 0x000000070ce00000, 0x000000070cf00000|  0%| F|  |TS 21|AC  0|TAMS 0x000000070ce00000, 0x000000070ce00000|
| 207|0x000000070cf00000, 0x000000070cf00000, 0x000000070d000000|  0%| F|  |TS 21|AC  0|TAMS 0x000000070cf00000, 0x000000070cf00000|
| 208|0x000000070d000000, 0x000000070d000000, 0x000000070d100000|  0%| F|  |TS 21|AC  0|TAMS 0x000000070d000000, 0x000000070d000000|
| 209|0x000000070d100000, 0x000000070d100000, 0x000000070d200000|  0%| F|  |TS 21|AC  0|TAMS 0x000000070d100000, 0x000000070d100000|
| 210|0x000000070d200000, 0x000000070d200000, 0x000000070d300000|  0%| F|  |TS 21|AC  0|TAMS 0x000000070d200000, 0x000000070d200000|
| 211|0x000000070d300000, 0x000000070d300000, 0x000000070d400000|  0%| F|  |TS 21|AC  0|TAMS 0x000000070d300000, 0x000000070d300000|
| 212|0x000000070d400000, 0x000000070d400000, 0x000000070d500000|  0%| F|  |TS 21|AC  0|TAMS 0x000000070d400000, 0x000000070d400000|
| 213|0x000000070d500000, 0x000000070d500000, 0x000000070d600000|  0%| F|  |TS 21|AC  0|TAMS 0x000000070d500000, 0x000000070d500000|
| 214|0x000000070d600000, 0x000000070d600000, 0x000000070d700000|  0%| F|  |TS 21|AC  0|TAMS 0x000000070d600000, 0x000000070d600000|
| 215|0x000000070d700000, 0x000000070d700000, 0x000000070d800000|  0%| F|  |TS 21|AC  0|TAMS 0x000000070d700000, 0x000000070d700000|
| 216|0x000000070d800000, 0x000000070d800000, 0x000000070d900000|  0%| F|  |TS 21|AC  0|TAMS 0x000000070d800000, 0x000000070d800000|
| 217|0x000000070d900000, 0x000000070d900000, 0x000000070da00000|  0%| F|  |TS 21|AC  0|TAMS 0x000000070d900000, 0x000000070d900000|
| 218|0x000000070da00000, 0x000000070da00000, 0x000000070db00000|  0%| F|  |TS 21|AC  0|TAMS 0x000000070da00000, 0x000000070da00000|
| 219|0x000000070db00000, 0x000000070db00000, 0x000000070dc00000|  0%| F|  |TS 21|AC  0|TAMS 0x000000070db00000, 0x000000070db00000|
| 220|0x000000070dc00000, 0x000000070dc00000, 0x000000070dd00000|  0%| F|  |TS 21|AC  0|TAMS 0x000000070dc00000, 0x000000070dc00000|
| 221|0x000000070dd00000, 0x000000070dd00000, 0x000000070de00000|  0%| F|  |TS 21|AC  0|TAMS 0x000000070dd00000, 0x000000070dd00000|

Card table byte_map: [0x0000020579700000,0x0000020579d00000] byte_map_base: 0x0000020575f00000

Marking Bits (Prev, Next): (CMBitMap*) 0x0000020572445928, (CMBitMap*) 0x00000205724458f0
 Prev Bits: [0x0000020515b40000, 0x0000020518b40000)
 Next Bits: [0x000002057cdc0000, 0x000002057fdc0000)

Polling page: 0x000002056e590000

CodeHeap 'non-profiled nmethods': size=120000Kb used=9694Kb max_used=9694Kb free=110305Kb
 bounds [0x000002050e610000, 0x000002050ef90000, 0x0000020515b40000]
CodeHeap 'profiled nmethods': size=120000Kb used=29604Kb max_used=29604Kb free=90395Kb
 bounds [0x00000205070e0000, 0x0000020508de0000, 0x000002050e610000]
CodeHeap 'non-nmethods': size=5760Kb used=1698Kb max_used=1765Kb free=4062Kb
 bounds [0x0000020506b40000, 0x0000020506db0000, 0x00000205070e0000]
 total_blobs=17348 nmethods=11157 adapters=1000
 compilation: enabled

Compilation events (10 events):
Event: 14.579 Thread 0x000002057251f000 nmethod 12307 0x0000020508dd1490 code [0x0000020508dd16a0, 0x0000020508dd1f20]
Event: 14.579 Thread 0x000002057251f000 12306       3       javax.swing.text.html.HTMLDocument$HTMLReader$BlockAction::end (9 bytes)
Event: 14.579 Thread 0x000002057251f000 nmethod 12306 0x0000020508dd2110 code [0x0000020508dd22c0, 0x0000020508dd2450]
Event: 14.579 Thread 0x000002057251f000 12308       3       javax.swing.text.html.parser.TagStack::excluded (30 bytes)
Event: 14.579 Thread 0x000002057251f000 nmethod 12308 0x0000020508dd2510 code [0x0000020508dd26e0, 0x0000020508dd29d0]
Event: 14.580 Thread 0x000002057251f000 12310       3       java.lang.invoke.LambdaForm$BMH/720503344::reinvoke (193 bytes)
Event: 14.580 Thread 0x000002057251f000 nmethod 12310 0x0000020508dd2a90 code [0x0000020508dd2d60, 0x0000020508dd43e0]
Event: 14.580 Thread 0x000002057251f000 12312       3       javax.swing.text.html.StyleSheet$CssParser::handleSelector (79 bytes)
Event: 14.581 Thread 0x000002057251f000 nmethod 12312 0x0000020508dd4990 code [0x0000020508dd4dc0, 0x0000020508dd7f00]
Event: 14.581 Thread 0x000002057251f000 12313   !   3       javax.swing.text.html.StyleSheet::addRule (197 bytes)

GC Heap History (10 events):
Event: 14.073 GC heap after
{Heap after GC invocations=34 (full 1):
 garbage-first heap   total 189440K, used 74420K [0x0000000700000000, 0x00000007001005c8, 0x00000007c0000000)
  region size 1024K, 3 young (3072K), 3 survivors (3072K)
 Metaspace       used 69856K, capacity 73493K, committed 73544K, reserved 1118208K
  class space    used 9680K, capacity 10343K, committed 10364K, reserved 1048576K
}
Event: 14.110 GC heap before
{Heap before GC invocations=34 (full 1):
 garbage-first heap   total 189440K, used 132788K [0x0000000700000000, 0x00000007001005c8, 0x00000007c0000000)
  region size 1024K, 60 young (61440K), 3 survivors (3072K)
 Metaspace       used 69856K, capacity 73493K, committed 73544K, reserved 1118208K
  class space    used 9680K, capacity 10343K, committed 10364K, reserved 1048576K
}
Event: 14.112 GC heap after
{Heap after GC invocations=35 (full 1):
 garbage-first heap   total 227328K, used 74478K [0x0000000700000000, 0x00000007001006f0, 0x00000007c0000000)
  region size 1024K, 3 young (3072K), 3 survivors (3072K)
 Metaspace       used 69856K, capacity 73493K, committed 73544K, reserved 1118208K
  class space    used 9680K, capacity 10343K, committed 10364K, reserved 1048576K
}
Event: 14.171 GC heap before
{Heap before GC invocations=35 (full 1):
 garbage-first heap   total 227328K, used 132846K [0x0000000700000000, 0x00000007001006f0, 0x00000007c0000000)
  region size 1024K, 60 young (61440K), 3 survivors (3072K)
 Metaspace       used 69867K, capacity 73493K, committed 73544K, reserved 1118208K
  class space    used 9680K, capacity 10343K, committed 10364K, reserved 1048576K
}
Event: 14.173 GC heap after
{Heap after GC invocations=36 (full 1):
 garbage-first heap   total 227328K, used 74479K [0x0000000700000000, 0x00000007001006f0, 0x00000007c0000000)
  region size 1024K, 3 young (3072K), 3 survivors (3072K)
 Metaspace       used 69867K, capacity 73493K, committed 73544K, reserved 1118208K
  class space    used 9680K, capacity 10343K, committed 10364K, reserved 1048576K
}
Event: 14.210 GC heap before
{Heap before GC invocations=36 (full 1):
 garbage-first heap   total 227328K, used 132847K [0x0000000700000000, 0x00000007001006f0, 0x00000007c0000000)
  region size 1024K, 60 young (61440K), 3 survivors (3072K)
 Metaspace       used 69867K, capacity 73493K, committed 73544K, reserved 1118208K
  class space    used 9680K, capacity 10343K, committed 10364K, reserved 1048576K
}
Event: 14.212 GC heap after
{Heap after GC invocations=37 (full 1):
 garbage-first heap   total 227328K, used 74537K [0x0000000700000000, 0x00000007001006f0, 0x00000007c0000000)
  region size 1024K, 3 young (3072K), 3 survivors (3072K)
 Metaspace       used 69867K, capacity 73493K, committed 73544K, reserved 1118208K
  class space    used 9680K, capacity 10343K, committed 10364K, reserved 1048576K
}
Event: 14.254 GC heap before
{Heap before GC invocations=37 (full 1):
 garbage-first heap   total 227328K, used 132905K [0x0000000700000000, 0x00000007001006f0, 0x00000007c0000000)
  region size 1024K, 60 young (61440K), 3 survivors (3072K)
 Metaspace       used 69870K, capacity 73493K, committed 73544K, reserved 1118208K
  class space    used 9680K, capacity 10343K, committed 10364K, reserved 1048576K
}
Event: 14.256 GC heap after
{Heap after GC invocations=38 (full 1):
 garbage-first heap   total 227328K, used 74540K [0x0000000700000000, 0x00000007001006f0, 0x00000007c0000000)
  region size 1024K, 3 young (3072K), 3 survivors (3072K)
 Metaspace       used 69870K, capacity 73493K, committed 73544K, reserved 1118208K
  class space    used 9680K, capacity 10343K, committed 10364K, reserved 1048576K
}
Event: 14.581 GC heap before
{Heap before GC invocations=38 (full 1):
 garbage-first heap   total 227328K, used 132908K [0x0000000700000000, 0x00000007001006f0, 0x00000007c0000000)
  region size 1024K, 60 young (61440K), 3 survivors (3072K)
 Metaspace       used 70132K, capacity 73785K, committed 74056K, reserved 1118208K
  class space    used 9692K, capacity 10349K, committed 10364K, reserved 1048576K
}

Deoptimization events (10 events):
Event: 13.470 Thread 0x000002051b079800 Uncommon trap: reason=class_check action=maybe_recompile pc=0x000002050ec5b504 method=javax.swing.text.html.StyleSheet$ViewAttributeSet.getAttribute(Ljava/lang/Object;)Ljava/lang/Object; @ 44 c2
Event: 13.470 Thread 0x000002051b079800 Uncommon trap: reason=class_check action=maybe_recompile pc=0x000002050ec5b504 method=javax.swing.text.html.StyleSheet$ViewAttributeSet.getAttribute(Ljava/lang/Object;)Ljava/lang/Object; @ 44 c2
Event: 13.774 Thread 0x000002051b079800 Uncommon trap: reason=null_check action=make_not_entrant pc=0x000002050ee4403c method=javax.swing.text.StyleContext$SmallAttributeSet.equals(Ljava/lang/Object;)Z @ 1 c2
Event: 13.878 Thread 0x000002051b079800 Uncommon trap: reason=predicate action=maybe_recompile pc=0x000002050ee92f94 method=javax.swing.SwingUtilities.getValidateRoot(Ljava/awt/Container;Z)Ljava/awt/Container; @ 52 c2
Event: 14.117 Thread 0x000002051b079800 Uncommon trap: reason=intrinsic_or_type_checked_inlining action=make_not_entrant pc=0x000002050ef02060 method=javax.swing.text.AbstractDocument$BranchElement.replace(II[Ljavax/swing/text/Element;)V @ 140 c2
Event: 14.137 Thread 0x000002051b079800 Uncommon trap: reason=intrinsic_or_type_checked_inlining action=make_not_entrant pc=0x000002050ef04e20 method=javax.swing.text.AbstractDocument$BranchElement.replace(II[Ljavax/swing/text/Element;)V @ 87 c2
Event: 14.385 Thread 0x000002051b079800 Uncommon trap: reason=class_check action=maybe_recompile pc=0x000002050ef14274 method=javax.swing.text.AbstractDocument$DefaultDocumentEvent.getChange(Ljavax/swing/text/Element;)Ljavax/swing/event/DocumentEvent$ElementChange; @ 67 c2
Event: 14.385 Thread 0x000002051b079800 Uncommon trap: reason=class_check action=maybe_recompile pc=0x000002050ef14274 method=javax.swing.text.AbstractDocument$DefaultDocumentEvent.getChange(Ljavax/swing/text/Element;)Ljavax/swing/event/DocumentEvent$ElementChange; @ 67 c2
Event: 14.398 Thread 0x000002051b079800 Uncommon trap: reason=class_check action=maybe_recompile pc=0x000002050ef14274 method=javax.swing.text.AbstractDocument$DefaultDocumentEvent.getChange(Ljavax/swing/text/Element;)Ljavax/swing/event/DocumentEvent$ElementChange; @ 67 c2
Event: 14.506 Thread 0x000002051b079800 Uncommon trap: reason=unstable_if action=reinterpret pc=0x000002050eded624 method=java.awt.Component.removeNotify()V @ 261 c2

Classes redefined (0 events):
No events

Internal exceptions (10 events):
Event: 11.730 Thread 0x000002051fc1c000 Exception <a 'java/lang/InterruptedException'{0x000000070739ee68}: sleep interrupted> (0x000000070739ee68) thrown at [t:/workspace/hotspot/src/share/vm/prims/jvm.cpp, line 2984]
Event: 11.945 Thread 0x000002051fc1c000 Exception <a 'java/lang/InterruptedException'{0x00000007073acdc8}: sleep interrupted> (0x00000007073acdc8) thrown at [t:/workspace/hotspot/src/share/vm/prims/jvm.cpp, line 2984]
Event: 11.946 Thread 0x000002051fc19000 Exception <a 'java/lang/InterruptedException'{0x00000007078a07d8}: sleep interrupted> (0x00000007078a07d8) thrown at [t:/workspace/hotspot/src/share/vm/prims/jvm.cpp, line 2984]
Event: 12.436 Thread 0x000002051b079800 Implicit null exception at 0x000002050ecea071 to 0x000002050eceae85
Event: 12.733 Thread 0x000002051b079800 Implicit null exception at 0x000002050e78e9f5 to 0x000002050e78ebf5
Event: 12.840 Thread 0x000002051b079800 Exception <a 'java/lang/NoSuchMethodError'{0x0000000707ba7790}: java.lang.invoke.DirectMethodHandle$Holder.invokeSpecial(Ljava/lang/Object;Ljava/lang/Object;J)Ljava/lang/Object;> (0x0000000707ba7790) thrown at [t:/workspace/hotspot/src/share/vm/interprete
Event: 13.199 Thread 0x000002051b079800 Exception <a 'java/lang/NoSuchMethodError'{0x00000007099ece50}: java.lang.invoke.DirectMethodHandle$Holder.invokeSpecial(Ljava/lang/Object;Ljava/lang/Object;IIILjava/lang/Object;Ljava/lang/Object;ILjava/lang/Object;Ljava/lang/Object;)Ljava/lang/Object;> (
Event: 13.199 Thread 0x000002051b079800 Exception <a 'java/lang/NoSuchMethodError'{0x00000007099f0b00}: java.lang.invoke.DelegatingMethodHandle$Holder.reinvoke_L(Ljava/lang/Object;IIILjava/lang/Object;Ljava/lang/Object;ILjava/lang/Object;Ljava/lang/Object;)Ljava/lang/Object;> (0x00000007099f0b0
Event: 13.200 Thread 0x000002051b079800 Exception <a 'java/lang/NoSuchMethodError'{0x00000007098378b8}: method resolution failed> (0x00000007098378b8) thrown at [t:/workspace/hotspot/src/share/vm/prims/methodHandles.cpp, line 1256]
Event: 13.773 Thread 0x000002051b079800 Implicit null exception at 0x000002050ee43bb5 to 0x000002050ee4402d

Events (10 events):
Event: 14.529 loading class ui/cC done
Event: 14.531 loading class ui/views/c/t/b/g
Event: 14.531 loading class ui/views/c/t/b/g done
Event: 14.532 loading class ui/project/H
Event: 14.532 loading class ui/project/H done
Event: 14.537 Executing VM operation: BulkRevokeBias
Event: 14.537 Executing VM operation: BulkRevokeBias done
Event: 14.547 Executing VM operation: BulkRevokeBias
Event: 14.547 Executing VM operation: BulkRevokeBias done
Event: 14.581 Executing VM operation: G1IncCollectionPause


Dynamic libraries:
0x00007ff6780a0000 - 0x00007ff6780d0000 	C:\Vivodo\Vivado\2019.1\bin\unwrapped\win64.o\vivado.exe
0x00007ff814e90000 - 0x00007ff8150a7000 	C:\WINDOWS\SYSTEM32\ntdll.dll
0x00007ff813010000 - 0x00007ff8130d4000 	C:\WINDOWS\System32\KERNEL32.DLL
0x00007ff812840000 - 0x00007ff812be6000 	C:\WINDOWS\System32\KERNELBASE.dll
0x00007ff812320000 - 0x00007ff812431000 	C:\WINDOWS\System32\ucrtbase.dll
0x00007ffff9590000 - 0x00007ffff961e000 	C:\WINDOWS\SYSTEM32\MSVCP140.dll
0x00007ff800fb0000 - 0x00007ff800fc4000 	C:\Vivodo\Vivado\2019.1\lib\win64.o\libboost_signals.dll
0x00007ffff9b00000 - 0x00007ffff9b14000 	C:\Vivodo\Vivado\2019.1\lib\win64.o\librdi_commonmain.dll
0x00007fff87870000 - 0x00007fff88752000 	C:\Vivodo\Vivado\2019.1\lib\win64.o\librdi_common.dll
0x00007ffff9570000 - 0x00007ffff958b000 	C:\WINDOWS\SYSTEM32\VCRUNTIME140.dll
0x00007ff8141f0000 - 0x00007ff81439d000 	C:\WINDOWS\System32\USER32.dll
0x00007ff8126a0000 - 0x00007ff8126c6000 	C:\WINDOWS\System32\win32u.dll
0x00007ffff9560000 - 0x00007ffff956c000 	C:\WINDOWS\SYSTEM32\VCRUNTIME140_1.dll
0x00007ff8149d0000 - 0x00007ff8149f9000 	C:\WINDOWS\System32\GDI32.dll
0x00007ff8124c0000 - 0x00007ff8125d8000 	C:\WINDOWS\System32\gdi32full.dll
0x00007ff812280000 - 0x00007ff81231a000 	C:\WINDOWS\System32\msvcp_win.dll
0x00007ff814c80000 - 0x00007ff814d30000 	C:\WINDOWS\System32\ADVAPI32.dll
0x00007ff8143a0000 - 0x00007ff814447000 	C:\WINDOWS\System32\msvcrt.dll
0x00007ff813b00000 - 0x00007ff813ba6000 	C:\WINDOWS\System32\sechost.dll
0x00007ff814ad0000 - 0x00007ff814be7000 	C:\WINDOWS\System32\RPCRT4.dll
0x00007ff8130f0000 - 0x00007ff813948000 	C:\WINDOWS\System32\SHELL32.dll
0x00007ffff8950000 - 0x00007ffff8976000 	C:\Vivodo\Vivado\2019.1\lib\win64.o\libboost_filesystem.dll
0x00007ff80cef0000 - 0x00007ff80cefa000 	C:\Vivodo\Vivado\2019.1\lib\win64.o\librdi_commonversion.dll
0x00007fffdd380000 - 0x00007fffdd4a1000 	C:\Vivodo\Vivado\2019.1\lib\win64.o\librdi_commonxillic.dll
0x00007fffa10b0000 - 0x00007fffa141e000 	C:\Vivodo\Vivado\2019.1\lib\win64.o\libCOIN-all.dll
0x00000000555d0000 - 0x00000000556fb000 	C:\Vivodo\Vivado\2019.1\lib\win64.o\tcl85t.dll
0x00007ff814a50000 - 0x00007ff814ac1000 	C:\WINDOWS\System32\WS2_32.dll
0x00007ffff9740000 - 0x00007ffff9754000 	C:\Vivodo\Vivado\2019.1\lib\win64.o\libboost_date_time.dll
0x00007ffff2ed0000 - 0x00007ffff2f4f000 	C:\Vivodo\Vivado\2019.1\lib\win64.o\libboost_program_options.dll
0x00007fffcf180000 - 0x00007fffcf294000 	C:\Vivodo\Vivado\2019.1\lib\win64.o\libboost_regex.dll
0x00007ff806040000 - 0x00007ff80604b000 	C:\Vivodo\Vivado\2019.1\lib\win64.o\libboost_system.dll
0x00007ffff86f0000 - 0x00007ffff8711000 	C:\Vivodo\Vivado\2019.1\lib\win64.o\libboost_thread.dll
0x00007ff804770000 - 0x00007ff80477f000 	C:\Vivodo\Vivado\2019.1\lib\win64.o\libboost_xilinx.dll
0x00007fffd7bb0000 - 0x00007fffd7c32000 	C:\Vivodo\Vivado\2019.1\lib\win64.o\libhdlpsolve.dll
0x00007fffc6470000 - 0x00007fffc6515000 	C:\Vivodo\Vivado\2019.1\lib\win64.o\libhdxml.dll
0x00007ffff7420000 - 0x00007ffff744e000 	C:\Vivodo\Vivado\2019.1\lib\win64.o\libisl_sysinfo.dll
0x00007fffee980000 - 0x00007fffee9e5000 	C:\Vivodo\Vivado\2019.1\lib\win64.o\liblmx6.0.dll
0x00007fff6a0d0000 - 0x00007fff6ac7f400 	C:\Vivodo\Vivado\2019.1\lib\win64.o\libisl_iostreams.dll
0x00007ffff8e90000 - 0x00007ffff8eaa000 	C:\Vivodo\Vivado\2019.1\lib\win64.o\pthreadVC2.dll
0x00007ffff87e0000 - 0x00007ffff87fc000 	C:\Vivodo\Vivado\2019.1\lib\win64.o\librdiconfig.dll
0x00007ffff6d10000 - 0x00007ffff6d31000 	C:\Vivodo\Vivado\2019.1\lib\win64.o\librdizlib.dll
0x0000000012000000 - 0x0000000012270000 	C:\Vivodo\Vivado\2019.1\lib\win64.o\xerces-c_3_1.dll
0x00007ffffc0f0000 - 0x00007ffffc5e4000 	C:\WINDOWS\SYSTEM32\WININET.dll
0x00007ff8004c0000 - 0x00007ff8004d9000 	C:\WINDOWS\SYSTEM32\NETAPI32.dll
0x00007ff80ad00000 - 0x00007ff80ae37000 	C:\WINDOWS\SYSTEM32\WINHTTP.dll
0x00007ffffc8e0000 - 0x00007ffffcad0000 	C:\WINDOWS\SYSTEM32\urlmon.dll
0x00007fffdd300000 - 0x00007fffdd309000 	C:\WINDOWS\SYSTEM32\WSOCK32.dll
0x00007ffff3390000 - 0x00007ffff33c1000 	C:\WINDOWS\SYSTEM32\VCOMP140.DLL
0x00007fff7ed20000 - 0x00007fff7fbb1000 	C:\Vivodo\Vivado\2019.1\lib\win64.o\gurobi65.dll
0x00007fffa3110000 - 0x00007fffa33e8000 	C:\Vivodo\Vivado\2019.1\lib\win64.o\libXil_lmgr11.dll
0x00007ff812bf0000 - 0x00007ff812ce9000 	C:\WINDOWS\System32\COMDLG32.dll
0x00007ff813bb0000 - 0x00007ff813f3a000 	C:\WINDOWS\System32\combase.dll
0x00007ff814450000 - 0x00007ff814543000 	C:\WINDOWS\System32\shcore.dll
0x00007ff812cf0000 - 0x00007ff812d4e000 	C:\WINDOWS\System32\SHLWAPI.dll
0x00007ff814110000 - 0x00007ff8141e7000 	C:\WINDOWS\System32\OLEAUT32.dll
0x00007ff812e70000 - 0x00007ff81300f000 	C:\WINDOWS\System32\ole32.dll
0x00007ff812210000 - 0x00007ff81227c000 	C:\WINDOWS\System32\WINTRUST.dll
0x00007ff8126d0000 - 0x00007ff812836000 	C:\WINDOWS\System32\CRYPT32.dll
0x00007ff804690000 - 0x00007ff80469d000 	C:\Vivodo\Vivado\2019.1\lib\win64.o\libboost_chrono.dll
0x00007ffff77c0000 - 0x00007ffff77db000 	C:\Vivodo\Vivado\2019.1\lib\win64.o\libboost_iostreams.dll
0x00007ffff3290000 - 0x00007ffff32b5000 	C:\Vivodo\Vivado\2019.1\lib\win64.o\libisl_iosutils.dll
0x00007ffffc5f0000 - 0x00007ffffc619000 	C:\WINDOWS\SYSTEM32\srvcli.dll
0x00007ff810cd0000 - 0x00007ff810cdc000 	C:\WINDOWS\SYSTEM32\netutils.dll
0x00007ffffc620000 - 0x00007ffffc8dc000 	C:\WINDOWS\SYSTEM32\iertutil.dll
0x00007fffe2ad0000 - 0x00007fffe2b83000 	C:\WINDOWS\WinSxS\amd64_microsoft.windows.common-controls_6595b64144ccf1df_5.82.22621.608_none_fb280a3c7926c2cc\COMCTL32.dll
0x00007ff805d50000 - 0x00007ff805d6f000 	C:\WINDOWS\SYSTEM32\dhcpcsvc.DLL
0x00007ff814a10000 - 0x00007ff814a41000 	C:\WINDOWS\System32\IMM32.DLL
0x00007ff811a70000 - 0x00007ff811a82000 	C:\WINDOWS\SYSTEM32\MSASN1.dll
0x00007ff811340000 - 0x00007ff811358000 	C:\WINDOWS\SYSTEM32\kernel.appcore.dll
0x00007fff7b290000 - 0x00007fff7b7a7000 	C:\Vivodo\Vivado\2019.1\lib\win64.o\librdi_commontasks.dll
0x00007ff800ce0000 - 0x00007ff800cea000 	C:\WINDOWS\SYSTEM32\VERSION.dll
0x0000000054ba0000 - 0x00000000555c5000 	C:\Vivodo\Vivado\2019.1\tps\win64\jre9.0.4\bin\server\jvm.dll
0x00007fffa2000000 - 0x00007fffa2286000 	C:\Vivodo\Vivado\2019.1\lib\win64.o\librdi_sio.dll
0x00007ff8130e0000 - 0x00007ff8130e8000 	C:\WINDOWS\System32\PSAPI.DLL
0x00007ff810d50000 - 0x00007ff810d7d000 	C:\WINDOWS\SYSTEM32\IPHLPAPI.DLL
0x00007ff804c30000 - 0x00007ff804c64000 	C:\WINDOWS\SYSTEM32\WINMM.dll
0x00007fffe1330000 - 0x00007fffe141f000 	C:\WINDOWS\SYSTEM32\MSVCR120.dll
0x00007ff8117c0000 - 0x00007ff811829000 	C:\WINDOWS\SYSTEM32\MSWSOCK.DLL
0x00007ff810180000 - 0x00007ff810a72000 	C:\WINDOWS\SYSTEM32\windows.storage.dll
0x00007ff810040000 - 0x00007ff81017e000 	C:\WINDOWS\SYSTEM32\wintypes.dll
0x00007fff67c10000 - 0x00007fff6a0cc000 	C:\Vivodo\Vivado\2019.1\lib\win64.o\librdi_tcltasks.dll
0x00007fffaf150000 - 0x00007fffaf2e1000 	C:\Vivodo\Vivado\2019.1\lib\win64.o\librdi_board.dll
0x00007fff9aea0000 - 0x00007fff9b2a8000 	C:\Vivodo\Vivado\2019.1\lib\win64.o\librdi_bitstream.dll
0x00007fffc0d80000 - 0x00007fffc0e6b000 	C:\Vivodo\Vivado\2019.1\lib\win64.o\librdi_chipscope.dll
0x00007fffe9710000 - 0x00007fffe9788000 	C:\Vivodo\Vivado\2019.1\lib\win64.o\librdi_boarddep.dll
0x00007fff63090000 - 0x00007fff64a7a000 	C:\Vivodo\Vivado\2019.1\lib\win64.o\librdi_constraints.dll
0x00007fffac780000 - 0x00007fffac93d000 	C:\Vivodo\Vivado\2019.1\lib\win64.o\librdi_chipscopeimpl.dll
0x00007fffabb00000 - 0x00007fffabc56000 	C:\Vivodo\Vivado\2019.1\lib\win64.o\librdi_containers.dll
0x00007fff65670000 - 0x00007fff67521000 	C:\Vivodo\Vivado\2019.1\lib\win64.o\librdi_coregen.dll
0x00007fff4c5f0000 - 0x00007fff50633000 	C:\Vivodo\Vivado\2019.1\lib\win64.o\librdi_designutils.dll
0x00007fff67530000 - 0x00007fff67c0a000 	C:\Vivodo\Vivado\2019.1\lib\win64.o\librdi_coregenipxact.dll
0x00007fff50640000 - 0x00007fff62a6c000 	C:\Vivodo\Vivado\2019.1\lib\win64.o\librdi_device.dll
0x00007fffa0600000 - 0x00007fffa091e000 	C:\Vivodo\Vivado\2019.1\lib\win64.o\librdi_dlyest.dll
0x00007fff650d0000 - 0x00007fff6566a000 	C:\Vivodo\Vivado\2019.1\lib\win64.o\librdi_drc.dll
0x00007fffae760000 - 0x00007fffae824000 	C:\Vivodo\Vivado\2019.1\lib\win64.o\librdi_dsp.dll
0x00007fff64a80000 - 0x00007fff650cd000 	C:\Vivodo\Vivado\2019.1\lib\win64.o\librdi_filemgmt.dll
0x00007fff9bed0000 - 0x00007fff9c1b3000 	C:\Vivodo\Vivado\2019.1\lib\win64.o\librdi_guitools.dll
0x00007fffdd680000 - 0x00007fffdd6e5000 	C:\Vivodo\Vivado\2019.1\lib\win64.o\librdi_hdf.dll
0x00007fff48e90000 - 0x00007fff4a450000 	C:\Vivodo\Vivado\2019.1\lib\win64.o\librdi_implflow.dll
0x00007fff62a70000 - 0x00007fff63085000 	C:\Vivodo\Vivado\2019.1\lib\win64.o\librdi_memdata.dll
0x00007fff461a0000 - 0x00007fff48e86000 	C:\Vivodo\Vivado\2019.1\lib\win64.o\librdi_mig.dll
0x00007fffdbfe0000 - 0x00007fffdc053000 	C:\Vivodo\Vivado\2019.1\lib\win64.o\librdi_memoryarray.dll
0x00007fff4bf40000 - 0x00007fff4c5e2000 	C:\Vivodo\Vivado\2019.1\lib\win64.o\librdi_netlist.dll
0x00007fffee890000 - 0x00007fffee8db000 	C:\Vivodo\Vivado\2019.1\lib\win64.o\librdi_pfi.dll
0x00007fff43b20000 - 0x00007fff46196000 	C:\Vivodo\Vivado\2019.1\lib\win64.o\librdi_place.dll
0x00007fff7ea10000 - 0x00007fff7ed1f000 	C:\Vivodo\Vivado\2019.1\lib\win64.o\librdi_platform.dll
0x00007fff4b7f0000 - 0x00007fff4bf3a000 	C:\Vivodo\Vivado\2019.1\lib\win64.o\librdi_power.dll
0x00007fff4b270000 - 0x00007fff4b7ef000 	C:\Vivodo\Vivado\2019.1\lib\win64.o\librdi_project.dll
0x00007fff4ab60000 - 0x00007fff4b269000 	C:\Vivodo\Vivado\2019.1\lib\win64.o\librdi_psta.dll
0x00007fff79f20000 - 0x00007fff7a311000 	C:\Vivodo\Vivado\2019.1\lib\win64.o\librdi_runs.dll
0x00007fff4a450000 - 0x00007fff4ab56000 	C:\Vivodo\Vivado\2019.1\lib\win64.o\librdi_rsb.dll
0x00007fffae2d0000 - 0x00007fffae3ca000 	C:\Vivodo\Vivado\2019.1\lib\win64.o\librdi_runsbase.dll
0x00007fffa0a30000 - 0x00007fffa0c86000 	C:\Vivodo\Vivado\2019.1\lib\win64.o\librdi_simdata.dll
0x00007fff42d00000 - 0x00007fff43b11000 	C:\Vivodo\Vivado\2019.1\lib\win64.o\librdi_timing.dll
0x00007fffa90a0000 - 0x00007fffa9212000 	C:\Vivodo\Vivado\2019.1\lib\win64.o\librdi_advchipscopeimpl.dll
0x00007fffdd330000 - 0x00007fffdd37c000 	C:\Vivodo\Vivado\2019.1\lib\win64.o\libboost_serialization.dll
0x00007fffa5750000 - 0x00007fffa58ef000 	C:\Vivodo\Vivado\2019.1\lib\win64.o\librdi_hip_devdesign.dll
0x00007fffad790000 - 0x00007fffad852000 	C:\Vivodo\Vivado\2019.1\lib\win64.o\librdi_ipconfig_readwrite.dll
0x00007fffee310000 - 0x00007fffee353000 	C:\Vivodo\Vivado\2019.1\lib\win64.o\librdi_noc_frameworks.dll
0x00007fff41270000 - 0x00007fff41db7000 	C:\Vivodo\Vivado\2019.1\lib\win64.o\libverific.dll
0x00007fff42310000 - 0x00007fff426f5000 	C:\Vivodo\Vivado\2019.1\lib\win64.o\librdi_hip_config.dll
0x00007fff41dc0000 - 0x00007fff4230e000 	C:\Vivodo\Vivado\2019.1\lib\win64.o\librdi_xdm.dll
0x00007fffc63d0000 - 0x00007fffc646e000 	C:\Vivodo\Vivado\2019.1\lib\win64.o\libise.dll
0x00007fff42700000 - 0x00007fff42cfc000 	C:\Vivodo\Vivado\2019.1\lib\win64.o\librdi_wavedata.dll
0x00007ffff3120000 - 0x00007ffff3160000 	C:\Vivodo\Vivado\2019.1\lib\win64.o\librdi_wavedata_SimpleApi.dll
0x00007fff3f360000 - 0x00007fff404ed000 	C:\Vivodo\Vivado\2019.1\lib\win64.o\librdi_route.dll
0x00007fffe9d20000 - 0x00007fffe9d5f000 	C:\Vivodo\Vivado\2019.1\lib\win64.o\librdi_schedmon.dll
0x00007fff3bd60000 - 0x00007fff3dd2d000 	C:\Vivodo\Vivado\2019.1\lib\win64.o\librdi_synth.dll

VM Arguments:
jvm_args: -Dsun.java2d.pmoffscreen=false -Dsun.java2d.xrender=false -Dsun.java2d.d3d=false -Dsun.awt.nopixfmt=true -Dsun.java2d.dpiaware=true -Dsun.java2d.uiScale.enabled=false -Xverify:none -Dswing.aatext=true -XX:-UsePerfData -Djdk.map.althashing.threshold=512 -XX:StringTableSize=4072 --add-opens=java.base/java.nio=ALL-UNNAMED --add-opens=java.desktop/sun.swing=ALL-UNNAMED --add-opens=java.desktop/javax.swing=ALL-UNNAMED --add-opens=java.desktop/javax.swing.tree=ALL-UNNAMED --add-opens=java.desktop/javax.swing.plaf.basic=ALL-UNNAMED --add-opens=java.desktop/javax.swing.plaf.synth=ALL-UNNAMED --add-opens=java.desktop/com.sun.awt=ALL-UNNAMED -XX:NewSize=60m -XX:MaxNewSize=60m -Xms128m -Xmx3072m -Xss5m 
java_command: <unknown>
java_class_path (initial): C:/Vivodo/Vivado/2019.1\lib\classes\alloy.jar;C:/Vivodo/Vivado/2019.1\lib\classes\autopilot.scelaborator.jar;C:/Vivodo/Vivado/2019.1\lib\classes\autopilot.sourceprocessor.jar;C:/Vivodo/Vivado/2019.1\lib\classes\autopilot.tbprocessor.jar;C:/Vivodo/Vivado/2019.1\lib\classes\batik-anim.jar;C:/Vivodo/Vivado/2019.1\lib\classes\batik-awt-util.jar;C:/Vivodo/Vivado/2019.1\lib\classes\batik-bridge.jar;C:/Vivodo/Vivado/2019.1\lib\classes\batik-codec.jar;C:/Vivodo/Vivado/2019.1\lib\classes\batik-css.jar;C:/Vivodo/Vivado/2019.1\lib\classes\batik-dom.jar;C:/Vivodo/Vivado/2019.1\lib\classes\batik-ext.jar;C:/Vivodo/Vivado/2019.1\lib\classes\batik-gui-util.jar;C:/Vivodo/Vivado/2019.1\lib\classes\batik-gvt.jar;C:/Vivodo/Vivado/2019.1\lib\classes\batik-parser.jar;C:/Vivodo/Vivado/2019.1\lib\classes\batik-script.jar;C:/Vivodo/Vivado/2019.1\lib\classes\batik-svg-dom.jar;C:/Vivodo/Vivado/2019.1\lib\classes\batik-swing.jar;C:/Vivodo/Vivado/2019.1\lib\classes\batik-transcoder.jar;C:/Vivodo/Vivado/2019.1\lib\classes\batik-util.jar;C:/Vivodo/Vivado/2019.1\lib\classes\batik-xml.jar;C:/Vivodo/Vivado/2019.1\lib\classes\com.google.gson_2.7.0.v20170129-0911.jar;C:/Vivodo/Vivado/2019.1\lib\classes\com.google.guava_21.0.0.v20170206-1425.jar;C:/Vivodo/Vivado/2019.1\lib\classes\com.google.inject_3.0.0.v201605172100.jar;C:/Vivodo/Vivado/2019.1\lib\classes\com.ibm.icu_4.4.2.v20110208.jar;C:/Vivodo/Vivado/2019.1\lib\classes\com.sigasi.hdt.annotations.runtime_4.3.0.201903071210.jar;C:/Vivodo/Vivado/2019.1\lib\classes\com.sigasi.hdt.blockdiagram.model_4.3.0.201903071210.jar;C:/Vivodo/Vivado/2019.1\lib\classes\com.sigasi.hdt.connection_4.3.0.201903071210.jar;C:/Vivodo/Vivado/2019.1\lib\classes\com.sigasi.hdt.dependencies.model_4.3.0.201903071210.jar;C:/Vivodo/Vivado/2019.1\lib\classes\com.sigasi.hdt.epl_4.3.0.201903071210.jar;C:/Vivodo/Vivado/2019.1\lib\classes\com.sigasi.hdt.graphics.model_4.3.0.201903071210.jar;C:/Vivodo/Vivado/2019.1\lib\classes\com.sigasi.hdt.project_4.3.0
Launcher Type: generic

Logging:
Log output configuration:
#0: stdout all=warning uptime,level,tags
#1: stderr all=off uptime,level,tags

Environment Variables:
PATH=C:/Vivodo/Vivado/2019.1/bin;C:/Vivodo/Vivado/2019.1/lib/win64.o;C:/Vivodo/Vivado/2019.1/tps/win64/jre9.0.4/bin/server;C:/Vivodo/Vivado/2019.1/tps/win64/jre9.0.4/bin;C:/Vivodo/SDK/2019.1/bin;C:/Vivodo/Vivado/2019.1/ids_lite/ISE/bin/nt64;C:/Vivodo/Vivado/2019.1/ids_lite/ISE/lib/nt64;D:\VMware\VMware Workstation\bin\;C:\Windows\System32\HWAudioDriverLibs;C:\Windows\system32;C:\Windows;C:\Windows\System32\Wbem;C:\Windows\System32\WindowsPowerShell\v1.0\;C:\Windows\System32\OpenSSH\;C:\Windows\system32\config\systemprofile\AppData\Local\Microsoft\WindowsApps;C:\Program Files\Bandizip\;C:\Program Files\Microsoft SQL Server\130\Tools\Binn\;C:\Program Files\MATLAB\R2022b\bin;D:\Ctags;C:\Users\VAMPIRE\AppData\Local\Programs\Python\Python311\Scripts\;C:\Users\VAMPIRE\AppData\Local\Programs\Python\Python311\;C:\Users\VAMPIRE\AppData\Local\Microsoft\WindowsApps;C:\Program Files (x86)\Dev-Cpp\MinGW64\bin;C:\Users\VAMPIRE\AppData\Roaming\pandoc;C:\Users\VAMPIRE\AppData\Local\Programs\Microsoft VS Code\bin;;D:\iverilog\bin;D:\iverilog\gtkwave\bin;C:/Vivodo/Vivado/2019.1\tps\mingw\6.2.0\win64.o\nt\bin;C:/Vivodo/Vivado/2019.1\tps\mingw\6.2.0\win64.o\nt\libexec\gcc\x86_64-w64-mingw32\6.2.0;C:/Vivodo/Vivado/2019.1\tps\win64\python-2.7.5;C:/Vivodo/Vivado/2019.1\tps\win64\python-2.7.5\lib;C:/Vivodo/Vivado/2019.1\tps\win64\python-2.7.5\Lib\lib-tk;C:/Vivodo/Vivado/2019.1\tps\win64\python-2.7.5\lib\site-packages
USERNAME=VAMPIRE
OS=Windows_NT
PROCESSOR_IDENTIFIER=Intel64 Family 6 Model 140 Stepping 1, GenuineIntel



---------------  S Y S T E M  ---------------

OS: Windows 10 , 64 bit Build 22621 (10.0.22621.2428)

CPU:total 8 (initial active 8) (4 cores per cpu, 2 threads per core) family 6 model 140 stepping 1, cmov, cx8, fxsr, mmx, sse, sse2, sse3, ssse3, sse4.1, sse4.2, popcnt, avx, avx2, aes, clmul, erms, 3dnowpref, lzcnt, ht, tsc, tscinvbit, bmi1, bmi2, adx, sha, fma

Memory: 4k page, physical 16555320k(4632876k free), swap 16555320k(82304k free)

vm_info: Java HotSpot(TM) 64-Bit Server VM (9.0.4+11) for windows-amd64 JRE (9.0.4+11), built on Dec 20 2017 02:18:54 by "mach5one" with MS VC++ 12.0 (VS2013)

END.
