#
# There is insufficient memory for the Java Runtime Environment to continue.
# Native memory allocation (malloc) failed to allocate 1049616 bytes for Chunk::new
# Possible reasons:
#   The system is out of physical RAM or swap space
#   The process is running with CompressedOops enabled, and the Java Heap may be blocking the growth of the native heap
# Possible solutions:
#   Reduce memory load on the system
#   Increase physical memory or swap space
#   Check if swap backing store is full
#   Decrease Java heap size (-Xmx/-Xms)
#   Decrease number of Java threads
#   Decrease Java thread stack sizes (-Xss)
#   Set larger code cache with -XX:ReservedCodeCacheSize=
#   JVM is running with Zero Based Compressed Oops mode in which the Java heap is
#     placed in the first 32GB address space. The Java Heap base address is the
#     maximum limit for the native heap growth. Please use -XX:HeapBaseMinAddress
#     to set the Java Heap base and to place the Java Heap above 32GB virtual address.
# This output file may be truncated or incomplete.
#
#  Out of Memory Error (t:/workspace/hotspot/src/share/vm/memory/allocation.cpp:372), pid=18676, tid=22168
#
# JRE version: Java(TM) SE Runtime Environment (9.0+11) (build 9.0.4+11)
# Java VM: Java HotSpot(TM) 64-Bit Server VM (9.0.4+11, mixed mode, tiered, compressed oops, g1 gc, windows-amd64)
# No core dump will be written. Minidumps are not enabled by default on client versions of Windows
#

---------------  S U M M A R Y ------------

Command Line: -Dsun.java2d.pmoffscreen=false -Dsun.java2d.xrender=false -Dsun.java2d.d3d=false -Dsun.awt.nopixfmt=true -Dsun.java2d.dpiaware=true -Dsun.java2d.uiScale.enabled=false -Xverify:none -Dswing.aatext=true -XX:-UsePerfData -Djdk.map.althashing.threshold=512 -XX:StringTableSize=4072 --add-opens=java.base/java.nio=ALL-UNNAMED --add-opens=java.desktop/sun.swing=ALL-UNNAMED --add-opens=java.desktop/javax.swing=ALL-UNNAMED --add-opens=java.desktop/javax.swing.tree=ALL-UNNAMED --add-opens=java.desktop/javax.swing.plaf.basic=ALL-UNNAMED --add-opens=java.desktop/javax.swing.plaf.synth=ALL-UNNAMED --add-opens=java.desktop/com.sun.awt=ALL-UNNAMED -XX:NewSize=60m -XX:MaxNewSize=60m -Xms128m -Xmx3072m -Xss5m 

Host: 11th Gen Intel(R) Core(TM) i7-11370H @ 3.30GHz, 8 cores, 15G,  Windows 10 , 64 bit Build 22621 (10.0.22621.2428)
Time: Thu Nov 16 20:45:16 2023 ?D1¨²¡À¨º¡Á?¨º¡À?? elapsed time: 3 seconds (0d 0h 0m 3s)

---------------  T H R E A D  ---------------

Current thread (0x000002165bf62000):  JavaThread "C2 CompilerThread2" daemon [_thread_in_native, id=22168, stack(0x00000026b9b00000,0x00000026b9c00000)]


Current CompileTask:
C2:   3337 3758   !   4       com.sun.org.apache.xerces.internal.impl.XMLDocumentFragmentScannerImpl$FragmentContentDriver::next (2279 bytes)

Stack: [0x00000026b9b00000,0x00000026b9c00000]
Native frames: (J=compiled Java code, j=interpreted, Vv=VM code, C=native code)
V  [jvm.dll+0x587068]

[error occurred during error reporting (printing native stack), id 0xe0000001]


---------------  P R O C E S S  ---------------

Java Threads: ( => current thread )
  0x000002165bf88000 JavaThread "SyntheticaCleanerThread" daemon [_thread_blocked, id=25468, stack(0x00000026bda00000,0x00000026bdf00000)]
  0x000002165bf89000 JavaThread "Image Fetcher 3" daemon [_thread_blocked, id=24592, stack(0x00000026bd500000,0x00000026bda00000)]
  0x000002165bf85000 JavaThread "Batik CleanerThread" daemon [_thread_blocked, id=19672, stack(0x00000026bc600000,0x00000026bcb00000)]
  0x000002165f043000 JavaThread "AWT-EventQueue-1" [_thread_blocked, id=22436, stack(0x00000026bd000000,0x00000026bd500000)]
  0x000002165f1dd000 JavaThread "Process Messages" [_thread_blocked, id=15528, stack(0x00000026bcb00000,0x00000026bd000000)]
  0x000002165f1db800 JavaThread "Thread-1" [_thread_blocked, id=1928, stack(0x00000026b5900000,0x00000026b6d00000)]
  0x000002160563a000 JavaThread "Thread-0" daemon [_thread_blocked, id=24212, stack(0x00000026bc100000,0x00000026bc600000)]
  0x000002165f0ea000 JavaThread "TimerQueue" daemon [_thread_blocked, id=20404, stack(0x00000026bbc00000,0x00000026bc100000)]
  0x000002165edec800 JavaThread "AWT-Windows" daemon [_thread_in_native, id=2476, stack(0x00000026bb700000,0x00000026bbc00000)]
  0x000002165eb34800 JavaThread "AWT-Shutdown" [_thread_blocked, id=25960, stack(0x00000026bb200000,0x00000026bb700000)]
  0x0000021663ce4800 JavaThread "Java2D Disposer" daemon [_thread_blocked, id=10344, stack(0x00000026bad00000,0x00000026bb200000)]
  0x00000216650ab800 JavaThread "Service Thread" daemon [_thread_blocked, id=10236, stack(0x00000026ba700000,0x00000026bac00000)]
  0x000002165bf9e800 JavaThread "Common-Cleaner" daemon [_thread_blocked, id=18680, stack(0x00000026ba200000,0x00000026ba700000)]
  0x000002165bf89800 JavaThread "Sweeper thread" daemon [_thread_blocked, id=21768, stack(0x00000026b9d00000,0x00000026ba200000)]
  0x000002165bf83000 JavaThread "C1 CompilerThread3" daemon [_thread_blocked, id=27312, stack(0x00000026b9c00000,0x00000026b9d00000)]
=>0x000002165bf62000 JavaThread "C2 CompilerThread2" daemon [_thread_in_native, id=22168, stack(0x00000026b9b00000,0x00000026b9c00000)]
  0x000002165bf61000 JavaThread "C2 CompilerThread1" daemon [_thread_blocked, id=26244, stack(0x00000026b9a00000,0x00000026b9b00000)]
  0x000002165bf60800 JavaThread "C2 CompilerThread0" daemon [_thread_blocked, id=14600, stack(0x00000026b9900000,0x00000026b9a00000)]
  0x0000021661c9c000 JavaThread "Attach Listener" daemon [_thread_blocked, id=26000, stack(0x00000026b9400000,0x00000026b9900000)]
  0x00000216570be800 JavaThread "Signal Dispatcher" daemon [_thread_blocked, id=13172, stack(0x00000026b8f00000,0x00000026b9400000)]
  0x0000021661c98800 JavaThread "Finalizer" daemon [_thread_blocked, id=26524, stack(0x00000026b8a00000,0x00000026b8f00000)]
  0x0000021661c93000 JavaThread "Reference Handler" daemon [_thread_blocked, id=1292, stack(0x00000026b8500000,0x00000026b8a00000)]
  0x0000021661f8c000 JavaThread "main" [_thread_blocked, id=10640, stack(0x00000026b5800000,0x00000026b5900000)]

Other Threads:
  0x000002165bc46000 VMThread "VM Thread" [stack: 0x00000026b8400000,0x00000026b8500000] [id=21836]
  0x0000021664e36800 WatcherThread [stack: 0x00000026bac00000,0x00000026bad00000] [id=16888]
  0x00000216638ff000 GCTaskThread "GC Thread#0" [stack: 0x00000026b7000000,0x00000026b7100000] [id=5920]
  0x0000021663900000 GCTaskThread "GC Thread#1" [stack: 0x00000026b7100000,0x00000026b7200000] [id=20532]
  0x0000021663902000 GCTaskThread "GC Thread#2" [stack: 0x00000026b7200000,0x00000026b7300000] [id=9976]
  0x0000021663901800 GCTaskThread "GC Thread#3" [stack: 0x00000026b7300000,0x00000026b7400000] [id=7852]
  0x00000216638fd000 GCTaskThread "GC Thread#4" [stack: 0x00000026b7400000,0x00000026b7500000] [id=13908]
  0x00000216638fe000 GCTaskThread "GC Thread#5" [stack: 0x00000026b7500000,0x00000026b7600000] [id=16928]
  0x0000021663902800 GCTaskThread "GC Thread#6" [stack: 0x00000026b7600000,0x00000026b7700000] [id=27200]
  0x0000021663900800 GCTaskThread "GC Thread#7" [stack: 0x00000026b7700000,0x00000026b7800000] [id=5672]
  0x000002166330f000 ConcurrentGCThread "G1 Main Marker" [stack: 0x00000026b8100000,0x00000026b8200000] [id=1444]
  0x00000216638fd800 ConcurrentGCThread "G1 Marker#0" [stack: 0x00000026b8200000,0x00000026b8300000] [id=26536]
  0x00000216638ff800 ConcurrentGCThread "G1 Marker#1" [stack: 0x00000026b8300000,0x00000026b8400000] [id=27588]
  0x0000021661304800 ConcurrentGCThread "G1 Refine#0" [stack: 0x00000026b7f00000,0x00000026b8000000] [id=26280]
  0x0000021661306800 ConcurrentGCThread "G1 Refine#1" [stack: 0x00000026b7e00000,0x00000026b7f00000] [id=15076]
  0x0000021661308800 ConcurrentGCThread "G1 Refine#2" [stack: 0x00000026b7d00000,0x00000026b7e00000] [id=25492]
  0x0000021661308000 ConcurrentGCThread "G1 Refine#3" [stack: 0x00000026b7c00000,0x00000026b7d00000] [id=23948]
  0x0000021661302800 ConcurrentGCThread "G1 Refine#4" [stack: 0x00000026b7b00000,0x00000026b7c00000] [id=7604]
  0x0000021660ad2800 ConcurrentGCThread "G1 Refine#5" [stack: 0x00000026b7a00000,0x00000026b7b00000] [id=14520]
  0x00000216607d8800 ConcurrentGCThread "G1 Refine#6" [stack: 0x00000026b7900000,0x00000026b7a00000] [id=18672]
  0x00000216640e2800 ConcurrentGCThread "G1 Refine#7" [stack: 0x00000026b7800000,0x00000026b7900000] [id=21268]
  0x0000021663943800 ConcurrentGCThread "G1 Young RemSet Sampling" [stack: 0x00000026b8000000,0x00000026b8100000] [id=14720]

Threads with active compile tasks:
C2 CompilerThread23758   !   4       com.sun.org.apache.xerces.internal.impl.XMLDocumentFragmentScannerImpl$FragmentContentDriver::next (2279 bytes)
C2 CompilerThread13787   !   4       jdk.internal.loader.BuiltinClassLoader::findResource (154 bytes)

VM state:at safepoint (normal execution)

VM Mutex/Monitor currently owned by a thread:  ([mutex/lock_event])
[0x00000216640da040] Threads_lock - owner thread: 0x000002165bc46000
[0x00000216640d9980] Heap_lock - owner thread: 0x000002165f043000

Heap address: 0x0000000700000000, size: 3072 MB, Compressed Oops mode: Zero based, Oop shift amount: 3
Narrow klass base: 0x0000000000000000, Narrow klass shift: 3
Compressed class space size: 1073741824 Address: 0x00000007c0000000

Heap:
 garbage-first heap   total 131072K, used 37397K [0x0000000700000000, 0x0000000700100400, 0x00000007c0000000)
  region size 1024K, 2 young (2048K), 1 survivors (1024K)
 Metaspace       used 27837K, capacity 29118K, committed 29488K, reserved 1083392K
  class space    used 3093K, capacity 3360K, committed 3376K, reserved 1048576K
Heap Regions: E=young(eden), S=young(survivor), O=old, HS=humongous(starts), HC=humongous(continues), CS=collection set, F=free, A=archive, TS=gc time stamp, AC=allocation context, TAMS=top-at-mark-start (previous, next)
|   0|0x0000000700000000, 0x0000000700100000, 0x0000000700100000|100%| O|  |TS  0|AC  0|TAMS 0x0000000700100000, 0x0000000700100000|
|   1|0x0000000700100000, 0x0000000700200000, 0x0000000700200000|100%|HS|  |TS  0|AC  0|TAMS 0x0000000700200000, 0x0000000700200000|
|   2|0x0000000700200000, 0x0000000700300000, 0x0000000700300000|100%|HC|  |TS  0|AC  0|TAMS 0x0000000700300000, 0x0000000700300000|
|   3|0x0000000700300000, 0x0000000700400000, 0x0000000700400000|100%|HS|  |TS  0|AC  0|TAMS 0x0000000700400000, 0x0000000700400000|
|   4|0x0000000700400000, 0x0000000700500000, 0x0000000700500000|100%| O|  |TS  0|AC  0|TAMS 0x0000000700500000, 0x0000000700500000|
|   5|0x0000000700500000, 0x0000000700600000, 0x0000000700600000|100%| O|  |TS  0|AC  0|TAMS 0x0000000700600000, 0x0000000700600000|
|   6|0x0000000700600000, 0x0000000700700000, 0x0000000700700000|100%| O|  |TS  0|AC  0|TAMS 0x0000000700700000, 0x0000000700700000|
|   7|0x0000000700700000, 0x0000000700800000, 0x0000000700800000|100%| O|  |TS  0|AC  0|TAMS 0x0000000700800000, 0x0000000700800000|
|   8|0x0000000700800000, 0x0000000700900000, 0x0000000700900000|100%| O|  |TS  0|AC  0|TAMS 0x0000000700900000, 0x0000000700900000|
|   9|0x0000000700900000, 0x0000000700a00000, 0x0000000700a00000|100%| O|  |TS  0|AC  0|TAMS 0x0000000700a00000, 0x0000000700a00000|
|  10|0x0000000700a00000, 0x0000000700b00000, 0x0000000700b00000|100%| O|  |TS  0|AC  0|TAMS 0x0000000700b00000, 0x0000000700b00000|
|  11|0x0000000700b00000, 0x0000000700c00000, 0x0000000700c00000|100%|HS|  |TS  0|AC  0|TAMS 0x0000000700b00000, 0x0000000700c00000|
|  12|0x0000000700c00000, 0x0000000700d00000, 0x0000000700d00000|100%|HC|  |TS  0|AC  0|TAMS 0x0000000700c00000, 0x0000000700d00000|
|  13|0x0000000700d00000, 0x0000000700e00000, 0x0000000700e00000|100%| O|  |TS  0|AC  0|TAMS 0x0000000700e00000, 0x0000000700e00000|
|  14|0x0000000700e00000, 0x0000000700f00000, 0x0000000700f00000|100%| O|  |TS  0|AC  0|TAMS 0x0000000700f00000, 0x0000000700f00000|
|  15|0x0000000700f00000, 0x0000000701000000, 0x0000000701000000|100%| O|  |TS  0|AC  0|TAMS 0x0000000701000000, 0x0000000701000000|
|  16|0x0000000701000000, 0x0000000701100000, 0x0000000701100000|100%| O|  |TS  0|AC  0|TAMS 0x0000000701100000, 0x0000000701100000|
|  17|0x0000000701100000, 0x0000000701200000, 0x0000000701200000|100%| O|  |TS  0|AC  0|TAMS 0x0000000701200000, 0x0000000701200000|
|  18|0x0000000701200000, 0x0000000701300000, 0x0000000701300000|100%| O|  |TS  0|AC  0|TAMS 0x0000000701300000, 0x0000000701300000|
|  19|0x0000000701300000, 0x0000000701400000, 0x0000000701400000|100%| O|  |TS  0|AC  0|TAMS 0x0000000701400000, 0x0000000701400000|
|  20|0x0000000701400000, 0x0000000701500000, 0x0000000701500000|100%| O|  |TS  1|AC  0|TAMS 0x000000070147b600, 0x0000000701500000|
|  21|0x0000000701500000, 0x0000000701500000, 0x0000000701600000|  0%| F|  |TS  3|AC  0|TAMS 0x0000000701500000, 0x0000000701500000|
|  22|0x0000000701600000, 0x0000000701600000, 0x0000000701700000|  0%| F|  |TS  3|AC  0|TAMS 0x0000000701600000, 0x0000000701600000|
|  23|0x0000000701700000, 0x0000000701700000, 0x0000000701800000|  0%| F|  |TS  3|AC  0|TAMS 0x0000000701700000, 0x0000000701700000|
|  24|0x0000000701800000, 0x0000000701800000, 0x0000000701900000|  0%| F|  |TS  3|AC  0|TAMS 0x0000000701800000, 0x0000000701800000|
|  25|0x0000000701900000, 0x0000000701a00000, 0x0000000701a00000|100%|HS|  |TS  0|AC  0|TAMS 0x0000000701900000, 0x0000000701a00000|
|  26|0x0000000701a00000, 0x0000000701b00000, 0x0000000701b00000|100%|HC|  |TS  0|AC  0|TAMS 0x0000000701a00000, 0x0000000701b00000|
|  27|0x0000000701b00000, 0x0000000701c00000, 0x0000000701c00000|100%| O|  |TS  3|AC  0|TAMS 0x0000000701b00000, 0x0000000701c00000|
|  28|0x0000000701c00000, 0x0000000701d00000, 0x0000000701d00000|100%| O|  |TS  1|AC  0|TAMS 0x0000000701c00000, 0x0000000701d00000|
|  29|0x0000000701d00000, 0x0000000701e00000, 0x0000000701e00000|100%| O|  |TS  1|AC  0|TAMS 0x0000000701d00000, 0x0000000701e00000|
|  30|0x0000000701e00000, 0x0000000701f00000, 0x0000000701f00000|100%| O|  |TS  1|AC  0|TAMS 0x0000000701e00000, 0x0000000701f00000|
|  31|0x0000000701f00000, 0x0000000702000000, 0x0000000702000000|100%| O|  |TS  1|AC  0|TAMS 0x0000000701f00000, 0x0000000702000000|
|  32|0x0000000702000000, 0x0000000702100000, 0x0000000702100000|100%| O|  |TS  3|AC  0|TAMS 0x0000000702000000, 0x0000000702100000|
|  33|0x0000000702100000, 0x0000000702200000, 0x0000000702200000|100%| O|  |TS  3|AC  0|TAMS 0x0000000702100000, 0x0000000702200000|
|  34|0x0000000702200000, 0x0000000702300000, 0x0000000702300000|100%| O|  |TS  3|AC  0|TAMS 0x0000000702200000, 0x0000000702300000|
|  35|0x0000000702300000, 0x0000000702400000, 0x0000000702400000|100%| O|  |TS  3|AC  0|TAMS 0x0000000702300000, 0x0000000702400000|
|  36|0x0000000702400000, 0x0000000702500000, 0x0000000702500000|100%| O|  |TS  3|AC  0|TAMS 0x0000000702400000, 0x0000000702500000|
|  37|0x0000000702500000, 0x0000000702600000, 0x0000000702600000|100%| O|  |TS  3|AC  0|TAMS 0x0000000702500000, 0x0000000702600000|
|  38|0x0000000702600000, 0x00000007026f5800, 0x0000000702700000| 95%| O|  |TS  7|AC  0|TAMS 0x0000000702600000, 0x00000007026f5800|
|  39|0x0000000702700000, 0x0000000702700000, 0x0000000702800000|  0%| F|  |TS  0|AC  0|TAMS 0x0000000702700000, 0x0000000702700000|
|  40|0x0000000702800000, 0x0000000702800000, 0x0000000702900000|  0%| F|  |TS  0|AC  0|TAMS 0x0000000702800000, 0x0000000702800000|
|  41|0x0000000702900000, 0x0000000702900000, 0x0000000702a00000|  0%| F|  |TS  0|AC  0|TAMS 0x0000000702900000, 0x0000000702900000|
|  42|0x0000000702a00000, 0x0000000702a00000, 0x0000000702b00000|  0%| F|  |TS  0|AC  0|TAMS 0x0000000702a00000, 0x0000000702a00000|
|  43|0x0000000702b00000, 0x0000000702b00000, 0x0000000702c00000|  0%| F|  |TS  0|AC  0|TAMS 0x0000000702b00000, 0x0000000702b00000|
|  44|0x0000000702c00000, 0x0000000702c00000, 0x0000000702d00000|  0%| F|  |TS  0|AC  0|TAMS 0x0000000702c00000, 0x0000000702c00000|
|  45|0x0000000702d00000, 0x0000000702d00000, 0x0000000702e00000|  0%| F|  |TS  0|AC  0|TAMS 0x0000000702d00000, 0x0000000702d00000|
|  46|0x0000000702e00000, 0x0000000702e00000, 0x0000000702f00000|  0%| F|  |TS  0|AC  0|TAMS 0x0000000702e00000, 0x0000000702e00000|
|  47|0x0000000702f00000, 0x0000000702f00000, 0x0000000703000000|  0%| F|  |TS  0|AC  0|TAMS 0x0000000702f00000, 0x0000000702f00000|
|  48|0x0000000703000000, 0x0000000703000000, 0x0000000703100000|  0%| F|  |TS  0|AC  0|TAMS 0x0000000703000000, 0x0000000703000000|
|  49|0x0000000703100000, 0x0000000703100000, 0x0000000703200000|  0%| F|  |TS  0|AC  0|TAMS 0x0000000703100000, 0x0000000703100000|
|  50|0x0000000703200000, 0x0000000703200000, 0x0000000703300000|  0%| F|  |TS  0|AC  0|TAMS 0x0000000703200000, 0x0000000703200000|
|  51|0x0000000703300000, 0x0000000703300000, 0x0000000703400000|  0%| F|  |TS  0|AC  0|TAMS 0x0000000703300000, 0x0000000703300000|
|  52|0x0000000703400000, 0x0000000703400000, 0x0000000703500000|  0%| F|  |TS  0|AC  0|TAMS 0x0000000703400000, 0x0000000703400000|
|  53|0x0000000703500000, 0x0000000703500000, 0x0000000703600000|  0%| F|  |TS  0|AC  0|TAMS 0x0000000703500000, 0x0000000703500000|
|  54|0x0000000703600000, 0x0000000703600000, 0x0000000703700000|  0%| F|  |TS  0|AC  0|TAMS 0x0000000703600000, 0x0000000703600000|
|  55|0x0000000703700000, 0x0000000703700000, 0x0000000703800000|  0%| F|  |TS  0|AC  0|TAMS 0x0000000703700000, 0x0000000703700000|
|  56|0x0000000703800000, 0x0000000703800000, 0x0000000703900000|  0%| F|  |TS  0|AC  0|TAMS 0x0000000703800000, 0x0000000703800000|
|  57|0x0000000703900000, 0x0000000703900000, 0x0000000703a00000|  0%| F|  |TS  0|AC  0|TAMS 0x0000000703900000, 0x0000000703900000|
|  58|0x0000000703a00000, 0x0000000703a00000, 0x0000000703b00000|  0%| F|  |TS  0|AC  0|TAMS 0x0000000703a00000, 0x0000000703a00000|
|  59|0x0000000703b00000, 0x0000000703b00000, 0x0000000703c00000|  0%| F|  |TS  0|AC  0|TAMS 0x0000000703b00000, 0x0000000703b00000|
|  60|0x0000000703c00000, 0x0000000703c00000, 0x0000000703d00000|  0%| F|  |TS  3|AC  0|TAMS 0x0000000703c00000, 0x0000000703c00000|
|  61|0x0000000703d00000, 0x0000000703d00000, 0x0000000703e00000|  0%| F|  |TS  3|AC  0|TAMS 0x0000000703d00000, 0x0000000703d00000|
|  62|0x0000000703e00000, 0x0000000703e00000, 0x0000000703f00000|  0%| F|  |TS  3|AC  0|TAMS 0x0000000703e00000, 0x0000000703e00000|
|  63|0x0000000703f00000, 0x0000000703f00000, 0x0000000704000000|  0%| F|  |TS  3|AC  0|TAMS 0x0000000703f00000, 0x0000000703f00000|
|  64|0x0000000704000000, 0x0000000704000000, 0x0000000704100000|  0%| F|  |TS  3|AC  0|TAMS 0x0000000704000000, 0x0000000704000000|
|  65|0x0000000704100000, 0x0000000704100000, 0x0000000704200000|  0%| F|  |TS  3|AC  0|TAMS 0x0000000704100000, 0x0000000704100000|
|  66|0x0000000704200000, 0x0000000704200000, 0x0000000704300000|  0%| F|  |TS  3|AC  0|TAMS 0x0000000704200000, 0x0000000704200000|
|  67|0x0000000704300000, 0x0000000704300000, 0x0000000704400000|  0%| F|  |TS  7|AC  0|TAMS 0x0000000704300000, 0x0000000704300000|
|  68|0x0000000704400000, 0x0000000704400000, 0x0000000704500000|  0%| F|  |TS  5|AC  0|TAMS 0x0000000704400000, 0x0000000704400000|
|  69|0x0000000704500000, 0x0000000704500000, 0x0000000704600000|  0%| F|  |TS  5|AC  0|TAMS 0x0000000704500000, 0x0000000704500000|
|  70|0x0000000704600000, 0x0000000704600000, 0x0000000704700000|  0%| F|  |TS  5|AC  0|TAMS 0x0000000704600000, 0x0000000704600000|
|  71|0x0000000704700000, 0x0000000704700000, 0x0000000704800000|  0%| F|  |TS  5|AC  0|TAMS 0x0000000704700000, 0x0000000704700000|
|  72|0x0000000704800000, 0x0000000704800000, 0x0000000704900000|  0%| F|  |TS  5|AC  0|TAMS 0x0000000704800000, 0x0000000704800000|
|  73|0x0000000704900000, 0x0000000704900000, 0x0000000704a00000|  0%| F|  |TS  5|AC  0|TAMS 0x0000000704900000, 0x0000000704900000|
|  74|0x0000000704a00000, 0x0000000704a00000, 0x0000000704b00000|  0%| F|  |TS  5|AC  0|TAMS 0x0000000704a00000, 0x0000000704a00000|
|  75|0x0000000704b00000, 0x0000000704b00000, 0x0000000704c00000|  0%| F|  |TS  5|AC  0|TAMS 0x0000000704b00000, 0x0000000704b00000|
|  76|0x0000000704c00000, 0x0000000704c00000, 0x0000000704d00000|  0%| F|  |TS  5|AC  0|TAMS 0x0000000704c00000, 0x0000000704c00000|
|  77|0x0000000704d00000, 0x0000000704d00000, 0x0000000704e00000|  0%| F|  |TS  5|AC  0|TAMS 0x0000000704d00000, 0x0000000704d00000|
|  78|0x0000000704e00000, 0x0000000704e00000, 0x0000000704f00000|  0%| F|  |TS  5|AC  0|TAMS 0x0000000704e00000, 0x0000000704e00000|
|  79|0x0000000704f00000, 0x0000000704f00000, 0x0000000705000000|  0%| F|  |TS  5|AC  0|TAMS 0x0000000704f00000, 0x0000000704f00000|
|  80|0x0000000705000000, 0x0000000705000000, 0x0000000705100000|  0%| F|  |TS  5|AC  0|TAMS 0x0000000705000000, 0x0000000705000000|
|  81|0x0000000705100000, 0x0000000705100000, 0x0000000705200000|  0%| F|  |TS  5|AC  0|TAMS 0x0000000705100000, 0x0000000705100000|
|  82|0x0000000705200000, 0x0000000705200000, 0x0000000705300000|  0%| F|  |TS  5|AC  0|TAMS 0x0000000705200000, 0x0000000705200000|
|  83|0x0000000705300000, 0x0000000705300000, 0x0000000705400000|  0%| F|  |TS  5|AC  0|TAMS 0x0000000705300000, 0x0000000705300000|
|  84|0x0000000705400000, 0x0000000705400000, 0x0000000705500000|  0%| F|  |TS  5|AC  0|TAMS 0x0000000705400000, 0x0000000705400000|
|  85|0x0000000705500000, 0x0000000705500000, 0x0000000705600000|  0%| F|  |TS  5|AC  0|TAMS 0x0000000705500000, 0x0000000705500000|
|  86|0x0000000705600000, 0x0000000705600000, 0x0000000705700000|  0%| F|  |TS  5|AC  0|TAMS 0x0000000705600000, 0x0000000705600000|
|  87|0x0000000705700000, 0x0000000705700000, 0x0000000705800000|  0%| F|  |TS  5|AC  0|TAMS 0x0000000705700000, 0x0000000705700000|
|  88|0x0000000705800000, 0x00000007058c4630, 0x0000000705900000| 76%| S|  |TS  7|AC  0|TAMS 0x0000000705800000, 0x0000000705800000|
|  89|0x0000000705900000, 0x0000000705900000, 0x0000000705a00000|  0%| F|  |TS  7|AC  0|TAMS 0x0000000705900000, 0x0000000705900000|
|  90|0x0000000705a00000, 0x0000000705a00000, 0x0000000705b00000|  0%| F|  |TS  7|AC  0|TAMS 0x0000000705a00000, 0x0000000705a00000|
|  91|0x0000000705b00000, 0x0000000705b00000, 0x0000000705c00000|  0%| F|  |TS  7|AC  0|TAMS 0x0000000705b00000, 0x0000000705b00000|
|  92|0x0000000705c00000, 0x0000000705c00000, 0x0000000705d00000|  0%| F|  |TS  7|AC  0|TAMS 0x0000000705c00000, 0x0000000705c00000|
|  93|0x0000000705d00000, 0x0000000705d00000, 0x0000000705e00000|  0%| F|  |TS  7|AC  0|TAMS 0x0000000705d00000, 0x0000000705d00000|
|  94|0x0000000705e00000, 0x0000000705e00000, 0x0000000705f00000|  0%| F|  |TS  7|AC  0|TAMS 0x0000000705e00000, 0x0000000705e00000|
|  95|0x0000000705f00000, 0x0000000705f00000, 0x0000000706000000|  0%| F|  |TS  7|AC  0|TAMS 0x0000000705f00000, 0x0000000705f00000|
|  96|0x0000000706000000, 0x0000000706000000, 0x0000000706100000|  0%| F|  |TS  7|AC  0|TAMS 0x0000000706000000, 0x0000000706000000|
|  97|0x0000000706100000, 0x0000000706100000, 0x0000000706200000|  0%| F|  |TS  7|AC  0|TAMS 0x0000000706100000, 0x0000000706100000|
|  98|0x0000000706200000, 0x0000000706200000, 0x0000000706300000|  0%| F|  |TS  7|AC  0|TAMS 0x0000000706200000, 0x0000000706200000|
|  99|0x0000000706300000, 0x0000000706300000, 0x0000000706400000|  0%| F|  |TS  7|AC  0|TAMS 0x0000000706300000, 0x0000000706300000|
| 100|0x0000000706400000, 0x0000000706400000, 0x0000000706500000|  0%| F|  |TS  7|AC  0|TAMS 0x0000000706400000, 0x0000000706400000|
| 101|0x0000000706500000, 0x0000000706500000, 0x0000000706600000|  0%| F|  |TS  7|AC  0|TAMS 0x0000000706500000, 0x0000000706500000|
| 102|0x0000000706600000, 0x0000000706600000, 0x0000000706700000|  0%| F|  |TS  7|AC  0|TAMS 0x0000000706600000, 0x0000000706600000|
| 103|0x0000000706700000, 0x0000000706700000, 0x0000000706800000|  0%| F|  |TS  7|AC  0|TAMS 0x0000000706700000, 0x0000000706700000|
| 104|0x0000000706800000, 0x0000000706800000, 0x0000000706900000|  0%| F|  |TS  7|AC  0|TAMS 0x0000000706800000, 0x0000000706800000|
| 105|0x0000000706900000, 0x0000000706900000, 0x0000000706a00000|  0%| F|  |TS  7|AC  0|TAMS 0x0000000706900000, 0x0000000706900000|
| 106|0x0000000706a00000, 0x0000000706a00000, 0x0000000706b00000|  0%| F|  |TS  7|AC  0|TAMS 0x0000000706a00000, 0x0000000706a00000|
| 107|0x0000000706b00000, 0x0000000706b00000, 0x0000000706c00000|  0%| F|  |TS  7|AC  0|TAMS 0x0000000706b00000, 0x0000000706b00000|
| 108|0x0000000706c00000, 0x0000000706c00000, 0x0000000706d00000|  0%| F|  |TS  7|AC  0|TAMS 0x0000000706c00000, 0x0000000706c00000|
| 109|0x0000000706d00000, 0x0000000706d00000, 0x0000000706e00000|  0%| F|  |TS  7|AC  0|TAMS 0x0000000706d00000, 0x0000000706d00000|
| 110|0x0000000706e00000, 0x0000000706e00000, 0x0000000706f00000|  0%| F|  |TS  7|AC  0|TAMS 0x0000000706e00000, 0x0000000706e00000|
| 111|0x0000000706f00000, 0x0000000706f00000, 0x0000000707000000|  0%| F|  |TS  7|AC  0|TAMS 0x0000000706f00000, 0x0000000706f00000|
| 112|0x0000000707000000, 0x0000000707000000, 0x0000000707100000|  0%| F|  |TS  7|AC  0|TAMS 0x0000000707000000, 0x0000000707000000|
| 113|0x0000000707100000, 0x0000000707100000, 0x0000000707200000|  0%| F|  |TS  7|AC  0|TAMS 0x0000000707100000, 0x0000000707100000|
| 114|0x0000000707200000, 0x0000000707200000, 0x0000000707300000|  0%| F|  |TS  7|AC  0|TAMS 0x0000000707200000, 0x0000000707200000|
| 115|0x0000000707300000, 0x0000000707300000, 0x0000000707400000|  0%| F|  |TS  7|AC  0|TAMS 0x0000000707300000, 0x0000000707300000|
| 116|0x0000000707400000, 0x0000000707400000, 0x0000000707500000|  0%| F|  |TS  7|AC  0|TAMS 0x0000000707400000, 0x0000000707400000|
| 117|0x0000000707500000, 0x0000000707500000, 0x0000000707600000|  0%| F|  |TS  7|AC  0|TAMS 0x0000000707500000, 0x0000000707500000|
| 118|0x0000000707600000, 0x0000000707600000, 0x0000000707700000|  0%| F|  |TS  7|AC  0|TAMS 0x0000000707600000, 0x0000000707600000|
| 119|0x0000000707700000, 0x0000000707700000, 0x0000000707800000|  0%| F|  |TS  7|AC  0|TAMS 0x0000000707700000, 0x0000000707700000|
| 120|0x0000000707800000, 0x0000000707800000, 0x0000000707900000|  0%| F|  |TS  7|AC  0|TAMS 0x0000000707800000, 0x0000000707800000|
| 121|0x0000000707900000, 0x0000000707900000, 0x0000000707a00000|  0%| F|  |TS  7|AC  0|TAMS 0x0000000707900000, 0x0000000707900000|
| 122|0x0000000707a00000, 0x0000000707a00000, 0x0000000707b00000|  0%| F|  |TS  7|AC  0|TAMS 0x0000000707a00000, 0x0000000707a00000|
| 123|0x0000000707b00000, 0x0000000707b00000, 0x0000000707c00000|  0%| F|  |TS  7|AC  0|TAMS 0x0000000707b00000, 0x0000000707b00000|
| 124|0x0000000707c00000, 0x0000000707c00000, 0x0000000707d00000|  0%| F|  |TS  7|AC  0|TAMS 0x0000000707c00000, 0x0000000707c00000|
| 125|0x0000000707d00000, 0x0000000707d00000, 0x0000000707e00000|  0%| F|  |TS  7|AC  0|TAMS 0x0000000707d00000, 0x0000000707d00000|
| 126|0x0000000707e00000, 0x0000000707e00000, 0x0000000707f00000|  0%| F|  |TS  7|AC  0|TAMS 0x0000000707e00000, 0x0000000707e00000|
| 127|0x0000000707f00000, 0x0000000707fcb860, 0x0000000708000000| 79%| E|  |TS  7|AC  0|TAMS 0x0000000707f00000, 0x0000000707f00000|

Card table byte_map: [0x000002167ac00000,0x000002167b200000] byte_map_base: 0x0000021677400000

Marking Bits (Prev, Next): (CMBitMap*) 0x00000216604c8908, (CMBitMap*) 0x00000216604c88d0
 Prev Bits: [0x0000021600000000, 0x0000021603000000)
 Next Bits: [0x000002167b800000, 0x000002167e800000)

Polling page: 0x0000021658cc0000

CodeHeap 'non-profiled nmethods': size=120000Kb used=2382Kb max_used=2382Kb free=117617Kb
 bounds [0x00000216736d0000, 0x0000021673940000, 0x000002167ac00000]
CodeHeap 'profiled nmethods': size=120000Kb used=8969Kb max_used=8969Kb free=111030Kb
 bounds [0x000002166c1a0000, 0x000002166ca70000, 0x00000216736d0000]
CodeHeap 'non-nmethods': size=5760Kb used=1438Kb max_used=1471Kb free=4321Kb
 bounds [0x000002166bc00000, 0x000002166be70000, 0x000002166c1a0000]
 total_blobs=5690 nmethods=3788 adapters=616
 compilation: enabled

Compilation events (10 events):
Event: 3.304 Thread 0x000002165bf61000 3785       4       jdk.internal.module.Resources::toPackageName (39 bytes)
Event: 3.305 Thread 0x000002165bf60800 3786   !   4       jdk.internal.loader.BuiltinClassLoader::findMiscResource (118 bytes)
Event: 3.310 Thread 0x000002165bf61000 nmethod 3785 0x0000021673921a10 code [0x0000021673921bc0, 0x00000216739221c8]
Event: 3.310 Thread 0x000002165bf61000 3787   !   4       jdk.internal.loader.BuiltinClassLoader::findResource (154 bytes)
Event: 3.315 Thread 0x000002165bf60800 nmethod 3786 0x0000021673922510 code [0x0000021673922720, 0x0000021673923128]
Event: 3.322 Thread 0x000002165bf83000 3788 %     3       java.util.Properties::load0 @ 30 (250 bytes)
Event: 3.323 Thread 0x000002165bf83000 nmethod 3788% 0x000002166ca57b90 code [0x000002166ca57de0, 0x000002166ca588e0]
Event: 3.330 Thread 0x000002165bf83000 3789       1       java.beans.PropertyChangeEvent::getPropertyName (5 bytes)
Event: 3.330 Thread 0x000002165bf83000 nmethod 3789 0x0000021673923810 code [0x00000216739239c0, 0x0000021673923ad8]
Event: 3.332 Thread 0x000002165bf83000 3790       3       javax.swing.UIDefaults$TextAndMnemonicHashMap::get (358 bytes)

GC Heap History (10 events):
Event: 1.554 GC heap before
{Heap before GC invocations=0 (full 0):
 garbage-first heap   total 131072K, used 65536K [0x0000000700000000, 0x0000000700100400, 0x00000007c0000000)
  region size 1024K, 60 young (61440K), 0 survivors (0K)
 Metaspace       used 17279K, capacity 18362K, committed 18688K, reserved 1067008K
  class space    used 1718K, capacity 1939K, committed 2048K, reserved 1048576K
}
Event: 1.563 GC heap after
{Heap after GC invocations=1 (full 0):
 garbage-first heap   total 131072K, used 20716K [0x0000000700000000, 0x0000000700100400, 0x00000007c0000000)
  region size 1024K, 8 young (8192K), 8 survivors (8192K)
 Metaspace       used 17279K, capacity 18362K, committed 18688K, reserved 1067008K
  class space    used 1718K, capacity 1939K, committed 2048K, reserved 1048576K
}
Event: 2.225 GC heap before
{Heap before GC invocations=1 (full 0):
 garbage-first heap   total 131072K, used 53484K [0x0000000700000000, 0x0000000700100400, 0x00000007c0000000)
  region size 1024K, 41 young (41984K), 8 survivors (8192K)
 Metaspace       used 19999K, capacity 21216K, committed 21296K, reserved 1069056K
  class space    used 2043K, capacity 2320K, committed 2352K, reserved 1048576K
}
Event: 2.231 GC heap after
{Heap after GC invocations=2 (full 0):
 garbage-first heap   total 131072K, used 22813K [0x0000000700000000, 0x0000000700100400, 0x00000007c0000000)
  region size 1024K, 2 young (2048K), 2 survivors (2048K)
 Metaspace       used 19999K, capacity 21216K, committed 21296K, reserved 1069056K
  class space    used 2043K, capacity 2320K, committed 2352K, reserved 1048576K
}
Event: 3.036 GC heap before
{Heap before GC invocations=3 (full 0):
 garbage-first heap   total 131072K, used 89373K [0x0000000700000000, 0x0000000700100400, 0x00000007c0000000)
  region size 1024K, 60 young (61440K), 2 survivors (2048K)
 Metaspace       used 27513K, capacity 28830K, committed 29232K, reserved 1075200K
  class space    used 3075K, capacity 3328K, committed 3376K, reserved 1048576K
}
Event: 3.053 GC heap after
{Heap after GC invocations=4 (full 0):
 garbage-first heap   total 131072K, used 40320K [0x0000000700000000, 0x0000000700100400, 0x00000007c0000000)
  region size 1024K, 8 young (8192K), 8 survivors (8192K)
 Metaspace       used 27513K, capacity 28830K, committed 29232K, reserved 1075200K
  class space    used 3075K, capacity 3328K, committed 3376K, reserved 1048576K
}
Event: 3.156 GC heap before
{Heap before GC invocations=4 (full 0):
 garbage-first heap   total 131072K, used 93568K [0x0000000700000000, 0x0000000700100400, 0x00000007c0000000)
  region size 1024K, 60 young (61440K), 8 survivors (8192K)
 Metaspace       used 27545K, capacity 28830K, committed 29232K, reserved 1075200K
  class space    used 3076K, capacity 3328K, committed 3376K, reserved 1048576K
}
Event: 3.162 GC heap after
{Heap after GC invocations=5 (full 0):
 garbage-first heap   total 131072K, used 36542K [0x0000000700000000, 0x0000000700100400, 0x00000007c0000000)
  region size 1024K, 1 young (1024K), 1 survivors (1024K)
 Metaspace       used 27545K, capacity 28830K, committed 29232K, reserved 1075200K
  class space    used 3076K, capacity 3328K, committed 3376K, reserved 1048576K
}
Event: 3.279 GC heap before
{Heap before GC invocations=5 (full 0):
 garbage-first heap   total 131072K, used 96958K [0x0000000700000000, 0x0000000700100400, 0x00000007c0000000)
  region size 1024K, 60 young (61440K), 1 survivors (1024K)
 Metaspace       used 27659K, capacity 28958K, committed 29232K, reserved 1075200K
  class space    used 3081K, capacity 3328K, committed 3376K, reserved 1048576K
}
Event: 3.280 GC heap after
{Heap after GC invocations=6 (full 0):
 garbage-first heap   total 131072K, used 36596K [0x0000000700000000, 0x0000000700100400, 0x00000007c0000000)
  region size 1024K, 1 young (1024K), 1 survivors (1024K)
 Metaspace       used 27659K, capacity 28958K, committed 29232K, reserved 1075200K
  class space    used 3081K, capacity 3328K, committed 3376K, reserved 1048576K
}

Deoptimization events (10 events):
Event: 2.959 Thread 0x000002165f043000 Uncommon trap: reason=unstable_if action=reinterpret pc=0x0000021673780cf4 method=com.sun.org.apache.xerces.internal.impl.XMLEntityScanner.scanName(Lcom/sun/org/apache/xerces/internal/impl/XMLScanner$NameType;)Ljava/lang/String; @ 69 c2
Event: 3.140 Thread 0x000002165f043000 Uncommon trap: reason=unstable_if action=reinterpret pc=0x00000216738dd140 method=com.sun.org.apache.xerces.internal.impl.XMLEntityScanner.peekChar()I @ 51 c2
Event: 3.140 Thread 0x000002165f043000 Uncommon trap: reason=unstable_if action=reinterpret pc=0x0000021673818d3c method=com.sun.org.apache.xerces.internal.impl.XMLEntityScanner.scanContent(Lcom/sun/org/apache/xerces/internal/xni/XMLString;)I @ 163 c2
Event: 3.140 Thread 0x000002165f043000 Uncommon trap: reason=unstable_if action=reinterpret pc=0x000002167381858c method=com.sun.org.apache.xerces.internal.util.XMLChar.isNameStart(I)Z @ 13 c2
Event: 3.149 Thread 0x000002165f043000 Uncommon trap: reason=unstable_if action=reinterpret pc=0x00000216738f7214 method=jdk.internal.loader.URLClassPath.findResource(Ljava/lang/String;Z)Ljava/net/URL; @ 11 c2
Event: 3.149 Thread 0x000002165f043000 Uncommon trap: reason=unstable_if action=reinterpret pc=0x00000216738f66ac method=jdk.internal.loader.URLClassPath.findResource(Ljava/lang/String;Z)Ljava/net/URL; @ 11 c2
Event: 3.188 Thread 0x000002165f043000 Uncommon trap: reason=unstable_if action=reinterpret pc=0x00000216738176b4 method=com.sun.org.apache.xerces.internal.impl.XMLEntityScanner.skipSpaces()Z @ 85 c2
Event: 3.272 Thread 0x000002165f043000 Uncommon trap: reason=class_check action=maybe_recompile pc=0x00000216738bad94 method=java.awt.Color.equals(Ljava/lang/Object;)Z @ 1 c2
Event: 3.272 Thread 0x000002165f043000 Uncommon trap: reason=class_check action=maybe_recompile pc=0x00000216738bad94 method=java.awt.Color.equals(Ljava/lang/Object;)Z @ 1 c2
Event: 3.272 Thread 0x000002165f043000 Uncommon trap: reason=class_check action=maybe_recompile pc=0x00000216738bad94 method=java.awt.Color.equals(Ljava/lang/Object;)Z @ 1 c2

Classes redefined (0 events):
No events

Internal exceptions (10 events):
Event: 2.862 Thread 0x000002165f043000 Exception <a 'java/io/FileNotFoundException'{0x0000000705ae66d8}> (0x0000000705ae66d8) thrown at [t:/workspace/hotspot/src/share/vm/prims/jni.cpp, line 604]
Event: 2.862 Thread 0x000002165f043000 Exception <a 'java/lang/NullPointerException'{0x0000000705ae6db8}> (0x0000000705ae6db8) thrown at [t:/workspace/hotspot/src/share/vm/interpreter/linkResolver.cpp, line 1311]
Event: 2.886 Thread 0x000002165f043000 Exception <a 'java/lang/NoSuchMethodError'{0x00000007059c6e40}: java.lang.invoke.DirectMethodHandle$Holder.invokeStaticInit(Ljava/lang/Object;)V> (0x00000007059c6e40) thrown at [t:/workspace/hotspot/src/share/vm/interpreter/linkResolver.cpp, line 731]
Event: 2.919 Thread 0x000002165f043000 Exception <a 'java/lang/NoSuchMethodError'{0x00000007058a2a58}: java.lang.invoke.DirectMethodHandle$Holder.invokeInterface(Ljava/lang/Object;Ljava/lang/Object;)Ljava/lang/Object;> (0x00000007058a2a58) thrown at [t:/workspace/hotspot/src/share/vm/interpret
Event: 2.920 Thread 0x000002165f043000 Exception <a 'java/lang/NoSuchMethodError'{0x00000007058abb10}: java.lang.invoke.DirectMethodHandle$Holder.invokeInterface(Ljava/lang/Object;Ljava/lang/Object;Ljava/lang/Object;)I> (0x00000007058abb10) thrown at [t:/workspace/hotspot/src/share/vm/interpre
Event: 2.944 Thread 0x000002165f043000 Exception <a 'java/lang/NoSuchMethodError'{0x000000070560aaf0}: java.lang.invoke.DirectMethodHandle$Holder.invokeStatic(Ljava/lang/Object;Ljava/lang/Object;)I> (0x000000070560aaf0) thrown at [t:/workspace/hotspot/src/share/vm/interpreter/linkResolver.cpp,
Event: 2.945 Thread 0x000002165f043000 Exception <a 'java/lang/NoSuchMethodError'{0x0000000705617ac8}: java.lang.Object.of([Ljava/lang/Object;)Ljava/util/stream/Stream;> (0x0000000705617ac8) thrown at [t:/workspace/hotspot/src/share/vm/interpreter/linkResolver.cpp, line 731]
Event: 3.149 Thread 0x000002165f043000 Implicit null exception at 0x00000216738f65f4 to 0x00000216738f669b
Event: 3.331 Thread 0x000002165f043000 Exception <a 'java/lang/ClassNotFoundException'{0x0000000705ae1160}: com/sun/swing/internal/plaf/synth/resources/spi/synthProvider> (0x0000000705ae1160) thrown at [t:/workspace/hotspot/src/share/vm/classfile/systemDictionary.cpp, line 218]
Event: 3.332 Thread 0x000002165f043000 Exception <a 'java/lang/ClassNotFoundException'{0x0000000705ae40f8}: com/sun/swing/internal/plaf/basic/resources/spi/basicProvider> (0x0000000705ae40f8) thrown at [t:/workspace/hotspot/src/share/vm/classfile/systemDictionary.cpp, line 218]

Events (10 events):
Event: 3.332 loading class com/sun/swing/internal/plaf/basic/resources/basic_en done
Event: 3.332 loading class com/sun/swing/internal/plaf/basic/resources/basic_en
Event: 3.332 loading class com/sun/swing/internal/plaf/basic/resources/basic_en done
Event: 3.332 loading class com/sun/swing/internal/plaf/basic/resources/basic_en_US
Event: 3.332 loading class com/sun/swing/internal/plaf/basic/resources/basic_en_US done
Event: 3.332 loading class com/sun/swing/internal/plaf/basic/resources/basic_en_US
Event: 3.332 loading class com/sun/swing/internal/plaf/basic/resources/basic_en_US done
Event: 3.332 loading class de/javasoft/plaf/synthetica/painter/CheckBoxPainter
Event: 3.332 loading class de/javasoft/plaf/synthetica/painter/CheckBoxPainter done
Event: 3.334 Executing VM operation: CollectForMetadataAllocation


Dynamic libraries:
0x00007ff6780a0000 - 0x00007ff6780d0000 	C:\Vivodo\Vivado\2019.1\bin\unwrapped\win64.o\vivado.exe
0x00007ff814e90000 - 0x00007ff8150a7000 	C:\WINDOWS\SYSTEM32\ntdll.dll
0x00007ff813010000 - 0x00007ff8130d4000 	C:\WINDOWS\System32\KERNEL32.DLL
0x00007ff812840000 - 0x00007ff812be6000 	C:\WINDOWS\System32\KERNELBASE.dll
0x00007ff812320000 - 0x00007ff812431000 	C:\WINDOWS\System32\ucrtbase.dll
0x00007ff800fb0000 - 0x00007ff800fc4000 	C:\Vivodo\Vivado\2019.1\lib\win64.o\libboost_signals.dll
0x00007ffff9590000 - 0x00007ffff961e000 	C:\WINDOWS\SYSTEM32\MSVCP140.dll
0x00007ffff9570000 - 0x00007ffff958b000 	C:\WINDOWS\SYSTEM32\VCRUNTIME140.dll
0x00007ffff9b00000 - 0x00007ffff9b14000 	C:\Vivodo\Vivado\2019.1\lib\win64.o\librdi_commonmain.dll
0x00007fff87870000 - 0x00007fff88752000 	C:\Vivodo\Vivado\2019.1\lib\win64.o\librdi_common.dll
0x00007ff8141f0000 - 0x00007ff81439d000 	C:\WINDOWS\System32\USER32.dll
0x00007ffff9560000 - 0x00007ffff956c000 	C:\WINDOWS\SYSTEM32\VCRUNTIME140_1.dll
0x00007ff8126a0000 - 0x00007ff8126c6000 	C:\WINDOWS\System32\win32u.dll
0x00007ff8149d0000 - 0x00007ff8149f9000 	C:\WINDOWS\System32\GDI32.dll
0x00007ff8124c0000 - 0x00007ff8125d8000 	C:\WINDOWS\System32\gdi32full.dll
0x00007ff812280000 - 0x00007ff81231a000 	C:\WINDOWS\System32\msvcp_win.dll
0x00007ff814c80000 - 0x00007ff814d30000 	C:\WINDOWS\System32\ADVAPI32.dll
0x00007ff8143a0000 - 0x00007ff814447000 	C:\WINDOWS\System32\msvcrt.dll
0x00007ff813b00000 - 0x00007ff813ba6000 	C:\WINDOWS\System32\sechost.dll
0x00007ff814ad0000 - 0x00007ff814be7000 	C:\WINDOWS\System32\RPCRT4.dll
0x00007ff8130f0000 - 0x00007ff813948000 	C:\WINDOWS\System32\SHELL32.dll
0x00007ffff8950000 - 0x00007ffff8976000 	C:\Vivodo\Vivado\2019.1\lib\win64.o\libboost_filesystem.dll
0x00007ff80cef0000 - 0x00007ff80cefa000 	C:\Vivodo\Vivado\2019.1\lib\win64.o\librdi_commonversion.dll
0x00007fffdd380000 - 0x00007fffdd4a1000 	C:\Vivodo\Vivado\2019.1\lib\win64.o\librdi_commonxillic.dll
0x00000000555d0000 - 0x00000000556fb000 	C:\Vivodo\Vivado\2019.1\lib\win64.o\tcl85t.dll
0x00007ff814a50000 - 0x00007ff814ac1000 	C:\WINDOWS\System32\WS2_32.dll
0x00007fffa10b0000 - 0x00007fffa141e000 	C:\Vivodo\Vivado\2019.1\lib\win64.o\libCOIN-all.dll
0x00007ffff9740000 - 0x00007ffff9754000 	C:\Vivodo\Vivado\2019.1\lib\win64.o\libboost_date_time.dll
0x00007ffff2ed0000 - 0x00007ffff2f4f000 	C:\Vivodo\Vivado\2019.1\lib\win64.o\libboost_program_options.dll
0x00007fffcf180000 - 0x00007fffcf294000 	C:\Vivodo\Vivado\2019.1\lib\win64.o\libboost_regex.dll
0x00007ff806040000 - 0x00007ff80604b000 	C:\Vivodo\Vivado\2019.1\lib\win64.o\libboost_system.dll
0x00007ff804770000 - 0x00007ff80477f000 	C:\Vivodo\Vivado\2019.1\lib\win64.o\libboost_xilinx.dll
0x00007fffd7bb0000 - 0x00007fffd7c32000 	C:\Vivodo\Vivado\2019.1\lib\win64.o\libhdlpsolve.dll
0x00007ffff86f0000 - 0x00007ffff8711000 	C:\Vivodo\Vivado\2019.1\lib\win64.o\libboost_thread.dll
0x00007fffc6470000 - 0x00007fffc6515000 	C:\Vivodo\Vivado\2019.1\lib\win64.o\libhdxml.dll
0x00007ffff7420000 - 0x00007ffff744e000 	C:\Vivodo\Vivado\2019.1\lib\win64.o\libisl_sysinfo.dll
0x00007fffee980000 - 0x00007fffee9e5000 	C:\Vivodo\Vivado\2019.1\lib\win64.o\liblmx6.0.dll
0x00007ffff8e90000 - 0x00007ffff8eaa000 	C:\Vivodo\Vivado\2019.1\lib\win64.o\pthreadVC2.dll
0x00007ffff87e0000 - 0x00007ffff87fc000 	C:\Vivodo\Vivado\2019.1\lib\win64.o\librdiconfig.dll
0x00007ffff6d10000 - 0x00007ffff6d31000 	C:\Vivodo\Vivado\2019.1\lib\win64.o\librdizlib.dll
0x0000000012000000 - 0x0000000012270000 	C:\Vivodo\Vivado\2019.1\lib\win64.o\xerces-c_3_1.dll
0x00007ff8004c0000 - 0x00007ff8004d9000 	C:\WINDOWS\SYSTEM32\NETAPI32.dll
0x00007ffffc0f0000 - 0x00007ffffc5e4000 	C:\WINDOWS\SYSTEM32\WININET.dll
0x00007ff80ad00000 - 0x00007ff80ae37000 	C:\WINDOWS\SYSTEM32\WINHTTP.dll
0x00007ffffc8e0000 - 0x00007ffffcad0000 	C:\WINDOWS\SYSTEM32\urlmon.dll
0x00007fffdd300000 - 0x00007fffdd309000 	C:\WINDOWS\SYSTEM32\WSOCK32.dll
0x00007fff7ed20000 - 0x00007fff7fbb1000 	C:\Vivodo\Vivado\2019.1\lib\win64.o\gurobi65.dll
0x00007ffff3390000 - 0x00007ffff33c1000 	C:\WINDOWS\SYSTEM32\VCOMP140.DLL
0x00007fffa3110000 - 0x00007fffa33e8000 	C:\Vivodo\Vivado\2019.1\lib\win64.o\libXil_lmgr11.dll
0x00007ff812bf0000 - 0x00007ff812ce9000 	C:\WINDOWS\System32\COMDLG32.dll
0x00007ff813bb0000 - 0x00007ff813f3a000 	C:\WINDOWS\System32\combase.dll
0x00007ff814450000 - 0x00007ff814543000 	C:\WINDOWS\System32\shcore.dll
0x00007ff812cf0000 - 0x00007ff812d4e000 	C:\WINDOWS\System32\SHLWAPI.dll
0x00007ff814110000 - 0x00007ff8141e7000 	C:\WINDOWS\System32\OLEAUT32.dll
0x00007ff812e70000 - 0x00007ff81300f000 	C:\WINDOWS\System32\ole32.dll
0x00007ff812210000 - 0x00007ff81227c000 	C:\WINDOWS\System32\WINTRUST.dll
0x00007ff8126d0000 - 0x00007ff812836000 	C:\WINDOWS\System32\CRYPT32.dll
0x00007ff804690000 - 0x00007ff80469d000 	C:\Vivodo\Vivado\2019.1\lib\win64.o\libboost_chrono.dll
0x00007ffffc620000 - 0x00007ffffc8dc000 	C:\WINDOWS\SYSTEM32\iertutil.dll
0x00007ffffc5f0000 - 0x00007ffffc619000 	C:\WINDOWS\SYSTEM32\srvcli.dll
0x00007ff810cd0000 - 0x00007ff810cdc000 	C:\WINDOWS\SYSTEM32\netutils.dll
0x00007fffe2ad0000 - 0x00007fffe2b83000 	C:\WINDOWS\WinSxS\amd64_microsoft.windows.common-controls_6595b64144ccf1df_5.82.22621.608_none_fb280a3c7926c2cc\COMCTL32.dll
0x00007ff805d50000 - 0x00007ff805d6f000 	C:\WINDOWS\SYSTEM32\dhcpcsvc.DLL
0x00007fff6a0d0000 - 0x00007fff6ac7f400 	C:\Vivodo\Vivado\2019.1\lib\win64.o\libisl_iostreams.dll
0x00007ffff3290000 - 0x00007ffff32b5000 	C:\Vivodo\Vivado\2019.1\lib\win64.o\libisl_iosutils.dll
0x00007ffff77c0000 - 0x00007ffff77db000 	C:\Vivodo\Vivado\2019.1\lib\win64.o\libboost_iostreams.dll
0x00007ff814a10000 - 0x00007ff814a41000 	C:\WINDOWS\System32\IMM32.DLL
0x00007ff811a70000 - 0x00007ff811a82000 	C:\WINDOWS\SYSTEM32\MSASN1.dll
0x00007ff811340000 - 0x00007ff811358000 	C:\WINDOWS\SYSTEM32\kernel.appcore.dll
0x00007fff7b290000 - 0x00007fff7b7a7000 	C:\Vivodo\Vivado\2019.1\lib\win64.o\librdi_commontasks.dll
0x00007ff800ce0000 - 0x00007ff800cea000 	C:\WINDOWS\SYSTEM32\VERSION.dll
0x0000000054ba0000 - 0x00000000555c5000 	C:\Vivodo\Vivado\2019.1\tps\win64\jre9.0.4\bin\server\jvm.dll
0x00007ff8130e0000 - 0x00007ff8130e8000 	C:\WINDOWS\System32\PSAPI.DLL
0x00007fffa2000000 - 0x00007fffa2286000 	C:\Vivodo\Vivado\2019.1\lib\win64.o\librdi_sio.dll
0x00007ff804c30000 - 0x00007ff804c64000 	C:\WINDOWS\SYSTEM32\WINMM.dll
0x00007fffe1330000 - 0x00007fffe141f000 	C:\WINDOWS\SYSTEM32\MSVCR120.dll
0x00007ff810d50000 - 0x00007ff810d7d000 	C:\WINDOWS\SYSTEM32\IPHLPAPI.DLL
0x00007ff8117c0000 - 0x00007ff811829000 	C:\WINDOWS\SYSTEM32\MSWSOCK.DLL
0x00007ff810180000 - 0x00007ff810a72000 	C:\WINDOWS\SYSTEM32\windows.storage.dll
0x00007ff810040000 - 0x00007ff81017e000 	C:\WINDOWS\SYSTEM32\wintypes.dll
0x00007fff67c10000 - 0x00007fff6a0cc000 	C:\Vivodo\Vivado\2019.1\lib\win64.o\librdi_tcltasks.dll
0x00007fffaf150000 - 0x00007fffaf2e1000 	C:\Vivodo\Vivado\2019.1\lib\win64.o\librdi_board.dll
0x00007fff9aea0000 - 0x00007fff9b2a8000 	C:\Vivodo\Vivado\2019.1\lib\win64.o\librdi_bitstream.dll
0x00007fffc0d80000 - 0x00007fffc0e6b000 	C:\Vivodo\Vivado\2019.1\lib\win64.o\librdi_chipscope.dll
0x00007fffe9710000 - 0x00007fffe9788000 	C:\Vivodo\Vivado\2019.1\lib\win64.o\librdi_boarddep.dll
0x00007fffac780000 - 0x00007fffac93d000 	C:\Vivodo\Vivado\2019.1\lib\win64.o\librdi_chipscopeimpl.dll
0x00007fffabb00000 - 0x00007fffabc56000 	C:\Vivodo\Vivado\2019.1\lib\win64.o\librdi_containers.dll
0x00007fff67530000 - 0x00007fff67c0a000 	C:\Vivodo\Vivado\2019.1\lib\win64.o\librdi_coregenipxact.dll
0x00007fff65670000 - 0x00007fff67521000 	C:\Vivodo\Vivado\2019.1\lib\win64.o\librdi_coregen.dll
0x00007fffa0600000 - 0x00007fffa091e000 	C:\Vivodo\Vivado\2019.1\lib\win64.o\librdi_dlyest.dll
0x00007fff650d0000 - 0x00007fff6566a000 	C:\Vivodo\Vivado\2019.1\lib\win64.o\librdi_drc.dll
0x00007fffae760000 - 0x00007fffae824000 	C:\Vivodo\Vivado\2019.1\lib\win64.o\librdi_dsp.dll
0x00007fff64a80000 - 0x00007fff650cd000 	C:\Vivodo\Vivado\2019.1\lib\win64.o\librdi_filemgmt.dll
0x00007fff9bed0000 - 0x00007fff9c1b3000 	C:\Vivodo\Vivado\2019.1\lib\win64.o\librdi_guitools.dll
0x00007fffdd680000 - 0x00007fffdd6e5000 	C:\Vivodo\Vivado\2019.1\lib\win64.o\librdi_hdf.dll
0x00007fff63090000 - 0x00007fff64a7a000 	C:\Vivodo\Vivado\2019.1\lib\win64.o\librdi_constraints.dll
0x00007fff62a70000 - 0x00007fff63085000 	C:\Vivodo\Vivado\2019.1\lib\win64.o\librdi_memdata.dll
0x00007fffdbfe0000 - 0x00007fffdc053000 	C:\Vivodo\Vivado\2019.1\lib\win64.o\librdi_memoryarray.dll
0x00007fff4c5f0000 - 0x00007fff50633000 	C:\Vivodo\Vivado\2019.1\lib\win64.o\librdi_designutils.dll
0x00007fff4bf40000 - 0x00007fff4c5e2000 	C:\Vivodo\Vivado\2019.1\lib\win64.o\librdi_netlist.dll
0x00007fff50640000 - 0x00007fff62a6c000 	C:\Vivodo\Vivado\2019.1\lib\win64.o\librdi_device.dll
0x00007fffee890000 - 0x00007fffee8db000 	C:\Vivodo\Vivado\2019.1\lib\win64.o\librdi_pfi.dll
0x00007fff7ea10000 - 0x00007fff7ed1f000 	C:\Vivodo\Vivado\2019.1\lib\win64.o\librdi_platform.dll
0x00007fff4b7f0000 - 0x00007fff4bf3a000 	C:\Vivodo\Vivado\2019.1\lib\win64.o\librdi_power.dll
0x00007fff4b270000 - 0x00007fff4b7ef000 	C:\Vivodo\Vivado\2019.1\lib\win64.o\librdi_project.dll
0x00007fff4ab60000 - 0x00007fff4b269000 	C:\Vivodo\Vivado\2019.1\lib\win64.o\librdi_psta.dll
0x00007fff4a450000 - 0x00007fff4ab56000 	C:\Vivodo\Vivado\2019.1\lib\win64.o\librdi_rsb.dll
0x00007fff79f20000 - 0x00007fff7a311000 	C:\Vivodo\Vivado\2019.1\lib\win64.o\librdi_runs.dll
0x00007fffae2d0000 - 0x00007fffae3ca000 	C:\Vivodo\Vivado\2019.1\lib\win64.o\librdi_runsbase.dll
0x00007fffa0a30000 - 0x00007fffa0c86000 	C:\Vivodo\Vivado\2019.1\lib\win64.o\librdi_simdata.dll
0x00007fff48e90000 - 0x00007fff4a450000 	C:\Vivodo\Vivado\2019.1\lib\win64.o\librdi_implflow.dll
0x00007fffa90a0000 - 0x00007fffa9212000 	C:\Vivodo\Vivado\2019.1\lib\win64.o\librdi_advchipscopeimpl.dll
0x00007fff461a0000 - 0x00007fff48e86000 	C:\Vivodo\Vivado\2019.1\lib\win64.o\librdi_mig.dll
0x00007fffa5750000 - 0x00007fffa58ef000 	C:\Vivodo\Vivado\2019.1\lib\win64.o\librdi_hip_devdesign.dll
0x00007fffee310000 - 0x00007fffee353000 	C:\Vivodo\Vivado\2019.1\lib\win64.o\librdi_noc_frameworks.dll
0x00007fff43b20000 - 0x00007fff46196000 	C:\Vivodo\Vivado\2019.1\lib\win64.o\librdi_place.dll
0x00007fffdd330000 - 0x00007fffdd37c000 	C:\Vivodo\Vivado\2019.1\lib\win64.o\libboost_serialization.dll
0x00007fffc63d0000 - 0x00007fffc646e000 	C:\Vivodo\Vivado\2019.1\lib\win64.o\libise.dll
0x00007fff42d00000 - 0x00007fff43b11000 	C:\Vivodo\Vivado\2019.1\lib\win64.o\librdi_timing.dll
0x00007fff42700000 - 0x00007fff42cfc000 	C:\Vivodo\Vivado\2019.1\lib\win64.o\librdi_wavedata.dll
0x00007ffff3120000 - 0x00007ffff3160000 	C:\Vivodo\Vivado\2019.1\lib\win64.o\librdi_wavedata_SimpleApi.dll
0x00007fffad790000 - 0x00007fffad852000 	C:\Vivodo\Vivado\2019.1\lib\win64.o\librdi_ipconfig_readwrite.dll
0x00007fff42310000 - 0x00007fff426f5000 	C:\Vivodo\Vivado\2019.1\lib\win64.o\librdi_hip_config.dll
0x00007fff41dc0000 - 0x00007fff4230e000 	C:\Vivodo\Vivado\2019.1\lib\win64.o\librdi_xdm.dll
0x00007fffc1180000 - 0x00007fffc1208000 	C:\Vivodo\Vivado\2019.1\lib\win64.o\librdi_meir_core.dll
0x00007fff41270000 - 0x00007fff41db7000 	C:\Vivodo\Vivado\2019.1\lib\win64.o\libverific.dll
0x00007fff7b030000 - 0x00007fff7b289000 	C:\Vivodo\Vivado\2019.1\lib\win64.o\librdi_hsm.dll
0x00007fff40a80000 - 0x00007fff41266000 	C:\Vivodo\Vivado\2019.1\lib\win64.o\librdi_labtools.dll

VM Arguments:
jvm_args: -Dsun.java2d.pmoffscreen=false -Dsun.java2d.xrender=false -Dsun.java2d.d3d=false -Dsun.awt.nopixfmt=true -Dsun.java2d.dpiaware=true -Dsun.java2d.uiScale.enabled=false -Xverify:none -Dswing.aatext=true -XX:-UsePerfData -Djdk.map.althashing.threshold=512 -XX:StringTableSize=4072 --add-opens=java.base/java.nio=ALL-UNNAMED --add-opens=java.desktop/sun.swing=ALL-UNNAMED --add-opens=java.desktop/javax.swing=ALL-UNNAMED --add-opens=java.desktop/javax.swing.tree=ALL-UNNAMED --add-opens=java.desktop/javax.swing.plaf.basic=ALL-UNNAMED --add-opens=java.desktop/javax.swing.plaf.synth=ALL-UNNAMED --add-opens=java.desktop/com.sun.awt=ALL-UNNAMED -XX:NewSize=60m -XX:MaxNewSize=60m -Xms128m -Xmx3072m -Xss5m 
java_command: <unknown>
java_class_path (initial): C:/Vivodo/Vivado/2019.1\lib\classes\alloy.jar;C:/Vivodo/Vivado/2019.1\lib\classes\autopilot.scelaborator.jar;C:/Vivodo/Vivado/2019.1\lib\classes\autopilot.sourceprocessor.jar;C:/Vivodo/Vivado/2019.1\lib\classes\autopilot.tbprocessor.jar;C:/Vivodo/Vivado/2019.1\lib\classes\batik-anim.jar;C:/Vivodo/Vivado/2019.1\lib\classes\batik-awt-util.jar;C:/Vivodo/Vivado/2019.1\lib\classes\batik-bridge.jar;C:/Vivodo/Vivado/2019.1\lib\classes\batik-codec.jar;C:/Vivodo/Vivado/2019.1\lib\classes\batik-css.jar;C:/Vivodo/Vivado/2019.1\lib\classes\batik-dom.jar;C:/Vivodo/Vivado/2019.1\lib\classes\batik-ext.jar;C:/Vivodo/Vivado/2019.1\lib\classes\batik-gui-util.jar;C:/Vivodo/Vivado/2019.1\lib\classes\batik-gvt.jar;C:/Vivodo/Vivado/2019.1\lib\classes\batik-parser.jar;C:/Vivodo/Vivado/2019.1\lib\classes\batik-script.jar;C:/Vivodo/Vivado/2019.1\lib\classes\batik-svg-dom.jar;C:/Vivodo/Vivado/2019.1\lib\classes\batik-swing.jar;C:/Vivodo/Vivado/2019.1\lib\classes\batik-transcoder.jar;C:/Vivodo/Vivado/2019.1\lib\classes\batik-util.jar;C:/Vivodo/Vivado/2019.1\lib\classes\batik-xml.jar;C:/Vivodo/Vivado/2019.1\lib\classes\com.google.gson_2.7.0.v20170129-0911.jar;C:/Vivodo/Vivado/2019.1\lib\classes\com.google.guava_21.0.0.v20170206-1425.jar;C:/Vivodo/Vivado/2019.1\lib\classes\com.google.inject_3.0.0.v201605172100.jar;C:/Vivodo/Vivado/2019.1\lib\classes\com.ibm.icu_4.4.2.v20110208.jar;C:/Vivodo/Vivado/2019.1\lib\classes\com.sigasi.hdt.annotations.runtime_4.3.0.201903071210.jar;C:/Vivodo/Vivado/2019.1\lib\classes\com.sigasi.hdt.blockdiagram.model_4.3.0.201903071210.jar;C:/Vivodo/Vivado/2019.1\lib\classes\com.sigasi.hdt.connection_4.3.0.201903071210.jar;C:/Vivodo/Vivado/2019.1\lib\classes\com.sigasi.hdt.dependencies.model_4.3.0.201903071210.jar;C:/Vivodo/Vivado/2019.1\lib\classes\com.sigasi.hdt.epl_4.3.0.201903071210.jar;C:/Vivodo/Vivado/2019.1\lib\classes\com.sigasi.hdt.graphics.model_4.3.0.201903071210.jar;C:/Vivodo/Vivado/2019.1\lib\classes\com.sigasi.hdt.project_4.3.0
Launcher Type: generic

Logging:
Log output configuration:
#0: stdout all=warning uptime,level,tags
#1: stderr all=off uptime,level,tags

Environment Variables:
PATH=C:/Vivodo/Vivado/2019.1/bin;C:/Vivodo/Vivado/2019.1/lib/win64.o;C:/Vivodo/Vivado/2019.1/tps/win64/jre9.0.4/bin/server;C:/Vivodo/Vivado/2019.1/tps/win64/jre9.0.4/bin;C:/Vivodo/SDK/2019.1/bin;C:/Vivodo/Vivado/2019.1/ids_lite/ISE/bin/nt64;C:/Vivodo/Vivado/2019.1/ids_lite/ISE/lib/nt64;D:\VMware\VMware Workstation\bin\;C:\Windows\System32\HWAudioDriverLibs;C:\Windows\system32;C:\Windows;C:\Windows\System32\Wbem;C:\Windows\System32\WindowsPowerShell\v1.0\;C:\Windows\System32\OpenSSH\;C:\Windows\system32\config\systemprofile\AppData\Local\Microsoft\WindowsApps;C:\Program Files\Bandizip\;C:\Program Files\Microsoft SQL Server\130\Tools\Binn\;C:\Program Files\MATLAB\R2022b\bin;D:\Ctags;C:\Users\VAMPIRE\AppData\Local\Programs\Python\Python311\Scripts\;C:\Users\VAMPIRE\AppData\Local\Programs\Python\Python311\;C:\Users\VAMPIRE\AppData\Local\Microsoft\WindowsApps;C:\Program Files (x86)\Dev-Cpp\MinGW64\bin;C:\Users\VAMPIRE\AppData\Roaming\pandoc;C:\Users\VAMPIRE\AppData\Local\Programs\Microsoft VS Code\bin;;D:\iverilog\bin;D:\iverilog\gtkwave\bin;C:/Vivodo/Vivado/2019.1\tps\mingw\6.2.0\win64.o\nt\bin;C:/Vivodo/Vivado/2019.1\tps\mingw\6.2.0\win64.o\nt\libexec\gcc\x86_64-w64-mingw32\6.2.0;C:/Vivodo/Vivado/2019.1\tps\win64\python-2.7.5;C:/Vivodo/Vivado/2019.1\tps\win64\python-2.7.5\lib;C:/Vivodo/Vivado/2019.1\tps\win64\python-2.7.5\Lib\lib-tk;C:/Vivodo/Vivado/2019.1\tps\win64\python-2.7.5\lib\site-packages
USERNAME=VAMPIRE
OS=Windows_NT
PROCESSOR_IDENTIFIER=Intel64 Family 6 Model 140 Stepping 1, GenuineIntel



---------------  S Y S T E M  ---------------

OS: Windows 10 , 64 bit Build 22621 (10.0.22621.2428)

CPU:total 8 (initial active 8) (4 cores per cpu, 2 threads per core) family 6 model 140 stepping 1, cmov, cx8, fxsr, mmx, sse, sse2, sse3, ssse3, sse4.1, sse4.2, popcnt, avx, avx2, aes, clmul, erms, 3dnowpref, lzcnt, ht, tsc, tscinvbit, bmi1, bmi2, adx, sha, fma

Memory: 4k page, physical 16555320k(4772040k free), swap 16555320k(3332k free)

vm_info: Java HotSpot(TM) 64-Bit Server VM (9.0.4+11) for windows-amd64 JRE (9.0.4+11), built on Dec 20 2017 02:18:54 by "mach5one" with MS VC++ 12.0 (VS2013)

END.
