#
# There is insufficient memory for the Java Runtime Environment to continue.
# Native memory allocation (malloc) failed to allocate 1063296 bytes for Chunk::new
# Possible reasons:
#   The system is out of physical RAM or swap space
#   The process is running with CompressedOops enabled, and the Java Heap may be blocking the growth of the native heap
# Possible solutions:
#   Reduce memory load on the system
#   Increase physical memory or swap space
#   Check if swap backing store is full
#   Decrease Java heap size (-Xmx/-Xms)
#   Decrease number of Java threads
#   Decrease Java thread stack sizes (-Xss)
#   Set larger code cache with -XX:ReservedCodeCacheSize=
#   JVM is running with Zero Based Compressed Oops mode in which the Java heap is
#     placed in the first 32GB address space. The Java Heap base address is the
#     maximum limit for the native heap growth. Please use -XX:HeapBaseMinAddress
#     to set the Java Heap base and to place the Java Heap above 32GB virtual address.
# This output file may be truncated or incomplete.
#
#  Out of Memory Error (t:/workspace/hotspot/src/share/vm/memory/allocation.cpp:372), pid=29912, tid=32084
#
# JRE version: Java(TM) SE Runtime Environment (9.0+11) (build 9.0.4+11)
# Java VM: Java HotSpot(TM) 64-Bit Server VM (9.0.4+11, mixed mode, tiered, compressed oops, g1 gc, windows-amd64)
# No core dump will be written. Minidumps are not enabled by default on client versions of Windows
#

---------------  S U M M A R Y ------------

Command Line: -Dsun.java2d.pmoffscreen=false -Dsun.java2d.xrender=false -Dsun.java2d.d3d=false -Dsun.awt.nopixfmt=true -Dsun.java2d.dpiaware=true -Dsun.java2d.uiScale.enabled=false -Xverify:none -Dswing.aatext=true -XX:-UsePerfData -Djdk.map.althashing.threshold=512 -XX:StringTableSize=4072 --add-opens=java.base/java.nio=ALL-UNNAMED --add-opens=java.desktop/sun.swing=ALL-UNNAMED --add-opens=java.desktop/javax.swing=ALL-UNNAMED --add-opens=java.desktop/javax.swing.tree=ALL-UNNAMED --add-opens=java.desktop/javax.swing.plaf.basic=ALL-UNNAMED --add-opens=java.desktop/javax.swing.plaf.synth=ALL-UNNAMED --add-opens=java.desktop/com.sun.awt=ALL-UNNAMED -XX:NewSize=60m -XX:MaxNewSize=60m -Xms128m -Xmx3072m -Xss5m 

Host: 11th Gen Intel(R) Core(TM) i7-11370H @ 3.30GHz, 8 cores, 15G,  Windows 10 , 64 bit Build 22621 (10.0.22621.2506)
Time: Sun Nov 26 16:34:19 2023 ?D1¨²¡À¨º¡Á?¨º¡À?? elapsed time: 12 seconds (0d 0h 0m 12s)

---------------  T H R E A D  ---------------

Current thread (0x0000019400502000):  JavaThread "C2 CompilerThread0" daemon [_thread_in_native, id=32084, stack(0x0000006caa400000,0x0000006caa500000)]


Current CompileTask:
C2:  12008 7826       4       com.sun.org.apache.xerces.internal.impl.XMLNSDocumentScannerImpl::scanStartElement (1037 bytes)

Stack: [0x0000006caa400000,0x0000006caa500000]
Native frames: (J=compiled Java code, j=interpreted, Vv=VM code, C=native code)
V  [jvm.dll+0x587068]
V  [jvm.dll+0x69c25e]
V  [jvm.dll+0x69d17a]
V  [jvm.dll+0x69d7b3]
V  [jvm.dll+0x21d198]
V  [jvm.dll+0xa7aac]
V  [jvm.dll+0xa83ec]
V  [jvm.dll+0x28b3a4]
V  [jvm.dll+0x4aedea]
V  [jvm.dll+0x1eb21a]
V  [jvm.dll+0x1e8d11]
V  [jvm.dll+0x1691cb]
V  [jvm.dll+0x1f6570]
V  [jvm.dll+0x1f51f6]
V  [jvm.dll+0x66b44f]
V  [jvm.dll+0x586490]
C  [MSVCR120.dll+0x24f6b]
C  [MSVCR120.dll+0x25098]
C  [KERNEL32.DLL+0x1257d]
C  [ntdll.dll+0x5aa58]


---------------  P R O C E S S  ---------------

Java Threads: ( => current thread )
  0x0000019404df5800 JavaThread "SyntheticaAnimation 50" daemon [_thread_blocked, id=27176, stack(0x0000006caf200000,0x0000006caf700000)]
  0x0000019404df2000 JavaThread "Monitor HEventQueue" [_thread_blocked, id=31268, stack(0x0000006caea00000,0x0000006caef00000)]
  0x0000019404df7000 JavaThread "SyntheticaCleanerThread" daemon [_thread_blocked, id=32412, stack(0x0000006cae500000,0x0000006caea00000)]
  0x0000019404df1000 JavaThread "Image Fetcher 3" daemon [_thread_blocked, id=4052, stack(0x0000006cae000000,0x0000006cae500000)]
  0x0000019404df4000 JavaThread "Batik CleanerThread" daemon [_thread_blocked, id=30024, stack(0x0000006cad100000,0x0000006cad600000)]
  0x00000194052a5800 JavaThread "AWT-EventQueue-1" [_thread_in_Java, id=5784, stack(0x0000006cadb00000,0x0000006cae000000)]
  0x00000194052a6000 JavaThread "Process Messages" [_thread_blocked, id=25472, stack(0x0000006cad600000,0x0000006cadb00000)]
  0x0000019405ccd800 JavaThread "Thread-1" [_thread_blocked, id=23412, stack(0x0000006ca6400000,0x0000006ca7800000)]
  0x0000019405585800 JavaThread "Thread-0" daemon [_thread_blocked, id=29816, stack(0x0000006cacc00000,0x0000006cad100000)]
  0x0000019405b8b800 JavaThread "TimerQueue" daemon [_thread_blocked, id=25008, stack(0x0000006cac700000,0x0000006cacc00000)]
  0x000001940509a800 JavaThread "AWT-Windows" daemon [_thread_in_native, id=24932, stack(0x0000006cac200000,0x0000006cac700000)]
  0x0000019405099800 JavaThread "AWT-Shutdown" [_thread_blocked, id=28384, stack(0x0000006cabd00000,0x0000006cac200000)]
  0x0000019401fc8000 JavaThread "Java2D Disposer" daemon [_thread_blocked, id=27980, stack(0x0000006cab800000,0x0000006cabd00000)]
  0x0000019402302800 JavaThread "Service Thread" daemon [_thread_blocked, id=15540, stack(0x0000006cab200000,0x0000006cab700000)]
  0x0000019403694800 JavaThread "Common-Cleaner" daemon [_thread_blocked, id=18904, stack(0x0000006caad00000,0x0000006cab200000)]
  0x0000019404df3800 JavaThread "Sweeper thread" daemon [_thread_blocked, id=13932, stack(0x0000006caa800000,0x0000006caad00000)]
  0x000001940361e800 JavaThread "C1 CompilerThread3" daemon [_thread_blocked, id=31592, stack(0x0000006caa700000,0x0000006caa800000)]
  0x000001947b0b9000 JavaThread "C2 CompilerThread2" daemon [_thread_in_native, id=13684, stack(0x0000006caa600000,0x0000006caa700000)]
  0x000001947b0b8800 JavaThread "C2 CompilerThread1" daemon [_thread_in_native, id=30448, stack(0x0000006caa500000,0x0000006caa600000)]
=>0x0000019400502000 JavaThread "C2 CompilerThread0" daemon [_thread_in_native, id=32084, stack(0x0000006caa400000,0x0000006caa500000)]
  0x0000019400501800 JavaThread "Attach Listener" daemon [_thread_blocked, id=10636, stack(0x0000006ca9f00000,0x0000006caa400000)]
  0x0000019471f4f000 JavaThread "Signal Dispatcher" daemon [_thread_blocked, id=22236, stack(0x0000006ca9a00000,0x0000006ca9f00000)]
  0x0000019476f11000 JavaThread "Finalizer" daemon [_thread_blocked, id=12684, stack(0x0000006ca9500000,0x0000006ca9a00000)]
  0x00000194023dc000 JavaThread "Reference Handler" daemon [_thread_blocked, id=27912, stack(0x0000006ca9000000,0x0000006ca9500000)]
  0x0000019476b1c800 JavaThread "main" [_thread_blocked, id=26600, stack(0x0000006ca6300000,0x0000006ca6400000)]

Other Threads:
  0x000001947bc4a800 VMThread "VM Thread" [stack: 0x0000006ca8f00000,0x0000006ca9000000] [id=30404]
  0x0000019401fc9800 WatcherThread [stack: 0x0000006cab700000,0x0000006cab800000] [id=26576]
  0x00000194777a0000 GCTaskThread "GC Thread#0" [stack: 0x0000006ca7b00000,0x0000006ca7c00000] [id=30628]
  0x000001947b499800 GCTaskThread "GC Thread#1" [stack: 0x0000006ca7c00000,0x0000006ca7d00000] [id=19580]
  0x000001947b499000 GCTaskThread "GC Thread#2" [stack: 0x0000006ca7d00000,0x0000006ca7e00000] [id=32300]
  0x000001947b49a000 GCTaskThread "GC Thread#3" [stack: 0x0000006ca7e00000,0x0000006ca7f00000] [id=27820]
  0x000001947b49a800 GCTaskThread "GC Thread#4" [stack: 0x0000006ca7f00000,0x0000006ca8000000] [id=5900]
  0x000001947b49b800 GCTaskThread "GC Thread#5" [stack: 0x0000006ca8000000,0x0000006ca8100000] [id=31556]
  0x000001947b49c000 GCTaskThread "GC Thread#6" [stack: 0x0000006ca8100000,0x0000006ca8200000] [id=22044]
  0x000001947b498000 GCTaskThread "GC Thread#7" [stack: 0x0000006ca8200000,0x0000006ca8300000] [id=27876]
  0x0000019403885000 ConcurrentGCThread "G1 Main Marker" [stack: 0x0000006ca8c00000,0x0000006ca8d00000] [id=5772]
  0x000001947b49c800 ConcurrentGCThread "G1 Marker#0" [stack: 0x0000006ca8d00000,0x0000006ca8e00000] [id=30512]
  0x000001947b49d000 ConcurrentGCThread "G1 Marker#1" [stack: 0x0000006ca8e00000,0x0000006ca8f00000] [id=12008]
  0x000001947710c000 ConcurrentGCThread "G1 Refine#0" [stack: 0x0000006ca8a00000,0x0000006ca8b00000] [id=14692]
  0x000001947b0af000 ConcurrentGCThread "G1 Refine#1" [stack: 0x0000006ca8900000,0x0000006ca8a00000] [id=29624]
  0x0000019401edf800 ConcurrentGCThread "G1 Refine#2" [stack: 0x0000006ca8800000,0x0000006ca8900000] [id=15680]
  0x0000019401edf000 ConcurrentGCThread "G1 Refine#3" [stack: 0x0000006ca8700000,0x0000006ca8800000] [id=10836]
  0x000001947be7e000 ConcurrentGCThread "G1 Refine#4" [stack: 0x0000006ca8600000,0x0000006ca8700000] [id=18784]
  0x0000019401e6f800 ConcurrentGCThread "G1 Refine#5" [stack: 0x0000006ca8500000,0x0000006ca8600000] [id=27036]
  0x00000194036d7000 ConcurrentGCThread "G1 Refine#6" [stack: 0x0000006ca8400000,0x0000006ca8500000] [id=12612]
  0x00000194036d6800 ConcurrentGCThread "G1 Refine#7" [stack: 0x0000006ca8300000,0x0000006ca8400000] [id=29504]
  0x0000019403bdb800 ConcurrentGCThread "G1 Young RemSet Sampling" [stack: 0x0000006ca8b00000,0x0000006ca8c00000] [id=8988]

Threads with active compile tasks:
C2 CompilerThread27814       4       org.apache.batik.dom.AbstractElement::setAttributeNS (86 bytes)
C2 CompilerThread17802       4       sun.swing.SwingUtilities2::getFontStringWidth (30 bytes)
C2 CompilerThread07826       4       com.sun.org.apache.xerces.internal.impl.XMLNSDocumentScannerImpl::scanStartElement (1037 bytes)

VM state:not at safepoint (normal execution)

VM Mutex/Monitor currently owned by a thread: None

Heap address: 0x0000000700000000, size: 3072 MB, Compressed Oops mode: Zero based, Oop shift amount: 3
Narrow klass base: 0x0000000000000000, Narrow klass shift: 3
Compressed class space size: 1073741824 Address: 0x00000007c0000000

Heap:
 garbage-first heap   total 131072K, used 78739K [0x0000000700000000, 0x0000000700100400, 0x00000007c0000000)
  region size 1024K, 16 young (16384K), 6 survivors (6144K)
 Metaspace       used 52069K, capacity 54331K, committed 54448K, reserved 1095680K
  class space    used 6854K, capacity 7282K, committed 7344K, reserved 1048576K
Heap Regions: E=young(eden), S=young(survivor), O=old, HS=humongous(starts), HC=humongous(continues), CS=collection set, F=free, A=archive, TS=gc time stamp, AC=allocation context, TAMS=top-at-mark-start (previous, next)
|   0|0x0000000700000000, 0x0000000700100000, 0x0000000700100000|100%| O|  |TS  0|AC  0|TAMS 0x0000000700100000, 0x0000000700100000|
|   1|0x0000000700100000, 0x0000000700200000, 0x0000000700200000|100%|HS|  |TS  0|AC  0|TAMS 0x0000000700200000, 0x0000000700200000|
|   2|0x0000000700200000, 0x0000000700300000, 0x0000000700300000|100%|HC|  |TS  0|AC  0|TAMS 0x0000000700300000, 0x0000000700300000|
|   3|0x0000000700300000, 0x0000000700400000, 0x0000000700400000|100%|HS|  |TS  0|AC  0|TAMS 0x0000000700400000, 0x0000000700400000|
|   4|0x0000000700400000, 0x0000000700500000, 0x0000000700500000|100%| O|  |TS  0|AC  0|TAMS 0x0000000700500000, 0x0000000700500000|
|   5|0x0000000700500000, 0x0000000700600000, 0x0000000700600000|100%| O|  |TS  0|AC  0|TAMS 0x0000000700600000, 0x0000000700600000|
|   6|0x0000000700600000, 0x0000000700700000, 0x0000000700700000|100%| O|  |TS  0|AC  0|TAMS 0x0000000700700000, 0x0000000700700000|
|   7|0x0000000700700000, 0x0000000700800000, 0x0000000700800000|100%| O|  |TS  0|AC  0|TAMS 0x0000000700800000, 0x0000000700800000|
|   8|0x0000000700800000, 0x0000000700900000, 0x0000000700900000|100%| O|  |TS  0|AC  0|TAMS 0x0000000700900000, 0x0000000700900000|
|   9|0x0000000700900000, 0x0000000700a00000, 0x0000000700a00000|100%| O|  |TS  0|AC  0|TAMS 0x0000000700a00000, 0x0000000700a00000|
|  10|0x0000000700a00000, 0x0000000700b00000, 0x0000000700b00000|100%| O|  |TS  0|AC  0|TAMS 0x0000000700b00000, 0x0000000700b00000|
|  11|0x0000000700b00000, 0x0000000700c00000, 0x0000000700c00000|100%|HS|  |TS  0|AC  0|TAMS 0x0000000700c00000, 0x0000000700c00000|
|  12|0x0000000700c00000, 0x0000000700d00000, 0x0000000700d00000|100%|HC|  |TS  0|AC  0|TAMS 0x0000000700d00000, 0x0000000700d00000|
|  13|0x0000000700d00000, 0x0000000700e00000, 0x0000000700e00000|100%| O|  |TS  0|AC  0|TAMS 0x0000000700e00000, 0x0000000700e00000|
|  14|0x0000000700e00000, 0x0000000700f00000, 0x0000000700f00000|100%| O|  |TS  0|AC  0|TAMS 0x0000000700f00000, 0x0000000700f00000|
|  15|0x0000000700f00000, 0x0000000701000000, 0x0000000701000000|100%| O|  |TS  0|AC  0|TAMS 0x0000000701000000, 0x0000000701000000|
|  16|0x0000000701000000, 0x0000000701100000, 0x0000000701100000|100%| O|  |TS  0|AC  0|TAMS 0x0000000701100000, 0x0000000701100000|
|  17|0x0000000701100000, 0x0000000701200000, 0x0000000701200000|100%| O|  |TS  0|AC  0|TAMS 0x0000000701200000, 0x0000000701200000|
|  18|0x0000000701200000, 0x0000000701300000, 0x0000000701300000|100%| O|  |TS  0|AC  0|TAMS 0x0000000701300000, 0x0000000701300000|
|  19|0x0000000701300000, 0x0000000701400000, 0x0000000701400000|100%| O|  |TS  0|AC  0|TAMS 0x0000000701400000, 0x0000000701400000|
|  20|0x0000000701400000, 0x0000000701500000, 0x0000000701500000|100%| O|  |TS  0|AC  0|TAMS 0x0000000701500000, 0x0000000701500000|
|  21|0x0000000701500000, 0x0000000701600000, 0x0000000701600000|100%|HS|  |TS  0|AC  0|TAMS 0x0000000701500000, 0x0000000701500000|
|  22|0x0000000701600000, 0x0000000701700000, 0x0000000701700000|100%|HC|  |TS  0|AC  0|TAMS 0x0000000701600000, 0x0000000701600000|
|  23|0x0000000701700000, 0x0000000701700000, 0x0000000701800000|  0%| F|  |TS  0|AC  0|TAMS 0x0000000701700000, 0x0000000701700000|
|  24|0x0000000701800000, 0x0000000701800000, 0x0000000701900000|  0%| F|  |TS  0|AC  0|TAMS 0x0000000701800000, 0x0000000701800000|
|  25|0x0000000701900000, 0x0000000701a00000, 0x0000000701a00000|100%|HS|  |TS  0|AC  0|TAMS 0x0000000701a00000, 0x0000000701a00000|
|  26|0x0000000701a00000, 0x0000000701b00000, 0x0000000701b00000|100%|HC|  |TS  0|AC  0|TAMS 0x0000000701b00000, 0x0000000701b00000|
|  27|0x0000000701b00000, 0x0000000701c00000, 0x0000000701c00000|100%| O|  |TS  0|AC  0|TAMS 0x0000000701c00000, 0x0000000701c00000|
|  28|0x0000000701c00000, 0x0000000701d00000, 0x0000000701d00000|100%| O|  |TS  0|AC  0|TAMS 0x0000000701d00000, 0x0000000701d00000|
|  29|0x0000000701d00000, 0x0000000701e00000, 0x0000000701e00000|100%| O|  |TS  0|AC  0|TAMS 0x0000000701e00000, 0x0000000701e00000|
|  30|0x0000000701e00000, 0x0000000701f00000, 0x0000000701f00000|100%| O|  |TS  0|AC  0|TAMS 0x0000000701f00000, 0x0000000701f00000|
|  31|0x0000000701f00000, 0x0000000702000000, 0x0000000702000000|100%| O|  |TS  0|AC  0|TAMS 0x0000000702000000, 0x0000000702000000|
|  32|0x0000000702000000, 0x0000000702100000, 0x0000000702100000|100%| O|  |TS  0|AC  0|TAMS 0x0000000702100000, 0x0000000702100000|
|  33|0x0000000702100000, 0x0000000702200000, 0x0000000702200000|100%| O|  |TS  0|AC  0|TAMS 0x0000000702200000, 0x0000000702200000|
|  34|0x0000000702200000, 0x0000000702300000, 0x0000000702300000|100%| O|  |TS  0|AC  0|TAMS 0x0000000702300000, 0x0000000702300000|
|  35|0x0000000702300000, 0x0000000702300000, 0x0000000702400000|  0%| F|  |TS  0|AC  0|TAMS 0x0000000702300000, 0x0000000702300000|
|  36|0x0000000702400000, 0x0000000702500000, 0x0000000702500000|100%| O|  |TS  0|AC  0|TAMS 0x0000000702500000, 0x0000000702500000|
|  37|0x0000000702500000, 0x0000000702600000, 0x0000000702600000|100%| O|  |TS  0|AC  0|TAMS 0x0000000702600000, 0x0000000702600000|
|  38|0x0000000702600000, 0x0000000702700000, 0x0000000702700000|100%| O|  |TS  0|AC  0|TAMS 0x0000000702700000, 0x0000000702700000|
|  39|0x0000000702700000, 0x0000000702800000, 0x0000000702800000|100%| O|  |TS  0|AC  0|TAMS 0x0000000702800000, 0x0000000702800000|
|  40|0x0000000702800000, 0x0000000702900000, 0x0000000702900000|100%| O|  |TS  0|AC  0|TAMS 0x0000000702900000, 0x0000000702900000|
|  41|0x0000000702900000, 0x0000000702a00000, 0x0000000702a00000|100%| O|  |TS  0|AC  0|TAMS 0x0000000702a00000, 0x0000000702a00000|
|  42|0x0000000702a00000, 0x0000000702b00000, 0x0000000702b00000|100%| O|  |TS  0|AC  0|TAMS 0x0000000702b00000, 0x0000000702b00000|
|  43|0x0000000702b00000, 0x0000000702c00000, 0x0000000702c00000|100%| O|  |TS  0|AC  0|TAMS 0x0000000702c00000, 0x0000000702c00000|
|  44|0x0000000702c00000, 0x0000000702d00000, 0x0000000702d00000|100%| O|  |TS  0|AC  0|TAMS 0x0000000702d00000, 0x0000000702d00000|
|  45|0x0000000702d00000, 0x0000000702e00000, 0x0000000702e00000|100%| O|  |TS  0|AC  0|TAMS 0x0000000702e00000, 0x0000000702e00000|
|  46|0x0000000702e00000, 0x0000000702f00000, 0x0000000702f00000|100%| O|  |TS  0|AC  0|TAMS 0x0000000702f00000, 0x0000000702f00000|
|  47|0x0000000702f00000, 0x0000000702f00000, 0x0000000703000000|  0%| F|  |TS  0|AC  0|TAMS 0x0000000702f00000, 0x0000000702f00000|
|  48|0x0000000703000000, 0x0000000703000000, 0x0000000703100000|  0%| F|  |TS  0|AC  0|TAMS 0x0000000703000000, 0x0000000703000000|
|  49|0x0000000703100000, 0x0000000703200000, 0x0000000703200000|100%| O|  |TS  0|AC  0|TAMS 0x0000000703200000, 0x0000000703200000|
|  50|0x0000000703200000, 0x0000000703300000, 0x0000000703300000|100%| O|  |TS  0|AC  0|TAMS 0x0000000703300000, 0x0000000703300000|
|  51|0x0000000703300000, 0x0000000703400000, 0x0000000703400000|100%| O|  |TS  0|AC  0|TAMS 0x0000000703400000, 0x0000000703400000|
|  52|0x0000000703400000, 0x000000070349de00, 0x0000000703500000| 61%| O|  |TS  0|AC  0|TAMS 0x000000070349de00, 0x000000070349de00|
|  53|0x0000000703500000, 0x0000000703600000, 0x0000000703600000|100%|HS|  |TS  0|AC  0|TAMS 0x0000000703500000, 0x0000000703500000|
|  54|0x0000000703600000, 0x0000000703700000, 0x0000000703700000|100%|HC|  |TS  0|AC  0|TAMS 0x0000000703600000, 0x0000000703600000|
|  55|0x0000000703700000, 0x0000000703800000, 0x0000000703800000|100%|HC|  |TS  0|AC  0|TAMS 0x0000000703700000, 0x0000000703700000|
|  56|0x0000000703800000, 0x0000000703900000, 0x0000000703900000|100%|HC|  |TS  0|AC  0|TAMS 0x0000000703800000, 0x0000000703800000|
|  57|0x0000000703900000, 0x0000000703a00000, 0x0000000703a00000|100%|HC|  |TS  0|AC  0|TAMS 0x0000000703900000, 0x0000000703900000|
|  58|0x0000000703a00000, 0x0000000703b00000, 0x0000000703b00000|100%|HC|  |TS  0|AC  0|TAMS 0x0000000703a00000, 0x0000000703a00000|
|  59|0x0000000703b00000, 0x0000000703c00000, 0x0000000703c00000|100%|HC|  |TS  0|AC  0|TAMS 0x0000000703b00000, 0x0000000703b00000|
|  60|0x0000000703c00000, 0x0000000703d00000, 0x0000000703d00000|100%|HC|  |TS  0|AC  0|TAMS 0x0000000703c00000, 0x0000000703c00000|
|  61|0x0000000703d00000, 0x0000000703e00000, 0x0000000703e00000|100%|HC|  |TS  0|AC  0|TAMS 0x0000000703d00000, 0x0000000703d00000|
|  62|0x0000000703e00000, 0x0000000703f00000, 0x0000000703f00000|100%|HC|  |TS  0|AC  0|TAMS 0x0000000703e00000, 0x0000000703e00000|
|  63|0x0000000703f00000, 0x0000000704000000, 0x0000000704000000|100%|HC|  |TS  0|AC  0|TAMS 0x0000000703f00000, 0x0000000703f00000|
|  64|0x0000000704000000, 0x0000000704100000, 0x0000000704100000|100%|HC|  |TS  0|AC  0|TAMS 0x0000000704000000, 0x0000000704000000|
|  65|0x0000000704100000, 0x0000000704200000, 0x0000000704200000|100%|HC|  |TS  0|AC  0|TAMS 0x0000000704100000, 0x0000000704100000|
|  66|0x0000000704200000, 0x0000000704300000, 0x0000000704300000|100%|HC|  |TS  0|AC  0|TAMS 0x0000000704200000, 0x0000000704200000|
|  67|0x0000000704300000, 0x0000000704400000, 0x0000000704400000|100%|HC|  |TS  0|AC  0|TAMS 0x0000000704300000, 0x0000000704300000|
|  68|0x0000000704400000, 0x0000000704400000, 0x0000000704500000|  0%| F|  |TS  0|AC  0|TAMS 0x0000000704400000, 0x0000000704400000|
|  69|0x0000000704500000, 0x0000000704500000, 0x0000000704600000|  0%| F|  |TS  0|AC  0|TAMS 0x0000000704500000, 0x0000000704500000|
|  70|0x0000000704600000, 0x0000000704600000, 0x0000000704700000|  0%| F|  |TS  0|AC  0|TAMS 0x0000000704600000, 0x0000000704600000|
|  71|0x0000000704700000, 0x0000000704700000, 0x0000000704800000|  0%| F|  |TS  0|AC  0|TAMS 0x0000000704700000, 0x0000000704700000|
|  72|0x0000000704800000, 0x0000000704800000, 0x0000000704900000|  0%| F|  |TS  0|AC  0|TAMS 0x0000000704800000, 0x0000000704800000|
|  73|0x0000000704900000, 0x0000000704900000, 0x0000000704a00000|  0%| F|  |TS  0|AC  0|TAMS 0x0000000704900000, 0x0000000704900000|
|  74|0x0000000704a00000, 0x0000000704a00000, 0x0000000704b00000|  0%| F|  |TS  0|AC  0|TAMS 0x0000000704a00000, 0x0000000704a00000|
|  75|0x0000000704b00000, 0x0000000704b00000, 0x0000000704c00000|  0%| F|  |TS  0|AC  0|TAMS 0x0000000704b00000, 0x0000000704b00000|
|  76|0x0000000704c00000, 0x0000000704c00000, 0x0000000704d00000|  0%| F|  |TS  0|AC  0|TAMS 0x0000000704c00000, 0x0000000704c00000|
|  77|0x0000000704d00000, 0x0000000704d00000, 0x0000000704e00000|  0%| F|  |TS  0|AC  0|TAMS 0x0000000704d00000, 0x0000000704d00000|
|  78|0x0000000704e00000, 0x0000000704e00000, 0x0000000704f00000|  0%| F|  |TS  0|AC  0|TAMS 0x0000000704e00000, 0x0000000704e00000|
|  79|0x0000000704f00000, 0x0000000704f00000, 0x0000000705000000|  0%| F|  |TS  0|AC  0|TAMS 0x0000000704f00000, 0x0000000704f00000|
|  80|0x0000000705000000, 0x0000000705000000, 0x0000000705100000|  0%| F|  |TS  0|AC  0|TAMS 0x0000000705000000, 0x0000000705000000|
|  81|0x0000000705100000, 0x0000000705100000, 0x0000000705200000|  0%| F|  |TS  0|AC  0|TAMS 0x0000000705100000, 0x0000000705100000|
|  82|0x0000000705200000, 0x0000000705200000, 0x0000000705300000|  0%| F|  |TS  0|AC  0|TAMS 0x0000000705200000, 0x0000000705200000|
|  83|0x0000000705300000, 0x0000000705300000, 0x0000000705400000|  0%| F|  |TS  0|AC  0|TAMS 0x0000000705300000, 0x0000000705300000|
|  84|0x0000000705400000, 0x0000000705400000, 0x0000000705500000|  0%| F|  |TS  0|AC  0|TAMS 0x0000000705400000, 0x0000000705400000|
|  85|0x0000000705500000, 0x0000000705500000, 0x0000000705600000|  0%| F|  |TS  0|AC  0|TAMS 0x0000000705500000, 0x0000000705500000|
|  86|0x0000000705600000, 0x0000000705647180, 0x0000000705700000| 27%| S|CS|TS  0|AC  0|TAMS 0x0000000705600000, 0x0000000705600000|
|  87|0x0000000705700000, 0x0000000705800000, 0x0000000705800000|100%| S|CS|TS  0|AC  0|TAMS 0x0000000705700000, 0x0000000705700000|
|  88|0x0000000705800000, 0x0000000705900000, 0x0000000705900000|100%| S|CS|TS  0|AC  0|TAMS 0x0000000705800000, 0x0000000705800000|
|  89|0x0000000705900000, 0x0000000705a00000, 0x0000000705a00000|100%| S|CS|TS  0|AC  0|TAMS 0x0000000705900000, 0x0000000705900000|
|  90|0x0000000705a00000, 0x0000000705b00000, 0x0000000705b00000|100%| S|CS|TS  0|AC  0|TAMS 0x0000000705a00000, 0x0000000705a00000|
|  91|0x0000000705b00000, 0x0000000705c00000, 0x0000000705c00000|100%| S|CS|TS  0|AC  0|TAMS 0x0000000705b00000, 0x0000000705b00000|
|  92|0x0000000705c00000, 0x0000000705c00000, 0x0000000705d00000|  0%| F|  |TS  0|AC  0|TAMS 0x0000000705c00000, 0x0000000705c00000|
|  93|0x0000000705d00000, 0x0000000705d00000, 0x0000000705e00000|  0%| F|  |TS  0|AC  0|TAMS 0x0000000705d00000, 0x0000000705d00000|
|  94|0x0000000705e00000, 0x0000000705e00000, 0x0000000705f00000|  0%| F|  |TS  0|AC  0|TAMS 0x0000000705e00000, 0x0000000705e00000|
|  95|0x0000000705f00000, 0x0000000705f00000, 0x0000000706000000|  0%| F|  |TS  0|AC  0|TAMS 0x0000000705f00000, 0x0000000705f00000|
|  96|0x0000000706000000, 0x0000000706000000, 0x0000000706100000|  0%| F|  |TS  0|AC  0|TAMS 0x0000000706000000, 0x0000000706000000|
|  97|0x0000000706100000, 0x0000000706100000, 0x0000000706200000|  0%| F|  |TS  0|AC  0|TAMS 0x0000000706100000, 0x0000000706100000|
|  98|0x0000000706200000, 0x0000000706200000, 0x0000000706300000|  0%| F|  |TS  0|AC  0|TAMS 0x0000000706200000, 0x0000000706200000|
|  99|0x0000000706300000, 0x0000000706300000, 0x0000000706400000|  0%| F|  |TS  0|AC  0|TAMS 0x0000000706300000, 0x0000000706300000|
| 100|0x0000000706400000, 0x0000000706400000, 0x0000000706500000|  0%| F|  |TS  0|AC  0|TAMS 0x0000000706400000, 0x0000000706400000|
| 101|0x0000000706500000, 0x0000000706500000, 0x0000000706600000|  0%| F|  |TS  0|AC  0|TAMS 0x0000000706500000, 0x0000000706500000|
| 102|0x0000000706600000, 0x0000000706600000, 0x0000000706700000|  0%| F|  |TS  0|AC  0|TAMS 0x0000000706600000, 0x0000000706600000|
| 103|0x0000000706700000, 0x0000000706700000, 0x0000000706800000|  0%| F|  |TS  0|AC  0|TAMS 0x0000000706700000, 0x0000000706700000|
| 104|0x0000000706800000, 0x0000000706800000, 0x0000000706900000|  0%| F|  |TS  0|AC  0|TAMS 0x0000000706800000, 0x0000000706800000|
| 105|0x0000000706900000, 0x0000000706900000, 0x0000000706a00000|  0%| F|  |TS  0|AC  0|TAMS 0x0000000706900000, 0x0000000706900000|
| 106|0x0000000706a00000, 0x0000000706a00000, 0x0000000706b00000|  0%| F|  |TS  0|AC  0|TAMS 0x0000000706a00000, 0x0000000706a00000|
| 107|0x0000000706b00000, 0x0000000706b00000, 0x0000000706c00000|  0%| F|  |TS  0|AC  0|TAMS 0x0000000706b00000, 0x0000000706b00000|
| 108|0x0000000706c00000, 0x0000000706c00000, 0x0000000706d00000|  0%| F|  |TS  0|AC  0|TAMS 0x0000000706c00000, 0x0000000706c00000|
| 109|0x0000000706d00000, 0x0000000706d00000, 0x0000000706e00000|  0%| F|  |TS  0|AC  0|TAMS 0x0000000706d00000, 0x0000000706d00000|
| 110|0x0000000706e00000, 0x0000000706e00000, 0x0000000706f00000|  0%| F|  |TS  0|AC  0|TAMS 0x0000000706e00000, 0x0000000706e00000|
| 111|0x0000000706f00000, 0x0000000706f00000, 0x0000000707000000|  0%| F|  |TS  0|AC  0|TAMS 0x0000000706f00000, 0x0000000706f00000|
| 112|0x0000000707000000, 0x0000000707000000, 0x0000000707100000|  0%| F|  |TS  0|AC  0|TAMS 0x0000000707000000, 0x0000000707000000|
| 113|0x0000000707100000, 0x0000000707100000, 0x0000000707200000|  0%| F|  |TS  0|AC  0|TAMS 0x0000000707100000, 0x0000000707100000|
| 114|0x0000000707200000, 0x0000000707200000, 0x0000000707300000|  0%| F|  |TS  0|AC  0|TAMS 0x0000000707200000, 0x0000000707200000|
| 115|0x0000000707300000, 0x0000000707300000, 0x0000000707400000|  0%| F|  |TS  0|AC  0|TAMS 0x0000000707300000, 0x0000000707300000|
| 116|0x0000000707400000, 0x0000000707400000, 0x0000000707500000|  0%| F|  |TS  0|AC  0|TAMS 0x0000000707400000, 0x0000000707400000|
| 117|0x0000000707500000, 0x0000000707500000, 0x0000000707600000|  0%| F|  |TS  0|AC  0|TAMS 0x0000000707500000, 0x0000000707500000|
| 118|0x0000000707600000, 0x0000000707700000, 0x0000000707700000|100%| E|  |TS  0|AC  0|TAMS 0x0000000707600000, 0x0000000707600000|
| 119|0x0000000707700000, 0x0000000707800000, 0x0000000707800000|100%| E|CS|TS  0|AC  0|TAMS 0x0000000707700000, 0x0000000707700000|
| 120|0x0000000707800000, 0x0000000707900000, 0x0000000707900000|100%| E|CS|TS  0|AC  0|TAMS 0x0000000707800000, 0x0000000707800000|
| 121|0x0000000707900000, 0x0000000707a00000, 0x0000000707a00000|100%| E|CS|TS  0|AC  0|TAMS 0x0000000707900000, 0x0000000707900000|
| 122|0x0000000707a00000, 0x0000000707b00000, 0x0000000707b00000|100%| E|CS|TS  0|AC  0|TAMS 0x0000000707a00000, 0x0000000707a00000|
| 123|0x0000000707b00000, 0x0000000707c00000, 0x0000000707c00000|100%| E|CS|TS  0|AC  0|TAMS 0x0000000707b00000, 0x0000000707b00000|
| 124|0x0000000707c00000, 0x0000000707d00000, 0x0000000707d00000|100%| E|CS|TS  0|AC  0|TAMS 0x0000000707c00000, 0x0000000707c00000|
| 125|0x0000000707d00000, 0x0000000707e00000, 0x0000000707e00000|100%| E|CS|TS  0|AC  0|TAMS 0x0000000707d00000, 0x0000000707d00000|
| 126|0x0000000707e00000, 0x0000000707f00000, 0x0000000707f00000|100%| E|CS|TS  0|AC  0|TAMS 0x0000000707e00000, 0x0000000707e00000|
| 127|0x0000000707f00000, 0x0000000708000000, 0x0000000708000000|100%| E|CS|TS  0|AC  0|TAMS 0x0000000707f00000, 0x0000000707f00000|

Card table byte_map: [0x000001941be10000,0x000001941c410000] byte_map_base: 0x0000019418610000

Marking Bits (Prev, Next): (CMBitMap*) 0x0000019403bdc398, (CMBitMap*) 0x0000019403bdc360
 Prev Bits: [0x000001941fa10000, 0x0000019422a10000)
 Next Bits: [0x000001941ca10000, 0x000001941fa10000)

Polling page: 0x0000019401130000

CodeHeap 'non-profiled nmethods': size=120000Kb used=5259Kb max_used=5259Kb free=114740Kb
 bounds [0x00000194142e0000, 0x0000019414810000, 0x000001941b810000]
CodeHeap 'profiled nmethods': size=120000Kb used=17879Kb max_used=17879Kb free=102120Kb
 bounds [0x000001940cdb0000, 0x000001940df40000, 0x00000194142e0000]
CodeHeap 'non-nmethods': size=5760Kb used=1588Kb max_used=1620Kb free=4171Kb
 bounds [0x000001940c810000, 0x000001940ca80000, 0x000001940cdb0000]
 total_blobs=11180 nmethods=7042 adapters=838
 compilation: enabled

Compilation events (10 events):
Event: 11.995 Thread 0x000001940361e800 7866       1       org.apache.batik.dom.events.AbstractEvent::setCurrentTarget (6 bytes)
Event: 11.995 Thread 0x000001940361e800 nmethod 7866 0x00000194147ff490 code [0x00000194147ff640, 0x00000194147ff7b8]
Event: 11.995 Thread 0x000001940361e800 7867       1       org.apache.batik.dom.AbstractNode::getEventSupport (5 bytes)
Event: 11.995 Thread 0x000001940361e800 nmethod 7867 0x00000194147ff810 code [0x00000194147ff9c0, 0x00000194147ffad8]
Event: 11.995 Thread 0x000001940361e800 7868       3       sun.awt.geom.Curve::insertLine (56 bytes)
Event: 11.995 Thread 0x000001940361e800 nmethod 7868 0x000001940defa790 code [0x000001940defa980, 0x000001940defae80]
Event: 11.995 Thread 0x000001940361e800 7869       3       sun.awt.geom.AreaOp::addEdges (52 bytes)
Event: 11.996 Thread 0x000001940361e800 nmethod 7869 0x000001940defb010 code [0x000001940defb240, 0x000001940defbc30]
Event: 11.996 Thread 0x000001940361e800 7870       3       org.apache.batik.dom.svg.SVGOMElement::getCascadedXMLBase (193 bytes)
Event: 11.996 Thread 0x000001940361e800 nmethod 7870 0x000001940defbf90 code [0x000001940defc2a0, 0x000001940defd820]

GC Heap History (10 events):
Event: 5.532 GC heap before
{Heap before GC invocations=7 (full 0):
 garbage-first heap   total 131072K, used 49855K [0x0000000700000000, 0x0000000700100400, 0x00000007c0000000)
  region size 1024K, 18 young (18432K), 4 survivors (4096K)
 Metaspace       used 34437K, capacity 35820K, committed 36048K, reserved 1081344K
  class space    used 4058K, capacity 4355K, committed 4400K, reserved 1048576K
}
Event: 5.536 GC heap after
{Heap after GC invocations=8 (full 0):
 garbage-first heap   total 131072K, used 37407K [0x0000000700000000, 0x0000000700100400, 0x00000007c0000000)
  region size 1024K, 4 young (4096K), 4 survivors (4096K)
 Metaspace       used 34437K, capacity 35820K, committed 36048K, reserved 1081344K
  class space    used 4058K, capacity 4355K, committed 4400K, reserved 1048576K
}
Event: 7.652 GC heap before
{Heap before GC invocations=9 (full 0):
 garbage-first heap   total 131072K, used 90655K [0x0000000700000000, 0x0000000700100400, 0x00000007c0000000)
  region size 1024K, 60 young (61440K), 4 survivors (4096K)
 Metaspace       used 40008K, capacity 41920K, committed 42160K, reserved 1085440K
  class space    used 4855K, capacity 5226K, committed 5296K, reserved 1048576K
}
Event: 7.666 GC heap after
{Heap after GC invocations=10 (full 0):
 garbage-first heap   total 131072K, used 42414K [0x0000000700000000, 0x0000000700100400, 0x00000007c0000000)
  region size 1024K, 8 young (8192K), 8 survivors (8192K)
 Metaspace       used 40008K, capacity 41920K, committed 42160K, reserved 1085440K
  class space    used 4855K, capacity 5226K, committed 5296K, reserved 1048576K
}
Event: 9.105 GC heap before
{Heap before GC invocations=10 (full 0):
 garbage-first heap   total 131072K, used 95662K [0x0000000700000000, 0x0000000700100400, 0x00000007c0000000)
  region size 1024K, 60 young (61440K), 8 survivors (8192K)
 Metaspace       used 45066K, capacity 47197K, committed 47408K, reserved 1091584K
  class space    used 5657K, capacity 6085K, committed 6192K, reserved 1048576K
}
Event: 9.123 GC heap after
{Heap after GC invocations=11 (full 0):
 garbage-first heap   total 131072K, used 50240K [0x0000000700000000, 0x0000000700100400, 0x00000007c0000000)
  region size 1024K, 8 young (8192K), 8 survivors (8192K)
 Metaspace       used 45066K, capacity 47197K, committed 47408K, reserved 1091584K
  class space    used 5657K, capacity 6085K, committed 6192K, reserved 1048576K
}
Event: 10.298 GC heap before
{Heap before GC invocations=11 (full 0):
 garbage-first heap   total 131072K, used 103488K [0x0000000700000000, 0x0000000700100400, 0x00000007c0000000)
  region size 1024K, 60 young (61440K), 8 survivors (8192K)
 Metaspace       used 47342K, capacity 49469K, committed 49584K, reserved 1091584K
  class space    used 6091K, capacity 6502K, committed 6576K, reserved 1048576K
}
Event: 10.308 GC heap after
{Heap after GC invocations=12 (full 0):
 garbage-first heap   total 131072K, used 53264K [0x0000000700000000, 0x0000000700100400, 0x00000007c0000000)
  region size 1024K, 6 young (6144K), 6 survivors (6144K)
 Metaspace       used 47342K, capacity 49469K, committed 49584K, reserved 1091584K
  class space    used 6091K, capacity 6502K, committed 6576K, reserved 1048576K
}
Event: 11.644 GC heap before
{Heap before GC invocations=12 (full 0):
 garbage-first heap   total 131072K, used 91152K [0x0000000700000000, 0x0000000700100400, 0x00000007c0000000)
  region size 1024K, 42 young (43008K), 6 survivors (6144K)
 Metaspace       used 51629K, capacity 53861K, committed 54064K, reserved 1095680K
  class space    used 6799K, capacity 7211K, committed 7216K, reserved 1048576K
}
Event: 11.655 GC heap after
{Heap after GC invocations=13 (full 0):
 garbage-first heap   total 131072K, used 57235K [0x0000000700000000, 0x0000000700100400, 0x00000007c0000000)
  region size 1024K, 6 young (6144K), 6 survivors (6144K)
 Metaspace       used 51629K, capacity 53861K, committed 54064K, reserved 1095680K
  class space    used 6799K, capacity 7211K, committed 7216K, reserved 1048576K
}

Deoptimization events (10 events):
Event: 11.967 Thread 0x00000194052a5800 Uncommon trap: reason=class_check action=maybe_recompile pc=0x00000194146bbec0 method=org.apache.batik.css.engine.CSSEngine.addMatchingRules(Ljava/util/List;Lorg/apache/batik/css/engine/StyleSheet;Lorg/w3c/dom/Element;Ljava/lang/String;)V @ 90 c2
Event: 11.969 Thread 0x00000194052a5800 Uncommon trap: reason=class_check action=maybe_recompile pc=0x00000194146bbec0 method=org.apache.batik.css.engine.CSSEngine.addMatchingRules(Ljava/util/List;Lorg/apache/batik/css/engine/StyleSheet;Lorg/w3c/dom/Element;Ljava/lang/String;)V @ 90 c2
Event: 11.969 Thread 0x00000194052a5800 Uncommon trap: reason=class_check action=maybe_recompile pc=0x00000194146bbec0 method=org.apache.batik.css.engine.CSSEngine.addMatchingRules(Ljava/util/List;Lorg/apache/batik/css/engine/StyleSheet;Lorg/w3c/dom/Element;Ljava/lang/String;)V @ 90 c2
Event: 11.984 Thread 0x00000194052a5800 Uncommon trap: reason=unstable_if action=reinterpret pc=0x00000194147fa158 method=org.apache.batik.dom.AbstractNode.fireDOMCharacterDataModifiedEvent(Ljava/lang/String;Ljava/lang/String;)V @ 9 c2
Event: 11.992 Thread 0x00000194052a5800 Uncommon trap: reason=unstable_if action=reinterpret pc=0x0000019414430bbc method=org.apache.batik.dom.AbstractParentNode.fireDOMNodeInsertedEvent(Lorg/w3c/dom/Node;)V @ 9 c2
Event: 11.992 Thread 0x00000194052a5800 Uncommon trap: reason=unstable_if action=reinterpret pc=0x00000194143e4078 method=org.apache.batik.dom.AbstractAttr.fireDOMSubtreeModifiedEvent()V @ 9 c2
Event: 11.992 Thread 0x00000194052a5800 Uncommon trap: reason=unstable_if action=reinterpret pc=0x00000194145e92d4 method=org.apache.batik.dom.AbstractElement.fireDOMAttrModifiedEvent(Ljava/lang/String;Lorg/w3c/dom/Attr;Ljava/lang/String;Ljava/lang/String;S)V @ 126 c2
Event: 11.992 Thread 0x00000194052a5800 Uncommon trap: reason=unstable_if action=reinterpret pc=0x00000194147fa924 method=org.apache.batik.dom.AbstractNode.fireDOMCharacterDataModifiedEvent(Ljava/lang/String;Ljava/lang/String;)V @ 9 c2
Event: 11.993 Thread 0x00000194052a5800 Uncommon trap: reason=unstable_if action=reinterpret pc=0x0000019414431e88 method=org.apache.batik.dom.AbstractParentNode.fireDOMNodeInsertedEvent(Lorg/w3c/dom/Node;)V @ 9 c2
Event: 11.993 Thread 0x00000194052a5800 Uncommon trap: reason=unstable_if action=reinterpret pc=0x00000194145e4df8 method=org.apache.batik.dom.AbstractElement.fireDOMAttrModifiedEvent(Ljava/lang/String;Lorg/w3c/dom/Attr;Ljava/lang/String;Ljava/lang/String;S)V @ 126 c2

Classes redefined (0 events):
No events

Internal exceptions (10 events):
Event: 8.313 Thread 0x00000194052a5800 Exception <a 'java/lang/NoSuchMethodError'{0x000000070686eba0}: java.lang.invoke.DirectMethodHandle$Holder.invokeStatic(Ljava/lang/Object;Ljava/lang/Object;Ljava/lang/Object;Ljava/lang/Object;Ljava/lang/Object;Ljava/lang/Object;Ljava/lang/Object;Ljava/lan
Event: 10.023 Thread 0x00000194052a5800 Implicit null exception at 0x00000194147110d7 to 0x0000019414711192
Event: 10.453 Thread 0x00000194052a5800 Implicit null exception at 0x0000019414728706 to 0x0000019414728ad1
Event: 10.925 Thread 0x00000194052a6000 Exception <a 'java/lang/NoSuchMethodError'{0x0000000706d95a48}: java.lang.invoke.DirectMethodHandle$Holder.invokeSpecial(Ljava/lang/Object;Ljava/lang/Object;Ljava/lang/Object;Ljava/lang/Object;)V> (0x0000000706d95a48) thrown at [t:/workspace/hotspot/src/s
Event: 11.105 Thread 0x00000194052a5800 Exception <a 'java/lang/NoSuchMethodError'{0x0000000706215170}: java.lang.invoke.DirectMethodHandle$Holder.invokeSpecial(Ljava/lang/Object;Ljava/lang/Object;IILjava/lang/Object;ILjava/lang/Object;)Ljava/lang/Object;> (0x0000000706215170) thrown at [t:/wor
Event: 11.105 Thread 0x00000194052a5800 Exception <a 'java/lang/NoSuchMethodError'{0x0000000706218830}: java.lang.invoke.DelegatingMethodHandle$Holder.reinvoke_L(Ljava/lang/Object;IILjava/lang/Object;ILjava/lang/Object;)Ljava/lang/Object;> (0x0000000706218830) thrown at [t:/workspace/hotspot/sr
Event: 11.107 Thread 0x00000194052a5800 Exception <a 'java/lang/NoSuchMethodError'{0x0000000706238540}: method resolution failed> (0x0000000706238540) thrown at [t:/workspace/hotspot/src/share/vm/prims/methodHandles.cpp, line 1256]
Event: 11.699 Thread 0x0000019405ccd800 Exception <a 'java/lang/NoSuchMethodError'{0x0000000707fc1e80}: java.lang.invoke.DirectMethodHandle$Holder.invokeSpecial(Ljava/lang/Object;Ljava/lang/Object;J)V> (0x0000000707fc1e80) thrown at [t:/workspace/hotspot/src/share/vm/interpreter/linkResolver.cp
Event: 11.699 Thread 0x0000019405ccd800 Exception <a 'java/lang/NoSuchMethodError'{0x0000000707fc77d8}: method resolution failed> (0x0000000707fc77d8) thrown at [t:/workspace/hotspot/src/share/vm/prims/methodHandles.cpp, line 1256]
Event: 11.699 Thread 0x0000019405ccd800 Exception <a 'java/lang/NoSuchMethodError'{0x0000000707fcb438}: method resolution failed> (0x0000000707fcb438) thrown at [t:/workspace/hotspot/src/share/vm/prims/methodHandles.cpp, line 1256]

Events (10 events):
Event: 11.993 Thread 0x00000194052a5800 DEOPT UNPACKING pc=0x000001940c85df29 sp=0x0000006cadff4e48 mode 2
Event: 11.993 Thread 0x00000194052a5800 Uncommon trap: trap_request=0xffffff5d fr.pc=0x00000194145e4df8 relative=0x0000000000001f18
Event: 11.993 Thread 0x00000194052a5800 DEOPT PACKING pc=0x00000194145e4df8 sp=0x0000006cadff4d40
Event: 11.993 Thread 0x00000194052a5800 DEOPT UNPACKING pc=0x000001940c85df29 sp=0x0000006cadff4da0 mode 2
Event: 11.993 loading class org/apache/batik/dom/svg/SVGOMUseShadowRoot
Event: 11.993 loading class org/apache/batik/dom/svg/SVGOMUseShadowRoot done
Event: 11.993 loading class org/apache/batik/dom/AbstractDocumentFragment
Event: 11.993 loading class org/apache/batik/dom/AbstractDocumentFragment done
Event: 11.993 Executing VM operation: Deoptimize
Event: 11.994 Executing VM operation: Deoptimize done


Dynamic libraries:
0x00007ff77aa30000 - 0x00007ff77aa60000 	C:\Vivodo\Vivado\2019.1\bin\unwrapped\win64.o\vivado.exe
0x00007ff91d690000 - 0x00007ff91d8a7000 	C:\WINDOWS\SYSTEM32\ntdll.dll
0x00007ff91b430000 - 0x00007ff91b4f4000 	C:\WINDOWS\System32\KERNEL32.DLL
0x00007ff91ae00000 - 0x00007ff91b1a5000 	C:\WINDOWS\System32\KERNELBASE.dll
0x00007ff91b220000 - 0x00007ff91b331000 	C:\WINDOWS\System32\ucrtbase.dll
0x00007ff8fdbb0000 - 0x00007ff8fdc3e000 	C:\WINDOWS\SYSTEM32\MSVCP140.dll
0x00007ff8fdb90000 - 0x00007ff8fdbab000 	C:\WINDOWS\SYSTEM32\VCRUNTIME140.dll
0x00007ff913370000 - 0x00007ff913384000 	C:\Vivodo\Vivado\2019.1\lib\win64.o\librdi_commonmain.dll
0x00007ff913350000 - 0x00007ff913364000 	C:\Vivodo\Vivado\2019.1\lib\win64.o\libboost_signals.dll
0x00007ff887cf0000 - 0x00007ff888bd2000 	C:\Vivodo\Vivado\2019.1\lib\win64.o\librdi_common.dll
0x00007ff91bc40000 - 0x00007ff91bdee000 	C:\WINDOWS\System32\USER32.dll
0x00007ff91ac30000 - 0x00007ff91ac56000 	C:\WINDOWS\System32\win32u.dll
0x00007ff8fdb80000 - 0x00007ff8fdb8c000 	C:\WINDOWS\SYSTEM32\VCRUNTIME140_1.dll
0x00007ff91cc60000 - 0x00007ff91cc89000 	C:\WINDOWS\System32\GDI32.dll
0x00007ff91ace0000 - 0x00007ff91adf9000 	C:\WINDOWS\System32\gdi32full.dll
0x00007ff91b340000 - 0x00007ff91b3da000 	C:\WINDOWS\System32\msvcp_win.dll
0x00007ff913320000 - 0x00007ff913346000 	C:\Vivodo\Vivado\2019.1\lib\win64.o\libboost_filesystem.dll
0x00007ff91ca10000 - 0x00007ff91cac1000 	C:\WINDOWS\System32\ADVAPI32.dll
0x00007ff91bfb0000 - 0x00007ff91c057000 	C:\WINDOWS\System32\msvcrt.dll
0x00007ff91cd20000 - 0x00007ff91cdc6000 	C:\WINDOWS\System32\sechost.dll
0x00007ff9158e0000 - 0x00007ff9158ea000 	C:\Vivodo\Vivado\2019.1\lib\win64.o\librdi_commonversion.dll
0x00007ff91bb20000 - 0x00007ff91bc37000 	C:\WINDOWS\System32\RPCRT4.dll
0x00007ff91c1a0000 - 0x00007ff91c9f9000 	C:\WINDOWS\System32\SHELL32.dll
0x00007ff8ca2d0000 - 0x00007ff8ca3f1000 	C:\Vivodo\Vivado\2019.1\lib\win64.o\librdi_commonxillic.dll
0x0000000067530000 - 0x000000006765b000 	C:\Vivodo\Vivado\2019.1\lib\win64.o\tcl85t.dll
0x00007ff91d5a0000 - 0x00007ff91d611000 	C:\WINDOWS\System32\WS2_32.dll
0x00007ff887980000 - 0x00007ff887cee000 	C:\Vivodo\Vivado\2019.1\lib\win64.o\libCOIN-all.dll
0x00007ff9132b0000 - 0x00007ff9132c4000 	C:\Vivodo\Vivado\2019.1\lib\win64.o\libboost_date_time.dll
0x00007ff8ff890000 - 0x00007ff8ff90f000 	C:\Vivodo\Vivado\2019.1\lib\win64.o\libboost_program_options.dll
0x00007ff913870000 - 0x00007ff91387b000 	C:\Vivodo\Vivado\2019.1\lib\win64.o\libboost_system.dll
0x00007ff913110000 - 0x00007ff913131000 	C:\Vivodo\Vivado\2019.1\lib\win64.o\libboost_thread.dll
0x00007ff8be7b0000 - 0x00007ff8be8c4000 	C:\Vivodo\Vivado\2019.1\lib\win64.o\libboost_regex.dll
0x00007ff913310000 - 0x00007ff91331f000 	C:\Vivodo\Vivado\2019.1\lib\win64.o\libboost_xilinx.dll
0x00007ff8f4a00000 - 0x00007ff8f4a82000 	C:\Vivodo\Vivado\2019.1\lib\win64.o\libhdlpsolve.dll
0x00007ff8ca220000 - 0x00007ff8ca2c5000 	C:\Vivodo\Vivado\2019.1\lib\win64.o\libhdxml.dll
0x00007ff881010000 - 0x00007ff881bbf400 	C:\Vivodo\Vivado\2019.1\lib\win64.o\libisl_iostreams.dll
0x00007ff904420000 - 0x00007ff90444e000 	C:\Vivodo\Vivado\2019.1\lib\win64.o\libisl_sysinfo.dll
0x00007ff8e1d80000 - 0x00007ff8e1de5000 	C:\Vivodo\Vivado\2019.1\lib\win64.o\liblmx6.0.dll
0x00007ff90e920000 - 0x00007ff90e93a000 	C:\Vivodo\Vivado\2019.1\lib\win64.o\pthreadVC2.dll
0x00007ff90d4b0000 - 0x00007ff90d4cc000 	C:\Vivodo\Vivado\2019.1\lib\win64.o\librdiconfig.dll
0x00007ff9042b0000 - 0x00007ff9042d1000 	C:\Vivodo\Vivado\2019.1\lib\win64.o\librdizlib.dll
0x0000000012000000 - 0x0000000012270000 	C:\Vivodo\Vivado\2019.1\lib\win64.o\xerces-c_3_1.dll
0x00007ff8f7670000 - 0x00007ff8f7689000 	C:\WINDOWS\SYSTEM32\NETAPI32.dll
0x00007ff902c70000 - 0x00007ff903164000 	C:\WINDOWS\SYSTEM32\WININET.dll
0x00007ff913510000 - 0x00007ff913647000 	C:\WINDOWS\SYSTEM32\WINHTTP.dll
0x00007ff909de0000 - 0x00007ff909fd0000 	C:\WINDOWS\SYSTEM32\urlmon.dll
0x00007ff90c4f0000 - 0x00007ff90c4f9000 	C:\WINDOWS\SYSTEM32\WSOCK32.dll
0x00007ff8ef0b0000 - 0x00007ff8ef0e1000 	C:\WINDOWS\SYSTEM32\VCOMP140.DLL
0x00007ff860010000 - 0x00007ff860ea1000 	C:\Vivodo\Vivado\2019.1\lib\win64.o\gurobi65.dll
0x00007ff8b89e0000 - 0x00007ff8b8cb8000 	C:\Vivodo\Vivado\2019.1\lib\win64.o\libXil_lmgr11.dll
0x00007ff91c0a0000 - 0x00007ff91c199000 	C:\WINDOWS\System32\COMDLG32.dll
0x00007ff91b790000 - 0x00007ff91bb19000 	C:\WINDOWS\System32\combase.dll
0x00007ff91cae0000 - 0x00007ff91cbd3000 	C:\WINDOWS\System32\shcore.dll
0x00007ff91b730000 - 0x00007ff91b78e000 	C:\WINDOWS\System32\SHLWAPI.dll
0x00007ff9132a0000 - 0x00007ff9132ad000 	C:\Vivodo\Vivado\2019.1\lib\win64.o\libboost_chrono.dll
0x00007ff91cdd0000 - 0x00007ff91cea7000 	C:\WINDOWS\System32\OLEAUT32.dll
0x00007ff91ceb0000 - 0x00007ff91d050000 	C:\WINDOWS\System32\ole32.dll
0x00007ff90d330000 - 0x00007ff90d34b000 	C:\Vivodo\Vivado\2019.1\lib\win64.o\libboost_iostreams.dll
0x00007ff8ff860000 - 0x00007ff8ff885000 	C:\Vivodo\Vivado\2019.1\lib\win64.o\libisl_iosutils.dll
0x00007ff91b1b0000 - 0x00007ff91b21c000 	C:\WINDOWS\System32\WINTRUST.dll
0x00007ff91aac0000 - 0x00007ff91ac26000 	C:\WINDOWS\System32\CRYPT32.dll
0x00007ff919480000 - 0x00007ff91948c000 	C:\WINDOWS\SYSTEM32\netutils.dll
0x00007ff9094c0000 - 0x00007ff90977c000 	C:\WINDOWS\SYSTEM32\iertutil.dll
0x00007ff909490000 - 0x00007ff9094b8000 	C:\WINDOWS\SYSTEM32\srvcli.dll
0x00007ff903350000 - 0x00007ff903403000 	C:\WINDOWS\WinSxS\amd64_microsoft.windows.common-controls_6595b64144ccf1df_5.82.22621.2506_none_b43bab19638c9595\COMCTL32.dll
0x00007ff912e10000 - 0x00007ff912e2f000 	C:\WINDOWS\SYSTEM32\dhcpcsvc.DLL
0x00007ff91c060000 - 0x00007ff91c091000 	C:\WINDOWS\System32\IMM32.DLL
0x00007ff91a220000 - 0x00007ff91a232000 	C:\WINDOWS\SYSTEM32\MSASN1.dll
0x00007ff919a90000 - 0x00007ff919aa8000 	C:\WINDOWS\SYSTEM32\kernel.appcore.dll
0x00007ff887460000 - 0x00007ff887977000 	C:\Vivodo\Vivado\2019.1\lib\win64.o\librdi_commontasks.dll
0x00007ff908e60000 - 0x00007ff908e6a000 	C:\WINDOWS\SYSTEM32\VERSION.dll
0x0000000066b00000 - 0x0000000067525000 	C:\Vivodo\Vivado\2019.1\tps\win64\jre9.0.4\bin\server\jvm.dll
0x00007ff8b2390000 - 0x00007ff8b2616000 	C:\Vivodo\Vivado\2019.1\lib\win64.o\librdi_sio.dll
0x00007ff91b520000 - 0x00007ff91b528000 	C:\WINDOWS\System32\PSAPI.DLL
0x00007ff90e8b0000 - 0x00007ff90e8e4000 	C:\WINDOWS\SYSTEM32\WINMM.dll
0x00007ff919500000 - 0x00007ff91952d000 	C:\WINDOWS\SYSTEM32\IPHLPAPI.DLL
0x00007ff8f14a0000 - 0x00007ff8f158f000 	C:\WINDOWS\SYSTEM32\MSVCR120.dll
0x00007ff919f70000 - 0x00007ff919fd9000 	C:\WINDOWS\SYSTEM32\MSWSOCK.DLL
0x00007ff918930000 - 0x00007ff919224000 	C:\WINDOWS\SYSTEM32\windows.storage.dll
0x00007ff9187f0000 - 0x00007ff91892e000 	C:\WINDOWS\SYSTEM32\wintypes.dll
0x00007ff85db50000 - 0x00007ff86000c000 	C:\Vivodo\Vivado\2019.1\lib\win64.o\librdi_tcltasks.dll
0x00007ff880c00000 - 0x00007ff881008000 	C:\Vivodo\Vivado\2019.1\lib\win64.o\librdi_bitstream.dll
0x00007ff8b3df0000 - 0x00007ff8b3fad000 	C:\Vivodo\Vivado\2019.1\lib\win64.o\librdi_chipscopeimpl.dll
0x00007ff8b5340000 - 0x00007ff8b542b000 	C:\Vivodo\Vivado\2019.1\lib\win64.o\librdi_chipscope.dll
0x00007ff8b41e0000 - 0x00007ff8b4371000 	C:\Vivodo\Vivado\2019.1\lib\win64.o\librdi_board.dll
0x00007ff8cff80000 - 0x00007ff8cfff8000 	C:\Vivodo\Vivado\2019.1\lib\win64.o\librdi_boarddep.dll
0x00007ff8b33a0000 - 0x00007ff8b34f6000 	C:\Vivodo\Vivado\2019.1\lib\win64.o\librdi_containers.dll
0x00007ff87dee0000 - 0x00007ff87e5ba000 	C:\Vivodo\Vivado\2019.1\lib\win64.o\librdi_coregenipxact.dll
0x00007ff85bc90000 - 0x00007ff85db41000 	C:\Vivodo\Vivado\2019.1\lib\win64.o\librdi_coregen.dll
0x00007ff87fc20000 - 0x00007ff87ff3e000 	C:\Vivodo\Vivado\2019.1\lib\win64.o\librdi_dlyest.dll
0x00007ff87d940000 - 0x00007ff87deda000 	C:\Vivodo\Vivado\2019.1\lib\win64.o\librdi_drc.dll
0x00007ff8be250000 - 0x00007ff8be314000 	C:\Vivodo\Vivado\2019.1\lib\win64.o\librdi_dsp.dll
0x00007ff8786d0000 - 0x00007ff878d1d000 	C:\Vivodo\Vivado\2019.1\lib\win64.o\librdi_filemgmt.dll
0x00007ff886fb0000 - 0x00007ff887293000 	C:\Vivodo\Vivado\2019.1\lib\win64.o\librdi_guitools.dll
0x00007ff8cfee0000 - 0x00007ff8cff45000 	C:\Vivodo\Vivado\2019.1\lib\win64.o\librdi_hdf.dll
0x00007ff857c40000 - 0x00007ff85bc83000 	C:\Vivodo\Vivado\2019.1\lib\win64.o\librdi_designutils.dll
0x00007ff864ab0000 - 0x00007ff8650c5000 	C:\Vivodo\Vivado\2019.1\lib\win64.o\librdi_memdata.dll
0x00007ff8cdd40000 - 0x00007ff8cddb3000 	C:\Vivodo\Vivado\2019.1\lib\win64.o\librdi_memoryarray.dll
0x00007ff83f6e0000 - 0x00007ff851b0c000 	C:\Vivodo\Vivado\2019.1\lib\win64.o\librdi_device.dll
0x00007ff856250000 - 0x00007ff857c3a000 	C:\Vivodo\Vivado\2019.1\lib\win64.o\librdi_constraints.dll
0x00007ff8cf400000 - 0x00007ff8cf44b000 	C:\Vivodo\Vivado\2019.1\lib\win64.o\librdi_pfi.dll
0x00007ff855ba0000 - 0x00007ff856242000 	C:\Vivodo\Vivado\2019.1\lib\win64.o\librdi_netlist.dll
0x00007ff8647a0000 - 0x00007ff864aaf000 	C:\Vivodo\Vivado\2019.1\lib\win64.o\librdi_platform.dll
0x00007ff855450000 - 0x00007ff855b9a000 	C:\Vivodo\Vivado\2019.1\lib\win64.o\librdi_power.dll
0x00007ff854ed0000 - 0x00007ff85544f000 	C:\Vivodo\Vivado\2019.1\lib\win64.o\librdi_project.dll
0x00007ff8547c0000 - 0x00007ff854ec9000 	C:\Vivodo\Vivado\2019.1\lib\win64.o\librdi_psta.dll
0x00007ff8540b0000 - 0x00007ff8547b6000 	C:\Vivodo\Vivado\2019.1\lib\win64.o\librdi_rsb.dll
0x00007ff853cb0000 - 0x00007ff8540a1000 	C:\Vivodo\Vivado\2019.1\lib\win64.o\librdi_runs.dll
0x00007ff8b2b10000 - 0x00007ff8b2c0a000 	C:\Vivodo\Vivado\2019.1\lib\win64.o\librdi_runsbase.dll
0x00007ff87f9c0000 - 0x00007ff87fc16000 	C:\Vivodo\Vivado\2019.1\lib\win64.o\librdi_simdata.dll
0x00007ff83c9f0000 - 0x00007ff83f6d6000 	C:\Vivodo\Vivado\2019.1\lib\win64.o\librdi_mig.dll
0x00007ff8526f0000 - 0x00007ff853cb0000 	C:\Vivodo\Vivado\2019.1\lib\win64.o\librdi_implflow.dll
0x00007ff8b19a0000 - 0x00007ff8b1b12000 	C:\Vivodo\Vivado\2019.1\lib\win64.o\librdi_advchipscopeimpl.dll
0x00007ff8a8910000 - 0x00007ff8a8aaf000 	C:\Vivodo\Vivado\2019.1\lib\win64.o\librdi_hip_devdesign.dll
0x00007ff8c8570000 - 0x00007ff8c85b3000 	C:\Vivodo\Vivado\2019.1\lib\win64.o\librdi_noc_frameworks.dll
0x00007ff83bea0000 - 0x00007ff83c9e7000 	C:\Vivodo\Vivado\2019.1\lib\win64.o\libverific.dll
0x00007ff8c8520000 - 0x00007ff8c856c000 	C:\Vivodo\Vivado\2019.1\lib\win64.o\libboost_serialization.dll
0x00007ff8bdfc0000 - 0x00007ff8be05e000 	C:\Vivodo\Vivado\2019.1\lib\win64.o\libise.dll
0x00007ff83b080000 - 0x00007ff83be91000 	C:\Vivodo\Vivado\2019.1\lib\win64.o\librdi_timing.dll
0x00007ff8d0280000 - 0x00007ff8d02c0000 	C:\Vivodo\Vivado\2019.1\lib\win64.o\librdi_wavedata_SimpleApi.dll
0x00007ff8520f0000 - 0x00007ff8526ec000 	C:\Vivodo\Vivado\2019.1\lib\win64.o\librdi_wavedata.dll
0x00007ff83ac90000 - 0x00007ff83b075000 	C:\Vivodo\Vivado\2019.1\lib\win64.o\librdi_hip_config.dll
0x00007ff83a740000 - 0x00007ff83ac8e000 	C:\Vivodo\Vivado\2019.1\lib\win64.o\librdi_xdm.dll
0x00007ff8b4470000 - 0x00007ff8b4532000 	C:\Vivodo\Vivado\2019.1\lib\win64.o\librdi_ipconfig_readwrite.dll
0x00007ff851e90000 - 0x00007ff8520e9000 	C:\Vivodo\Vivado\2019.1\lib\win64.o\librdi_hsm.dll
0x00007ff8b4150000 - 0x00007ff8b41d8000 	C:\Vivodo\Vivado\2019.1\lib\win64.o\librdi_meir_core.dll
0x00007ff839f50000 - 0x00007ff83a736000 	C:\Vivodo\Vivado\2019.1\lib\win64.o\librdi_labtools.dll
0x00007ff8c8460000 - 0x00007ff8c84b7000 	C:\Vivodo\Vivado\2019.1\lib\win64.o\librdi_projectbase.dll

VM Arguments:
jvm_args: -Dsun.java2d.pmoffscreen=false -Dsun.java2d.xrender=false -Dsun.java2d.d3d=false -Dsun.awt.nopixfmt=true -Dsun.java2d.dpiaware=true -Dsun.java2d.uiScale.enabled=false -Xverify:none -Dswing.aatext=true -XX:-UsePerfData -Djdk.map.althashing.threshold=512 -XX:StringTableSize=4072 --add-opens=java.base/java.nio=ALL-UNNAMED --add-opens=java.desktop/sun.swing=ALL-UNNAMED --add-opens=java.desktop/javax.swing=ALL-UNNAMED --add-opens=java.desktop/javax.swing.tree=ALL-UNNAMED --add-opens=java.desktop/javax.swing.plaf.basic=ALL-UNNAMED --add-opens=java.desktop/javax.swing.plaf.synth=ALL-UNNAMED --add-opens=java.desktop/com.sun.awt=ALL-UNNAMED -XX:NewSize=60m -XX:MaxNewSize=60m -Xms128m -Xmx3072m -Xss5m 
java_command: <unknown>
java_class_path (initial): C:/Vivodo/Vivado/2019.1\lib\classes\alloy.jar;C:/Vivodo/Vivado/2019.1\lib\classes\autopilot.scelaborator.jar;C:/Vivodo/Vivado/2019.1\lib\classes\autopilot.sourceprocessor.jar;C:/Vivodo/Vivado/2019.1\lib\classes\autopilot.tbprocessor.jar;C:/Vivodo/Vivado/2019.1\lib\classes\batik-anim.jar;C:/Vivodo/Vivado/2019.1\lib\classes\batik-awt-util.jar;C:/Vivodo/Vivado/2019.1\lib\classes\batik-bridge.jar;C:/Vivodo/Vivado/2019.1\lib\classes\batik-codec.jar;C:/Vivodo/Vivado/2019.1\lib\classes\batik-css.jar;C:/Vivodo/Vivado/2019.1\lib\classes\batik-dom.jar;C:/Vivodo/Vivado/2019.1\lib\classes\batik-ext.jar;C:/Vivodo/Vivado/2019.1\lib\classes\batik-gui-util.jar;C:/Vivodo/Vivado/2019.1\lib\classes\batik-gvt.jar;C:/Vivodo/Vivado/2019.1\lib\classes\batik-parser.jar;C:/Vivodo/Vivado/2019.1\lib\classes\batik-script.jar;C:/Vivodo/Vivado/2019.1\lib\classes\batik-svg-dom.jar;C:/Vivodo/Vivado/2019.1\lib\classes\batik-swing.jar;C:/Vivodo/Vivado/2019.1\lib\classes\batik-transcoder.jar;C:/Vivodo/Vivado/2019.1\lib\classes\batik-util.jar;C:/Vivodo/Vivado/2019.1\lib\classes\batik-xml.jar;C:/Vivodo/Vivado/2019.1\lib\classes\com.google.gson_2.7.0.v20170129-0911.jar;C:/Vivodo/Vivado/2019.1\lib\classes\com.google.guava_21.0.0.v20170206-1425.jar;C:/Vivodo/Vivado/2019.1\lib\classes\com.google.inject_3.0.0.v201605172100.jar;C:/Vivodo/Vivado/2019.1\lib\classes\com.ibm.icu_4.4.2.v20110208.jar;C:/Vivodo/Vivado/2019.1\lib\classes\com.sigasi.hdt.annotations.runtime_4.3.0.201903071210.jar;C:/Vivodo/Vivado/2019.1\lib\classes\com.sigasi.hdt.blockdiagram.model_4.3.0.201903071210.jar;C:/Vivodo/Vivado/2019.1\lib\classes\com.sigasi.hdt.connection_4.3.0.201903071210.jar;C:/Vivodo/Vivado/2019.1\lib\classes\com.sigasi.hdt.dependencies.model_4.3.0.201903071210.jar;C:/Vivodo/Vivado/2019.1\lib\classes\com.sigasi.hdt.epl_4.3.0.201903071210.jar;C:/Vivodo/Vivado/2019.1\lib\classes\com.sigasi.hdt.graphics.model_4.3.0.201903071210.jar;C:/Vivodo/Vivado/2019.1\lib\classes\com.sigasi.hdt.project_4.3.0
Launcher Type: generic

Logging:
Log output configuration:
#0: stdout all=warning uptime,level,tags
#1: stderr all=off uptime,level,tags

Environment Variables:
PATH=C:/Vivodo/Vivado/2019.1/bin;C:/Vivodo/Vivado/2019.1/lib/win64.o;C:/Vivodo/Vivado/2019.1/tps/win64/jre9.0.4/bin/server;C:/Vivodo/Vivado/2019.1/tps/win64/jre9.0.4/bin;C:/Vivodo/SDK/2019.1/bin;C:/Vivodo/Vivado/2019.1/ids_lite/ISE/bin/nt64;C:/Vivodo/Vivado/2019.1/ids_lite/ISE/lib/nt64;D:\VMware\VMware Workstation\bin\;C:\Windows\System32\HWAudioDriverLibs;C:\Windows\system32;C:\Windows;C:\Windows\System32\Wbem;C:\Windows\System32\WindowsPowerShell\v1.0\;C:\Windows\System32\OpenSSH\;C:\Windows\system32\config\systemprofile\AppData\Local\Microsoft\WindowsApps;C:\Program Files\Bandizip\;C:\Program Files\Microsoft SQL Server\130\Tools\Binn\;C:\Program Files\MATLAB\R2022b\bin;D:\Ctags;C:\Users\VAMPIRE\AppData\Local\Programs\Python\Python311\Scripts\;C:\Users\VAMPIRE\AppData\Local\Programs\Python\Python311\;C:\Users\VAMPIRE\AppData\Local\Microsoft\WindowsApps;C:\Program Files (x86)\Dev-Cpp\MinGW64\bin;C:\Users\VAMPIRE\AppData\Roaming\pandoc;C:\Users\VAMPIRE\AppData\Local\Programs\Microsoft VS Code\bin;;D:\iverilog\bin;D:\iverilog\gtkwave\bin;C:/Vivodo/Vivado/2019.1\tps\mingw\6.2.0\win64.o\nt\bin;C:/Vivodo/Vivado/2019.1\tps\mingw\6.2.0\win64.o\nt\libexec\gcc\x86_64-w64-mingw32\6.2.0;C:/Vivodo/Vivado/2019.1\tps\win64\python-2.7.5;C:/Vivodo/Vivado/2019.1\tps\win64\python-2.7.5\lib;C:/Vivodo/Vivado/2019.1\tps\win64\python-2.7.5\Lib\lib-tk;C:/Vivodo/Vivado/2019.1\tps\win64\python-2.7.5\lib\site-packages
USERNAME=VAMPIRE
OS=Windows_NT
PROCESSOR_IDENTIFIER=Intel64 Family 6 Model 140 Stepping 1, GenuineIntel



---------------  S Y S T E M  ---------------

OS: Windows 10 , 64 bit Build 22621 (10.0.22621.2506)

CPU:total 8 (initial active 8) (4 cores per cpu, 2 threads per core) family 6 model 140 stepping 1, cmov, cx8, fxsr, mmx, sse, sse2, sse3, ssse3, sse4.1, sse4.2, popcnt, avx, avx2, aes, clmul, erms, 3dnowpref, lzcnt, ht, tsc, tscinvbit, bmi1, bmi2, adx, sha, fma

Memory: 4k page, physical 16555320k(3775416k free), swap 16555320k(1140k free)

vm_info: Java HotSpot(TM) 64-Bit Server VM (9.0.4+11) for windows-amd64 JRE (9.0.4+11), built on Dec 20 2017 02:18:54 by "mach5one" with MS VC++ 12.0 (VS2013)

END.
