#-----------------------------------------------------------
# Vivado v2019.1 (64-bit)
# SW Build 2552052 on Fri May 24 14:49:42 MDT 2019
# IP Build 2548770 on Fri May 24 18:01:18 MDT 2019
# Start of session at: Wed Nov 22 20:33:24 2023
# Process ID: 18876
# Current directory: C:/Users/VAMPIRE/Desktop/Project/project_1
# Command line: vivado.exe -gui_launcher_event rodinguilauncherevent24388 C:\Users\VAMPIRE\Desktop\Project\project_1\project_1.xpr
# Log file: C:/Users/VAMPIRE/Desktop/Project/project_1/vivado.log
# Journal file: C:/Users/VAMPIRE/Desktop/Project/project_1\vivado.jou
#-----------------------------------------------------------
start_guioopen_project C:/Users/VAMPIRE/Desktop/Project/project_1/project_1.xpr
Scanning sources...
Finished scanning sources
INFO: [IP_Flow 19-234] Refreshing IP repositories
INFO: [IP_Flow 19-1704] No user IP repositories specified
INFO: [IP_Flow 19-2313] Loaded Vivado IP repository 'C:/Vivodo/Vivado/2019.1/data/ip'.oopen_project: Time (s): cpu = 00:00:06 ; elapsed = 00:00:09 . Memory (MB): peak = 859.227 ; gain = 219.074uupdate_compile_order -fileset sources_1
update_compile_order -fileset sim_1
update_compile_order -fileset sim_1
WARNING: [IP_Flow 19-4067] Ignoring invalid widget type specified checkbox.Providing a default widget
WARNING: [IP_Flow 19-4067] Ignoring invalid widget type specified checkbox.Providing a default widget
WARNING: [IP_Flow 19-4067] Ignoring invalid widget type specified checkbox.Providing a default widget
WARNING: [IP_Flow 19-4067] Ignoring invalid widget type specified checkbox.Providing a default widget
