#-----------------------------------------------------------
# Vivado v2019.1 (64-bit)
# SW Build 2552052 on Fri May 24 14:49:42 MDT 2019
# IP Build 2548770 on Fri May 24 18:01:18 MDT 2019
# Start of session at: Sun Nov 26 16:34:24 2023
# Process ID: 16864
# Current directory: C:/Users/VAMPIRE/Desktop/Project/project_1
# Command line: vivado.exe -gui_launcher_event rodinguilauncherevent1520 C:\Users\VAMPIRE\Desktop\Project\project_1\project_1.xpr
# Log file: C:/Users/VAMPIRE/Desktop/Project/project_1/vivado.log
# Journal file: C:/Users/VAMPIRE/Desktop/Project/project_1\vivado.jou
#-----------------------------------------------------------
start_gui
open_project C:/Users/VAMPIRE/Desktop/Project/project_1/project_1.xpr
Scanning sources...
Finished scanning sources
INFO: [IP_Flow 19-234] Refreshing IP repositories
INFO: [IP_Flow 19-1704] No user IP repositories specified
INFO: [IP_Flow 19-2313] Loaded Vivado IP repository 'C:/Vivodo/Vivado/2019.1/data/ip'.
open_project: Time (s): cpu = 00:00:01 ; elapsed = 00:00:06 . Memory (MB): peak = 865.723 ; gain = 215.285
update_compile_order -fileset sources_1
launch_simulation
INFO: [Vivado 12-5698] Checking validity of IPs in the design for the 'XSim' simulator...
INFO: [Vivado 12-5682] Launching behavioral simulation in 'C:/Users/VAMPIRE/Desktop/Project/project_1/project_1.sim/sim_1/behav/xsim'
INFO: [Vivado 12-4795] Using compiled simulation libraries for IPs
INFO: [SIM-utils-51] Simulation object is 'sim_1'
INFO: [USF-XSim-7] Finding pre-compiled libraries...
INFO: [USF-XSim-11] File 'C:/Vivodo/Vivado/2019.1/data/xsim/xsim.ini' copied to run dir:'C:/Users/VAMPIRE/Desktop/Project/project_1/project_1.sim/sim_1/behav/xsim'
INFO: [SIM-utils-54] Inspecting design source files for 'snake_sim' in fileset 'sim_1'...
INFO: [SIM-utils-43] Exported 'C:/Users/VAMPIRE/Desktop/Project/project_1/project_1.sim/sim_1/behav/xsim/blk_mem_gen_0.mif'
INFO: [SIM-utils-43] Exported 'C:/Users/VAMPIRE/Desktop/Project/project_1/project_1.sim/sim_1/behav/xsim/img1.coe'
INFO: [SIM-utils-43] Exported 'C:/Users/VAMPIRE/Desktop/Project/project_1/project_1.sim/sim_1/behav/xsim/blk_mem_gen_1.mif'
INFO: [SIM-utils-43] Exported 'C:/Users/VAMPIRE/Desktop/Project/project_1/project_1.sim/sim_1/behav/xsim/blk_mem_gen_2.mif'
INFO: [SIM-utils-43] Exported 'C:/Users/VAMPIRE/Desktop/Project/project_1/project_1.sim/sim_1/behav/xsim/img2.coe'
INFO: [SIM-utils-43] Exported 'C:/Users/VAMPIRE/Desktop/Project/project_1/project_1.sim/sim_1/behav/xsim/blk_mem_gen_3.mif'
INFO: [SIM-utils-43] Exported 'C:/Users/VAMPIRE/Desktop/Project/project_1/project_1.sim/sim_1/behav/xsim/img3.coe'
INFO: [SIM-utils-43] Exported 'C:/Users/VAMPIRE/Desktop/Project/project_1/project_1.sim/sim_1/behav/xsim/image.coe'
INFO: [USF-XSim-97] Finding global include files...
INFO: [USF-XSim-98] Fetching design files from 'sim_1'...
INFO: [USF-XSim-2] XSim::Compile design
INFO: [USF-XSim-61] Executing 'COMPILE and ANALYZE' step in 'C:/Users/VAMPIRE/Desktop/Project/project_1/project_1.sim/sim_1/behav/xsim'
"xvlog --incr --relax -prj snake_sim_vlog.prj"
INFO: [VRFC 10-2263] Analyzing Verilog file "C:/Users/VAMPIRE/Desktop/Project/project_1/project_1.srcs/sources_1/ip/blk_mem_gen_3/sim/blk_mem_gen_3.v" into library xil_defaultlib
INFO: [VRFC 10-311] analyzing module blk_mem_gen_3
INFO: [VRFC 10-2263] Analyzing Verilog file "C:/Users/VAMPIRE/Desktop/Project/project_1/project_1.srcs/sources_1/ip/blk_mem_gen_2/sim/blk_mem_gen_2.v" into library xil_defaultlib
INFO: [VRFC 10-311] analyzing module blk_mem_gen_2
INFO: [VRFC 10-2263] Analyzing Verilog file "C:/Users/VAMPIRE/Desktop/Project/project_1/project_1.srcs/sources_1/new/snake.v" into library xil_defaultlib
INFO: [VRFC 10-311] analyzing module snake_sim
ERROR: [VRFC 10-1247] port connections cannot be mixed ordered and named [C:/Users/VAMPIRE/Desktop/Project/project_1/project_1.srcs/sources_1/new/snake.v:25]
ERROR: [VRFC 10-2865] module 'snake_sim' ignored due to previous errors [C:/Users/VAMPIRE/Desktop/Project/project_1/project_1.srcs/sources_1/new/snake.v:4]
INFO: [VRFC 10-311] analyzing module snake
WARNING: [VRFC 10-3676] redeclaration of ansi port 'hsync' is not allowed [C:/Users/VAMPIRE/Desktop/Project/project_1/project_1.srcs/sources_1/new/snake.v:78]
INFO: [VRFC 10-2458] undeclared symbol vga_clk, assumed default net type wire [C:/Users/VAMPIRE/Desktop/Project/project_1/project_1.srcs/sources_1/new/snake.v:216]
WARNING: [VRFC 10-3380] identifier 'PLAY' is used before its declaration [C:/Users/VAMPIRE/Desktop/Project/project_1/project_1.srcs/sources_1/new/snake.v:244]
WARNING: [VRFC 10-3380] identifier 'PLAY' is used before its declaration [C:/Users/VAMPIRE/Desktop/Project/project_1/project_1.srcs/sources_1/new/snake.v:362]
WARNING: [VRFC 10-3380] identifier 'PLAY' is used before its declaration [C:/Users/VAMPIRE/Desktop/Project/project_1/project_1.srcs/sources_1/new/snake.v:419]
WARNING: [VRFC 10-3380] identifier 'PLAY' is used before its declaration [C:/Users/VAMPIRE/Desktop/Project/project_1/project_1.srcs/sources_1/new/snake.v:465]
WARNING: [VRFC 10-3380] identifier 'PLAY' is used before its declaration [C:/Users/VAMPIRE/Desktop/Project/project_1/project_1.srcs/sources_1/new/snake.v:470]
WARNING: [VRFC 10-3380] identifier 'PLAY' is used before its declaration [C:/Users/VAMPIRE/Desktop/Project/project_1/project_1.srcs/sources_1/new/snake.v:483]
WARNING: [VRFC 10-3380] identifier 'PLAY' is used before its declaration [C:/Users/VAMPIRE/Desktop/Project/project_1/project_1.srcs/sources_1/new/snake.v:487]
WARNING: [VRFC 10-3380] identifier 'PLAY' is used before its declaration [C:/Users/VAMPIRE/Desktop/Project/project_1/project_1.srcs/sources_1/new/snake.v:545]
ERROR: [VRFC 10-2865] module 'snake' ignored due to previous errors [C:/Users/VAMPIRE/Desktop/Project/project_1/project_1.srcs/sources_1/new/snake.v:69]
INFO: [VRFC 10-311] analyzing module clk_wiz_0_clk_wiz
ERROR: [VRFC 10-2865] module 'clk_wiz_0_clk_wiz' ignored due to previous errors [C:/Users/VAMPIRE/Desktop/Project/project_1/project_1.srcs/sources_1/new/snake.v:1025]
INFO: [USF-XSim-69] 'compile' step finished in '1' seconds
INFO: [USF-XSim-99] Step results log file:'C:/Users/VAMPIRE/Desktop/Project/project_1/project_1.sim/sim_1/behav/xsim/xvlog.log'
ERROR: [USF-XSim-62] 'compile' step failed with error(s). Please check the Tcl console output or 'C:/Users/VAMPIRE/Desktop/Project/project_1/project_1.sim/sim_1/behav/xsim/xvlog.log' file for more information.
ERROR: [Vivado 12-4473] Detected error while running simulation. Please correct the issue and retry this operation.
ERROR: [Common 17-39] 'launch_simulation' failed due to earlier errors.
launch_simulation
INFO: [Vivado 12-5698] Checking validity of IPs in the design for the 'XSim' simulator...
INFO: [Vivado 12-5682] Launching behavioral simulation in 'C:/Users/VAMPIRE/Desktop/Project/project_1/project_1.sim/sim_1/behav/xsim'
INFO: [Vivado 12-4795] Using compiled simulation libraries for IPs
INFO: [SIM-utils-51] Simulation object is 'sim_1'
INFO: [USF-XSim-7] Finding pre-compiled libraries...
INFO: [USF-XSim-11] File 'C:/Vivodo/Vivado/2019.1/data/xsim/xsim.ini' copied to run dir:'C:/Users/VAMPIRE/Desktop/Project/project_1/project_1.sim/sim_1/behav/xsim'
INFO: [SIM-utils-54] Inspecting design source files for 'snake_sim' in fileset 'sim_1'...
INFO: [SIM-utils-43] Exported 'C:/Users/VAMPIRE/Desktop/Project/project_1/project_1.sim/sim_1/behav/xsim/blk_mem_gen_0.mif'
INFO: [SIM-utils-43] Exported 'C:/Users/VAMPIRE/Desktop/Project/project_1/project_1.sim/sim_1/behav/xsim/img1.coe'
INFO: [SIM-utils-43] Exported 'C:/Users/VAMPIRE/Desktop/Project/project_1/project_1.sim/sim_1/behav/xsim/blk_mem_gen_1.mif'
INFO: [SIM-utils-43] Exported 'C:/Users/VAMPIRE/Desktop/Project/project_1/project_1.sim/sim_1/behav/xsim/blk_mem_gen_2.mif'
INFO: [SIM-utils-43] Exported 'C:/Users/VAMPIRE/Desktop/Project/project_1/project_1.sim/sim_1/behav/xsim/img2.coe'
INFO: [SIM-utils-43] Exported 'C:/Users/VAMPIRE/Desktop/Project/project_1/project_1.sim/sim_1/behav/xsim/blk_mem_gen_3.mif'
INFO: [SIM-utils-43] Exported 'C:/Users/VAMPIRE/Desktop/Project/project_1/project_1.sim/sim_1/behav/xsim/img3.coe'
INFO: [SIM-utils-43] Exported 'C:/Users/VAMPIRE/Desktop/Project/project_1/project_1.sim/sim_1/behav/xsim/image.coe'
INFO: [USF-XSim-97] Finding global include files...
INFO: [USF-XSim-98] Fetching design files from 'sim_1'...
INFO: [USF-XSim-2] XSim::Compile design
INFO: [USF-XSim-61] Executing 'COMPILE and ANALYZE' step in 'C:/Users/VAMPIRE/Desktop/Project/project_1/project_1.sim/sim_1/behav/xsim'
"xvlog --incr --relax -prj snake_sim_vlog.prj"
INFO: [VRFC 10-2263] Analyzing Verilog file "C:/Users/VAMPIRE/Desktop/Project/project_1/project_1.srcs/sources_1/ip/blk_mem_gen_3/sim/blk_mem_gen_3.v" into library xil_defaultlib
INFO: [VRFC 10-311] analyzing module blk_mem_gen_3
INFO: [VRFC 10-2263] Analyzing Verilog file "C:/Users/VAMPIRE/Desktop/Project/project_1/project_1.srcs/sources_1/ip/blk_mem_gen_2/sim/blk_mem_gen_2.v" into library xil_defaultlib
INFO: [VRFC 10-311] analyzing module blk_mem_gen_2
INFO: [VRFC 10-2263] Analyzing Verilog file "C:/Users/VAMPIRE/Desktop/Project/project_1/project_1.srcs/sources_1/new/snake.v" into library xil_defaultlib
INFO: [VRFC 10-311] analyzing module snake_sim
ERROR: [VRFC 10-1247] port connections cannot be mixed ordered and named [C:/Users/VAMPIRE/Desktop/Project/project_1/project_1.srcs/sources_1/new/snake.v:25]
ERROR: [VRFC 10-2865] module 'snake_sim' ignored due to previous errors [C:/Users/VAMPIRE/Desktop/Project/project_1/project_1.srcs/sources_1/new/snake.v:4]
INFO: [VRFC 10-311] analyzing module snake
WARNING: [VRFC 10-3676] redeclaration of ansi port 'hsync' is not allowed [C:/Users/VAMPIRE/Desktop/Project/project_1/project_1.srcs/sources_1/new/snake.v:78]
INFO: [VRFC 10-2458] undeclared symbol vga_clk, assumed default net type wire [C:/Users/VAMPIRE/Desktop/Project/project_1/project_1.srcs/sources_1/new/snake.v:216]
WARNING: [VRFC 10-3380] identifier 'PLAY' is used before its declaration [C:/Users/VAMPIRE/Desktop/Project/project_1/project_1.srcs/sources_1/new/snake.v:244]
WARNING: [VRFC 10-3380] identifier 'PLAY' is used before its declaration [C:/Users/VAMPIRE/Desktop/Project/project_1/project_1.srcs/sources_1/new/snake.v:362]
WARNING: [VRFC 10-3380] identifier 'PLAY' is used before its declaration [C:/Users/VAMPIRE/Desktop/Project/project_1/project_1.srcs/sources_1/new/snake.v:419]
WARNING: [VRFC 10-3380] identifier 'PLAY' is used before its declaration [C:/Users/VAMPIRE/Desktop/Project/project_1/project_1.srcs/sources_1/new/snake.v:465]
WARNING: [VRFC 10-3380] identifier 'PLAY' is used before its declaration [C:/Users/VAMPIRE/Desktop/Project/project_1/project_1.srcs/sources_1/new/snake.v:470]
WARNING: [VRFC 10-3380] identifier 'PLAY' is used before its declaration [C:/Users/VAMPIRE/Desktop/Project/project_1/project_1.srcs/sources_1/new/snake.v:483]
WARNING: [VRFC 10-3380] identifier 'PLAY' is used before its declaration [C:/Users/VAMPIRE/Desktop/Project/project_1/project_1.srcs/sources_1/new/snake.v:487]
WARNING: [VRFC 10-3380] identifier 'PLAY' is used before its declaration [C:/Users/VAMPIRE/Desktop/Project/project_1/project_1.srcs/sources_1/new/snake.v:545]
ERROR: [VRFC 10-2865] module 'snake' ignored due to previous errors [C:/Users/VAMPIRE/Desktop/Project/project_1/project_1.srcs/sources_1/new/snake.v:69]
INFO: [VRFC 10-311] analyzing module clk_wiz_0_clk_wiz
ERROR: [VRFC 10-2865] module 'clk_wiz_0_clk_wiz' ignored due to previous errors [C:/Users/VAMPIRE/Desktop/Project/project_1/project_1.srcs/sources_1/new/snake.v:1025]
INFO: [USF-XSim-69] 'compile' step finished in '1' seconds
INFO: [USF-XSim-99] Step results log file:'C:/Users/VAMPIRE/Desktop/Project/project_1/project_1.sim/sim_1/behav/xsim/xvlog.log'
ERROR: [USF-XSim-62] 'compile' step failed with error(s). Please check the Tcl console output or 'C:/Users/VAMPIRE/Desktop/Project/project_1/project_1.sim/sim_1/behav/xsim/xvlog.log' file for more information.
ERROR: [Vivado 12-4473] Detected error while running simulation. Please correct the issue and retry this operation.
ERROR: [Common 17-39] 'launch_simulation' failed due to earlier errors.
update_compile_order -fileset sim_1
update_compile_order -fileset sim_1
set_property top test1 [get_filesets sim_1]
set_property top_lib xil_defaultlib [get_filesets sim_1]
update_compile_order -fileset sim_1
set_property top snake [current_fileset]
update_compile_order -fileset sources_1
reset_run synth_1
launch_runs synth_1 -jobs 4
WARNING: [HDL 9-3756] overwriting previous definition of module 'clk_wiz_0_clk_wiz' [C:/Users/VAMPIRE/Desktop/Project/project_1/project_1.srcs/sources_1/new/snake.v:965]
WARNING: [filemgmt 20-1318] Duplicate Design Unit 'clk_wiz_0_clk_wiz()' found in library 'xil_defaultlib'
Duplicate found at line 167 of file C:/Users/VAMPIRE/Desktop/Project/project_1/project_1.srcs/sources_1/new/VGA_new.v
	(Active) Duplicate found at line 965 of file C:/Users/VAMPIRE/Desktop/Project/project_1/project_1.srcs/sources_1/new/snake.v
[Sun Nov 26 16:38:38 2023] Launched synth_1...
Run output will be captured here: C:/Users/VAMPIRE/Desktop/Project/project_1/project_1.runs/synth_1/runme.log
launch_runs impl_1 -jobs 4
[Sun Nov 26 16:39:37 2023] Launched impl_1...
Run output will be captured here: C:/Users/VAMPIRE/Desktop/Project/project_1/project_1.runs/impl_1/runme.log
exit
INFO: [Common 17-206] Exiting Vivado at Sun Nov 26 16:40:58 2023...
