#-----------------------------------------------------------
# Vivado v2019.1 (64-bit)
# SW Build 2552052 on Fri May 24 14:49:42 MDT 2019
# IP Build 2548770 on Fri May 24 18:01:18 MDT 2019
# Start of session at: Wed Nov 22 21:29:44 2023
# Process ID: 1804
# Current directory: C:/Users/VAMPIRE/Desktop/Project/project_1
# Command line: vivado.exe -gui_launcher_event rodinguilauncherevent19836 C:\Users\VAMPIRE\Desktop\Project\project_1\project_1.xpr
# Log file: C:/Users/VAMPIRE/Desktop/Project/project_1/vivado.log
# Journal file: C:/Users/VAMPIRE/Desktop/Project/project_1\vivado.jou
#-----------------------------------------------------------
start_gui
open_project C:/Users/VAMPIRE/Desktop/Project/project_1/project_1.xpr
Scanning sources...
Finished scanning sources
INFO: [IP_Flow 19-234] Refreshing IP repositories
INFO: [IP_Flow 19-1704] No user IP repositories specified
INFO: [IP_Flow 19-2313] Loaded Vivado IP repository 'C:/Vivodo/Vivado/2019.1/data/ip'.
open_project: Time (s): cpu = 00:00:03 ; elapsed = 00:00:06 . Memory (MB): peak = 862.227 ; gain = 216.051
update_compile_order -fileset sources_1
exit
INFO: [Common 17-206] Exiting Vivado at Thu Nov 23 00:33:21 2023...
