Vivado Simulator 2019.1
Copyright 1986-1999, 2001-2019 Xilinx, Inc. All Rights Reserved.
Running: C:/Vivodo/Vivado/2019.1/bin/unwrapped/win64.o/xelab.exe -wto f0569019cc11478f90a69fb30f78c48a --incr --debug typical --relax --mt 2 -L xil_defaultlib -L blk_mem_gen_v8_4_3 -L unisims_ver -L unimacro_ver -L secureip -L xpm --snapshot snake_sim_behav xil_defaultlib.snake_sim xil_defaultlib.glbl -log elaborate.log 
Using 2 slave threads.
Starting static elaboration
WARNING: [VRFC 10-3091] actual bit length 32 differs from formal bit length 16 for port 'addra' [C:/Users/VAMPIRE/Desktop/Project/project_1/project_1.srcs/sim_1/new/test1.v:937]
WARNING: [VRFC 10-3091] actual bit length 32 differs from formal bit length 17 for port 'addra' [C:/Users/VAMPIRE/Desktop/Project/project_1/project_1.srcs/sim_1/new/test1.v:947]
Completed static elaboration
Starting simulation data flow analysis
Completed simulation data flow analysis
Time Resolution for simulation is 1ps
Compiling module unisims_ver.IBUF
Compiling module unisims_ver.MMCME2_ADV(CLKFBOUT_MULT_F=9.125...
Compiling module unisims_ver.BUFG
Compiling module xil_defaultlib.clk_wiz_0_clk_wiz
Compiling module blk_mem_gen_v8_4_3.blk_mem_gen_v8_4_3_output_stage(...
Compiling module blk_mem_gen_v8_4_3.blk_mem_gen_v8_4_3_output_stage(...
Compiling module blk_mem_gen_v8_4_3.blk_mem_gen_v8_4_3_softecc_outpu...
Compiling module blk_mem_gen_v8_4_3.blk_mem_gen_v8_4_3_mem_module(C_...
Compiling module blk_mem_gen_v8_4_3.blk_mem_gen_v8_4_3(C_FAMILY="art...
Compiling module xil_defaultlib.blk_mem_gen_2
Compiling module blk_mem_gen_v8_4_3.blk_mem_gen_v8_4_3_output_stage(...
Compiling module blk_mem_gen_v8_4_3.blk_mem_gen_v8_4_3_output_stage(...
Compiling module blk_mem_gen_v8_4_3.blk_mem_gen_v8_4_3_softecc_outpu...
Compiling module blk_mem_gen_v8_4_3.blk_mem_gen_v8_4_3_mem_module(C_...
Compiling module blk_mem_gen_v8_4_3.blk_mem_gen_v8_4_3(C_FAMILY="art...
Compiling module xil_defaultlib.blk_mem_gen_3
Compiling module xil_defaultlib.snake
Compiling module xil_defaultlib.snake_sim
Compiling module xil_defaultlib.glbl
Built simulation snapshot snake_sim_behav
